Array
(
    [Order ID] => 0
    [Price] => 3.75
    [User ID] => 269
    [IP] => 199.192.2.46
    [Timestamp] => 1337264918
    [Time/Date] => Thu, 17 May 2012 10:28:38 -0400
    [Order Page Timestamp] => 1337264909511
    [Order Page Time/Date] => Thu, 28 Mar 44346 21:51:51 -0500
    [User Agent] => Mozilla/4.0 (compatible; MSIE 7.0; Windows NT 5.1; Trident/4.0; .NET CLR 1.1.4322; .NET CLR 2.0.50727; .NET CLR 3.0.4506.2152; .NET CLR 3.5.30729; .NET4.0C)
)
Array
(
    [Order ID] => 0
    [Price] => 173.25
    [User ID] => 466
    [IP] => 66.211.140.37
    [Timestamp] => 1337270535
    [Time/Date] => Thu, 17 May 2012 12:02:15 -0400
    [Order Page Timestamp] => 1337270519827
    [Order Page Time/Date] => Sat, 01 Jun 44346 20:17:07 -0500
    [User Agent] => Mozilla/5.0 (compatible; MSIE 9.0; Windows NT 6.1; WOW64; Trident/5.0; BOIE9;ENUSMSNIP)
)
