Array
(
    [Order ID] => 0
    [Price] => 119
    [User ID] => 575
    [IP] => 75.69.252.167
    [Timestamp] => 1355398884
    [Time/Date] => Thu, 13 Dec 2012 06:41:24 -0500
    [Order Page Timestamp] => 1355398851959
    [Order Page Time/Date] => Sun, 17 Nov 44920 12:05:59 -0500
    [User Agent] => Mozilla/4.0 (compatible; MSIE 8.0; Windows NT 5.1; Trident/4.0; .NET CLR 2.0.50727; .NET CLR 3.0.4506.2152; .NET CLR 3.5.30729)
)
Array
(
    [Order ID] => 0
    [Price] => 127.5
    [User ID] => 1013
    [IP] => 76.119.86.87
    [Timestamp] => 1355426872
    [Time/Date] => Thu, 13 Dec 2012 14:27:52 -0500
    [Order Page Timestamp] => 1355426844976
    [Order Page Time/Date] => Tue, 07 Oct 44921 11:56:16 -0500
    [User Agent] => Mozilla/4.0 (compatible; MSIE 8.0; Windows NT 6.1; WOW64; Trident/4.0; SLCC2; .NET CLR 2.0.50727; .NET CLR 3.5.30729; .NET CLR 3.0.30729; Media Center PC 6.0; MAAR; .NET4.0C)
)
Array
(
    [Order ID] => 0
    [Price] => 187.5
    [User ID] => 1116
    [IP] => 75.144.191.77
    [Timestamp] => 1355427555
    [Time/Date] => Thu, 13 Dec 2012 14:39:15 -0500
    [Order Page Timestamp] => 1355427548861
    [Order Page Time/Date] => Wed, 15 Oct 44921 15:27:41 -0500
    [User Agent] => Mozilla/5.0 (Windows NT 5.1) AppleWebKit/537.11 (KHTML, like Gecko) Chrome/23.0.1271.97 Safari/537.11
)
