Array
(
    [Order ID] => 0
    [Price] => 400
    [User ID] => 1127
    [IP] => 75.67.48.121
    [Timestamp] => 1355323029
    [Time/Date] => Wed, 12 Dec 2012 09:37:09 -0500
    [Order Page Timestamp] => 1355322946053
    [Order Page Time/Date] => Wed, 22 Jun 44918 23:07:33 -0500
    [User Agent] => Mozilla/5.0 (Macintosh; Intel Mac OS X 10_7_5) AppleWebKit/537.11 (KHTML, like Gecko) Chrome/23.0.1271.95 Safari/537.11
)
Array
(
    [Order ID] => 0
    [Price] => 33.75
    [User ID] => 1018
    [IP] => 173.162.171.165
    [Timestamp] => 1355331950
    [Time/Date] => Wed, 12 Dec 2012 12:05:50 -0500
    [Order Page Timestamp] => 1355331935308
    [Order Page Time/Date] => Wed, 05 Oct 44918 00:08:28 -0500
    [User Agent] => Mozilla/4.0 (compatible; MSIE 8.0; Windows NT 6.1; Trident/4.0; SLCC2; .NET CLR 2.0.50727; .NET CLR 3.5.30729; .NET CLR 3.0.30729; Media Center PC 6.0; InfoPath.3; .NET4.0C; .NET4.0E; Tablet PC 2.0)
)
Array
(
    [Order ID] => 0
    [Price] => 962.5
    [User ID] => 1091
    [IP] => 65.175.171.180
    [Timestamp] => 1355342679
    [Time/Date] => Wed, 12 Dec 2012 15:04:39 -0500
    [Order Page Timestamp] => 1355342490530
    [Order Page Time/Date] => Sat, 04 Feb 44919 04:08:50 -0500
    [User Agent] => Mozilla/5.0 (compatible; MSIE 9.0; Windows NT 6.1; WOW64; Trident/5.0)
)
