Array
(
    [Order ID] => 0
    [Price] => 3600
    [User ID] => 472
    [IP] => 74.95.21.165
    [Timestamp] => 1337611506
    [Time/Date] => Mon, 21 May 2012 10:45:06 -0400
    [Order Page Timestamp] => 1337611439008
    [Order Page Time/Date] => Thu, 21 Mar 44357 16:03:28 -0500
    [User Agent] => Mozilla/5.0 (compatible; MSIE 9.0; Windows NT 6.1; Trident/5.0)
)
Array
(
    [Order ID] => 0
    [Price] => 137.5
    [User ID] => 247
    [IP] => 70.96.33.195
    [Timestamp] => 1337618980
    [Time/Date] => Mon, 21 May 2012 12:49:40 -0400
    [Order Page Timestamp] => 1337618975442
    [Order Page Time/Date] => Sun, 16 Jun 44357 21:30:42 -0500
    [User Agent] => Mozilla/5.0 (Windows NT 6.1; WOW64; rv:12.0) Gecko/20100101 Firefox/12.0
)
