Array
(
    [Order ID] => 0
    [Price] => 147.5
    [User ID] => 872
    [IP] => 75.147.28.154
    [Timestamp] => 1351001793
    [Time/Date] => Tue, 23 Oct 2012 10:16:33 -0400
    [Order Page Timestamp] => 1351001791111
    [Order Page Time/Date] => Fri, 17 Jul 44781 14:18:31 -0500
    [User Agent] => Mozilla/5.0 (compatible; MSIE 9.0; Windows NT 6.1; WOW64; Trident/5.0)
)
Array
(
    [Order ID] => 0
    [Price] => 150.45
    [User ID] => 872
    [IP] => 75.147.28.154
    [Timestamp] => 1351001898
    [Time/Date] => Tue, 23 Oct 2012 10:18:18 -0400
    [Order Page Timestamp] => 1351001888080
    [Order Page Time/Date] => Sat, 18 Jul 44781 17:14:40 -0500
    [User Agent] => Mozilla/5.0 (compatible; MSIE 9.0; Windows NT 6.1; WOW64; Trident/5.0)
)
Array
(
    [Order ID] => 0
    [Price] => 142.5
    [User ID] => 872
    [IP] => 75.147.28.154
    [Timestamp] => 1351002068
    [Time/Date] => Tue, 23 Oct 2012 10:21:08 -0400
    [Order Page Timestamp] => 1351002066105
    [Order Page Time/Date] => Mon, 20 Jul 44781 18:41:45 -0500
    [User Agent] => Mozilla/5.0 (compatible; MSIE 9.0; Windows NT 6.1; WOW64; Trident/5.0)
)
Array
(
    [Order ID] => 0
    [Price] => 68.75
    [User ID] => 872
    [IP] => 75.147.28.154
    [Timestamp] => 1351002648
    [Time/Date] => Tue, 23 Oct 2012 10:30:48 -0400
    [Order Page Timestamp] => 1351002643517
    [Order Page Time/Date] => Mon, 27 Jul 44781 11:05:17 -0500
    [User Agent] => Mozilla/5.0 (compatible; MSIE 9.0; Windows NT 6.1; WOW64; Trident/5.0)
)
Array
(
    [Order ID] => 0
    [Price] => 93.75
    [User ID] => 873
    [IP] => 155.212.66.130
    [Timestamp] => 1351014717
    [Time/Date] => Tue, 23 Oct 2012 13:51:57 -0400
    [Order Page Timestamp] => 1351014678115
    [Order Page Time/Date] => Sun, 13 Dec 44781 18:01:55 -0500
    [User Agent] => Mozilla/4.0 (compatible; MSIE 8.0; Windows NT 5.1; Trident/4.0; .NET4.0C; .NET4.0E; BRI/2; .NET CLR 2.0.50727; .NET CLR 3.5.30729; .NET CLR 3.0.4506.2152)
)
