Array
(
    [Order ID] => 0
    [Price] => 206.25
    [User ID] => 487
    [IP] => 70.96.33.195
    [Timestamp] => 1337884210
    [Time/Date] => Thu, 24 May 2012 14:30:10 -0400
    [Order Page Timestamp] => 1337884198546
    [Order Page Time/Date] => Thu, 11 Nov 44365 14:35:46 -0500
    [User Agent] => Mozilla/5.0 (Windows NT 6.1; WOW64; rv:12.0) Gecko/20100101 Firefox/12.0
)
Array
(
    [Order ID] => 0
    [Price] => 137.5
    [User ID] => 474
    [IP] => 64.222.185.44
    [Timestamp] => 1337888807
    [Time/Date] => Thu, 24 May 2012 15:46:47 -0400
    [Order Page Timestamp] => 1337888742035
    [Order Page Time/Date] => Mon, 03 Jan 44366 04:40:35 -0500
    [User Agent] => Mozilla/4.0 (compatible; MSIE 8.0; Windows NT 5.1; Trident/4.0; GTB7.3; .NET CLR 1.1.4322)
)
Array
(
    [Order ID] => 0
    [Price] => 343.75
    [User ID] => 488
    [IP] => 70.96.33.195
    [Timestamp] => 1337895704
    [Time/Date] => Thu, 24 May 2012 17:41:44 -0400
    [Order Page Timestamp] => 1337895700041
    [Order Page Time/Date] => Thu, 24 Mar 44366 17:27:21 -0500
    [User Agent] => Mozilla/5.0 (Windows NT 6.1; WOW64; rv:12.0) Gecko/20100101 Firefox/12.0
)
