Array
(
    [q] => payment-received
    [billTo_lastName] => Nizetic
    [billTo_email] => plymouthlawcenter@gmail.com
    [orderPage_serialNumber] => 3213046286400176056193
    [ccAuthReply_avsCodeRaw] => Y
    [orderAmount_publicSignature] => Hs9qxKPTA5pTkhzf+bHVmPekQKU=
    [orderCurrency] => usd
    [platform] => prd
    [card_expirationYear] => 2015
    [card_accountNumber] => ############6391
    [reasonCode] => 100
    [billTo_firstName] => Gabriel
    [signedFields] => billTo_lastName,billTo_email,orderPage_serialNumber,ccAuthReply_avsCodeRaw,orderAmount_publicSignature,orderCurrency,platform,card_expirationYear,card_accountNumber,reasonCode,billTo_firstName,requestID,order_id,orderPage_transactionType,ccAuthReply_reasonCode,ccAuthReply_authorizationCode,billTo_company,card_expirationMonth,orderNumber,orderCurrency_publicSignature,billTo_customerID,reconciliationID,source_domain,ccAuthReply_avsCode,orderPage_requestToken,uid,ccAuthReply_processorResponse,ccAuthReply_amount,decision_publicSignature,ccAuthReply_authorizedDateTime,orderAmount,orderNumber_publicSignature,card_cardType,billTo_street1,decision,billTo_phoneNumber,paymentOption,merchantDefinedData1,billTo_city,billTo_state,merchantID,billTo_postalCode,billTo_country
    [requestID] => 3433974910270178147363
    [order_id] => 18968
    [orderPage_transactionType] => sale
    [ccAuthReply_reasonCode] => 100
    [ccAuthReply_authorizationCode] => 34018Z
    [billTo_company] => Plymouth Law Center
    [card_expirationMonth] => 01
    [orderNumber] => 1343397491025
    [orderCurrency_publicSignature] => pfcMEzOHelrVLvafAkpPGnECGbk=
    [billTo_customerID] => 617
    [signedDataPublicSignature] => klS36jNjR5mxFe/9HTD052nOdjU=
    [reconciliationID] => 074118634WTOFL54HW576
    [source_domain] => nh.tcro.us
    [ccAuthReply_avsCode] => Y
    [orderPage_requestToken] => Ahj//wSRdE/zRdLjunhGKFWDdoxYuGzNpXqT40xq0kV2rdsmn6jwEBAJNP1HgICaQNxzkUMMmkmVdHpLOOBhHkXRP80XS47p4RgADDf0
    [uid] => 617
    [ccAuthReply_processorResponse] => 00
    [ccAuthReply_amount] => 63.75
    [decision_publicSignature] => KnPsJG1LWbeM0M209/iKgV4eG28=
    [ccAuthReply_authorizedDateTime] => 2012-07-27T135811Z
    [orderAmount] => 63.75
    [orderNumber_publicSignature] => pRefZS5VNaiqAUCXMxaL9SGXRXE=
    [card_cardType] => 002
    [billTo_street1] => 66 Highland Street
    [decision] => ACCEPT
    [billTo_phoneNumber] => 6035365900
    [paymentOption] => card
    [transactionSignature] => 8wsNQ55dmtCLCFvlCoJZGRucOpk=
    [merchantDefinedData1] => Request ID: 18968
    [billTo_city] => Plymouth
    [billTo_state] => NH
    [merchantID] => avtranzsb
    [billTo_postalCode] => 03264
    [billTo_country] => us
)
Array
(
    [q] => payment-received
    [billTo_lastName] => Vien
    [billTo_email] => chrissyvien@ymail.com
    [orderPage_serialNumber] => 3213046286400176056193
    [ccAuthReply_avsCodeRaw] => Y
    [orderAmount_publicSignature] => 9KgVKoJH0M0fgfO4/1IiEZcOYbI=
    [orderCurrency] => usd
    [platform] => prd
    [card_expirationYear] => 2015
    [card_accountNumber] => ############2095
    [reasonCode] => 100
    [billTo_firstName] => Chrstine
    [signedFields] => billTo_lastName,billTo_email,orderPage_serialNumber,ccAuthReply_avsCodeRaw,orderAmount_publicSignature,orderCurrency,platform,card_expirationYear,card_accountNumber,reasonCode,billTo_firstName,requestID,order_id,orderPage_transactionType,ccAuthReply_reasonCode,ccAuthReply_authorizationCode,card_expirationMonth,orderNumber,orderCurrency_publicSignature,billTo_customerID,reconciliationID,source_domain,ccAuthReply_avsCode,orderPage_requestToken,uid,ccAuthReply_processorResponse,ccAuthReply_amount,decision_publicSignature,ccAuthReply_authorizedDateTime,orderAmount,billTo_street2,orderNumber_publicSignature,card_cardType,billTo_street1,decision,billTo_phoneNumber,paymentOption,merchantDefinedData1,billTo_city,billTo_state,merchantID,billTo_postalCode,billTo_country
    [requestID] => 3434286139550178147364
    [order_id] => 17172
    [orderPage_transactionType] => sale
    [ccAuthReply_reasonCode] => 100
    [ccAuthReply_authorizationCode] => 096917
    [card_expirationMonth] => 06
    [orderNumber] => 1343428613953
    [orderCurrency_publicSignature] => pfcMEzOHelrVLvafAkpPGnECGbk=
    [billTo_customerID] => 430
    [signedDataPublicSignature] => RGwW0kVHiW4P0b1kJAR54zf74F4=
    [reconciliationID] => 074398001WTO9N54HBBMG
    [source_domain] => nh.tcro.us
    [ccAuthReply_avsCode] => Y
    [orderPage_requestToken] => Ahj//wSRdFiWsJYP7fhIKFWDdozcuGDBjXqT3M5q0kQoU2Omkp8VaRgFNJT4q0jaQN1tkUMMmkmVdHpLOOBg4kXRYlrCWD+34SAA4DgR
    [uid] => 430
    [ccAuthReply_processorResponse] => 00
    [ccAuthReply_amount] => 68.75
    [decision_publicSignature] => KnPsJG1LWbeM0M209/iKgV4eG28=
    [ccAuthReply_authorizedDateTime] => 2012-07-27T223655Z
    [orderAmount] => 68.75
    [billTo_street2] => Apt 406
    [orderNumber_publicSignature] => kU7O7rotKBfLeotIdw6y1xmdOhY=
    [card_cardType] => 001
    [billTo_street1] => 51 Storrs St.
    [decision] => ACCEPT
    [billTo_phoneNumber] => 6032194650
    [paymentOption] => card
    [transactionSignature] => UYe72LjC5OR8+IHeAXtqBhsmiYo=
    [merchantDefinedData1] => Request ID: 17172
    [billTo_city] => Concord
    [billTo_state] => NH
    [merchantID] => avtranzsb
    [billTo_postalCode] => 03301
    [billTo_country] => us
)
