Array
(
    [Order ID] => 0
    [Price] => 48.75
    [User ID] => 460
    [IP] => 184.61.64.38
    [Timestamp] => 1337170583
    [Time/Date] => Wed, 16 May 2012 08:16:23 -0400
    [Order Page Timestamp] => 1337170561889
    [Order Page Time/Date] => Thu, 01 Apr 44343 22:11:29 -0500
    [User Agent] => Mozilla/4.0 (compatible; MSIE 8.0; Windows NT 5.1; Trident/4.0; InfoPath.2; .NET CLR 1.1.4322; .NET CLR 2.0.50727; .NET CLR 3.0.4506.2152; .NET CLR 3.5.30729)
)
Array
(
    [Order ID] => 0
    [Price] => 93.5
    [User ID] => 247
    [IP] => 70.96.33.195
    [Timestamp] => 1337189270
    [Time/Date] => Wed, 16 May 2012 13:27:50 -0400
    [Order Page Timestamp] => 1337189264667
    [Order Page Time/Date] => Thu, 04 Nov 44343 09:24:27 -0500
    [User Agent] => Mozilla/5.0 (Windows NT 6.1; WOW64; rv:12.0) Gecko/20100101 Firefox/12.0
)
Array
(
    [Order ID] => 0
    [Price] => 3025
    [User ID] => 247
    [IP] => 70.96.33.195
    [Timestamp] => 1337189854
    [Time/Date] => Wed, 16 May 2012 13:37:34 -0400
    [Order Page Timestamp] => 1337189847102
    [Order Page Time/Date] => Thu, 11 Nov 44343 03:11:42 -0500
    [User Agent] => Mozilla/5.0 (Windows NT 6.1; WOW64; rv:12.0) Gecko/20100101 Firefox/12.0
)
