Array
(
    [q] => payment-received
    [billTo_lastName] => Bauer
    [billTo_phoneNumber] => 8028640880
    [orderAmount] => 212.5
    [billTo_street1] => 150 South Champlain Street
    [card_accountNumber] => ############1096
    [platform] => prd
    [orderAmount_publicSignature] => 07xCaZTDbhPw0eH4YhO/e8a3xgk=
    [orderPage_serialNumber] => 3213046286400176056193
    [orderCurrency] => usd
    [reconciliationID] => 117291937WTOFO8F60E9S
    [signedDataPublicSignature] => jb2IdIzU/J1FvY6lMVvOTT5cJDE=
    [decision] => ACCEPT
    [ccAuthReply_processorResponse] => 00
    [source_domain] => nh.tcro.us
    [billTo_state] => VT
    [billTo_firstName] => Cynthia
    [billTo_customerID] => 778
    [uid] => 778
    [billTo_company] => Primmer Piper Eggleston & Cramer PC
    [card_expirationYear] => 2015
    [merchantDefinedData1] => Request ID: 31253
    [transactionSignature] => 83cYUMMa18RLJCVnYl7ZCrtNtV0=
    [billTo_city] => Burlington
    [billTo_postalCode] => 05401
    [orderPage_requestToken] => Ahj//wSRfBZRLrg5zqBAKFWLFuycsXLNvXqT409xGbMIrmmmoKh5qewJNQVDzU96QPpgRHpDJpJlXR6SzjgYT5F8FlEuuDnOoEAAIAlM
    [ccAuthReply_amount] => 212.50
    [orderCurrency_publicSignature] => pfcMEzOHelrVLvafAkpPGnECGbk=
    [orderPage_transactionType] => sale
    [ccAuthReply_authorizationCode] => 06343S
    [decision_publicSignature] => KnPsJG1LWbeM0M209/iKgV4eG28=
    [ccAuthReply_avsCodeRaw] => N
    [paymentOption] => card
    [billTo_country] => us
    [billTo_email] => cbauer@primmer.com
    [reasonCode] => 100
    [order_id] => 31253
    [ccAuthReply_reasonCode] => 100
    [orderPage_environment] => PRODUCTION
    [card_expirationMonth] => 05
    [merchantID] => avtranzsb
    [orderNumber_publicSignature] => gkx8N4pFiIbF5DPOgAO66cCcbqQ=
    [requestID] => 3505685432960178147360
    [orderNumber] => 1350568543295
    [signedFields] => billTo_lastName,billTo_phoneNumber,orderAmount,billTo_street1,card_accountNumber,platform,orderAmount_publicSignature,orderPage_serialNumber,orderCurrency,reconciliationID,decision,ccAuthReply_processorResponse,source_domain,billTo_state,billTo_firstName,billTo_customerID,uid,billTo_company,card_expirationYear,merchantDefinedData1,billTo_city,billTo_postalCode,orderPage_requestToken,ccAuthReply_amount,orderCurrency_publicSignature,orderPage_transactionType,ccAuthReply_authorizationCode,decision_publicSignature,ccAuthReply_avsCodeRaw,paymentOption,billTo_country,billTo_email,reasonCode,order_id,ccAuthReply_reasonCode,orderPage_environment,card_expirationMonth,merchantID,orderNumber_publicSignature,requestID,orderNumber,ccAuthReply_authorizedDateTime,card_cardType,ccAuthReply_avsCode
    [ccAuthReply_authorizedDateTime] => 2012-10-18T135543Z
    [card_cardType] => 002
    [ccAuthReply_avsCode] => N
)
Array
(
    [q] => payment-received
    [billTo_lastName] => Worthen
    [billTo_phoneNumber] => 6033732025
    [orderAmount] => 281.25
    [billTo_street1] => 68 Peach Highlands
    [card_accountNumber] => ############4297
    [platform] => prd
    [orderAmount_publicSignature] => Y9+LvUmYV6rwb+lLPIFmWTRbYlw=
    [orderPage_serialNumber] => 3213046286400176056193
    [orderCurrency] => usd
    [reconciliationID] => 117454216WTO1Q8F61C0S
    [signedDataPublicSignature] => /k8aua3PrBlANHe8XCNEqqIqqD4=
    [decision] => ACCEPT
    [ccAuthReply_processorResponse] => 00
    [source_domain] => nh.tcro.us
    [billTo_state] => MA
    [billTo_firstName] => Cynthia
    [billTo_customerID] => 849
    [uid] => 849
    [card_expirationYear] => 2015
    [merchantDefinedData1] => Request ID: 31323
    [transactionSignature] => NHGqqMnr0gu1UTDUr5smQ85+wYY=
    [billTo_city] => Marblehead
    [billTo_postalCode] => 01945
    [orderPage_requestToken] => Ahj//wSRfBxi0BVPhbhAKFWLFu0atGTFtXqT2NFxGbMYbCmmkcHIwdgFNI4ORg7aQP27pHpDJpJlXR6SzjgYT5F8HGLQFU+FuEAA5huH
    [ccAuthReply_amount] => 281.25
    [orderCurrency_publicSignature] => pfcMEzOHelrVLvafAkpPGnECGbk=
    [orderPage_transactionType] => sale
    [ccAuthReply_authorizationCode] => 00318C
    [decision_publicSignature] => KnPsJG1LWbeM0M209/iKgV4eG28=
    [ccAuthReply_avsCodeRaw] => Y
    [paymentOption] => card
    [billTo_country] => us
    [billTo_email] => mdacosta@pierceatwood.com
    [reasonCode] => 100
    [order_id] => 31323
    [ccAuthReply_reasonCode] => 100
    [orderPage_environment] => PRODUCTION
    [card_expirationMonth] => 05
    [merchantID] => avtranzsb
    [orderNumber_publicSignature] => 4XuMkuuSKe+E76UskEt4UPcY+Ck=
    [requestID] => 3505904086990178147360
    [orderNumber] => 1350590408697
    [signedFields] => billTo_lastName,billTo_phoneNumber,orderAmount,billTo_street1,card_accountNumber,platform,orderAmount_publicSignature,orderPage_serialNumber,orderCurrency,reconciliationID,decision,ccAuthReply_processorResponse,source_domain,billTo_state,billTo_firstName,billTo_customerID,uid,card_expirationYear,merchantDefinedData1,billTo_city,billTo_postalCode,orderPage_requestToken,ccAuthReply_amount,orderCurrency_publicSignature,orderPage_transactionType,ccAuthReply_authorizationCode,decision_publicSignature,ccAuthReply_avsCodeRaw,paymentOption,billTo_country,billTo_email,reasonCode,order_id,ccAuthReply_reasonCode,orderPage_environment,card_expirationMonth,merchantID,orderNumber_publicSignature,requestID,orderNumber,ccAuthReply_authorizedDateTime,card_cardType,ccAuthReply_avsCode
    [ccAuthReply_authorizedDateTime] => 2012-10-18T200009Z
    [card_cardType] => 001
    [ccAuthReply_avsCode] => Y
)
Array
(
    [q] => payment-received
    [billTo_lastName] => wagner
    [billTo_phoneNumber] => 3172780504
    [orderAmount] => 275
    [billTo_street1] => 635 Barnhill Rd Med Sci Bldg
    [card_accountNumber] => ############8701
    [platform] => prd
    [orderAmount_publicSignature] => BuYsROq5rcK6i7rN5IhDkKEEbOk=
    [orderPage_serialNumber] => 3213046286400176056193
    [orderCurrency] => usd
    [reconciliationID] => 117510116WTO8V8F5MHJQ
    [signedDataPublicSignature] => eGHVZAkF2+b77pTmeGCbzgOPsP4=
    [decision] => ACCEPT
    [ccAuthReply_processorResponse] => 00
    [source_domain] => nh.tcro.us
    [billTo_state] => IN
    [billTo_firstName] => michael
    [billTo_customerID] => 851
    [uid] => 851
    [billTo_company] => Indiana School of Medicine - Dept of Pharmacology/Toxicology
    [card_expirationYear] => 2015
    [merchantDefinedData1] => Request ID: 31328
    [transactionSignature] => jPE//uxxZd4yxasBvsGLDfe9fAI=
    [billTo_city] => Indianapolis
    [billTo_postalCode] => 46202
    [orderPage_requestToken] => Ahj//wSRfB5NWSnfu0BCKFWLFu1YsGLFtXqT3FZxGazZEqimkNNdy0gFNIaa7lpaQP1thHpDJpJlXR6SzjgYT5F8Hk1ZKd+7QEIA0CBd
    [ccAuthReply_amount] => 275.00
    [orderCurrency_publicSignature] => pfcMEzOHelrVLvafAkpPGnECGbk=
    [orderPage_transactionType] => sale
    [ccAuthReply_authorizationCode] => 05431A
    [decision_publicSignature] => KnPsJG1LWbeM0M209/iKgV4eG28=
    [ccAuthReply_avsCodeRaw] => N
    [paymentOption] => card
    [billTo_country] => us
    [billTo_email] => micawagn@iupui.edu
    [reasonCode] => 100
    [order_id] => 31328
    [ccAuthReply_reasonCode] => 100
    [orderPage_environment] => PRODUCTION
    [card_expirationMonth] => 04
    [merchantID] => avtranzsb
    [orderNumber_publicSignature] => aQeODar1qs6wAVPccK/iazVNbg8=
    [requestID] => 3505973123720178147361
    [orderNumber] => 1350597110659
    [signedFields] => billTo_lastName,billTo_phoneNumber,orderAmount,billTo_street1,card_accountNumber,platform,orderAmount_publicSignature,orderPage_serialNumber,orderCurrency,reconciliationID,decision,ccAuthReply_processorResponse,source_domain,billTo_state,billTo_firstName,billTo_customerID,uid,billTo_company,card_expirationYear,merchantDefinedData1,billTo_city,billTo_postalCode,orderPage_requestToken,ccAuthReply_amount,orderCurrency_publicSignature,orderPage_transactionType,ccAuthReply_authorizationCode,decision_publicSignature,ccAuthReply_avsCodeRaw,paymentOption,billTo_country,billTo_email,reasonCode,order_id,ccAuthReply_reasonCode,orderPage_environment,card_expirationMonth,merchantID,orderNumber_publicSignature,requestID,orderNumber,ccAuthReply_authorizedDateTime,card_cardType,ccAuthReply_avsCode
    [ccAuthReply_authorizedDateTime] => 2012-10-18T215513Z
    [card_cardType] => 001
    [ccAuthReply_avsCode] => N
)
