Array
(
    [Order ID] => 0
    [Price] => 104.5
    [User ID] => 1008
    [IP] => 173.14.157.230
    [Timestamp] => 1353278663
    [Time/Date] => Sun, 18 Nov 2012 17:44:23 -0500
    [Order Page Timestamp] => 1353278636685
    [Order Page Time/Date] => Tue, 09 Sep 44853 23:24:45 -0500
    [User Agent] => Mozilla/4.0 (compatible; MSIE 8.0; Windows NT 6.1; WOW64; Trident/4.0; SLCC2; .NET CLR 2.0.50727; .NET CLR 3.5.30729; .NET CLR 3.0.30729; Media Center PC 6.0; MS-RTC LM 8; .NET4.0C)
)
Array
(
    [Order ID] => 0
    [Price] => 68.75
    [User ID] => 1005
    [IP] => 24.128.239.70
    [Timestamp] => 1353293221
    [Time/Date] => Sun, 18 Nov 2012 21:47:01 -0500
    [Order Page Timestamp] => 1353293159812
    [Order Page Time/Date] => Wed, 25 Feb 44854 01:36:52 -0500
    [User Agent] => Mozilla/5.0 (iPhone; CPU iPhone OS 6_0_1 like Mac OS X) AppleWebKit/536.26 (KHTML, like Gecko) Version/6.0 Mobile/10A523 Safari/8536.25
)
