Array
(
    [Order ID] => 0
    [Price] => 183.75
    [User ID] => 263
    [IP] => 24.147.94.203
    [Timestamp] => 1356967180
    [Time/Date] => Mon, 31 Dec 2012 10:19:40 -0500
    [Order Page Timestamp] => 1356966841973
    [Order Page Time/Date] => Thu, 26 Jul 44970 12:52:53 -0500
    [User Agent] => Mozilla/5.0 (Windows NT 6.1; WOW64) AppleWebKit/537.11 (KHTML, like Gecko) Chrome/23.0.1271.97 Safari/537.11
)
Array
(
    [Order ID] => 0
    [Price] => 3187.5
    [User ID] => 504
    [IP] => 69.198.129.234
    [Timestamp] => 1356979594
    [Time/Date] => Mon, 31 Dec 2012 13:46:34 -0500
    [Order Page Timestamp] => 1356979590161
    [Order Page Time/Date] => Fri, 21 Dec 44970 02:02:41 -0500
    [User Agent] => Mozilla/5.0 (Windows NT 5.1) AppleWebKit/537.11 (KHTML, like Gecko) Chrome/23.0.1271.97 Safari/537.11
)
