Array
(
    [q] => payment-received
    [billTo_lastName] => Liatsis
    [billTo_phoneNumber] => 6035914142
    [orderAmount] => 216.75
    [billTo_street1] => 271 Nimble hill road
    [card_accountNumber] => ############6528
    [platform] => prd
    [orderAmount_publicSignature] => vhIHtoCPCH6qx5n9fD2VS17Yyus=
    [orderPage_serialNumber] => 3213046286400176056193
    [orderCurrency] => usd
    [reconciliationID] => 131847531WTO1Q9LABYWK
    [signedDataPublicSignature] => MDn0pPH/trMgy6luLbqq1ompQeU=
    [decision] => ACCEPT
    [ccAuthReply_processorResponse] => 00
    [source_domain] => nh.tcro.us
    [billTo_state] => NH
    [billTo_firstName] => John
    [billTo_customerID] => 1011
    [uid] => 1011
    [card_expirationYear] => 2014
    [merchantDefinedData1] => Request ID: 36596
    [transactionSignature] => zQrkUgmUIInCgOyodYpLcoBaRH4=
    [billTo_city] => Newington
    [billTo_postalCode] => 03801
    [orderPage_requestToken] => Ahj//wSRfx0lNztsUKBCKFWLNi4aN2rNjXqT2NFzMgwrNeWmkcfm3zQFNI4/Nvm6QPqVZIpDJpJlXR6SzjgYSZF/HSU3O2xQoEIAxQeS
    [ccAuthReply_amount] => 216.75
    [orderCurrency_publicSignature] => pfcMEzOHelrVLvafAkpPGnECGbk=
    [orderPage_transactionType] => sale
    [ccAuthReply_authorizationCode] => 558863
    [decision_publicSignature] => KnPsJG1LWbeM0M209/iKgV4eG28=
    [ccAuthReply_avsCodeRaw] => Y
    [paymentOption] => card
    [billTo_country] => us
    [billTo_email] => john.liatsis2011@gmail.com
    [reasonCode] => 100
    [order_id] => 36596
    [ccAuthReply_reasonCode] => 100
    [orderPage_environment] => PRODUCTION
    [card_expirationMonth] => 06
    [merchantID] => avtranzsb
    [orderNumber_publicSignature] => jv20rXlwVOcwePGNabDDDr7rmxo=
    [requestID] => 3533601562880178147361
    [orderNumber] => 1353360156287
    [signedFields] => billTo_lastName,billTo_phoneNumber,orderAmount,billTo_street1,card_accountNumber,platform,orderAmount_publicSignature,orderPage_serialNumber,orderCurrency,reconciliationID,decision,ccAuthReply_processorResponse,source_domain,billTo_state,billTo_firstName,billTo_customerID,uid,card_expirationYear,merchantDefinedData1,billTo_city,billTo_postalCode,orderPage_requestToken,ccAuthReply_amount,orderCurrency_publicSignature,orderPage_transactionType,ccAuthReply_authorizationCode,decision_publicSignature,ccAuthReply_avsCodeRaw,paymentOption,billTo_country,billTo_email,reasonCode,order_id,ccAuthReply_reasonCode,orderPage_environment,card_expirationMonth,merchantID,orderNumber_publicSignature,requestID,orderNumber,ccAuthReply_authorizedDateTime,card_cardType,ccAuthReply_avsCode
    [ccAuthReply_authorizedDateTime] => 2012-11-19T212238Z
    [card_cardType] => 001
    [ccAuthReply_avsCode] => Y
)
