Array
(
    [Order ID] => 0
    [Price] => 1487.5
    [User ID] => 778
    [IP] => 72.4.192.2
    [Timestamp] => 1348861771
    [Time/Date] => Fri, 28 Sep 2012 15:49:31 -0400
    [Order Page Timestamp] => 1348861757187
    [Order Page Time/Date] => Tue, 23 Sep 44713 16:26:27 -0500
    [User Agent] => Mozilla/4.0 (compatible; MSIE 8.0; Windows NT 6.1; WOW64; Trident/4.0; SLCC2; .NET CLR 2.0.50727; .NET CLR 3.5.30729; .NET CLR 3.0.30729; Media Center PC 6.0; .NET4.0C; .NET4.0E)
)
Array
(
    [Order ID] => 0
    [Price] => 24.75
    [User ID] => 263
    [IP] => 24.147.93.11
    [Timestamp] => 1348875591
    [Time/Date] => Fri, 28 Sep 2012 19:39:51 -0400
    [Order Page Timestamp] => 1348875585885
    [Order Page Time/Date] => Mon, 02 Mar 44714 17:44:45 -0500
    [User Agent] => Mozilla/5.0 (Windows NT 6.1; WOW64) AppleWebKit/537.4 (KHTML, like Gecko) Chrome/22.0.1229.79 Safari/537.4
)
Array
(
    [Order ID] => 0
    [Price] => 24.75
    [User ID] => 263
    [IP] => 24.147.93.11
    [Timestamp] => 1348875886
    [Time/Date] => Fri, 28 Sep 2012 19:44:46 -0400
    [Order Page Timestamp] => 1348875882284
    [Order Page Time/Date] => Fri, 06 Mar 44714 04:04:44 -0500
    [User Agent] => Mozilla/5.0 (Windows NT 6.1; WOW64) AppleWebKit/537.4 (KHTML, like Gecko) Chrome/22.0.1229.79 Safari/537.4
)
Array
(
    [Order ID] => 0
    [Price] => 24.75
    [User ID] => 263
    [IP] => 24.147.93.11
    [Timestamp] => 1348876080
    [Time/Date] => Fri, 28 Sep 2012 19:48:00 -0400
    [Order Page Timestamp] => 1348876073571
    [Order Page Time/Date] => Sun, 08 Mar 44714 09:12:51 -0500
    [User Agent] => Mozilla/5.0 (Windows NT 6.1; WOW64) AppleWebKit/537.4 (KHTML, like Gecko) Chrome/22.0.1229.79 Safari/537.4
)
Array
(
    [Order ID] => 0
    [Price] => 24.75
    [User ID] => 263
    [IP] => 24.147.93.11
    [Timestamp] => 1348876534
    [Time/Date] => Fri, 28 Sep 2012 19:55:34 -0400
    [Order Page Timestamp] => 1348876532218
    [Order Page Time/Date] => Fri, 13 Mar 44714 16:36:58 -0500
    [User Agent] => Mozilla/5.0 (Windows NT 6.1; WOW64) AppleWebKit/537.4 (KHTML, like Gecko) Chrome/22.0.1229.79 Safari/537.4
)
Array
(
    [Order ID] => 0
    [Price] => 24.75
    [User ID] => 263
    [IP] => 24.147.93.11
    [Timestamp] => 1348876747
    [Time/Date] => Fri, 28 Sep 2012 19:59:07 -0400
    [Order Page Timestamp] => 1348876745291
    [Order Page Time/Date] => Mon, 16 Mar 44714 03:48:11 -0500
    [User Agent] => Mozilla/5.0 (Windows NT 6.1; WOW64) AppleWebKit/537.4 (KHTML, like Gecko) Chrome/22.0.1229.79 Safari/537.4
)
