Array
(
    [Order ID] => 0
    [Price] => 147.5
    [User ID] => 506
    [IP] => 71.255.122.20
    [Timestamp] => 1348066365
    [Time/Date] => Wed, 19 Sep 2012 10:52:45 -0400
    [Order Page Timestamp] => 1348066345700
    [Order Page Time/Date] => Mon, 09 Jul 44688 12:48:20 -0500
    [User Agent] => Mozilla/4.0 (compatible; MSIE 8.0; Windows NT 5.1; Trident/4.0; GTB7.4; .NET CLR 1.1.4322; .NET CLR 2.0.50727; .NET CLR 3.0.4506.2152; .NET CLR 3.5.30729; .NET4.0C; .NET4.0E)
)
Array
(
    [Order ID] => 0
    [Price] => 147.5
    [User ID] => 506
    [IP] => 71.255.122.20
    [Timestamp] => 1348066489
    [Time/Date] => Wed, 19 Sep 2012 10:54:49 -0400
    [Order Page Timestamp] => 1348066345700
    [Order Page Time/Date] => Mon, 09 Jul 44688 12:48:20 -0500
    [User Agent] => Mozilla/4.0 (compatible; MSIE 8.0; Windows NT 5.1; Trident/4.0; GTB7.4; .NET CLR 1.1.4322; .NET CLR 2.0.50727; .NET CLR 3.0.4506.2152; .NET CLR 3.5.30729; .NET4.0C; .NET4.0E)
)
Array
(
    [Order ID] => 0
    [Price] => 11
    [User ID] => 443
    [IP] => 173.166.122.209
    [Timestamp] => 1348068898
    [Time/Date] => Wed, 19 Sep 2012 11:34:58 -0400
    [Order Page Timestamp] => 1348068649953
    [Order Page Time/Date] => Sun, 05 Aug 44688 04:52:33 -0500
    [User Agent] => Mozilla/5.0 (Windows NT 5.1) AppleWebKit/537.1 (KHTML, like Gecko) Chrome/21.0.1180.89 Safari/537.1
)
Array
(
    [Order ID] => 0
    [Price] => 371.5
    [User ID] => 247
    [IP] => 70.96.33.195
    [Timestamp] => 1348082097
    [Time/Date] => Wed, 19 Sep 2012 15:14:57 -0400
    [Order Page Timestamp] => 1348082094830
    [Order Page Time/Date] => Mon, 07 Jan 44689 19:33:50 -0500
    [User Agent] => Mozilla/5.0 (Windows NT 6.1; WOW64; rv:15.0) Gecko/20100101 Firefox/15.0.1
)
Array
(
    [Order ID] => 0
    [Price] => 144
    [User ID] => 745
    [IP] => 71.51.238.67
    [Timestamp] => 1348083680
    [Time/Date] => Wed, 19 Sep 2012 15:41:20 -0400
    [Order Page Timestamp] => 1348083657492
    [Order Page Time/Date] => Fri, 25 Jan 44689 21:38:12 -0500
    [User Agent] => Mozilla/5.0 (Macintosh; Intel Mac OS X 10_7_4) AppleWebKit/537.1 (KHTML, like Gecko) Chrome/21.0.1180.89 Safari/537.1
)
Array
(
    [Order ID] => 0
    [Price] => 1032.5
    [User ID] => 335
    [IP] => 206.16.244.10
    [Timestamp] => 1348086749
    [Time/Date] => Wed, 19 Sep 2012 16:32:29 -0400
    [Order Page Timestamp] => 1348086689362
    [Order Page Time/Date] => Fri, 01 Mar 44689 23:49:22 -0500
    [User Agent] => Mozilla/4.0 (compatible; MSIE 8.0; Windows NT 6.1; WOW64; Trident/4.0; SLCC2; .NET CLR 2.0.50727; .NET CLR 3.5.30729; .NET CLR 3.0.30729; Media Center PC 6.0; .NET4.0C; .NET4.0E)
)
