Array
(
    [Order ID] => 0
    [Price] => 104.5
    [User ID] => 247
    [IP] => 70.96.33.195
    [Timestamp] => 1338397905
    [Time/Date] => Wed, 30 May 2012 13:11:45 -0400
    [Order Page Timestamp] => 1338397878869
    [Order Page Time/Date] => Sat, 20 Feb 44382 23:34:29 -0500
    [User Agent] => Mozilla/5.0 (Windows NT 6.1; WOW64; rv:12.0) Gecko/20100101 Firefox/12.0
)
Array
(
    [Order ID] => 0
    [Price] => 68.75
    [User ID] => 497
    [IP] => 75.147.32.186
    [Timestamp] => 1338407237
    [Time/Date] => Wed, 30 May 2012 15:47:17 -0400
    [Order Page Timestamp] => 1338407217401
    [Order Page Time/Date] => Wed, 09 Jun 44382 01:36:41 -0500
    [User Agent] => Mozilla/5.0 (compatible; MSIE 9.0; Windows NT 6.1; WOW64; Trident/5.0)
)
