Array
(
    [Order ID] => 0
    [Price] => 412.5
    [User ID] => 438
    [IP] => 72.248.85.98
    [Timestamp] => 1337107561
    [Time/Date] => Tue, 15 May 2012 14:46:01 -0400
    [Order Page Timestamp] => 1337103853280
    [Order Page Time/Date] => Tue, 18 Feb 44341 20:01:20 -0500
    [User Agent] => Mozilla/4.0 (compatible; MSIE 8.0; Windows NT 5.1; Trident/4.0; .NET CLR 1.1.4322; .NET CLR 2.0.50727; .NET CLR 3.0.4506.2152; .NET CLR 3.5.30729)
)
Array
(
    [Order ID] => 0
    [Price] => 412.5
    [User ID] => 438
    [IP] => 72.248.85.98
    [Timestamp] => 1337109937
    [Time/Date] => Tue, 15 May 2012 15:25:37 -0400
    [Order Page Timestamp] => 1337109917330
    [Order Page Time/Date] => Wed, 30 Apr 44341 00:28:50 -0500
    [User Agent] => Mozilla/4.0 (compatible; MSIE 8.0; Windows NT 5.1; Trident/4.0; .NET CLR 1.1.4322; .NET CLR 2.0.50727; .NET CLR 3.0.4506.2152; .NET CLR 3.5.30729)
)
