Array
(
    [Order ID] => 0
    [Price] => 562.5
    [User ID] => 263
    [IP] => 24.147.93.11
    [Timestamp] => 1346870311
    [Time/Date] => Wed, 05 Sep 2012 14:38:31 -0400
    [Order Page Timestamp] => 1346870300390
    [Order Page Time/Date] => Thu, 15 Aug 44650 09:59:50 -0500
    [User Agent] => Mozilla/5.0 (Windows NT 6.1; WOW64) AppleWebKit/537.1 (KHTML, like Gecko) Chrome/21.0.1180.89 Safari/537.1
)
Array
(
    [Order ID] => 0
    [Price] => 562.5
    [User ID] => 263
    [IP] => 24.147.93.11
    [Timestamp] => 1346870404
    [Time/Date] => Wed, 05 Sep 2012 14:40:04 -0400
    [Order Page Timestamp] => 1346870300390
    [Order Page Time/Date] => Thu, 15 Aug 44650 09:59:50 -0500
    [User Agent] => Mozilla/5.0 (Windows NT 6.1; WOW64) AppleWebKit/537.1 (KHTML, like Gecko) Chrome/21.0.1180.89 Safari/537.1
)
