Array
(
    [Order ID] => 0
    [Price] => 238
    [User ID] => 575
    [IP] => 24.91.181.239
    [Timestamp] => 1341846016
    [Time/Date] => Mon, 09 Jul 2012 11:00:16 -0400
    [Order Page Timestamp] => 1341845697283
    [Order Page Time/Date] => Fri, 25 May 44491 06:54:43 -0500
    [User Agent] => Mozilla/4.0 (compatible; MSIE 8.0; Windows NT 5.1; Trident/4.0; .NET CLR 2.0.50727; .NET CLR 3.0.4506.2152; .NET CLR 3.5.30729)
)
Array
(
    [Order ID] => 0
    [Price] => 2.75
    [User ID] => 403
    [IP] => 64.140.214.100
    [Timestamp] => 1341858305
    [Time/Date] => Mon, 09 Jul 2012 14:25:05 -0400
    [Order Page Timestamp] => 1341858293274
    [Order Page Time/Date] => Thu, 18 Oct 44491 01:47:54 -0500
    [User Agent] => Mozilla/4.0 (compatible; MSIE 8.0; Windows NT 5.1; Trident/4.0; .NET CLR 1.1.4322; .NET CLR 2.0.50727; .NET CLR 3.0.04506.30; .NET CLR 3.0.04506.648; .NET CLR 3.0.4506.2152; .NET CLR 3.5.30729; .NET4.0C; .NET4.0E)
)
