Array
(
    [Order ID] => 0
    [Price] => 106.25
    [User ID] => 468
    [IP] => 72.225.129.232
    [Timestamp] => 1343667553
    [Time/Date] => Mon, 30 Jul 2012 12:59:13 -0400
    [Order Page Timestamp] => 1343667519674
    [Order Page Time/Date] => Sun, 16 Feb 44549 04:41:14 -0500
    [User Agent] => Mozilla/5.0 (Macintosh; Intel Mac OS X 10_7_4) AppleWebKit/534.57.2 (KHTML, like Gecko) Version/5.1.7 Safari/534.57.2
)
Array
(
    [Order ID] => 0
    [Price] => 13.75
    [User ID] => 608
    [IP] => 74.69.247.218
    [Timestamp] => 1343697866
    [Time/Date] => Mon, 30 Jul 2012 21:24:26 -0400
    [Order Page Timestamp] => 1343697860802
    [Order Page Time/Date] => Mon, 02 Feb 44550 08:46:42 -0500
    [User Agent] => Mozilla/5.0 (Macintosh; Intel Mac OS X 10_7_4) AppleWebKit/534.57.2 (KHTML, like Gecko) Version/5.1.7 Safari/534.57.2
)
