Array
(
    [q] => payment-received
    [billTo_lastName] => Hathaway
    [billTo_email] => dlowe@wadleighlaw.com
    [orderPage_serialNumber] => 3213046286400176056193
    [ccAuthReply_avsCodeRaw] => Y
    [orderAmount_publicSignature] => +srQ5BYGztlctRo1Jj57cOAtr4I=
    [orderCurrency] => usd
    [platform] => prd
    [card_expirationYear] => 2014
    [card_accountNumber] => ############3637
    [reasonCode] => 100
    [billTo_firstName] => Todd
    [signedFields] => billTo_lastName,billTo_email,orderPage_serialNumber,ccAuthReply_avsCodeRaw,orderAmount_publicSignature,orderCurrency,platform,card_expirationYear,card_accountNumber,reasonCode,billTo_firstName,requestID,order_id,orderPage_transactionType,ccAuthReply_reasonCode,ccAuthReply_authorizationCode,billTo_company,card_expirationMonth,orderNumber,orderCurrency_publicSignature,billTo_customerID,reconciliationID,source_domain,ccAuthReply_avsCode,orderPage_requestToken,uid,ccAuthReply_processorResponse,ccAuthReply_amount,decision_publicSignature,ccAuthReply_authorizedDateTime,orderAmount,orderNumber_publicSignature,card_cardType,billTo_street1,decision,billTo_phoneNumber,paymentOption,merchantDefinedData1,billTo_city,billTo_state,merchantID,billTo_postalCode,billTo_country
    [requestID] => 3376115801810178147363
    [order_id] => 11141
    [orderPage_transactionType] => sale
    [ccAuthReply_reasonCode] => 100
    [ccAuthReply_authorizationCode] => 705624
    [billTo_company] => Wadleigh, Starr & Peters
    [card_expirationMonth] => 01
    [orderNumber] => 1337611580179
    [orderCurrency_publicSignature] => pfcMEzOHelrVLvafAkpPGnECGbk=
    [billTo_customerID] => 472
    [signedDataPublicSignature] => xvcPPJpGhTEoBsNSxYlA4/AVOmk=
    [reconciliationID] => 039940279WTO8H2B52F0I
    [source_domain] => nh.tcro.us
    [ccAuthReply_avsCode] => Y
    [orderPage_requestToken] => Ahj//wSRbgoJlKLtiAhGKFWDNy5aMGTdzXqT3EhlCasozCSmj8VHFOwFNH4qOKd6QTr8gEL0MmkmVdHpLOOBhTkW4KCZSi7YgIRgvAJL
    [uid] => 472
    [ccAuthReply_processorResponse] => 00
    [ccAuthReply_amount] => 3600.00
    [decision_publicSignature] => KnPsJG1LWbeM0M209/iKgV4eG28=
    [ccAuthReply_authorizedDateTime] => 2012-05-21T144621Z
    [orderAmount] => 3600
    [orderNumber_publicSignature] => /mWd93vhLmB1IFqL/4WtzsbmZTA=
    [card_cardType] => 001
    [billTo_street1] => 95 Market Street
    [decision] => ACCEPT
    [billTo_phoneNumber] => 6036694140
    [paymentOption] => card
    [transactionSignature] => IGQBq6PCvPszDVV+U2Amd+EUb5I=
    [merchantDefinedData1] => Request ID: 11141
    [billTo_city] => Manchester
    [billTo_state] => NH
    [merchantID] => avtranzsb
    [billTo_postalCode] => 03101
    [billTo_country] => us
)
Array
(
    [q] => payment-received
    [billTo_lastName] => Colella
    [billTo_email] => derryangel41@yahoo.com
    [orderPage_serialNumber] => 3213046286400176056193
    [ccAuthReply_avsCodeRaw] => Y
    [orderAmount_publicSignature] => QvCqkMuKXpH5a050hcLLVnI9d4Y=
    [orderCurrency] => usd
    [platform] => prd
    [card_expirationYear] => 2016
    [card_accountNumber] => ############3619
    [reasonCode] => 100
    [billTo_firstName] => Angela
    [signedFields] => billTo_lastName,billTo_email,orderPage_serialNumber,ccAuthReply_avsCodeRaw,orderAmount_publicSignature,orderCurrency,platform,card_expirationYear,card_accountNumber,reasonCode,billTo_firstName,requestID,order_id,orderPage_transactionType,ccAuthReply_reasonCode,ccAuthReply_authorizationCode,card_expirationMonth,orderNumber,orderCurrency_publicSignature,billTo_customerID,reconciliationID,source_domain,ccAuthReply_avsCode,orderPage_requestToken,uid,ccAuthReply_processorResponse,ccAuthReply_amount,decision_publicSignature,ccAuthReply_authorizedDateTime,orderAmount,orderNumber_publicSignature,card_cardType,billTo_street1,decision,billTo_phoneNumber,paymentOption,merchantDefinedData1,billTo_city,billTo_state,merchantID,billTo_postalCode,billTo_country
    [requestID] => 3376190423250178147360
    [order_id] => 11148
    [orderPage_transactionType] => sale
    [ccAuthReply_reasonCode] => 100
    [ccAuthReply_authorizationCode] => 000015
    [card_expirationMonth] => 04
    [orderNumber] => 1337619042323
    [orderCurrency_publicSignature] => pfcMEzOHelrVLvafAkpPGnECGbk=
    [billTo_customerID] => 247
    [signedDataPublicSignature] => EQth4Vc2MfdMyyZviLKJDBQq/h8=
    [reconciliationID] => 040016692WTO1Q2BA3V56
    [source_domain] => nh.tcro.us
    [ccAuthReply_avsCode] => Y
    [orderPage_requestToken] => Ahj//wSRbgwbzD69MAhAKFWDRgwYtmzllXqT2NFlCgs6zVsmkaIiT5gFNI0REnzaQO1tiF6GTSTKuj0lnHAweyLcGDeYfXpgEIAAwQSg
    [uid] => 247
    [ccAuthReply_processorResponse] => 00
    [ccAuthReply_amount] => 137.50
    [decision_publicSignature] => KnPsJG1LWbeM0M209/iKgV4eG28=
    [ccAuthReply_authorizedDateTime] => 2012-05-21T165043Z
    [orderAmount] => 137.5
    [orderNumber_publicSignature] => 04wVHJKBR64cEItcQRLTRhcDQx4=
    [card_cardType] => 001
    [billTo_street1] => 2 Cross Road
    [decision] => ACCEPT
    [billTo_phoneNumber] => 6032470196
    [paymentOption] => card
    [transactionSignature] => Z5G1bL98JBvvkS2+4FeaiVL3ZVg=
    [merchantDefinedData1] => Request ID: 11148
    [billTo_city] => Derry
    [billTo_state] => NH
    [merchantID] => avtranzsb
    [billTo_postalCode] => 03038
    [billTo_country] => us
)
