Array
(
    [q] => payment-received
    [billTo_lastName] => Loring
    [orderAmount] => 425
    [billTo_street1] => 506 Winnacunnet
    [card_accountNumber] => ############7267
    [platform] => prd
    [orderAmount_publicSignature] => wWF9rvxKMyuBHkNIDwWwM82CrTc=
    [orderPage_serialNumber] => 3213046286400176056193
    [orderCurrency] => usd
    [reconciliationID] => 126960459WTO1Q9AAOMPK
    [signedDataPublicSignature] => ytvxyI5TShmmwIS4bZB1oczNlVw=
    [decision] => ACCEPT
    [ccAuthReply_processorResponse] => 00
    [source_domain] => nh.tcro.us
    [billTo_state] => NH
    [billTo_firstName] => James
    [billTo_customerID] => 247
    [uid] => 247
    [card_expirationYear] => 2013
    [merchantDefinedData1] => Request ID: 35535
    [transactionSignature] => XcsV0GFXKHM+dLo4ct5ynm3gIm0=
    [billTo_city] => Hampton
    [billTo_postalCode] => 03842
    [orderPage_requestToken] => Ahj//wSRfhS/wabEA1A+KFWLJs5bMGjVzXqT2NFzBgz5tCWmkcY+o4gJNI4x9RxaQQpgQkJhk0kyro9JZxwMJ8i/Cl/g02IBqB8AyVSk
    [ccAuthReply_amount] => 425.00
    [orderCurrency_publicSignature] => pfcMEzOHelrVLvafAkpPGnECGbk=
    [orderPage_transactionType] => sale
    [ccAuthReply_authorizationCode] => 08293B
    [decision_publicSignature] => KnPsJG1LWbeM0M209/iKgV4eG28=
    [ccAuthReply_avsCodeRaw] => Y
    [paymentOption] => card
    [billTo_country] => us
    [reasonCode] => 100
    [order_id] => 35535
    [ccAuthReply_reasonCode] => 100
    [orderPage_environment] => PRODUCTION
    [card_expirationMonth] => 11
    [merchantID] => avtranzsb
    [orderNumber_publicSignature] => AYKlS/MW6GbUxzlolE3VS5tWyw4=
    [requestID] => 3524075681340178147359
    [orderNumber] => 1352407568132
    [signedFields] => billTo_lastName,orderAmount,billTo_street1,card_accountNumber,platform,orderAmount_publicSignature,orderPage_serialNumber,orderCurrency,reconciliationID,decision,ccAuthReply_processorResponse,source_domain,billTo_state,billTo_firstName,billTo_customerID,uid,card_expirationYear,merchantDefinedData1,billTo_city,billTo_postalCode,orderPage_requestToken,ccAuthReply_amount,orderCurrency_publicSignature,orderPage_transactionType,ccAuthReply_authorizationCode,decision_publicSignature,ccAuthReply_avsCodeRaw,paymentOption,billTo_country,reasonCode,order_id,ccAuthReply_reasonCode,orderPage_environment,card_expirationMonth,merchantID,orderNumber_publicSignature,requestID,orderNumber,ccAuthReply_authorizedDateTime,card_cardType,ccAuthReply_avsCode
    [ccAuthReply_authorizedDateTime] => 2012-11-08T204608Z
    [card_cardType] => 002
    [ccAuthReply_avsCode] => Y
)
Array
(
    [q] => payment-received
    [billTo_lastName] => Kelley
    [orderAmount] => 45
    [billTo_street1] => 20 Burlington Mall Road
    [card_accountNumber] => ############1663
    [ccAuthReply_authFactorCode] => N
    [platform] => prd
    [orderAmount_publicSignature] => 8HfpsXYbTkjf871SnMa2PKNoouM=
    [orderPage_serialNumber] => 3213046286400176056193
    [orderCurrency] => usd
    [reconciliationID] => 126993309WTO1Q9AAOPO9
    [signedDataPublicSignature] => cDQEgG+pHJZcC4rG2eW2hkZC574=
    [decision] => ACCEPT
    [ccAuthReply_processorResponse] => 00
    [source_domain] => nh.tcro.us
    [billTo_state] => MA
    [billTo_firstName] => JP
    [billTo_customerID] => 247
    [uid] => 247
    [card_expirationYear] => 2015
    [merchantDefinedData1] => Request ID: 35475
    [transactionSignature] => isQBkzdUkhg95JGGn1sr00NrF0g=
    [billTo_city] => Burlington
    [billTo_postalCode] => 01803
    [orderPage_requestToken] => Ahj//wSRfhXE7pcty8g+KFWLJs5cs2bBzXqT2NFzBgz6E9ymkcY/slgFNI4x/ZLaQNjKEhMMmkmVdHpLOOBhFkX4VxO6XLcvIPgA1xnI
    [ccAuthReply_amount] => 45.00
    [orderCurrency_publicSignature] => pfcMEzOHelrVLvafAkpPGnECGbk=
    [orderPage_transactionType] => sale
    [ccAuthReply_authorizationCode] => 518074
    [decision_publicSignature] => KnPsJG1LWbeM0M209/iKgV4eG28=
    [ccAuthReply_avsCodeRaw] => Y
    [paymentOption] => card
    [billTo_country] => us
    [reasonCode] => 100
    [order_id] => 35475
    [ccAuthReply_reasonCode] => 100
    [orderPage_environment] => PRODUCTION
    [card_expirationMonth] => 03
    [merchantID] => avtranzsb
    [orderNumber_publicSignature] => XkMZ8v3Oqqt/ffXxnqO3rJRnLKk=
    [requestID] => 3524112438530178147359
    [orderNumber] => 1352411202851
    [signedFields] => billTo_lastName,orderAmount,billTo_street1,card_accountNumber,ccAuthReply_authFactorCode,platform,orderAmount_publicSignature,orderPage_serialNumber,orderCurrency,reconciliationID,decision,ccAuthReply_processorResponse,source_domain,billTo_state,billTo_firstName,billTo_customerID,uid,card_expirationYear,merchantDefinedData1,billTo_city,billTo_postalCode,orderPage_requestToken,ccAuthReply_amount,orderCurrency_publicSignature,orderPage_transactionType,ccAuthReply_authorizationCode,decision_publicSignature,ccAuthReply_avsCodeRaw,paymentOption,billTo_country,reasonCode,order_id,ccAuthReply_reasonCode,orderPage_environment,card_expirationMonth,merchantID,orderNumber_publicSignature,requestID,orderNumber,ccAuthReply_authorizedDateTime,card_cardType,ccAuthReply_avsCode
    [ccAuthReply_authorizedDateTime] => 2012-11-08T214724Z
    [card_cardType] => 001
    [ccAuthReply_avsCode] => Y
)
