Array
(
    [q] => payment-received
    [billTo_lastName] => Annutto
    [billTo_email] => annuttolaw@aol.com
    [orderPage_serialNumber] => 3213046286400176056193
    [ccAuthReply_avsCodeRaw] => Y
    [orderAmount_publicSignature] => OY1qGMlAwxfZcdT0YEAhVtxN76I=
    [orderCurrency] => usd
    [platform] => prd
    [card_expirationYear] => 2015
    [card_accountNumber] => ############4710
    [reasonCode] => 100
    [billTo_firstName] => Joseph
    [signedFields] => billTo_lastName,billTo_email,orderPage_serialNumber,ccAuthReply_avsCodeRaw,orderAmount_publicSignature,orderCurrency,platform,card_expirationYear,card_accountNumber,reasonCode,billTo_firstName,requestID,order_id,orderPage_transactionType,ccAuthReply_reasonCode,ccAuthReply_authorizationCode,billTo_company,card_expirationMonth,orderNumber,orderCurrency_publicSignature,billTo_customerID,orderPage_environment,reconciliationID,source_domain,ccAuthReply_avsCode,orderPage_requestToken,uid,ccAuthReply_processorResponse,ccAuthReply_amount,decision_publicSignature,ccAuthReply_authorizedDateTime,orderAmount,orderNumber_publicSignature,card_cardType,billTo_street1,decision,billTo_phoneNumber,paymentOption,merchantDefinedData1,billTo_city,billTo_state,merchantID,billTo_postalCode,billTo_country
    [requestID] => 3486808478930178147359
    [order_id] => 20065
    [orderPage_transactionType] => sale
    [ccAuthReply_reasonCode] => 100
    [ccAuthReply_authorizationCode] => 02262Z
    [billTo_company] => Law Office of Joseph M. Annutto
    [card_expirationMonth] => 04
    [orderNumber] => 1348680847891
    [orderCurrency_publicSignature] => pfcMEzOHelrVLvafAkpPGnECGbk=
    [billTo_customerID] => 586
    [signedDataPublicSignature] => nrohzzKIMbC8duTBTmbkoXC9Wfc=
    [orderPage_environment] => PRODUCTION
    [reconciliationID] => 106162106WTOFO6ZWV3R7
    [source_domain] => nh.tcro.us
    [ccAuthReply_avsCode] => Y
    [orderPage_requestToken] => Ahj//wSRegpgW14qwAg+KFWLBsxbMmLBtXqT409tar1mdJumoKFDHwAJNQUKGPgaQLq+RvQyaSZV0eks44GDiRegpgW14qwAg+AAtCMH
    [uid] => 586
    [ccAuthReply_processorResponse] => 00
    [ccAuthReply_amount] => 13.75
    [decision_publicSignature] => KnPsJG1LWbeM0M209/iKgV4eG28=
    [ccAuthReply_authorizedDateTime] => 2012-09-26T173408Z
    [orderAmount] => 13.75
    [orderNumber_publicSignature] => 5xoXhMcv2+SLwLLtlyGHZ7ogrOo=
    [card_cardType] => 002
    [billTo_street1] => 369 Main Street
    [decision] => ACCEPT
    [billTo_phoneNumber] => 6038819161
    [paymentOption] => card
    [transactionSignature] => 68gJS8l/Ns5nDoVOtKzuk7v0dUo=
    [merchantDefinedData1] => Request ID: 20065
    [billTo_city] => Nashua
    [billTo_state] => NH
    [merchantID] => avtranzsb
    [billTo_postalCode] => 03060
    [billTo_country] => us
)
Array
(
    [q] => payment-received
    [billTo_lastName] => Martin
    [billTo_email] => andymart20@aol.com
    [orderPage_serialNumber] => 3213046286400176056193
    [ccAuthReply_avsCodeRaw] => Y
    [orderAmount_publicSignature] => 8HfpsXYbTkjf871SnMa2PKNoouM=
    [orderCurrency] => usd
    [platform] => prd
    [card_expirationYear] => 2015
    [card_accountNumber] => ############0860
    [reasonCode] => 100
    [billTo_firstName] => Andy
    [signedFields] => billTo_lastName,billTo_email,orderPage_serialNumber,ccAuthReply_avsCodeRaw,orderAmount_publicSignature,orderCurrency,platform,card_expirationYear,card_accountNumber,reasonCode,billTo_firstName,requestID,order_id,orderPage_transactionType,ccAuthReply_reasonCode,ccAuthReply_authorizationCode,card_expirationMonth,orderNumber,orderCurrency_publicSignature,billTo_customerID,orderPage_environment,reconciliationID,source_domain,ccAuthReply_avsCode,orderPage_requestToken,uid,ccAuthReply_processorResponse,ccAuthReply_amount,decision_publicSignature,ccAuthReply_authorizedDateTime,orderAmount,orderNumber_publicSignature,card_cardType,billTo_street1,decision,billTo_phoneNumber,paymentOption,merchantDefinedData1,billTo_city,billTo_state,merchantID,billTo_postalCode,billTo_country
    [requestID] => 3487105422140178147361
    [order_id] => 26460
    [orderPage_transactionType] => sale
    [ccAuthReply_reasonCode] => 100
    [ccAuthReply_authorizationCode] => 174094
    [card_expirationMonth] => 03
    [orderNumber] => 1348710542212
    [orderCurrency_publicSignature] => pfcMEzOHelrVLvafAkpPGnECGbk=
    [billTo_customerID] => 757
    [signedDataPublicSignature] => JZge1KDwpXF7vxhviX3dC7ypHts=
    [orderPage_environment] => PRODUCTION
    [reconciliationID] => 106377412WTO1Q7L1UZZZ
    [source_domain] => nh.tcro.us
    [ccAuthReply_avsCode] => Y
    [orderPage_requestToken] => Ahj//wSRehKeQ+uXx1BCKFWLBszbt2jFlXqT2NFvMY1bVq0mkb1peNAFNI3rS8aaQNjKEb0MmkmVdHpLOOBgzkXoSnkPrl8dQQgAkDuf
    [uid] => 757
    [ccAuthReply_processorResponse] => 00
    [ccAuthReply_amount] => 45.00
    [decision_publicSignature] => KnPsJG1LWbeM0M209/iKgV4eG28=
    [ccAuthReply_authorizedDateTime] => 2012-09-27T014903Z
    [orderAmount] => 45
    [orderNumber_publicSignature] => Pccx1OlahTUZulCMXBmX6q2z1sY=
    [card_cardType] => 001
    [billTo_street1] => 30 E Huron St. #4406
    [decision] => ACCEPT
    [billTo_phoneNumber] => 3124404124
    [paymentOption] => card
    [transactionSignature] => gYULvaEifN1LlcmTL80Hq/2tBGY=
    [merchantDefinedData1] => Request ID: 26460
    [billTo_city] => Chicago
    [billTo_state] => IL
    [merchantID] => avtranzsb
    [billTo_postalCode] => 60611
    [billTo_country] => us
)
