Array
(
    [Order ID] => 0
    [Price] => 119
    [User ID] => 532
    [IP] => 71.161.104.106
    [Timestamp] => 1344960006
    [Time/Date] => Tue, 14 Aug 2012 12:00:06 -0400
    [Order Page Timestamp] => 1344959889120
    [Order Page Time/Date] => Sat, 30 Jan 44590 04:12:00 -0500
    [User Agent] => Mozilla/5.0 (Windows; U; Windows NT 5.1; en-US) AppleWebKit/533.19.4 (KHTML, like Gecko) Version/4.0.4 Safari/531.21.10
)
Array
(
    [Order ID] => 0
    [Price] => 63.75
    [User ID] => 651
    [IP] => 173.162.253.249
    [Timestamp] => 1344960968
    [Time/Date] => Tue, 14 Aug 2012 12:16:08 -0400
    [Order Page Timestamp] => 1344960936942
    [Order Page Time/Date] => Thu, 11 Feb 44590 07:15:42 -0500
    [User Agent] => Mozilla/5.0 (compatible; MSIE 9.0; Windows NT 6.1; WOW64; Trident/5.0)
)
