Array
(
    [Order ID] => 0
    [Price] => 137.5
    [User ID] => 349
    [IP] => 75.147.33.129
    [Timestamp] => 1342192559
    [Time/Date] => Fri, 13 Jul 2012 11:15:59 -0400
    [Order Page Timestamp] => 1342192554708
    [Order Page Time/Date] => Mon, 22 May 44502 20:11:48 -0500
    [User Agent] => Mozilla/4.0 (compatible; MSIE 7.0; Windows NT 5.1; GTB7.3; .NET CLR 1.1.4322; .NET CLR 2.0.50727; .NET CLR 3.0.4506.2152; .NET CLR 3.5.30729)
)
Array
(
    [Order ID] => 0
    [Price] => 14
    [User ID] => 585
    [IP] => 76.24.143.152
    [Timestamp] => 1342205722
    [Time/Date] => Fri, 13 Jul 2012 14:55:22 -0400
    [Order Page Timestamp] => 1342205682136
    [Order Page Time/Date] => Sat, 21 Oct 44502 18:42:16 -0500
    [User Agent] => Mozilla/5.0 (compatible; MSIE 9.0; Windows NT 6.1; WOW64; Trident/5.0)
)
Array
(
    [Order ID] => 0
    [Price] => 137.5
    [User ID] => 588
    [IP] => 98.216.144.255
    [Timestamp] => 1342228955
    [Time/Date] => Fri, 13 Jul 2012 21:22:35 -0400
    [Order Page Timestamp] => 1342228909892
    [Order Page Time/Date] => Tue, 17 Jul 44503 14:51:32 -0500
    [User Agent] => Mozilla/5.0 (Windows NT 6.1) AppleWebKit/536.11 (KHTML, like Gecko) Chrome/20.0.1132.57 Safari/536.11
)
