Array
(
    [Order ID] => 0
    [Price] => 255
    [User ID] => 917
    [IP] => 76.109.239.119
    [Timestamp] => 1352752635
    [Time/Date] => Mon, 12 Nov 2012 15:37:15 -0500
    [Order Page Timestamp] => 1352752564417
    [Order Page Time/Date] => Thu, 08 Jan 44837 04:13:37 -0500
    [User Agent] => Mozilla/5.0 (Macintosh; Intel Mac OS X 10_8_2) AppleWebKit/536.26.17 (KHTML, like Gecko) Version/6.0.2 Safari/536.26.17
)
Array
(
    [Order ID] => 0
    [Price] => 255
    [User ID] => 917
    [IP] => 76.109.239.119
    [Timestamp] => 1352752668
    [Time/Date] => Mon, 12 Nov 2012 15:37:48 -0500
    [Order Page Timestamp] => 1352752564417
    [Order Page Time/Date] => Thu, 08 Jan 44837 04:13:37 -0500
    [User Agent] => Mozilla/5.0 (Macintosh; Intel Mac OS X 10_8_2) AppleWebKit/536.26.17 (KHTML, like Gecko) Version/6.0.2 Safari/536.26.17
)
Array
(
    [Order ID] => 0
    [Price] => 1375
    [User ID] => 247
    [IP] => 70.96.33.195
    [Timestamp] => 1352761424
    [Time/Date] => Mon, 12 Nov 2012 18:03:44 -0500
    [Order Page Timestamp] => 1352761311172
    [Order Page Time/Date] => Sun, 19 Apr 44837 09:52:52 -0500
    [User Agent] => Mozilla/5.0 (Windows NT 6.1; WOW64) AppleWebKit/537.11 (KHTML, like Gecko) Chrome/23.0.1271.64 Safari/537.11
)
