Array
(
    [q] => payment-received
    [billTo_lastName] => Wolkowski
    [billTo_phoneNumber] => 6036687272
    [orderAmount] => 687.5
    [billTo_street1] => 116 Lowell Street
    [billTo_street2] => P.O. Box 516
    [card_accountNumber] => ###########1110
    [platform] => prd
    [orderAmount_publicSignature] => XEWnfqpzogaxKD1DTb4J+vTycAQ=
    [orderPage_serialNumber] => 3213046286400176056193
    [orderCurrency] => usd
    [reconciliationID] => 152237329WTO8HALT8GI2
    [signedDataPublicSignature] => dzZe47gU1va40ADiU2ZrvxOLSrI=
    [decision] => ACCEPT
    [ccAuthReply_processorResponse] => 00
    [source_domain] => nh.tcro.us
    [billTo_state] => NH
    [billTo_firstName] => John
    [billTo_customerID] => 263
    [uid] => 263
    [billTo_company] => Backus, Meyer & Branch
    [card_expirationYear] => 2014
    [merchantDefinedData1] => Request ID: 39305
    [transactionSignature] => DfO0spVnJtv5ty1jADXhsIBOgNY=
    [billTo_city] => Manchester
    [billTo_postalCode] => 03105
    [orderPage_requestToken] => Ahj//wSRgpjBx9su7tBEKFWLVkyZt2bJzXqT3EiDMqOI8lkmj/CYGDwNNH+EwMH6QRhkcScwyaSZV0eks44GCqRgpjBx9su7tBEAV1rG
    [ccAuthReply_amount] => 687.50
    [orderCurrency_publicSignature] => pfcMEzOHelrVLvafAkpPGnECGbk=
    [orderPage_transactionType] => sale
    [ccAuthReply_authorizationCode] => 149804
    [decision_publicSignature] => KnPsJG1LWbeM0M209/iKgV4eG28=
    [ccAuthReply_avsCodeRaw] => Z
    [paymentOption] => card
    [billTo_country] => us
    [billTo_email] => jwolkowski@backusmeyer.com
    [reasonCode] => 100
    [order_id] => 39305
    [ccAuthReply_reasonCode] => 100
    [orderPage_environment] => PRODUCTION
    [card_expirationMonth] => 01
    [merchantID] => avtranzsb
    [orderNumber_publicSignature] => Mbjjp7D2bFs2n7wWrutEUxgbHEA=
    [requestID] => 3565725255580178147362
    [orderNumber] => 1356572525557
    [signedFields] => billTo_lastName,billTo_phoneNumber,orderAmount,billTo_street1,billTo_street2,card_accountNumber,platform,orderAmount_publicSignature,orderPage_serialNumber,orderCurrency,reconciliationID,decision,ccAuthReply_processorResponse,source_domain,billTo_state,billTo_firstName,billTo_customerID,uid,billTo_company,card_expirationYear,merchantDefinedData1,billTo_city,billTo_postalCode,orderPage_requestToken,ccAuthReply_amount,orderCurrency_publicSignature,orderPage_transactionType,ccAuthReply_authorizationCode,decision_publicSignature,ccAuthReply_avsCodeRaw,paymentOption,billTo_country,billTo_email,reasonCode,order_id,ccAuthReply_reasonCode,orderPage_environment,card_expirationMonth,merchantID,orderNumber_publicSignature,requestID,orderNumber,ccAuthReply_authorizedDateTime,card_cardType,ccAuthReply_avsCode
    [ccAuthReply_authorizedDateTime] => 2012-12-27T014206Z
    [card_cardType] => 003
    [ccAuthReply_avsCode] => Z
)
