Array
(
    [Order ID] => 0
    [Price] => 1100
    [User ID] => 472
    [IP] => 74.95.21.165
    [Timestamp] => 1337695371
    [Time/Date] => Tue, 22 May 2012 10:02:51 -0400
    [Order Page Timestamp] => 1337695362613
    [Order Page Time/Date] => Wed, 18 Nov 44359 00:10:13 -0500
    [User Agent] => Mozilla/5.0 (compatible; MSIE 9.0; Windows NT 6.1; Trident/5.0)
)
Array
(
    [Order ID] => 0
    [Price] => 1100
    [User ID] => 472
    [IP] => 74.95.21.165
    [Timestamp] => 1337695390
    [Time/Date] => Tue, 22 May 2012 10:03:10 -0400
    [Order Page Timestamp] => 1337695362613
    [Order Page Time/Date] => Wed, 18 Nov 44359 00:10:13 -0500
    [User Agent] => Mozilla/5.0 (compatible; MSIE 9.0; Windows NT 6.1; Trident/5.0)
)
Array
(
    [Order ID] => 0
    [Price] => 1100
    [User ID] => 472
    [IP] => 74.95.21.165
    [Timestamp] => 1337695441
    [Time/Date] => Tue, 22 May 2012 10:04:01 -0400
    [Order Page Timestamp] => 1337695362613
    [Order Page Time/Date] => Wed, 18 Nov 44359 00:10:13 -0500
    [User Agent] => Mozilla/5.0 (compatible; MSIE 9.0; Windows NT 6.1; Trident/5.0)
)
Array
(
    [Order ID] => 0
    [Price] => 1100
    [User ID] => 472
    [IP] => 74.95.21.165
    [Timestamp] => 1337695512
    [Time/Date] => Tue, 22 May 2012 10:05:12 -0400
    [Order Page Timestamp] => 1337695362613
    [Order Page Time/Date] => Wed, 18 Nov 44359 00:10:13 -0500
    [User Agent] => Mozilla/5.0 (compatible; MSIE 9.0; Windows NT 6.1; Trident/5.0)
)
Array
(
    [Order ID] => 0
    [Price] => 1100
    [User ID] => 472
    [IP] => 74.95.21.165
    [Timestamp] => 1337696841
    [Time/Date] => Tue, 22 May 2012 10:27:21 -0400
    [Order Page Timestamp] => 1337695362613
    [Order Page Time/Date] => Wed, 18 Nov 44359 00:10:13 -0500
    [User Agent] => Mozilla/5.0 (compatible; MSIE 9.0; Windows NT 6.1; Trident/5.0)
)
Array
(
    [Order ID] => 0
    [Price] => 1100
    [User ID] => 472
    [IP] => 74.95.21.165
    [Timestamp] => 1337696902
    [Time/Date] => Tue, 22 May 2012 10:28:22 -0400
    [Order Page Timestamp] => 1337695362613
    [Order Page Time/Date] => Wed, 18 Nov 44359 00:10:13 -0500
    [User Agent] => Mozilla/5.0 (compatible; MSIE 9.0; Windows NT 6.1; Trident/5.0)
)
Array
(
    [Order ID] => 0
    [Price] => 1100
    [User ID] => 472
    [IP] => 74.95.21.165
    [Timestamp] => 1337696966
    [Time/Date] => Tue, 22 May 2012 10:29:26 -0400
    [Order Page Timestamp] => 1337696960134
    [Order Page Time/Date] => Sun, 06 Dec 44359 11:55:34 -0500
    [User Agent] => Mozilla/5.0 (compatible; MSIE 9.0; Windows NT 6.1; Trident/5.0)
)
Array
(
    [Order ID] => 0
    [Price] => 1100
    [User ID] => 472
    [IP] => 74.95.21.165
    [Timestamp] => 1337697292
    [Time/Date] => Tue, 22 May 2012 10:34:52 -0400
    [Order Page Timestamp] => 1337697287088
    [Order Page Time/Date] => Thu, 10 Dec 44359 06:44:48 -0500
    [User Agent] => Mozilla/5.0 (compatible; MSIE 9.0; Windows NT 6.1; Trident/5.0)
)
Array
(
    [Order ID] => 0
    [Price] => 1100
    [User ID] => 472
    [IP] => 74.95.21.165
    [Timestamp] => 1337697364
    [Time/Date] => Tue, 22 May 2012 10:36:04 -0400
    [Order Page Timestamp] => 1337697350448
    [Order Page Time/Date] => Fri, 11 Dec 44359 00:20:48 -0500
    [User Agent] => Mozilla/5.0 (compatible; MSIE 9.0; Windows NT 6.1; Trident/5.0)
)
Array
(
    [Order ID] => 0
    [Price] => 1100
    [User ID] => 472
    [IP] => 74.95.21.165
    [Timestamp] => 1337699340
    [Time/Date] => Tue, 22 May 2012 11:09:00 -0400
    [Order Page Timestamp] => 1337699335478
    [Order Page Time/Date] => Sat, 02 Jan 44360 23:44:38 -0500
    [User Agent] => Mozilla/5.0 (compatible; MSIE 9.0; Windows NT 6.1; Trident/5.0)
)
Array
(
    [Order ID] => 0
    [Price] => 1100
    [User ID] => 247
    [IP] => 70.165.180.33
    [Timestamp] => 1337699698
    [Time/Date] => Tue, 22 May 2012 11:14:58 -0400
    [Order Page Timestamp] => 1337699619062
    [Order Page Time/Date] => Wed, 06 Jan 44360 06:31:02 -0500
    [User Agent] => Mozilla/5.0 (Windows NT 6.1; WOW64; rv:12.0) Gecko/20100101 Firefox/12.0
)
Array
(
    [Order ID] => 0
    [Price] => 1100
    [User ID] => 247
    [IP] => 70.165.180.33
    [Timestamp] => 1337699788
    [Time/Date] => Tue, 22 May 2012 11:16:28 -0400
    [Order Page Timestamp] => 1337699619062
    [Order Page Time/Date] => Wed, 06 Jan 44360 06:31:02 -0500
    [User Agent] => Mozilla/5.0 (Windows NT 6.1; WOW64; rv:12.0) Gecko/20100101 Firefox/12.0
)
Array
(
    [Order ID] => 0
    [Price] => 1100
    [User ID] => 472
    [IP] => 74.95.21.165
    [Timestamp] => 1337699974
    [Time/Date] => Tue, 22 May 2012 11:19:34 -0400
    [Order Page Timestamp] => 1337699962585
    [Order Page Time/Date] => Sun, 10 Jan 44360 05:56:25 -0500
    [User Agent] => Mozilla/5.0 (compatible; MSIE 9.0; Windows NT 6.1; Trident/5.0)
)
Array
(
    [Order ID] => 0
    [Price] => 1100
    [User ID] => 472
    [IP] => 66.17.92.164
    [Timestamp] => 1337701038
    [Time/Date] => Tue, 22 May 2012 11:37:18 -0400
    [Order Page Timestamp] => 1337701036147
    [Order Page Time/Date] => Fri, 22 Jan 44360 16:09:07 -0500
    [User Agent] => Mozilla/5.0 (Windows NT 6.1; WOW64) AppleWebKit/536.5 (KHTML, like Gecko) Chrome/19.0.1084.46 Safari/536.5
)
Array
(
    [Order ID] => 0
    [Price] => 237.5
    [User ID] => 479
    [IP] => 70.88.214.25
    [Timestamp] => 1337712678
    [Time/Date] => Tue, 22 May 2012 14:51:18 -0400
    [Order Page Timestamp] => 1337712619633
    [Order Page Time/Date] => Sat, 04 Jun 44360 17:47:13 -0500
    [User Agent] => Mozilla/4.0 (compatible; MSIE 8.0; Windows NT 5.1; Trident/4.0; .NET CLR 1.1.4322; .NET CLR 2.0.50727; .NET CLR 3.0.04506.30; .NET CLR 3.0.4506.2152; .NET CLR 3.5.30729; .NET4.0C)
)
Array
(
    [Order ID] => 0
    [Price] => 237.5
    [User ID] => 479
    [IP] => 70.88.214.25
    [Timestamp] => 1337712859
    [Time/Date] => Tue, 22 May 2012 14:54:19 -0400
    [Order Page Timestamp] => 1337712832893
    [Order Page Time/Date] => Tue, 07 Jun 44360 05:01:33 -0500
    [User Agent] => Mozilla/4.0 (compatible; MSIE 8.0; Windows NT 5.1; Trident/4.0; .NET CLR 1.1.4322; .NET CLR 2.0.50727; .NET CLR 3.0.04506.30; .NET CLR 3.0.4506.2152; .NET CLR 3.5.30729; .NET4.0C)
)
Array
(
    [Order ID] => 0
    [Price] => 237.5
    [User ID] => 479
    [IP] => 70.88.214.25
    [Timestamp] => 1337713329
    [Time/Date] => Tue, 22 May 2012 15:02:09 -0400
    [Order Page Timestamp] => 1337712832893
    [Order Page Time/Date] => Tue, 07 Jun 44360 05:01:33 -0500
    [User Agent] => Mozilla/4.0 (compatible; MSIE 8.0; Windows NT 5.1; Trident/4.0; .NET CLR 1.1.4322; .NET CLR 2.0.50727; .NET CLR 3.0.04506.30; .NET CLR 3.0.4506.2152; .NET CLR 3.5.30729; .NET4.0C)
)
Array
(
    [Order ID] => 0
    [Price] => 237.5
    [User ID] => 1
    [IP] => 70.96.33.195
    [Timestamp] => 1337715013
    [Time/Date] => Tue, 22 May 2012 15:30:13 -0400
    [Order Page Timestamp] => 1337714997794
    [Order Page Time/Date] => Sat, 02 Jul 44360 06:23:14 -0500
    [User Agent] => Mozilla/5.0 (Windows NT 6.1; WOW64) AppleWebKit/536.5 (KHTML, like Gecko) Chrome/19.0.1084.46 Safari/536.5
)
Array
(
    [Order ID] => 0
    [Price] => 237.5
    [User ID] => 479
    [IP] => 70.96.33.195
    [Timestamp] => 1337715084
    [Time/Date] => Tue, 22 May 2012 15:31:24 -0400
    [Order Page Timestamp] => 1337715081842
    [Order Page Time/Date] => Sun, 03 Jul 44360 05:44:02 -0500
    [User Agent] => Mozilla/5.0 (Windows NT 6.1; WOW64) AppleWebKit/536.5 (KHTML, like Gecko) Chrome/19.0.1084.46 Safari/536.5
)
