Array
(
    [Order ID] => 0
    [Price] => 910
    [User ID] => 643
    [IP] => 24.62.245.185
    [Timestamp] => 1344440173
    [Time/Date] => Wed, 08 Aug 2012 11:36:13 -0400
    [Order Page Timestamp] => 1344440115069
    [Order Page Time/Date] => Wed, 11 Aug 44573 06:31:09 -0500
    [User Agent] => Mozilla/5.0 (compatible; MSIE 9.0; Windows NT 6.1; WOW64; Trident/5.0)
)
Array
(
    [Order ID] => 0
    [Price] => 910
    [User ID] => 643
    [IP] => 24.62.245.185
    [Timestamp] => 1344440571
    [Time/Date] => Wed, 08 Aug 2012 11:42:51 -0400
    [Order Page Timestamp] => 1344440300012
    [Order Page Time/Date] => Fri, 13 Aug 44573 09:53:32 -0500
    [User Agent] => Mozilla/5.0 (compatible; MSIE 9.0; Windows NT 6.1; WOW64; Trident/5.0)
)
Array
(
    [Order ID] => 0
    [Price] => 7.5
    [User ID] => 582
    [IP] => 75.210.154.191
    [Timestamp] => 1344452618
    [Time/Date] => Wed, 08 Aug 2012 15:03:38 -0400
    [Order Page Timestamp] => 1344452454281
    [Order Page Time/Date] => Sat, 01 Jan 44574 02:04:41 -0500
    [User Agent] => Mozilla/5.0 (compatible; MSIE 9.0; Windows NT 6.1; WOW64; Trident/5.0; yie9)
)
Array
(
    [Order ID] => 0
    [Price] => 550
    [User ID] => 629
    [IP] => 173.14.173.213
    [Timestamp] => 1344453373
    [Time/Date] => Wed, 08 Aug 2012 15:16:13 -0400
    [Order Page Timestamp] => 1344453357769
    [Order Page Time/Date] => Tue, 11 Jan 44574 13:02:49 -0500
    [User Agent] => Mozilla/4.0 (compatible; MSIE 8.0; Windows NT 5.1; Trident/4.0; SearchToolbar 1.2; GTB7.3; .NET CLR 2.0.50727; .NET4.0C; .NET CLR 3.0.4506.2152; .NET CLR 3.5.30729; AskTbAD2/5.15.4.23821)
)
Array
(
    [Order ID] => 0
    [Price] => 550
    [User ID] => 629
    [IP] => 173.14.173.213
    [Timestamp] => 1344454404
    [Time/Date] => Wed, 08 Aug 2012 15:33:24 -0400
    [Order Page Timestamp] => 1344454400073
    [Order Page Time/Date] => Sun, 23 Jan 44574 14:34:33 -0500
    [User Agent] => Mozilla/4.0 (compatible; MSIE 8.0; Windows NT 5.1; Trident/4.0; SearchToolbar 1.2; GTB7.3; .NET CLR 2.0.50727; .NET4.0C; .NET CLR 3.0.4506.2152; .NET CLR 3.5.30729; AskTbAD2/5.15.4.23821)
)
