Array
(
    [Order ID] => 0
    [Price] => 855
    [User ID] => 178
    [IP] => 124.123.195.137
    [Timestamp] => 1355750303
    [Time/Date] => Mon, 17 Dec 2012 08:18:23 -0500
    [Order Page Timestamp] => 1355750210810
    [Order Page Time/Date] => Sun, 06 Jan 44932 03:46:50 -0500
    [User Agent] => Mozilla/5.0 (Windows NT 6.1; WOW64) AppleWebKit/537.11 (KHTML, like Gecko) Chrome/23.0.1271.97 Safari/537.11
)
Array
(
    [Order ID] => 0
    [Price] => 288.75
    [User ID] => 1153
    [IP] => 24.91.79.221
    [Timestamp] => 1355766334
    [Time/Date] => Mon, 17 Dec 2012 12:45:34 -0500
    [Order Page Timestamp] => 1355766297951
    [Order Page Time/Date] => Thu, 10 Jul 44932 08:25:51 -0500
    [User Agent] => Mozilla/5.0 (Macintosh; Intel Mac OS X 10.7; rv:17.0) Gecko/20100101 Firefox/17.0
)
