Array
(
    [Order ID] => 0
    [Price] => 48.75
    [User ID] => 469
    [IP] => 50.135.228.53
    [Timestamp] => 1352187130
    [Time/Date] => Tue, 06 Nov 2012 02:32:10 -0500
    [Order Page Timestamp] => 1352187057229
    [Order Page Time/Date] => Wed, 06 Feb 44819 22:53:49 -0500
    [User Agent] => Mozilla/5.0 (Windows NT 6.1) AppleWebKit/537.4 (KHTML, like Gecko) Chrome/22.0.1229.94 Safari/537.4
)
Array
(
    [Order ID] => 0
    [Price] => 22
    [User ID] => 920
    [IP] => 173.166.40.49
    [Timestamp] => 1352220165
    [Time/Date] => Tue, 06 Nov 2012 11:42:45 -0500
    [Order Page Timestamp] => 1352220140317
    [Order Page Time/Date] => Mon, 24 Feb 44820 20:38:37 -0500
    [User Agent] => Mozilla/4.0 (compatible; MSIE 8.0; Windows NT 5.1; Trident/4.0; FunWebProducts; GTB7.4; .NET CLR 1.1.4322; .NET CLR 2.0.50727; .NET CLR 3.0.4506.2152; .NET CLR 3.5.30729; .NET4.0C; .NET4.0E; BOIE8;ENUS)
)
Array
(
    [Order ID] => 0
    [Price] => 1650
    [User ID] => 942
    [IP] => 75.147.33.129
    [Timestamp] => 1352221656
    [Time/Date] => Tue, 06 Nov 2012 12:07:36 -0500
    [Order Page Timestamp] => 1352221623579
    [Order Page Time/Date] => Fri, 13 Mar 44820 00:39:39 -0500
    [User Agent] => Mozilla/4.0 (compatible; MSIE 8.0; Windows NT 6.1; Trident/4.0; SLCC2; .NET CLR 2.0.50727; .NET CLR 3.5.30729; .NET CLR 3.0.30729; Media Center PC 6.0)
)
Array
(
    [Order ID] => 0
    [Price] => 275
    [User ID] => 944
    [IP] => 24.34.138.85
    [Timestamp] => 1352228203
    [Time/Date] => Tue, 06 Nov 2012 13:56:43 -0500
    [Order Page Timestamp] => 1352228194460
    [Order Page Time/Date] => Thu, 28 May 44820 01:54:20 -0500
    [User Agent] => Mozilla/4.0 (compatible; MSIE 8.0; Windows NT 5.1; Trident/4.0; SearchToolbar 1.2; FCTB100750; GTB7.4; .NET CLR 2.0.50727; .NET CLR 3.0.4506.2152; .NET CLR 3.5.30729; .NET4.0C; .NET4.0E; yie8)
)
Array
(
    [Order ID] => 0
    [Price] => 15
    [User ID] => 872
    [IP] => 75.147.28.154
    [Timestamp] => 1352229024
    [Time/Date] => Tue, 06 Nov 2012 14:10:24 -0500
    [Order Page Timestamp] => 1352229004303
    [Order Page Time/Date] => Sat, 06 Jun 44820 10:51:43 -0500
    [User Agent] => Mozilla/5.0 (compatible; MSIE 9.0; Windows NT 6.1; WOW64; Trident/5.0)
)
Array
(
    [Order ID] => 0
    [Price] => 275
    [User ID] => 945
    [IP] => 174.62.183.199
    [Timestamp] => 1352232948
    [Time/Date] => Tue, 06 Nov 2012 15:15:48 -0500
    [Order Page Timestamp] => 1352232921994
    [Order Page Time/Date] => Tue, 21 Jul 44820 19:06:34 -0500
    [User Agent] => Mozilla/5.0 (Windows NT 5.1; rv:17.0) Gecko/17.0 Firefox/17.0
)
Array
(
    [Order ID] => 0
    [Price] => 850
    [User ID] => 946
    [IP] => 70.96.33.195
    [Timestamp] => 1352234752
    [Time/Date] => Tue, 06 Nov 2012 15:45:52 -0500
    [Order Page Timestamp] => 1352234749907
    [Order Page Time/Date] => Tue, 11 Aug 44820 22:51:47 -0500
    [User Agent] => Mozilla/5.0 (Windows NT 6.1; WOW64) AppleWebKit/537.4 (KHTML, like Gecko) Chrome/22.0.1229.94 Safari/537.4
)
