Array
(
    [Order ID] => 0
    [Price] => 147.5
    [User ID] => 565
    [IP] => 96.61.91.114
    [Timestamp] => 1347377620
    [Time/Date] => Tue, 11 Sep 2012 11:33:40 -0400
    [Order Page Timestamp] => 1347377596948
    [Order Page Time/Date] => Tue, 11 Sep 44666 21:42:28 -0500
    [User Agent] => Mozilla/5.0 (compatible; MSIE 9.0; Windows NT 6.1; WOW64; Trident/5.0)
)
Array
(
    [Order ID] => 0
    [Price] => 137.5
    [User ID] => 729
    [IP] => 70.16.203.148
    [Timestamp] => 1347407346
    [Time/Date] => Tue, 11 Sep 2012 19:49:06 -0400
    [Order Page Timestamp] => 1347407268675
    [Order Page Time/Date] => Wed, 21 Aug 44667 07:51:15 -0500
    [User Agent] => Mozilla/5.0 (Windows NT 6.1; WOW64; rv:14.0) Gecko/20100101 Firefox/14.0.1
)
