Array
(
    [Order ID] => 0
    [Price] => 56
    [User ID] => 247
    [IP] => 70.96.33.195
    [Timestamp] => 1342802744
    [Time/Date] => Fri, 20 Jul 2012 12:45:44 -0400
    [Order Page Timestamp] => 1342802738556
    [Order Page Time/Date] => Mon, 22 Sep 44521 03:42:36 -0500
    [User Agent] => Mozilla/5.0 (Windows NT 6.1; WOW64; rv:14.0) Gecko/20100101 Firefox/14.0.1
)
Array
(
    [Order ID] => 0
    [Price] => 2750
    [User ID] => 247
    [IP] => 70.96.33.195
    [Timestamp] => 1342802949
    [Time/Date] => Fri, 20 Jul 2012 12:49:09 -0400
    [Order Page Timestamp] => 1342802935814
    [Order Page Time/Date] => Wed, 24 Sep 44521 10:30:14 -0500
    [User Agent] => Mozilla/5.0 (Windows NT 6.1; WOW64; rv:14.0) Gecko/20100101 Firefox/14.0.1
)
