Array
(
    [q] => payment-received
    [billTo_lastName] => Rossi Jr.
    [billTo_email] => iggy0280@yahoo.com
    [orderPage_serialNumber] => 3213046286400176056193
    [ccAuthReply_avsCodeRaw] => Y
    [orderAmount_publicSignature] => eE5gzGTYH0y0c1Xkgl3s3yyd1ng=
    [orderCurrency] => usd
    [platform] => prd
    [card_expirationYear] => 2014
    [card_accountNumber] => ############9822
    [reasonCode] => 100
    [billTo_firstName] => Michael
    [signedFields] => billTo_lastName,billTo_email,orderPage_serialNumber,ccAuthReply_avsCodeRaw,orderAmount_publicSignature,orderCurrency,platform,card_expirationYear,card_accountNumber,reasonCode,billTo_firstName,requestID,order_id,orderPage_transactionType,ccAuthReply_reasonCode,ccAuthReply_authorizationCode,card_expirationMonth,orderNumber,ccAuthReply_authFactorCode,orderCurrency_publicSignature,billTo_customerID,reconciliationID,source_domain,ccAuthReply_avsCode,orderPage_requestToken,uid,ccAuthReply_processorResponse,ccAuthReply_amount,decision_publicSignature,ccAuthReply_authorizedDateTime,orderAmount,orderNumber_publicSignature,card_cardType,billTo_street1,decision,billTo_phoneNumber,paymentOption,merchantDefinedData1,billTo_city,billTo_state,merchantID,billTo_postalCode,billTo_country
    [requestID] => 3442868462180178147363
    [order_id] => 17918
    [orderPage_transactionType] => sale
    [ccAuthReply_reasonCode] => 100
    [ccAuthReply_authorizationCode] => 061189
    [card_expirationMonth] => 06
    [orderNumber] => 1344286846216
    [ccAuthReply_authFactorCode] => N
    [orderCurrency_publicSignature] => pfcMEzOHelrVLvafAkpPGnECGbk=
    [billTo_customerID] => 602
    [signedDataPublicSignature] => 396lvLkKtlFmTkf7/k2xtkzC6IQ=
    [reconciliationID] => 079350186WTOFO54IY7T9
    [source_domain] => nh.tcro.us
    [ccAuthReply_avsCode] => Y
    [orderPage_requestToken] => Ahj//wSRdUbLwoIJ0nBGKFWDdyzasGLhtXqT409q0k2W9RymoJeRZ/gFNQS8iz/aQL6mRVwyaSZV0eks44GEiRdUbLwoIJ0nBGAAzRfq
    [uid] => 602
    [ccAuthReply_processorResponse] => 00
    [ccAuthReply_amount] => 18.75
    [decision_publicSignature] => KnPsJG1LWbeM0M209/iKgV4eG28=
    [ccAuthReply_authorizedDateTime] => 2012-08-06T210047Z
    [orderAmount] => 18.75
    [orderNumber_publicSignature] => 7qpPRkZigQK0Co//jHAM8EoRk4s=
    [card_cardType] => 001
    [billTo_street1] => 36 harris road
    [decision] => ACCEPT
    [billTo_phoneNumber] => 6034258795
    [paymentOption] => card
    [transactionSignature] => AKlOEYUlPXZ0pLyOUZzwqPqUZJQ=
    [merchantDefinedData1] => Request ID: 17918
    [billTo_city] => windham
    [billTo_state] => nh
    [merchantID] => avtranzsb
    [billTo_postalCode] => 03087
    [billTo_country] => us
)
