Array
(
    [Order ID] => 0
    [Price] => 173.25
    [User ID] => 247
    [IP] => 70.96.33.195
    [Timestamp] => 1342716385
    [Time/Date] => Thu, 19 Jul 2012 12:46:25 -0400
    [Order Page Timestamp] => 1342716354656
    [Order Page Time/Date] => Tue, 27 Dec 44518 08:10:56 -0500
    [User Agent] => Mozilla/5.0 (Windows NT 6.1; WOW64; rv:14.0) Gecko/20100101 Firefox/14.0.1
)
Array
(
    [Order ID] => 0
    [Price] => 2750
    [User ID] => 247
    [IP] => 70.96.33.195
    [Timestamp] => 1342729271
    [Time/Date] => Thu, 19 Jul 2012 16:21:11 -0400
    [Order Page Timestamp] => 1342729251875
    [Order Page Time/Date] => Thu, 25 May 44519 14:44:35 -0500
    [User Agent] => Mozilla/5.0 (Windows NT 6.1; WOW64; rv:14.0) Gecko/20100101 Firefox/14.0.1
)
Array
(
    [Order ID] => 0
    [Price] => 2750
    [User ID] => 469
    [IP] => 70.96.33.195
    [Timestamp] => 1342730897
    [Time/Date] => Thu, 19 Jul 2012 16:48:17 -0400
    [Order Page Timestamp] => 1342730855733
    [Order Page Time/Date] => Tue, 13 Jun 44519 04:15:33 -0500
    [User Agent] => Mozilla/5.0 (Windows NT 6.1) AppleWebKit/536.11 (KHTML, like Gecko) Chrome/20.0.1132.57 Safari/536.11
)
Array
(
    [Order ID] => 0
    [Price] => 223.25
    [User ID] => 469
    [IP] => 70.96.33.195
    [Timestamp] => 1342731223
    [Time/Date] => Thu, 19 Jul 2012 16:53:43 -0400
    [Order Page Timestamp] => 1342731191488
    [Order Page Time/Date] => Sat, 17 Jun 44519 01:31:28 -0500
    [User Agent] => Mozilla/5.0 (Windows NT 6.1) AppleWebKit/536.11 (KHTML, like Gecko) Chrome/20.0.1132.57 Safari/536.11
)
Array
(
    [Order ID] => 0
    [Price] => 104.5
    [User ID] => 469
    [IP] => 70.96.33.195
    [Timestamp] => 1342732451
    [Time/Date] => Thu, 19 Jul 2012 17:14:11 -0400
    [Order Page Timestamp] => 1342732427150
    [Order Page Time/Date] => Sat, 01 Jul 44519 08:45:50 -0500
    [User Agent] => Mozilla/5.0 (Windows NT 6.1) AppleWebKit/536.11 (KHTML, like Gecko) Chrome/20.0.1132.57 Safari/536.11
)
