Array
(
    [q] => payment-received
    [billTo_lastName] => Cook
    [billTo_phoneNumber] => 6037489657
    [orderAmount] => 1243.75
    [billTo_street1] => 70 Hancock Road
    [billTo_street2] => Suite 2 i
    [card_accountNumber] => ############4059
    [platform] => prd
    [orderAmount_publicSignature] => 2bS9EpmRU20QFwH28VeNA0KPGKk=
    [orderPage_serialNumber] => 3213046286400176056193
    [orderCurrency] => usd
    [reconciliationID] => 136359861WTOFL9LALIZ9
    [signedDataPublicSignature] => RmIMPz3WO6EcWsw4QR2tGpVGmN8=
    [decision] => ACCEPT
    [ccAuthReply_processorResponse] => 00
    [source_domain] => nh.tcro.us
    [billTo_state] => NH
    [billTo_firstName] => Adam
    [billTo_customerID] => 399
    [uid] => 399
    [billTo_company] => Cook Law Offices
    [card_expirationYear] => 2015
    [merchantDefinedData1] => Request ID: 38018
    [transactionSignature] => V+hNqYSkzCyYOxZT5bMfvPdSWoQ=
    [billTo_city] => Peterborough
    [billTo_postalCode] => 03458
    [orderPage_requestToken] => Ahj//wSRf9qfQaeWDHBAKFWLNszauXDZjXqT40xzMgzJNpymn8BiilgFNP4DFFLaQR8uuSOQyaSZV0eks44GEaRf9qfQaeWDHBAA/x0d
    [ccAuthReply_amount] => 1243.75
    [orderCurrency_publicSignature] => pfcMEzOHelrVLvafAkpPGnECGbk=
    [orderPage_transactionType] => sale
    [ccAuthReply_authorizationCode] => 030019
    [decision_publicSignature] => KnPsJG1LWbeM0M209/iKgV4eG28=
    [ccAuthReply_avsCodeRaw] => Y
    [paymentOption] => card
    [billTo_country] => us
    [billTo_email] => attyadamcook@yahoo.com
    [reasonCode] => 100
    [order_id] => 38018
    [ccAuthReply_reasonCode] => 100
    [orderPage_environment] => PRODUCTION
    [card_expirationMonth] => 06
    [merchantID] => avtranzsb
    [orderNumber_publicSignature] => 6k/+z4yyFiswVE/0gI07tUbl1Go=
    [requestID] => 3540428181220178147360
    [orderNumber] => 1354042818120
    [signedFields] => billTo_lastName,billTo_phoneNumber,orderAmount,billTo_street1,billTo_street2,card_accountNumber,platform,orderAmount_publicSignature,orderPage_serialNumber,orderCurrency,reconciliationID,decision,ccAuthReply_processorResponse,source_domain,billTo_state,billTo_firstName,billTo_customerID,uid,billTo_company,card_expirationYear,merchantDefinedData1,billTo_city,billTo_postalCode,orderPage_requestToken,ccAuthReply_amount,orderCurrency_publicSignature,orderPage_transactionType,ccAuthReply_authorizationCode,decision_publicSignature,ccAuthReply_avsCodeRaw,paymentOption,billTo_country,billTo_email,reasonCode,order_id,ccAuthReply_reasonCode,orderPage_environment,card_expirationMonth,merchantID,orderNumber_publicSignature,requestID,orderNumber,ccAuthReply_authorizedDateTime,card_cardType,ccAuthReply_avsCode
    [ccAuthReply_authorizedDateTime] => 2012-11-27T190019Z
    [card_cardType] => 001
    [ccAuthReply_avsCode] => Y
)
