Array
(
    [Order ID] => 0
    [Price] => 350
    [User ID] => 1055
    [IP] => 173.162.245.12
    [Timestamp] => 1354302768
    [Time/Date] => Fri, 30 Nov 2012 14:12:48 -0500
    [Order Page Timestamp] => 1354302741374
    [Order Page Time/Date] => Fri, 22 Feb 44886 00:56:14 -0500
    [User Agent] => Mozilla/5.0 (compatible; MSIE 9.0; Windows NT 6.1; Trident/5.0)
)
Array
(
    [Order ID] => 0
    [Price] => 3187.5
    [User ID] => 504
    [IP] => 69.198.129.234
    [Timestamp] => 1354316598
    [Time/Date] => Fri, 30 Nov 2012 18:03:18 -0500
    [Order Page Timestamp] => 1354316570766
    [Order Page Time/Date] => Thu, 01 Aug 44886 02:26:06 -0500
    [User Agent] => Mozilla/5.0 (Windows NT 5.1) AppleWebKit/537.11 (KHTML, like Gecko) Chrome/23.0.1271.95 Safari/537.11
)
