Array
(
    [Order ID] => 0
    [Price] => 231
    [User ID] => 846
    [IP] => 98.219.110.107
    [Timestamp] => 1350649000
    [Time/Date] => Fri, 19 Oct 2012 08:16:40 -0400
    [Order Page Timestamp] => 1350648997418
    [Order Page Time/Date] => Wed, 13 May 44770 08:03:38 -0500
    [User Agent] => Mozilla/5.0 (Windows NT 6.0) AppleWebKit/537.4 (KHTML, like Gecko) Chrome/22.0.1229.94 Safari/537.4
)
Array
(
    [Order ID] => 0
    [Price] => 275
    [User ID] => 501
    [IP] => 64.140.235.209
    [Timestamp] => 1350649068
    [Time/Date] => Fri, 19 Oct 2012 08:17:48 -0400
    [Order Page Timestamp] => 1350649056750
    [Order Page Time/Date] => Thu, 14 May 44770 00:32:30 -0500
    [User Agent] => Mozilla/4.0 (compatible; MSIE 7.0; Windows NT 6.1; WOW64; Trident/5.0; SLCC2; .NET CLR 2.0.50727; .NET CLR 3.5.30729; .NET CLR 3.0.30729; Media Center PC 6.0; CMDTDF; InfoPath.3; .NET4.0C; .NET CLR 1.1.4322)
)
Array
(
    [Order ID] => 0
    [Price] => 33
    [User ID] => 290
    [IP] => 199.192.2.46
    [Timestamp] => 1350669557
    [Time/Date] => Fri, 19 Oct 2012 13:59:17 -0400
    [Order Page Timestamp] => 1350669533123
    [Order Page Time/Date] => Wed, 06 Jan 44771 00:25:23 -0500
    [User Agent] => Mozilla/4.0 (compatible; MSIE 7.0; Windows NT 5.1; Trident/4.0; .NET CLR 1.1.4322; .NET CLR 2.0.50727; AOC)
)
Array
(
    [Order ID] => 0
    [Price] => 33
    [User ID] => 247
    [IP] => 70.96.33.195
    [Timestamp] => 1350672871
    [Time/Date] => Fri, 19 Oct 2012 14:54:31 -0400
    [Order Page Timestamp] => 1350672757360
    [Order Page Time/Date] => Fri, 12 Feb 44771 08:02:40 -0500
    [User Agent] => Mozilla/5.0 (Windows NT 6.1; WOW64) AppleWebKit/537.4 (KHTML, like Gecko) Chrome/22.0.1229.94 Safari/537.4
)
