Array
(
    [q] => payment-received
    [billTo_lastName] => Britton, POA
    [billTo_phoneNumber] => 7816405239
    [orderAmount] => 343.75
    [billTo_street1] => 10 Drummer Boy Way
    [card_accountNumber] => ############7911
    [platform] => prd
    [orderAmount_publicSignature] => jEm3fHyjJieOSKfwQk8B7CvTl98=
    [orderPage_serialNumber] => 3213046286400176056193
    [orderCurrency] => usd
    [reconciliationID] => 143119045WTO9NACP5F1K
    [signedDataPublicSignature] => /U0x8rw5J09VNYbQdVcrPKJaqGo=
    [decision] => ACCEPT
    [ccAuthReply_processorResponse] => 00
    [source_domain] => nh.tcro.us
    [billTo_state] => MA
    [billTo_firstName] => Randy
    [billTo_customerID] => 1000
    [uid] => 1000
    [card_expirationYear] => 2015
    [merchantDefinedData1] => Request ID: 36276
    [transactionSignature] => N5fHEWtxbjq7iN7roTSX2Bn2gnA=
    [billTo_city] => Lexington
    [billTo_postalCode] => 02420-1220
    [orderPage_requestToken] => Ahj//wSRgOXhe7zx75hCKFWLRmxYuWDRrXqT3M6DDoNYzGWmkrpHzVwFNJXSPmr6QQhkcknhk0kyro9JZxwMHEjAcvC93nj3zCEA4VGp
    [ccAuthReply_amount] => 343.75
    [orderCurrency_publicSignature] => pfcMEzOHelrVLvafAkpPGnECGbk=
    [orderPage_transactionType] => sale
    [ccAuthReply_authorizationCode] => 301274
    [decision_publicSignature] => KnPsJG1LWbeM0M209/iKgV4eG28=
    [ccAuthReply_avsCodeRaw] => Y
    [paymentOption] => card
    [billTo_country] => us
    [billTo_email] => RandyBritton2@aol.com
    [reasonCode] => 100
    [order_id] => 36276
    [ccAuthReply_reasonCode] => 100
    [orderPage_environment] => PRODUCTION
    [card_expirationMonth] => 03
    [merchantID] => avtranzsb
    [orderNumber_publicSignature] => GaWTOkg3nufA6JxQ9xLibCOfj74=
    [requestID] => 3550057190630178147361
    [orderNumber] => 1355005719061
    [signedFields] => billTo_lastName,billTo_phoneNumber,orderAmount,billTo_street1,card_accountNumber,platform,orderAmount_publicSignature,orderPage_serialNumber,orderCurrency,reconciliationID,decision,ccAuthReply_processorResponse,source_domain,billTo_state,billTo_firstName,billTo_customerID,uid,card_expirationYear,merchantDefinedData1,billTo_city,billTo_postalCode,orderPage_requestToken,ccAuthReply_amount,orderCurrency_publicSignature,orderPage_transactionType,ccAuthReply_authorizationCode,decision_publicSignature,ccAuthReply_avsCodeRaw,paymentOption,billTo_country,billTo_email,reasonCode,order_id,ccAuthReply_reasonCode,orderPage_environment,card_expirationMonth,merchantID,orderNumber_publicSignature,requestID,orderNumber,ccAuthReply_authorizedDateTime,card_cardType,ccAuthReply_avsCode
    [ccAuthReply_authorizedDateTime] => 2012-12-08T222840Z
    [card_cardType] => 001
    [ccAuthReply_avsCode] => Y
)
