Array
(
    [q] => payment-received
    [billTo_lastName] => Reyes
    [orderAmount] => 27.5
    [billTo_street1] => 421 hanover street
    [billTo_street2] => #1
    [card_accountNumber] => ############8809
    [platform] => prd
    [orderAmount_publicSignature] => Ee455J5OJiIJCDc58IkExQWlYi4=
    [orderPage_serialNumber] => 3213046286400176056193
    [orderCurrency] => usd
    [reconciliationID] => 140262755WTO8V9LAVKI3
    [signedDataPublicSignature] => m+4EorVoXfwJIR2H/TUnMNkdWaA=
    [decision] => ACCEPT
    [ccAuthReply_processorResponse] => 00
    [source_domain] => nh.tcro.us
    [billTo_state] => nh
    [billTo_firstName] => Michel
    [billTo_customerID] => 994
    [uid] => 994
    [card_expirationYear] => 2015
    [merchantDefinedData1] => Request ID: 36264
    [transactionSignature] => mTmX2c+xfdZyQkJzbjtoF6VVfb8=
    [billTo_city] => manchester
    [billTo_postalCode] => 03104
    [orderPage_requestToken] => Ahj//wSRgHSaWvf4qzhAKFWLRgybMm7VrXqT3FZzMg1pclmmkNnXxnQJNIbOvjO6QMq+JIoZNJMq6PSWccDCTIwDpNLXv8VZwgAA/h5K
    [ccAuthReply_amount] => 27.50
    [orderCurrency_publicSignature] => pfcMEzOHelrVLvafAkpPGnECGbk=
    [orderPage_transactionType] => sale
    [ccAuthReply_authorizationCode] => 898194
    [decision_publicSignature] => KnPsJG1LWbeM0M209/iKgV4eG28=
    [ccAuthReply_avsCodeRaw] => N
    [paymentOption] => card
    [billTo_country] => us
    [billTo_email] => m_33135@yahoo.com
    [reasonCode] => 100
    [order_id] => 36264
    [ccAuthReply_reasonCode] => 100
    [orderPage_environment] => PRODUCTION
    [card_expirationMonth] => 03
    [merchantID] => avtranzsb
    [orderNumber_publicSignature] => biASrLFjeoP/q4Im/jZqyNRRAnY=
    [requestID] => 3545975926190178147360
    [orderNumber] => 1354597592554
    [signedFields] => billTo_lastName,orderAmount,billTo_street1,billTo_street2,card_accountNumber,platform,orderAmount_publicSignature,orderPage_serialNumber,orderCurrency,reconciliationID,decision,ccAuthReply_processorResponse,source_domain,billTo_state,billTo_firstName,billTo_customerID,uid,card_expirationYear,merchantDefinedData1,billTo_city,billTo_postalCode,orderPage_requestToken,ccAuthReply_amount,orderCurrency_publicSignature,orderPage_transactionType,ccAuthReply_authorizationCode,decision_publicSignature,ccAuthReply_avsCodeRaw,paymentOption,billTo_country,billTo_email,reasonCode,order_id,ccAuthReply_reasonCode,orderPage_environment,card_expirationMonth,merchantID,orderNumber_publicSignature,requestID,orderNumber,ccAuthReply_authorizedDateTime,card_cardType,ccAuthReply_avsCode
    [ccAuthReply_authorizedDateTime] => 2012-12-04T050633Z
    [card_cardType] => 002
    [ccAuthReply_avsCode] => N
)
Array
(
    [q] => payment-received
    [billTo_lastName] => Spellman
    [billTo_phoneNumber] => 7818643114
    [orderAmount] => 137.5
    [billTo_street1] => 130 Green Street
    [card_accountNumber] => ############3894
    [platform] => prd
    [orderAmount_publicSignature] => QvCqkMuKXpH5a050hcLLVnI9d4Y=
    [orderPage_serialNumber] => 3213046286400176056193
    [orderCurrency] => usd
    [reconciliationID] => 140485241WTOFL9LB3E5Y
    [signedDataPublicSignature] => 4fqimZmw/poFo6b0wok7GwGZ8Og=
    [decision] => ACCEPT
    [ccAuthReply_processorResponse] => 00
    [source_domain] => nh.tcro.us
    [billTo_state] => MA
    [billTo_firstName] => Timothy
    [billTo_customerID] => 386
    [uid] => 386
    [card_expirationYear] => 2014
    [merchantDefinedData1] => Request ID: 37538
    [transactionSignature] => ieYvXnXgUCSsDKXC4ondMdOd7dA=
    [billTo_city] => Woburn
    [billTo_postalCode] => 01801
    [orderPage_requestToken] => Ahj//wSRgH9mum7kwshGKFWLRg0cNWTRjXqT40xzMhM4rWymn8CTb8QFNP4Em346QO1tiSOGTSTKuj0lnHAwfyMA/s103cmFkIwAjxyP
    [ccAuthReply_amount] => 137.50
    [orderCurrency_publicSignature] => pfcMEzOHelrVLvafAkpPGnECGbk=
    [orderPage_transactionType] => sale
    [ccAuthReply_authorizationCode] => 055404
    [decision_publicSignature] => KnPsJG1LWbeM0M209/iKgV4eG28=
    [ccAuthReply_avsCodeRaw] => Y
    [paymentOption] => card
    [billTo_country] => us
    [reasonCode] => 100
    [order_id] => 37538
    [ccAuthReply_reasonCode] => 100
    [orderPage_environment] => PRODUCTION
    [card_expirationMonth] => 01
    [merchantID] => avtranzsb
    [orderNumber_publicSignature] => avbsDKLowo6FLoimc3H+3Q1vzzI=
    [requestID] => 3546364977090178147363
    [orderNumber] => 1354636497707
    [signedFields] => billTo_lastName,billTo_phoneNumber,orderAmount,billTo_street1,card_accountNumber,platform,orderAmount_publicSignature,orderPage_serialNumber,orderCurrency,reconciliationID,decision,ccAuthReply_processorResponse,source_domain,billTo_state,billTo_firstName,billTo_customerID,uid,card_expirationYear,merchantDefinedData1,billTo_city,billTo_postalCode,orderPage_requestToken,ccAuthReply_amount,orderCurrency_publicSignature,orderPage_transactionType,ccAuthReply_authorizationCode,decision_publicSignature,ccAuthReply_avsCodeRaw,paymentOption,billTo_country,reasonCode,order_id,ccAuthReply_reasonCode,orderPage_environment,card_expirationMonth,merchantID,orderNumber_publicSignature,requestID,orderNumber,ccAuthReply_authorizedDateTime,card_cardType,ccAuthReply_avsCode
    [ccAuthReply_authorizedDateTime] => 2012-12-04T155458Z
    [card_cardType] => 001
    [ccAuthReply_avsCode] => Y
)
Array
(
    [q] => payment-received
    [billTo_lastName] => Badeau
    [billTo_phoneNumber] => 6039304405
    [orderAmount] => 91
    [billTo_street1] => 22 MOOSEHOLLOW RD
    [card_accountNumber] => ############9749
    [platform] => prd
    [orderAmount_publicSignature] => PAuTU9+bGTaTss1zslb7v30xZnY=
    [orderPage_serialNumber] => 3213046286400176056193
    [orderCurrency] => usd
    [reconciliationID] => 140504446WTO9N9LB671U
    [signedDataPublicSignature] => F8j4m46WCj44LzM/Z2irya/HkiQ=
    [decision] => ACCEPT
    [ccAuthReply_processorResponse] => 00
    [source_domain] => nh.tcro.us
    [billTo_state] => NH
    [billTo_firstName] => Elisha
    [billTo_customerID] => 585
    [uid] => 585
    [card_expirationYear] => 2015
    [merchantDefinedData1] => Request ID: 38589
    [transactionSignature] => mzn/tsIYzUTtAte3BcI+qhizTMA=
    [billTo_city] => LITCHFIELD
    [billTo_postalCode] => 03052
    [orderPage_requestToken] => Ahj//wSRgH/q6GuG1kA+KFWLRg1YNGjRtXqT3M5zMhNm7GqmkrayB0QFNJW1kDo6QOjjCSOGTSTKuj0lnHAwiyMA/9XQ1w2sgHwA1Q1U
    [ccAuthReply_amount] => 91.00
    [orderCurrency_publicSignature] => pfcMEzOHelrVLvafAkpPGnECGbk=
    [orderPage_transactionType] => sale
    [ccAuthReply_authorizationCode] => 002558
    [decision_publicSignature] => KnPsJG1LWbeM0M209/iKgV4eG28=
    [ccAuthReply_avsCodeRaw] => Y
    [paymentOption] => card
    [billTo_country] => us
    [billTo_email] => ebadeau1@gmail.com
    [reasonCode] => 100
    [order_id] => 38589
    [ccAuthReply_reasonCode] => 100
    [orderPage_environment] => PRODUCTION
    [card_expirationMonth] => 08
    [merchantID] => avtranzsb
    [orderNumber_publicSignature] => lq3lvmQxFRZNsU0pwnGmJvmZtiU=
    [requestID] => 3546383579720178147359
    [orderNumber] => 1354638357970
    [signedFields] => billTo_lastName,billTo_phoneNumber,orderAmount,billTo_street1,card_accountNumber,platform,orderAmount_publicSignature,orderPage_serialNumber,orderCurrency,reconciliationID,decision,ccAuthReply_processorResponse,source_domain,billTo_state,billTo_firstName,billTo_customerID,uid,card_expirationYear,merchantDefinedData1,billTo_city,billTo_postalCode,orderPage_requestToken,ccAuthReply_amount,orderCurrency_publicSignature,orderPage_transactionType,ccAuthReply_authorizationCode,decision_publicSignature,ccAuthReply_avsCodeRaw,paymentOption,billTo_country,billTo_email,reasonCode,order_id,ccAuthReply_reasonCode,orderPage_environment,card_expirationMonth,merchantID,orderNumber_publicSignature,requestID,orderNumber,ccAuthReply_authorizedDateTime,card_cardType,ccAuthReply_avsCode
    [ccAuthReply_authorizedDateTime] => 2012-12-04T162558Z
    [card_cardType] => 001
    [ccAuthReply_avsCode] => Y
)
