Array
(
    [Order ID] => 0
    [Price] => 63.75
    [User ID] => 527
    [IP] => 71.181.37.185
    [Timestamp] => 1340028045
    [Time/Date] => Mon, 18 Jun 2012 10:00:45 -0400
    [Order Page Timestamp] => 1340028013434
    [Order Page Time/Date] => Tue, 18 Oct 44433 06:43:54 -0500
    [User Agent] => Mozilla/5.0 (compatible; MSIE 9.0; Windows NT 6.1; WOW64; Trident/5.0)
)
Array
(
    [Order ID] => 0
    [Price] => 1353
    [User ID] => 247
    [IP] => 70.96.33.195
    [Timestamp] => 1340036538
    [Time/Date] => Mon, 18 Jun 2012 12:22:18 -0400
    [Order Page Timestamp] => 1340036535239
    [Order Page Time/Date] => Tue, 24 Jan 44434 21:53:59 -0500
    [User Agent] => Mozilla/5.0 (Windows NT 6.1; WOW64; rv:12.0) Gecko/20100101 Firefox/12.0
)
Array
(
    [Order ID] => 0
    [Price] => 1353
    [User ID] => 247
    [IP] => 70.96.33.195
    [Timestamp] => 1340036789
    [Time/Date] => Mon, 18 Jun 2012 12:26:29 -0400
    [Order Page Timestamp] => 1340036694236
    [Order Page Time/Date] => Thu, 26 Jan 44434 18:03:56 -0500
    [User Agent] => Mozilla/5.0 (Windows NT 6.1; WOW64; rv:12.0) Gecko/20100101 Firefox/12.0
)
Array
(
    [Order ID] => 0
    [Price] => 1353
    [User ID] => 544
    [IP] => 50.137.121.192
    [Timestamp] => 1340048897
    [Time/Date] => Mon, 18 Jun 2012 15:48:17 -0400
    [Order Page Timestamp] => 1340048864730
    [Order Page Time/Date] => Fri, 16 Jun 44434 14:45:30 -0500
    [User Agent] => Mozilla/5.0 (compatible; MSIE 9.0; Windows NT 6.1; WOW64; Trident/5.0)
)
