Array
(
    [q] => payment-received
    [billTo_lastName] => Roy
    [billTo_email] => m.pitts@clrm.com
    [orderPage_serialNumber] => 3213046286400176056193
    [ccAuthReply_avsCodeRaw] => Y
    [orderAmount_publicSignature] => NT+9BodLCZTlzsZow409LZOoPqo=
    [orderCurrency] => usd
    [platform] => prd
    [card_expirationYear] => 2013
    [card_accountNumber] => ############4495
    [reasonCode] => 100
    [billTo_firstName] => Lisa
    [signedFields] => billTo_lastName,billTo_email,orderPage_serialNumber,ccAuthReply_avsCodeRaw,orderAmount_publicSignature,orderCurrency,platform,card_expirationYear,card_accountNumber,reasonCode,billTo_firstName,requestID,order_id,orderPage_transactionType,ccAuthReply_reasonCode,ccAuthReply_authorizationCode,billTo_company,card_expirationMonth,orderNumber,orderCurrency_publicSignature,billTo_customerID,orderPage_environment,reconciliationID,source_domain,ccAuthReply_avsCode,orderPage_requestToken,uid,ccAuthReply_processorResponse,ccAuthReply_amount,decision_publicSignature,ccAuthReply_authorizedDateTime,orderAmount,orderNumber_publicSignature,card_cardType,billTo_street1,decision,billTo_phoneNumber,paymentOption,merchantDefinedData1,billTo_city,billTo_state,merchantID,billTo_postalCode,billTo_country
    [requestID] => 3497928900820178147360
    [order_id] => 28452
    [orderPage_transactionType] => sale
    [ccAuthReply_reasonCode] => 100
    [ccAuthReply_authorizationCode] => 04340G
    [billTo_company] => Cook, Little, Rosenblatt & Manson, p.l.l.c.
    [card_expirationMonth] => 11
    [orderNumber] => 1349792890080
    [orderCurrency_publicSignature] => pfcMEzOHelrVLvafAkpPGnECGbk=
    [billTo_customerID] => 809
    [signedDataPublicSignature] => Vm8sBK7j+Z4vqCNA1jzVrEVZZLc=
    [orderPage_environment] => PRODUCTION
    [reconciliationID] => 112885939WTOFO7L8BPDV
    [source_domain] => nh.tcro.us
    [ccAuthReply_avsCode] => Y
    [orderPage_requestToken] => Ahj//wSRez8HtPLemzBAKFWLFk4cNXLNzXqT409vMcQqESsmoKRJXlgFNQUiSvLaQRkAsR1wyaSZV0eks44GDeRez8HtPLemzBAA+QtQ
    [uid] => 809
    [ccAuthReply_processorResponse] => 00
    [ccAuthReply_amount] => 737.50
    [decision_publicSignature] => KnPsJG1LWbeM0M209/iKgV4eG28=
    [ccAuthReply_authorizedDateTime] => 2012-10-09T142810Z
    [orderAmount] => 737.5
    [orderNumber_publicSignature] => WbL6TIGb7Xu9viiRIu/WzFWhGd4=
    [card_cardType] => 001
    [billTo_street1] => 1000 Elm Street
    [decision] => ACCEPT
    [billTo_phoneNumber] => 6036217100
    [paymentOption] => card
    [transactionSignature] => Y33T+aBfQxthBhUyoYoxEIxgaDQ=
    [merchantDefinedData1] => Request ID: 28452
    [billTo_city] => Manchester
    [billTo_state] => NH
    [merchantID] => avtranzsb
    [billTo_postalCode] => 03101
    [billTo_country] => us
)
Array
(
    [q] => payment-received
    [billTo_lastName] => Serell
    [billTo_email] => djk@rathlaw.com
    [orderPage_serialNumber] => 3213046286400176056193
    [ccAuthReply_avsCodeRaw] => N
    [orderAmount_publicSignature] => kNIjfZivUbXdqf0kh3m2qMQ89t0=
    [orderCurrency] => usd
    [platform] => prd
    [card_expirationYear] => 2013
    [card_accountNumber] => ############2758
    [reasonCode] => 100
    [billTo_firstName] => Andrew
    [signedFields] => billTo_lastName,billTo_email,orderPage_serialNumber,ccAuthReply_avsCodeRaw,orderAmount_publicSignature,orderCurrency,platform,card_expirationYear,card_accountNumber,reasonCode,billTo_firstName,requestID,order_id,orderPage_transactionType,ccAuthReply_reasonCode,ccAuthReply_authorizationCode,billTo_company,card_expirationMonth,orderNumber,orderCurrency_publicSignature,billTo_customerID,orderPage_environment,reconciliationID,source_domain,ccAuthReply_avsCode,orderPage_requestToken,uid,ccAuthReply_processorResponse,ccAuthReply_amount,decision_publicSignature,ccAuthReply_authorizedDateTime,orderAmount,orderNumber_publicSignature,card_cardType,billTo_street1,decision,billTo_phoneNumber,paymentOption,merchantDefinedData1,billTo_city,billTo_state,merchantID,billTo_postalCode,billTo_country
    [requestID] => 3497943177980178147362
    [order_id] => 28765
    [orderPage_transactionType] => sale
    [ccAuthReply_reasonCode] => 100
    [ccAuthReply_authorizationCode] => 04773Z
    [billTo_company] => Rath, Young and Pignatelli, P.C.
    [card_expirationMonth] => 07
    [orderNumber] => 1349794317796
    [orderCurrency_publicSignature] => pfcMEzOHelrVLvafAkpPGnECGbk=
    [billTo_customerID] => 614
    [signedDataPublicSignature] => jgF/W7hDZiqJf6U2me5o5LiFkf4=
    [orderPage_environment] => PRODUCTION
    [reconciliationID] => 112904228WTO1Q7L258A1
    [source_domain] => nh.tcro.us
    [ccAuthReply_avsCode] => N
    [orderPage_requestToken] => Ahj//wSRez9tJvOTAlBEKFWLFk5YNGTJxXqT2NFvMZNXEFimkb2P2ZQJNI3sfsy6QQiLgjrhk0kyro9JZxwMH8i9n7aTecmBKCIA+h5p
    [uid] => 614
    [ccAuthReply_processorResponse] => 00
    [ccAuthReply_amount] => 350.00
    [decision_publicSignature] => KnPsJG1LWbeM0M209/iKgV4eG28=
    [ccAuthReply_authorizedDateTime] => 2012-10-09T145158Z
    [orderAmount] => 350
    [orderNumber_publicSignature] => /q7qhVKSdemZaM+RWdD4gaDNOnE=
    [card_cardType] => 002
    [billTo_street1] => One Capital Plaza
    [decision] => ACCEPT
    [billTo_phoneNumber] => 6032262600
    [paymentOption] => card
    [transactionSignature] => Ppo2aIftxsV2sLlHZUAz3YPL2ic=
    [merchantDefinedData1] => Request ID: 28765
    [billTo_city] => Concord
    [billTo_state] => NH
    [merchantID] => avtranzsb
    [billTo_postalCode] => 03301
    [billTo_country] => us
)
