Array
(
    [q] => payment-received
    [billTo_lastName] => Sorenson
    [billTo_email] => brand@carrollcountynh.net
    [orderPage_serialNumber] => 3213046286400176056193
    [ccAuthReply_avsCodeRaw] => Z
    [orderAmount_publicSignature] => oLQbMFpVCsU6oQzDtypP+M1Rg+c=
    [orderCurrency] => usd
    [platform] => prd
    [card_expirationYear] => 2013
    [card_accountNumber] => ############8545
    [reasonCode] => 100
    [billTo_firstName] => David
    [signedFields] => billTo_lastName,billTo_email,orderPage_serialNumber,ccAuthReply_avsCodeRaw,orderAmount_publicSignature,orderCurrency,platform,card_expirationYear,card_accountNumber,reasonCode,billTo_firstName,requestID,order_id,orderPage_transactionType,ccAuthReply_reasonCode,ccAuthReply_authorizationCode,billTo_company,card_expirationMonth,orderNumber,orderCurrency_publicSignature,billTo_customerID,orderPage_environment,reconciliationID,source_domain,ccAuthReply_avsCode,orderPage_requestToken,uid,ccAuthReply_processorResponse,ccAuthReply_amount,decision_publicSignature,ccAuthReply_authorizedDateTime,orderAmount,billTo_street2,orderNumber_publicSignature,card_cardType,billTo_street1,decision,billTo_phoneNumber,paymentOption,merchantDefinedData1,billTo_city,billTo_state,merchantID,billTo_postalCode,billTo_country
    [requestID] => 3478942508190178147364
    [order_id] => 23779
    [orderPage_transactionType] => sale
    [ccAuthReply_reasonCode] => 100
    [ccAuthReply_authorizationCode] => 02375Z
    [billTo_company] => Mtn View Nursing Home
    [card_expirationMonth] => 01
    [orderNumber] => 1347894250816
    [orderCurrency_publicSignature] => pfcMEzOHelrVLvafAkpPGnECGbk=
    [billTo_customerID] => 713
    [signedDataPublicSignature] => IG9W9MT3N88arwQXJ8caSBj7oqc=
    [orderPage_environment] => PRODUCTION
    [reconciliationID] => 101402891WTO1Q6ZSFVXS
    [source_domain] => nh.tcro.us
    [ccAuthReply_avsCode] => Z
    [orderPage_requestToken] => Ahj//wSReTANRfF0HfhIKFWLBi0YMnDljXqT2NFtapxq1immkbpr15gJNI3TXrzaQQqv8jVhk0kyro9JZxwMJMi8mAai+LoO/CQAVQCu
    [uid] => 713
    [ccAuthReply_processorResponse] => 00
    [ccAuthReply_amount] => 437.75
    [decision_publicSignature] => KnPsJG1LWbeM0M209/iKgV4eG28=
    [ccAuthReply_authorizedDateTime] => 2012-09-17T150411Z
    [orderAmount] => 437.75
    [billTo_street2] => 10 County Farm Road
    [orderNumber_publicSignature] => FIsabBu+De/yH8f0QWWmtJ4X/6w=
    [card_cardType] => 002
    [billTo_street1] => PO Box 152
    [decision] => ACCEPT
    [billTo_phoneNumber] => 6035397769
    [paymentOption] => card
    [transactionSignature] => zynBrhIGiq2n7VWvPKxrf6Pv7s4=
    [merchantDefinedData1] => Request ID: 23779
    [billTo_city] => Ossipee
    [billTo_state] => NH
    [merchantID] => avtranzsb
    [billTo_postalCode] => 03864
    [billTo_country] => us
)
Array
(
    [q] => payment-received
    [billTo_lastName] => Tenn
    [billTo_email] => helly@tennandtenn.com
    [orderPage_serialNumber] => 3213046286400176056193
    [ccAuthReply_avsCodeRaw] => Z
    [orderAmount_publicSignature] => ecHxTtzuvfmxHG6lktIPYMEu/Bw=
    [orderCurrency] => usd
    [platform] => prd
    [card_expirationYear] => 2014
    [card_accountNumber] => ############7749
    [reasonCode] => 100
    [billTo_firstName] => Mary
    [signedFields] => billTo_lastName,billTo_email,orderPage_serialNumber,ccAuthReply_avsCodeRaw,orderAmount_publicSignature,orderCurrency,platform,card_expirationYear,card_accountNumber,reasonCode,billTo_firstName,requestID,order_id,orderPage_transactionType,ccAuthReply_reasonCode,ccAuthReply_authorizationCode,billTo_company,card_expirationMonth,orderNumber,orderCurrency_publicSignature,billTo_customerID,orderPage_environment,reconciliationID,source_domain,ccAuthReply_avsCode,orderPage_requestToken,uid,ccAuthReply_processorResponse,ccAuthReply_amount,decision_publicSignature,ccAuthReply_authorizedDateTime,orderAmount,orderNumber_publicSignature,card_cardType,billTo_street1,decision,billTo_phoneNumber,paymentOption,merchantDefinedData1,billTo_city,billTo_state,merchantID,billTo_postalCode,billTo_country
    [requestID] => 3479053340220178147362
    [order_id] => 22711
    [orderPage_transactionType] => sale
    [ccAuthReply_reasonCode] => 100
    [ccAuthReply_authorizationCode] => 05672G
    [billTo_company] => Tenn And Tenn, P.A.
    [card_expirationMonth] => 03
    [orderNumber] => 1347905334020
    [orderCurrency_publicSignature] => pfcMEzOHelrVLvafAkpPGnECGbk=
    [billTo_customerID] => 693
    [signedDataPublicSignature] => l4TfH1fmPzuWmRhbv5EvWmzqnNk=
    [orderPage_environment] => PRODUCTION
    [reconciliationID] => 101567339WTOFO6ZWNBAA
    [source_domain] => nh.tcro.us
    [ccAuthReply_avsCode] => Z
    [orderPage_requestToken] => Ahj//wSReTMgyDs341BEKFWLBi1bN2bNzXqT409tarzoUGCmoKEjpyQFNQUJHTk6QMuGI1YZNJMq6PSWccDClIvJmQZB2b8agiAA1Q4h
    [uid] => 693
    [ccAuthReply_processorResponse] => 00
    [ccAuthReply_amount] => 29.50
    [decision_publicSignature] => KnPsJG1LWbeM0M209/iKgV4eG28=
    [ccAuthReply_authorizedDateTime] => 2012-09-17T180854Z
    [orderAmount] => 29.5
    [orderNumber_publicSignature] => F2PM6jETAn2/MwwQS4dbSlmmbuQ=
    [card_cardType] => 001
    [billTo_street1] => 16 High Street, Suite 3
    [decision] => ACCEPT
    [billTo_phoneNumber] => 6036243700
    [paymentOption] => card
    [transactionSignature] => HzhfXToh483HcSmX59Rglb5Yi7o=
    [merchantDefinedData1] => Request ID: 22711
    [billTo_city] => Manchester
    [billTo_state] => nh
    [merchantID] => avtranzsb
    [billTo_postalCode] => 03101
    [billTo_country] => us
)
