Array
(
    [Order ID] => 0
    [Price] => 96.5
    [User ID] => 734
    [IP] => 166.181.3.194
    [Timestamp] => 1352642657
    [Time/Date] => Sun, 11 Nov 2012 09:04:17 -0500
    [Order Page Timestamp] => 1352642606179
    [Order Page Time/Date] => Fri, 15 Jul 44833 12:16:19 -0500
    [User Agent] => Mozilla/5.0 (Linux; U; Android 2.3.4; en-us; USCCADR6230US Build/GRJ22) AppleWebKit/533.1 (KHTML, like Gecko) Version/4.0 Mobile Safari/533.1
)
Array
(
    [Order ID] => 0
    [Price] => 96.5
    [User ID] => 734
    [IP] => 166.181.3.236
    [Timestamp] => 1352643506
    [Time/Date] => Sun, 11 Nov 2012 09:18:26 -0500
    [Order Page Timestamp] => 1352643348846
    [Order Page Time/Date] => Sun, 24 Jul 44833 02:34:06 -0500
    [User Agent] => Mozilla/5.0 (Linux; U; Android 2.3.4; en-us; USCCADR6230US Build/GRJ22) AppleWebKit/533.1 (KHTML, like Gecko) Version/4.0 Mobile Safari/533.1
)
Array
(
    [Order ID] => 0
    [Price] => 96.5
    [User ID] => 734
    [IP] => 166.181.3.100
    [Timestamp] => 1352643790
    [Time/Date] => Sun, 11 Nov 2012 09:23:10 -0500
    [Order Page Timestamp] => 1352643348846
    [Order Page Time/Date] => Sun, 24 Jul 44833 02:34:06 -0500
    [User Agent] => Mozilla/5.0 (Linux; U; Android 2.3.4; en-us; USCCADR6230US Build/GRJ22) AppleWebKit/533.1 (KHTML, like Gecko) Version/4.0 Mobile Safari/533.1
)
