Array
(
    [Order ID] => 0
    [Price] => 550
    [User ID] => 797
    [IP] => 71.234.139.149
    [Timestamp] => 1349357165
    [Time/Date] => Thu, 04 Oct 2012 09:26:05 -0400
    [Order Page Timestamp] => 1349357144468
    [Order Page Time/Date] => Wed, 05 Jun 44729 08:01:08 -0500
    [User Agent] => Mozilla/5.0 (compatible; MSIE 9.0; Windows NT 6.1; WOW64; Trident/5.0; FunWebProducts)
)
Array
(
    [Order ID] => 0
    [Price] => 550
    [User ID] => 797
    [IP] => 71.234.139.149
    [Timestamp] => 1349361466
    [Time/Date] => Thu, 04 Oct 2012 10:37:46 -0400
    [Order Page Timestamp] => 1349357144468
    [Order Page Time/Date] => Wed, 05 Jun 44729 08:01:08 -0500
    [User Agent] => Mozilla/5.0 (compatible; MSIE 9.0; Windows NT 6.1; WOW64; Trident/5.0; FunWebProducts)
)
Array
(
    [Order ID] => 0
    [Price] => 550
    [User ID] => 797
    [IP] => 71.234.139.149
    [Timestamp] => 1349361479
    [Time/Date] => Thu, 04 Oct 2012 10:37:59 -0400
    [Order Page Timestamp] => 1349361477259
    [Order Page Time/Date] => Thu, 25 Jul 44729 11:34:19 -0500
    [User Agent] => Mozilla/5.0 (compatible; MSIE 9.0; Windows NT 6.1; WOW64; Trident/5.0; FunWebProducts)
)
