Array
(
    [Order ID] => 0
    [Price] => 175
    [User ID] => 800
    [IP] => 64.179.20.238
    [Timestamp] => 1349298269
    [Time/Date] => Wed, 03 Oct 2012 17:04:29 -0400
    [Order Page Timestamp] => 1349298240761
    [Order Page Time/Date] => Sun, 24 Jul 44727 13:52:41 -0500
    [User Agent] => Mozilla/5.0 (Windows; U; Windows NT 5.1; en-US; rv:1.9.0.19) Gecko/2010031422 Firefox/3.0.19
)
Array
(
    [Order ID] => 0
    [Price] => 89.25
    [User ID] => 517
    [IP] => 173.166.98.13
    [Timestamp] => 1349298390
    [Time/Date] => Wed, 03 Oct 2012 17:06:30 -0400
    [Order Page Timestamp] => 1349298369157
    [Order Page Time/Date] => Tue, 26 Jul 44727 01:32:37 -0500
    [User Agent] => Mozilla/5.0 (Windows NT 6.1; rv:15.0) Gecko/20100101 Firefox/15.0.1
)
Array
(
    [Order ID] => 0
    [Price] => 175
    [User ID] => 800
    [IP] => 64.179.20.238
    [Timestamp] => 1349302308
    [Time/Date] => Wed, 03 Oct 2012 18:11:48 -0400
    [Order Page Timestamp] => 1349298240761
    [Order Page Time/Date] => Sun, 24 Jul 44727 13:52:41 -0500
    [User Agent] => Mozilla/5.0 (Windows; U; Windows NT 5.1; en-US; rv:1.9.0.19) Gecko/2010031422 Firefox/3.0.19
)
Array
(
    [Order ID] => 0
    [Price] => 175
    [User ID] => 247
    [IP] => 70.96.33.195
    [Timestamp] => 1349302343
    [Time/Date] => Wed, 03 Oct 2012 18:12:23 -0400
    [Order Page Timestamp] => 1349302330826
    [Order Page Time/Date] => Fri, 09 Sep 44727 22:00:26 -0500
    [User Agent] => Mozilla/5.0 (Windows NT 6.1; WOW64; rv:15.0) Gecko/20100101 Firefox/15.0.1
)
