Array
(
    [Order ID] => 0
    [Price] => 295
    [User ID] => 504
    [IP] => 69.198.129.234
    [Timestamp] => 1343250398
    [Time/Date] => Wed, 25 Jul 2012 17:06:38 -0400
    [Order Page Timestamp] => 1343250383891
    [Order Page Time/Date] => Tue, 29 Nov 44535 05:38:11 -0500
    [User Agent] => Mozilla/5.0 (Windows NT 5.1) AppleWebKit/536.11 (KHTML, like Gecko) Chrome/20.0.1132.57 Safari/536.11
)
Array
(
    [Order ID] => 0
    [Price] => 0
    [User ID] => 0
    [IP] => 150.70.172.107
    [Timestamp] => 1343251843
    [Time/Date] => Wed, 25 Jul 2012 17:30:43 -0400
    [Order Page Timestamp] => 0
    [Order Page Time/Date] => Wed, 31 Dec 1969 19:00:00 -0500
    [User Agent] => Mozilla/4.0 (compatible; MSIE 6.0; Windows NT 5.1)
)
Array
(
    [Order ID] => 0
    [Price] => 386.25
    [User ID] => 263
    [IP] => 24.147.93.11
    [Timestamp] => 1343267482
    [Time/Date] => Wed, 25 Jul 2012 21:51:22 -0400
    [Order Page Timestamp] => 1343267465037
    [Order Page Time/Date] => Wed, 13 Jun 44536 22:23:57 -0500
    [User Agent] => Mozilla/5.0 (Windows NT 6.1; WOW64) AppleWebKit/536.11 (KHTML, like Gecko) Chrome/20.0.1132.57 Safari/536.11
)
Array
(
    [Order ID] => 0
    [Price] => 386.25
    [User ID] => 263
    [IP] => 24.147.93.11
    [Timestamp] => 1343267516
    [Time/Date] => Wed, 25 Jul 2012 21:51:56 -0400
    [Order Page Timestamp] => 1343267465037
    [Order Page Time/Date] => Wed, 13 Jun 44536 22:23:57 -0500
    [User Agent] => Mozilla/5.0 (Windows NT 6.1; WOW64) AppleWebKit/536.11 (KHTML, like Gecko) Chrome/20.0.1132.57 Safari/536.11
)
