Array
(
    [q] => payment-received
    [billTo_lastName] => Hawkins
    [billTo_phoneNumber] => 6036471800
    [orderAmount] => 29
    [billTo_street1] => 10 Huckins Dr.
    [card_accountNumber] => ############4950
    [platform] => prd
    [orderAmount_publicSignature] => 6iz9zeBXMx5+2P0eM51TeH5Xy0I=
    [orderPage_serialNumber] => 3213046286400176056193
    [orderCurrency] => usd
    [reconciliationID] => 148682061WTO8VALRJ6EB
    [signedDataPublicSignature] => FfuAVvU84yFIxzXWC1bc4CcuRHg=
    [decision] => ACCEPT
    [ccAuthReply_processorResponse] => 00
    [source_domain] => nh.tcro.us
    [billTo_state] => NH
    [billTo_firstName] => Christopher
    [billTo_customerID] => 1115
    [uid] => 1115
    [billTo_company] => Nelson Kinder + Mosseau
    [card_expirationYear] => 2015
    [merchantDefinedData1] => Request ID: 39103
    [transactionSignature] => srxN40byUhPEqT4A6B363RJl7Ko=
    [billTo_city] => Newmarket
    [billTo_postalCode] => 03857
    [orderPage_requestToken] => Ahj//wSRgczaIa6JuhhEKFWLRw2cMmDZjXqT3FaDMpSm0WEmkN7V5GAFNIb2ryMaQMtUJMYZNJMq6PSWccDBzIwOZtENdE3QwiAA4gqk
    [ccAuthReply_amount] => 29.00
    [orderCurrency_publicSignature] => pfcMEzOHelrVLvafAkpPGnECGbk=
    [orderPage_transactionType] => sale
    [ccAuthReply_authorizationCode] => 073801
    [decision_publicSignature] => KnPsJG1LWbeM0M209/iKgV4eG28=
    [ccAuthReply_avsCodeRaw] => Y
    [paymentOption] => card
    [billTo_country] => us
    [billTo_email] => pwilson@nkmlawyers.com
    [reasonCode] => 100
    [order_id] => 39103
    [ccAuthReply_reasonCode] => 100
    [orderPage_environment] => PRODUCTION
    [card_expirationMonth] => 11
    [merchantID] => avtranzsb
    [orderNumber_publicSignature] => 8YjFGz5B8lSen2D2JiHfpgL7AtQ=
    [requestID] => 3558378808070178147362
    [orderNumber] => 1355837841947
    [signedFields] => billTo_lastName,billTo_phoneNumber,orderAmount,billTo_street1,card_accountNumber,platform,orderAmount_publicSignature,orderPage_serialNumber,orderCurrency,reconciliationID,decision,ccAuthReply_processorResponse,source_domain,billTo_state,billTo_firstName,billTo_customerID,uid,billTo_company,card_expirationYear,merchantDefinedData1,billTo_city,billTo_postalCode,orderPage_requestToken,ccAuthReply_amount,orderCurrency_publicSignature,orderPage_transactionType,ccAuthReply_authorizationCode,decision_publicSignature,ccAuthReply_avsCodeRaw,paymentOption,billTo_country,billTo_email,reasonCode,order_id,ccAuthReply_reasonCode,orderPage_environment,card_expirationMonth,merchantID,orderNumber_publicSignature,requestID,orderNumber,ccAuthReply_authorizedDateTime,card_cardType,ccAuthReply_avsCode
    [ccAuthReply_authorizedDateTime] => 2012-12-18T133802Z
    [card_cardType] => 001
    [ccAuthReply_avsCode] => Y
)
Array
(
    [q] => payment-received
    [billTo_lastName] => Manship
    [billTo_phoneNumber] => 6037152788
    [orderAmount] => 112.5
    [billTo_street1] => 12 Tonga Drive
    [card_accountNumber] => ###########1004
    [platform] => prd
    [orderAmount_publicSignature] => k4Dzi+DX/BlwKX16r7xufXGiQrI=
    [orderPage_serialNumber] => 3213046286400176056193
    [orderCurrency] => usd
    [reconciliationID] => 148868954WTO1QALRNLEL
    [signedDataPublicSignature] => aPbX7jsU2MbQr8E5yUTk/mrunyA=
    [decision] => ACCEPT
    [ccAuthReply_processorResponse] => 00
    [source_domain] => nh.tcro.us
    [billTo_state] => NH
    [billTo_firstName] => Greg
    [billTo_customerID] => 1158
    [uid] => 1158
    [card_expirationYear] => 2014
    [merchantDefinedData1] => Request ID: 40649
    [transactionSignature] => mlg9bmWs8NdEpE2cVBkq4RFfNAg=
    [billTo_city] => Bow
    [billTo_postalCode] => 03304
    [orderPage_requestToken] => Ahj//wSRgdJQ9QOpfFA+KFWLRw4bOHLVpXqT2NGDMpTpkWYmkc1BprwNNI5qDTX6QOr8iTGGTSTKuj0lnHAwbyMDpKHqB1L4oHwA0wUX
    [ccAuthReply_amount] => 112.50
    [orderCurrency_publicSignature] => pfcMEzOHelrVLvafAkpPGnECGbk=
    [orderPage_transactionType] => sale
    [ccAuthReply_authorizationCode] => 104287
    [decision_publicSignature] => KnPsJG1LWbeM0M209/iKgV4eG28=
    [ccAuthReply_avsCodeRaw] => Y
    [paymentOption] => card
    [billTo_country] => us
    [billTo_email] => greg.manship@gmail.com
    [reasonCode] => 100
    [order_id] => 40649
    [ccAuthReply_reasonCode] => 100
    [orderPage_environment] => PRODUCTION
    [card_expirationMonth] => 05
    [merchantID] => avtranzsb
    [orderNumber_publicSignature] => /Izo56CjYWQk/2Dou29y+TLC/kM=
    [requestID] => 3558575675260178147359
    [orderNumber] => 1355857567525
    [signedFields] => billTo_lastName,billTo_phoneNumber,orderAmount,billTo_street1,card_accountNumber,platform,orderAmount_publicSignature,orderPage_serialNumber,orderCurrency,reconciliationID,decision,ccAuthReply_processorResponse,source_domain,billTo_state,billTo_firstName,billTo_customerID,uid,card_expirationYear,merchantDefinedData1,billTo_city,billTo_postalCode,orderPage_requestToken,ccAuthReply_amount,orderCurrency_publicSignature,orderPage_transactionType,ccAuthReply_authorizationCode,decision_publicSignature,ccAuthReply_avsCodeRaw,paymentOption,billTo_country,billTo_email,reasonCode,order_id,ccAuthReply_reasonCode,orderPage_environment,card_expirationMonth,merchantID,orderNumber_publicSignature,requestID,orderNumber,ccAuthReply_authorizedDateTime,card_cardType,ccAuthReply_avsCode
    [ccAuthReply_authorizedDateTime] => 2012-12-18T190609Z
    [card_cardType] => 003
    [ccAuthReply_avsCode] => Y
)
