Array
(
    [Order ID] => 0
    [Price] => 590
    [User ID] => 999
    [IP] => 72.4.192.2
    [Timestamp] => 1355503813
    [Time/Date] => Fri, 14 Dec 2012 11:50:13 -0500
    [Order Page Timestamp] => 1355503805877
    [Order Page Time/Date] => Thu, 16 Mar 44924 05:57:57 -0500
    [User Agent] => Mozilla/4.0 (compatible; MSIE 8.0; Windows NT 6.1; WOW64; Trident/4.0; SLCC2; .NET CLR 2.0.50727; .NET CLR 3.5.30729; .NET CLR 3.0.30729; Media Center PC 6.0; .NET4.0C; .NET4.0E)
)
Array
(
    [Order ID] => 0
    [Price] => 590
    [User ID] => 999
    [IP] => 72.4.192.2
    [Timestamp] => 1355503849
    [Time/Date] => Fri, 14 Dec 2012 11:50:49 -0500
    [Order Page Timestamp] => 1355503805877
    [Order Page Time/Date] => Thu, 16 Mar 44924 05:57:57 -0500
    [User Agent] => Mozilla/4.0 (compatible; MSIE 8.0; Windows NT 6.1; WOW64; Trident/4.0; SLCC2; .NET CLR 2.0.50727; .NET CLR 3.5.30729; .NET CLR 3.0.30729; Media Center PC 6.0; .NET4.0C; .NET4.0E)
)
Array
(
    [Order ID] => 0
    [Price] => 2360
    [User ID] => 778
    [IP] => 72.4.192.2
    [Timestamp] => 1355520376
    [Time/Date] => Fri, 14 Dec 2012 16:26:16 -0500
    [Order Page Timestamp] => 1355520303542
    [Order Page Time/Date] => Sat, 23 Sep 44924 04:39:02 -0500
    [User Agent] => Mozilla/4.0 (compatible; MSIE 8.0; Windows NT 6.1; WOW64; Trident/4.0; SLCC2; .NET CLR 2.0.50727; .NET CLR 3.5.30729; .NET CLR 3.0.30729; Media Center PC 6.0; .NET4.0C; .NET4.0E)
)
