Array
(
    [Order ID] => 0
    [Price] => 5145
    [User ID] => 648
    [IP] => 38.97.84.227
    [Timestamp] => 1344623947
    [Time/Date] => Fri, 10 Aug 2012 14:39:07 -0400
    [Order Page Timestamp] => 1344623941337
    [Order Page Time/Date] => Tue, 08 Jun 44579 21:22:17 -0500
    [User Agent] => Mozilla/5.0 (compatible; MSIE 9.0; Windows NT 6.1; Trident/5.0; BOIE9;ENUS)
)
Array
(
    [Order ID] => 0
    [Price] => 161.5
    [User ID] => 532
    [IP] => 71.161.104.106
    [Timestamp] => 1344631359
    [Time/Date] => Fri, 10 Aug 2012 16:42:39 -0400
    [Order Page Timestamp] => 1344631335517
    [Order Page Time/Date] => Thu, 02 Sep 44579 11:18:37 -0500
    [User Agent] => Mozilla/5.0 (Windows; U; Windows NT 5.1; en-US) AppleWebKit/533.19.4 (KHTML, like Gecko) Version/4.0.4 Safari/531.21.10
)
