Array
(
    [Order ID] => 0
    [Price] => 63.75
    [User ID] => 617
    [IP] => 50.75.59.149
    [Timestamp] => 1343397443
    [Time/Date] => Fri, 27 Jul 2012 09:57:23 -0400
    [Order Page Timestamp] => 1343397402792
    [Order Page Time/Date] => Tue, 26 Jul 44540 20:13:12 -0500
    [User Agent] => Mozilla/5.0 (Macintosh; Intel Mac OS X 10_6_8) AppleWebKit/534.57.2 (KHTML, like Gecko) Version/5.1.7 Safari/534.57.2
)
Array
(
    [Order ID] => 0
    [Price] => 68.75
    [User ID] => 430
    [IP] => 70.96.33.195
    [Timestamp] => 1343428525
    [Time/Date] => Fri, 27 Jul 2012 18:35:25 -0400
    [Order Page Timestamp] => 1343428505405
    [Order Page Time/Date] => Fri, 21 Jul 44541 19:50:05 -0500
    [User Agent] => Mozilla/5.0 (Windows NT 6.1) AppleWebKit/536.11 (KHTML, like Gecko) Chrome/20.0.1132.57 Safari/536.11
)
