Array
(
    [Order ID] => 0
    [Price] => 49.5
    [User ID] => 949
    [IP] => 24.103.134.210
    [Timestamp] => 1352299821
    [Time/Date] => Wed, 07 Nov 2012 09:50:21 -0500
    [Order Page Timestamp] => 1352299810138
    [Order Page Time/Date] => Sat, 03 Sep 44822 23:08:58 -0500
    [User Agent] => Mozilla/4.0 (compatible; MSIE 8.0; Windows NT 5.1; Trident/4.0; GTB7.4; .NET CLR 1.1.4322; .NET CLR 2.0.50727; .NET CLR 3.0.04506.30; MDDR; .NET CLR 3.0.4506.2152; .NET CLR 3.5.30729; Creative AutoUpdate v1.40.01)
)
Array
(
    [Order ID] => 0
    [Price] => 585
    [User ID] => 950
    [IP] => 173.48.226.218
    [Timestamp] => 1352337565
    [Time/Date] => Wed, 07 Nov 2012 20:19:25 -0500
    [Order Page Timestamp] => 1352337540425
    [Order Page Time/Date] => Tue, 14 Nov 44823 15:47:05 -0500
    [User Agent] => Mozilla/5.0 (Windows NT 6.1; WOW64; rv:16.0) Gecko/20100101 Firefox/16.0
)
