Array
(
    [Order ID] => 0
    [Price] => 93.75
    [User ID] => 731
    [IP] => 173.14.179.189
    [Timestamp] => 1347458210
    [Time/Date] => Wed, 12 Sep 2012 09:56:50 -0400
    [Order Page Timestamp] => 1347458170835
    [Order Page Time/Date] => Thu, 01 Apr 44669 11:20:35 -0500
    [User Agent] => Mozilla/5.0 (compatible; MSIE 9.0; Windows NT 6.1; Trident/5.0)
)
Array
(
    [Order ID] => 0
    [Price] => 5.5
    [User ID] => 700
    [IP] => 38.97.80.26
    [Timestamp] => 1347479299
    [Time/Date] => Wed, 12 Sep 2012 15:48:19 -0400
    [Order Page Timestamp] => 1347479208132
    [Order Page Time/Date] => Tue, 30 Nov 44669 23:02:12 -0500
    [User Agent] => Mozilla/5.0 (Windows NT 6.1; WOW64; rv:15.0) Gecko/20100101 Firefox/15.0.1
)
