Array
(
    [Order ID] => 0
    [Price] => 350
    [User ID] => 944
    [IP] => 64.140.231.213
    [Timestamp] => 1355146463
    [Time/Date] => Mon, 10 Dec 2012 08:34:23 -0500
    [Order Page Timestamp] => 1355146456538
    [Order Page Time/Date] => Fri, 18 Nov 44912 06:15:38 -0500
    [User Agent] => Mozilla/4.0 (compatible; MSIE 8.0; Windows NT 5.1; Trident/4.0; SearchToolbar 1.2; FCTB100750; GTB7.4; .NET CLR 2.0.50727; .NET CLR 3.0.4506.2152; .NET CLR 3.5.30729; .NET4.0C; .NET4.0E; yie8)
)
Array
(
    [Order ID] => 0
    [Price] => 238
    [User ID] => 247
    [IP] => 70.96.33.195
    [Timestamp] => 1355153878
    [Time/Date] => Mon, 10 Dec 2012 10:37:58 -0500
    [Order Page Timestamp] => 1355153871136
    [Order Page Time/Date] => Sun, 12 Feb 44913 01:52:16 -0500
    [User Agent] => Mozilla/5.0 (Windows NT 6.1; WOW64) AppleWebKit/537.11 (KHTML, like Gecko) Chrome/23.0.1271.95 Safari/537.11
)
Array
(
    [Order ID] => 0
    [Price] => 238
    [User ID] => 247
    [IP] => 70.96.33.195
    [Timestamp] => 1355153988
    [Time/Date] => Mon, 10 Dec 2012 10:39:48 -0500
    [Order Page Timestamp] => 1355153871136
    [Order Page Time/Date] => Sun, 12 Feb 44913 01:52:16 -0500
    [User Agent] => Mozilla/5.0 (Windows NT 6.1; WOW64) AppleWebKit/537.11 (KHTML, like Gecko) Chrome/23.0.1271.95 Safari/537.11
)
Array
(
    [Order ID] => 0
    [Price] => 295
    [User ID] => 1114
    [IP] => 72.4.192.2
    [Timestamp] => 1355154845
    [Time/Date] => Mon, 10 Dec 2012 10:54:05 -0500
    [Order Page Timestamp] => 1355154827100
    [Order Page Time/Date] => Thu, 23 Feb 44913 03:25:00 -0500
    [User Agent] => Mozilla/4.0 (compatible; MSIE 8.0; Windows NT 6.1; WOW64; Trident/4.0; SLCC2; .NET CLR 2.0.50727; .NET CLR 3.5.30729; .NET CLR 3.0.30729; Media Center PC 6.0; .NET4.0C; .NET4.0E)
)
Array
(
    [Order ID] => 0
    [Price] => 137.5
    [User ID] => 1117
    [IP] => 74.95.21.165
    [Timestamp] => 1355170437
    [Time/Date] => Mon, 10 Dec 2012 15:13:57 -0500
    [Order Page Timestamp] => 1355170408100
    [Order Page Time/Date] => Tue, 22 Aug 44913 11:28:20 -0500
    [User Agent] => Mozilla/5.0 (compatible; MSIE 9.0; Windows NT 6.1; Trident/5.0)
)
Array
(
    [Order ID] => 0
    [Price] => 196
    [User ID] => 270
    [IP] => 70.96.33.195
    [Timestamp] => 1355173104
    [Time/Date] => Mon, 10 Dec 2012 15:58:24 -0500
    [Order Page Timestamp] => 1355166153174
    [Order Page Time/Date] => Tue, 04 Jul 44913 05:32:54 -0500
    [User Agent] => Mozilla/5.0 (Windows NT 6.1; WOW64) AppleWebKit/537.11 (KHTML, like Gecko) Chrome/23.0.1271.95 Safari/537.11
)
Array
(
    [Order ID] => 0
    [Price] => 196
    [User ID] => 270
    [IP] => 70.96.33.195
    [Timestamp] => 1355173200
    [Time/Date] => Mon, 10 Dec 2012 16:00:00 -0500
    [Order Page Timestamp] => 1355173197786
    [Order Page Time/Date] => Sat, 23 Sep 44913 18:23:06 -0500
    [User Agent] => Mozilla/5.0 (Windows NT 6.1; WOW64; rv:17.0) Gecko/20100101 Firefox/17.0
)
