Array
(
    [Order ID] => 0
    [Price] => 29.75
    [User ID] => 527
    [IP] => 71.181.37.185
    [Timestamp] => 1340728190
    [Time/Date] => Tue, 26 Jun 2012 12:29:50 -0400
    [Order Page Timestamp] => 1340728178603
    [Order Page Time/Date] => Sun, 26 Dec 44455 01:03:23 -0500
    [User Agent] => Mozilla/5.0 (compatible; MSIE 9.0; Windows NT 6.1; WOW64; Trident/5.0)
)
Array
(
    [Order ID] => 0
    [Price] => 29.75
    [User ID] => 527
    [IP] => 71.181.37.185
    [Timestamp] => 1340733390
    [Time/Date] => Tue, 26 Jun 2012 13:56:30 -0400
    [Order Page Timestamp] => 1340733385961
    [Order Page Time/Date] => Thu, 24 Feb 44456 07:32:41 -0500
    [User Agent] => Mozilla/5.0 (compatible; MSIE 9.0; Windows NT 6.1; WOW64; Trident/5.0; FunWebProducts)
)
Array
(
    [Order ID] => 0
    [Price] => 393.25
    [User ID] => 247
    [IP] => 70.96.33.195
    [Timestamp] => 1340744558
    [Time/Date] => Tue, 26 Jun 2012 17:02:38 -0400
    [Order Page Timestamp] => 1340744554082
    [Order Page Time/Date] => Sun, 02 Jul 44456 13:48:02 -0500
    [User Agent] => Mozilla/5.0 (Windows NT 6.1; WOW64; rv:13.0) Gecko/20100101 Firefox/13.0.1
)
