Array
(
    [Order ID] => 0
    [Price] => 192.5
    [User ID] => 247
    [IP] => 70.96.33.195
    [Timestamp] => 1354552821
    [Time/Date] => Mon, 03 Dec 2012 11:40:21 -0500
    [Order Page Timestamp] => 1354552807336
    [Order Page Time/Date] => Mon, 25 Jan 44894 07:42:16 -0500
    [User Agent] => Mozilla/5.0 (Windows NT 6.1; WOW64) AppleWebKit/537.11 (KHTML, like Gecko) Chrome/23.0.1271.95 Safari/537.11
)
Array
(
    [Order ID] => 0
    [Price] => 192.5
    [User ID] => 247
    [IP] => 70.96.33.195
    [Timestamp] => 1354552840
    [Time/Date] => Mon, 03 Dec 2012 11:40:40 -0500
    [Order Page Timestamp] => 1354552829837
    [Order Page Time/Date] => Mon, 25 Jan 44894 13:57:17 -0500
    [User Agent] => Mozilla/5.0 (Windows NT 6.1; WOW64) AppleWebKit/537.11 (KHTML, like Gecko) Chrome/23.0.1271.95 Safari/537.11
)
