Array
(
    [Order ID] => 0
    [Price] => 19.25
    [User ID] => 483
    [IP] => 75.69.211.139
    [Timestamp] => 1338836386
    [Time/Date] => Mon, 04 Jun 2012 14:59:46 -0400
    [Order Page Timestamp] => 1338836344529
    [Order Page Time/Date] => Sat, 13 Jan 44396 19:35:29 -0500
    [User Agent] => Mozilla/5.0 (Windows NT 5.1) AppleWebKit/536.5 (KHTML, like Gecko) Chrome/19.0.1084.52 Safari/536.5
)
Array
(
    [Order ID] => 0
    [Price] => 412.5
    [User ID] => 510
    [IP] => 173.210.98.74
    [Timestamp] => 1338840222
    [Time/Date] => Mon, 04 Jun 2012 16:03:42 -0400
    [Order Page Timestamp] => 1338840205090
    [Order Page Time/Date] => Tue, 27 Feb 44396 11:58:10 -0500
    [User Agent] => Mozilla/4.0 (compatible; MSIE 8.0; Windows NT 5.1; Trident/4.0; GTB7.3; .NET CLR 1.1.4322; .NET CLR 2.0.50727; .NET CLR 3.0.4506.2152; .NET CLR 3.5.30729)
)
Array
(
    [Order ID] => 0
    [Price] => 131.25
    [User ID] => 247
    [IP] => 70.96.33.195
    [Timestamp] => 1338841905
    [Time/Date] => Mon, 04 Jun 2012 16:31:45 -0400
    [Order Page Timestamp] => 1338841729457
    [Order Page Time/Date] => Sat, 16 Mar 44396 03:24:17 -0500
    [User Agent] => Mozilla/5.0 (Windows NT 6.1; WOW64; rv:12.0) Gecko/20100101 Firefox/12.0
)
Array
(
    [Order ID] => 0
    [Price] => 131.25
    [User ID] => 247
    [IP] => 70.96.33.195
    [Timestamp] => 1338841937
    [Time/Date] => Mon, 04 Jun 2012 16:32:17 -0400
    [Order Page Timestamp] => 1338841729457
    [Order Page Time/Date] => Sat, 16 Mar 44396 03:24:17 -0500
    [User Agent] => Mozilla/5.0 (Windows NT 6.1; WOW64; rv:12.0) Gecko/20100101 Firefox/12.0
)
