Array
(
    [Order ID] => 0
    [Price] => 45
    [User ID] => 460
    [IP] => 184.61.64.38
    [Timestamp] => 1337961138
    [Time/Date] => Fri, 25 May 2012 11:52:18 -0400
    [Order Page Timestamp] => 1337961088179
    [Order Page Time/Date] => Fri, 19 Apr 44368 12:49:39 -0500
    [User Agent] => Mozilla/4.0 (compatible; MSIE 8.0; Windows NT 5.1; Trident/4.0; InfoPath.2; .NET CLR 1.1.4322; .NET CLR 2.0.50727; .NET CLR 3.0.4506.2152; .NET CLR 3.5.30729)
)
Array
(
    [Order ID] => 0
    [Price] => 71.5
    [User ID] => 491
    [IP] => 66.229.146.82
    [Timestamp] => 1337978128
    [Time/Date] => Fri, 25 May 2012 16:35:28 -0400
    [Order Page Timestamp] => 1337978086059
    [Order Page Time/Date] => Sat, 02 Nov 44368 06:27:39 -0500
    [User Agent] => Mozilla/5.0 (Macintosh; Intel Mac OS X 10.5; rv:11.0) Gecko/20100101 Firefox/11.0
)
