Array
(
    [Order ID] => 0
    [Price] => 3025
    [User ID] => 247
    [IP] => 209.251.10.51
    [Timestamp] => 1345064770
    [Time/Date] => Wed, 15 Aug 2012 17:06:10 -0400
    [Order Page Timestamp] => 1345064743717
    [Order Page Time/Date] => Mon, 27 May 44593 18:28:37 -0500
    [User Agent] => Mozilla/5.0 (Windows NT 6.1; WOW64; rv:14.0) Gecko/20100101 Firefox/14.0.1
)
Array
(
    [Order ID] => 0
    [Price] => 523.75
    [User ID] => 653
    [IP] => 74.220.227.50
    [Timestamp] => 1345064813
    [Time/Date] => Wed, 15 Aug 2012 17:06:53 -0400
    [Order Page Timestamp] => 1345064796167
    [Order Page Time/Date] => Tue, 28 May 44593 09:02:47 -0500
    [User Agent] => Mozilla/5.0 (compatible; MSIE 9.0; Windows NT 6.1; Trident/5.0)
)
