Array
(
    [Order ID] => 0
    [Price] => 27.5
    [User ID] => 994
    [IP] => 174.48.228.205
    [Timestamp] => 1354597540
    [Time/Date] => Tue, 04 Dec 2012 00:05:40 -0500
    [Order Page Timestamp] => 1354597536515
    [Order Page Time/Date] => Mon, 27 Jun 44895 00:28:35 -0500
    [User Agent] => Mozilla/5.0 (Windows NT 5.1; rv:16.0) Gecko/20100101 Firefox/16.0
)
Array
(
    [Order ID] => 0
    [Price] => 137.5
    [User ID] => 386
    [IP] => 70.96.33.195
    [Timestamp] => 1354636002
    [Time/Date] => Tue, 04 Dec 2012 10:46:42 -0500
    [Order Page Timestamp] => 1354635646468
    [Order Page Time/Date] => Mon, 10 Sep 44896 02:34:28 -0500
    [User Agent] => Mozilla/5.0 (Windows NT 6.1; WOW64) AppleWebKit/537.11 (KHTML, like Gecko) Chrome/23.0.1271.95 Safari/537.11
)
Array
(
    [Order ID] => 0
    [Price] => 137.5
    [User ID] => 386
    [IP] => 70.96.33.195
    [Timestamp] => 1354636363
    [Time/Date] => Tue, 04 Dec 2012 10:52:43 -0500
    [Order Page Timestamp] => 1354635646468
    [Order Page Time/Date] => Mon, 10 Sep 44896 02:34:28 -0500
    [User Agent] => Mozilla/5.0 (Windows NT 6.1; WOW64) AppleWebKit/537.11 (KHTML, like Gecko) Chrome/23.0.1271.95 Safari/537.11
)
Array
(
    [Order ID] => 0
    [Price] => 91
    [User ID] => 585
    [IP] => 75.67.217.118
    [Timestamp] => 1354638302
    [Time/Date] => Tue, 04 Dec 2012 11:25:02 -0500
    [Order Page Timestamp] => 1354638266333
    [Order Page Time/Date] => Wed, 10 Oct 44896 10:18:53 -0500
    [User Agent] => Mozilla/5.0 (compatible; MSIE 9.0; Windows NT 6.1; WOW64; Trident/5.0)
)
Array
(
    [Order ID] => 0
    [Price] => 1406.25
    [User ID] => 247
    [IP] => 173.164.163.230
    [Timestamp] => 1354662596
    [Time/Date] => Tue, 04 Dec 2012 18:09:56 -0500
    [Order Page Timestamp] => 1354662559971
    [Order Page Time/Date] => Thu, 18 Jul 44897 14:32:51 -0500
    [User Agent] => Mozilla/5.0 (Windows NT 6.1; WOW64) AppleWebKit/537.11 (KHTML, like Gecko) Chrome/23.0.1271.95 Safari/537.11
)
