Array
(
    [Order ID] => 0
    [Price] => 750
    [User ID] => 479
    [IP] => 70.88.214.25
    [Timestamp] => 1339768196
    [Time/Date] => Fri, 15 Jun 2012 09:49:56 -0400
    [Order Page Timestamp] => 1339768187194
    [Order Page Time/Date] => Fri, 25 Jul 44425 00:46:34 -0500
    [User Agent] => Mozilla/4.0 (compatible; MSIE 8.0; Windows NT 5.1; Trident/4.0; .NET CLR 1.1.4322; .NET CLR 2.0.50727; .NET CLR 3.0.04506.30; .NET CLR 3.0.4506.2152; .NET CLR 3.5.30729; .NET4.0C)
)
Array
(
    [Order ID] => 0
    [Price] => 550
    [User ID] => 353
    [IP] => 173.210.98.74
    [Timestamp] => 1339773212
    [Time/Date] => Fri, 15 Jun 2012 11:13:32 -0400
    [Order Page Timestamp] => 1339773174237
    [Order Page Time/Date] => Sat, 20 Sep 44425 18:03:57 -0500
    [User Agent] => Mozilla/4.0 (compatible; MSIE 8.0; Windows NT 5.1; Trident/4.0; .NET CLR 2.0.50727; .NET CLR 1.1.4322; .NET CLR 3.0.4506.2152; .NET CLR 3.5.30729)
)
Array
(
    [Order ID] => 0
    [Price] => 225.5
    [User ID] => 247
    [IP] => 70.96.33.195
    [Timestamp] => 1339786280
    [Time/Date] => Fri, 15 Jun 2012 14:51:20 -0400
    [Order Page Timestamp] => 1339786255177
    [Order Page Time/Date] => Thu, 19 Feb 44426 03:39:37 -0500
    [User Agent] => Mozilla/5.0 (Windows NT 6.1; WOW64; rv:12.0) Gecko/20100101 Firefox/12.0
)
