Array
(
    [Order ID] => 0
    [Price] => 412.5
    [User ID] => 552
    [IP] => 38.111.33.34
    [Timestamp] => 1340900191
    [Time/Date] => Thu, 28 Jun 2012 12:16:31 -0400
    [Order Page Timestamp] => 1340900155225
    [Order Page Time/Date] => Tue, 07 Jun 44461 12:20:25 -0500
    [User Agent] => Mozilla/5.0 (Windows NT 6.1) AppleWebKit/536.5 (KHTML, like Gecko) Chrome/19.0.1084.56 Safari/536.5
)
Array
(
    [Order ID] => 0
    [Price] => 412.5
    [User ID] => 552
    [IP] => 38.111.33.34
    [Timestamp] => 1340900333
    [Time/Date] => Thu, 28 Jun 2012 12:18:53 -0400
    [Order Page Timestamp] => 1340900155225
    [Order Page Time/Date] => Tue, 07 Jun 44461 12:20:25 -0500
    [User Agent] => Mozilla/5.0 (Windows NT 6.1) AppleWebKit/536.5 (KHTML, like Gecko) Chrome/19.0.1084.56 Safari/536.5
)
