Array
(
    [Order ID] => 0
    [Price] => 437.75
    [User ID] => 713
    [IP] => 208.105.186.150
    [Timestamp] => 1347894079
    [Time/Date] => Mon, 17 Sep 2012 11:01:19 -0400
    [Order Page Timestamp] => 1347894064472
    [Order Page Time/Date] => Tue, 23 Jan 44683 12:54:32 -0500
    [User Agent] => Mozilla/4.0 (compatible; MSIE 7.0; Windows NT 6.1; WOW64; Trident/5.0; SLCC2; .NET CLR 2.0.50727; .NET CLR 3.5.30729; .NET CLR 3.0.30729; Media Center PC 6.0; .NET4.0C; BRI/1; BRI/2)
)
Array
(
    [Order ID] => 0
    [Price] => 29.5
    [User ID] => 693
    [IP] => 173.9.117.69
    [Timestamp] => 1347905267
    [Time/Date] => Mon, 17 Sep 2012 14:07:47 -0400
    [Order Page Timestamp] => 1347905221770
    [Order Page Time/Date] => Fri, 01 Jun 44683 16:09:30 -0500
    [User Agent] => Mozilla/5.0 (Windows NT 5.1) AppleWebKit/537.1 (KHTML, like Gecko) Chrome/21.0.1180.89 Safari/537.1
)
Array
(
    [Order ID] => 0
    [Price] => 275
    [User ID] => 741
    [IP] => 70.96.33.195
    [Timestamp] => 1347922082
    [Time/Date] => Mon, 17 Sep 2012 18:48:02 -0400
    [Order Page Timestamp] => 1347922081111
    [Order Page Time/Date] => Thu, 13 Dec 44683 19:18:31 -0500
    [User Agent] => Mozilla/5.0 (Windows NT 6.1; WOW64; rv:15.0) Gecko/20100101 Firefox/15.0.1
)
