Array
(
    [Order ID] => 0
    [Price] => 49.5
    [User ID] => 944
    [IP] => 64.140.231.213
    [Timestamp] => 1353501400
    [Time/Date] => Wed, 21 Nov 2012 07:36:40 -0500
    [Order Page Timestamp] => 1353501396797
    [Order Page Time/Date] => Fri, 01 Oct 44860 05:13:17 -0500
    [User Agent] => Mozilla/4.0 (compatible; MSIE 8.0; Windows NT 5.1; Trident/4.0; SearchToolbar 1.2; FCTB100750; GTB7.4; .NET CLR 2.0.50727; .NET CLR 3.0.4506.2152; .NET CLR 3.5.30729; .NET4.0C; .NET4.0E; yie8)
)
Array
(
    [Order ID] => 0
    [Price] => 2200
    [User ID] => 992
    [IP] => 66.31.25.105
    [Timestamp] => 1353510199
    [Time/Date] => Wed, 21 Nov 2012 10:03:19 -0500
    [Order Page Timestamp] => 1353510189106
    [Order Page Time/Date] => Mon, 10 Jan 44861 23:31:46 -0500
    [User Agent] => Mozilla/5.0 (compatible; MSIE 9.0; Windows NT 6.1; WOW64; Trident/5.0)
)
Array
(
    [Order ID] => 0
    [Price] => 212.5
    [User ID] => 1018
    [IP] => 173.162.171.165
    [Timestamp] => 1353510470
    [Time/Date] => Wed, 21 Nov 2012 10:07:50 -0500
    [Order Page Timestamp] => 1353510346069
    [Order Page Time/Date] => Wed, 12 Jan 44861 19:07:49 -0500
    [User Agent] => Mozilla/4.0 (compatible; MSIE 8.0; Windows NT 6.1; Trident/4.0; SLCC2; .NET CLR 2.0.50727; .NET CLR 3.5.30729; .NET CLR 3.0.30729; Media Center PC 6.0; InfoPath.3; .NET4.0C; .NET4.0E; Tablet PC 2.0)
)
