Array
(
    [Order ID] => 0
    [Price] => 212.5
    [User ID] => 778
    [IP] => 72.4.192.2
    [Timestamp] => 1350568444
    [Time/Date] => Thu, 18 Oct 2012 09:54:04 -0400
    [Order Page Timestamp] => 1350568437143
    [Order Page Time/Date] => Mon, 23 Oct 44767 22:12:23 -0500
    [User Agent] => Mozilla/4.0 (compatible; MSIE 8.0; Windows NT 6.1; WOW64; Trident/4.0; SLCC2; .NET CLR 2.0.50727; .NET CLR 3.5.30729; .NET CLR 3.0.30729; Media Center PC 6.0; .NET4.0C; .NET4.0E)
)
Array
(
    [Order ID] => 0
    [Price] => 281.25
    [User ID] => 849
    [IP] => 64.223.176.200
    [Timestamp] => 1350590032
    [Time/Date] => Thu, 18 Oct 2012 15:53:52 -0400
    [Order Page Timestamp] => 1350590008182
    [Order Page Time/Date] => Sat, 29 Jun 44768 14:09:42 -0500
    [User Agent] => Mozilla/4.0 (compatible; MSIE 8.0; Windows NT 6.1; Trident/4.0; SLCC2; .NET CLR 2.0.50727; .NET CLR 3.5.30729; .NET CLR 3.0.30729; Media Center PC 6.0; InfoPath.2; .NET CLR 1.1.4322; .NET4.0C; .NET4.0E)
)
Array
(
    [Order ID] => 0
    [Price] => 281.25
    [User ID] => 849
    [IP] => 64.223.176.200
    [Timestamp] => 1350590366
    [Time/Date] => Thu, 18 Oct 2012 15:59:26 -0400
    [Order Page Timestamp] => 1350590288349
    [Order Page Time/Date] => Tue, 02 Jul 44768 19:59:09 -0500
    [User Agent] => Mozilla/4.0 (compatible; MSIE 8.0; Windows NT 6.1; Trident/4.0; SLCC2; .NET CLR 2.0.50727; .NET CLR 3.5.30729; .NET CLR 3.0.30729; Media Center PC 6.0; InfoPath.2; .NET CLR 1.1.4322; .NET4.0C; .NET4.0E)
)
Array
(
    [Order ID] => 0
    [Price] => 275
    [User ID] => 851
    [IP] => 134.68.58.171
    [Timestamp] => 1350596998
    [Time/Date] => Thu, 18 Oct 2012 17:49:58 -0400
    [Order Page Timestamp] => 1350596936602
    [Order Page Time/Date] => Tue, 17 Sep 44768 18:43:22 -0500
    [User Agent] => Mozilla/5.0 (compatible; MSIE 9.0; Windows NT 6.1; Trident/5.0)
)
