Array
(
    [Order ID] => 0
    [Price] => 200
    [User ID] => 1035
    [IP] => 64.208.41.254
    [Timestamp] => 1354034621
    [Time/Date] => Tue, 27 Nov 2012 11:43:41 -0500
    [Order Page Timestamp] => 1354034518100
    [Order Page Time/Date] => Mon, 23 Aug 44877 14:28:20 -0500
    [User Agent] => Mozilla/4.0 (compatible; MSIE 8.0; Windows NT 5.1; Trident/4.0; .NET CLR 1.1.4322; .NET CLR 2.0.50727; .NET CLR 3.0.4506.2152; .NET CLR 3.5.30729; .NET4.0C; InfoPath.2; .NET4.0E)
)
Array
(
    [Order ID] => 0
    [Price] => 1243.75
    [User ID] => 399
    [IP] => 24.62.4.180
    [Timestamp] => 1354042744
    [Time/Date] => Tue, 27 Nov 2012 13:59:04 -0500
    [Order Page Timestamp] => 1354042732642
    [Order Page Time/Date] => Fri, 26 Nov 44877 16:17:22 -0500
    [User Agent] => Mozilla/5.0 (compatible; MSIE 9.0; Windows NT 6.1; WOW64; Trident/5.0; yie9)
)
