Array
(
    [q] => payment-received
    [billTo_lastName] => John
    [billTo_phoneNumber] => 6034315144
    [orderAmount] => 212.5
    [billTo_street1] => ONE NEW HAMPSHIRE AVE
    [billTo_street2] => SUITE 235
    [card_accountNumber] => ############4494
    [platform] => prd
    [orderAmount_publicSignature] => 07xCaZTDbhPw0eH4YhO/e8a3xgk=
    [orderPage_serialNumber] => 3213046286400176056193
    [orderCurrency] => usd
    [reconciliationID] => 122779790WTOFO8XVHXOF
    [signedDataPublicSignature] => zvtTXXor1w7fA/dSyD0eL2cASpM=
    [decision] => ACCEPT
    [ccAuthReply_processorResponse] => 00
    [source_domain] => nh.tcro.us
    [billTo_state] => NH
    [billTo_firstName] => Lyons
    [billTo_customerID] => 631
    [uid] => 631
    [billTo_company] => Lyons Law Offices, P.A.
    [card_expirationYear] => 2014
    [merchantDefinedData1] => Request ID: 34712
    [transactionSignature] => pVFBXLHCkNJ2WOlQqCU0CA3Ek+c=
    [billTo_city] => PORTSMOUTH
    [billTo_postalCode] => 03801
    [orderPage_requestToken] => Ahj//wSRfVMba+Qd39BCKFWLJk3buW7lhXqT409xYrSLE+MmoKspFeAJNQVZSK8aQPpgRIDDJpJlXR6SzjgYP5F9Uxtr5B3f0EIAdhzy
    [ccAuthReply_amount] => 212.50
    [orderCurrency_publicSignature] => pfcMEzOHelrVLvafAkpPGnECGbk=
    [orderPage_transactionType] => sale
    [ccAuthReply_authorizationCode] => 05584Z
    [decision_publicSignature] => KnPsJG1LWbeM0M209/iKgV4eG28=
    [ccAuthReply_avsCodeRaw] => Z
    [paymentOption] => card
    [billTo_country] => us
    [billTo_email] => SDAVIS@lyonslaw.net
    [reasonCode] => 100
    [order_id] => 34712
    [ccAuthReply_reasonCode] => 100
    [orderPage_environment] => PRODUCTION
    [card_expirationMonth] => 11
    [merchantID] => avtranzsb
    [orderNumber_publicSignature] => 037qHzJQojusJAVdFqILOiNvoew=
    [requestID] => 3517098995420178147361
    [orderNumber] => 1351709899541
    [signedFields] => billTo_lastName,billTo_phoneNumber,orderAmount,billTo_street1,billTo_street2,card_accountNumber,platform,orderAmount_publicSignature,orderPage_serialNumber,orderCurrency,reconciliationID,decision,ccAuthReply_processorResponse,source_domain,billTo_state,billTo_firstName,billTo_customerID,uid,billTo_company,card_expirationYear,merchantDefinedData1,billTo_city,billTo_postalCode,orderPage_requestToken,ccAuthReply_amount,orderCurrency_publicSignature,orderPage_transactionType,ccAuthReply_authorizationCode,decision_publicSignature,ccAuthReply_avsCodeRaw,paymentOption,billTo_country,billTo_email,reasonCode,order_id,ccAuthReply_reasonCode,orderPage_environment,card_expirationMonth,merchantID,orderNumber_publicSignature,requestID,orderNumber,ccAuthReply_authorizedDateTime,card_cardType,ccAuthReply_avsCode
    [ccAuthReply_authorizedDateTime] => 2012-10-31T185820Z
    [card_cardType] => 002
    [ccAuthReply_avsCode] => Z
)
Array
(
    [q] => payment-received
    [billTo_lastName] => Nappen
    [billTo_phoneNumber] => 6032230001
    [orderAmount] => 137.5
    [billTo_street1] => 280 Pleasant Street
    [card_accountNumber] => ############5539
    [platform] => prd
    [orderAmount_publicSignature] => QvCqkMuKXpH5a050hcLLVnI9d4Y=
    [orderPage_serialNumber] => 3213046286400176056193
    [orderCurrency] => usd
    [reconciliationID] => 122794587WTO1Q8XVI31Y
    [signedDataPublicSignature] => sfuIZy86592+m8H5R3c7Rtc17G4=
    [decision] => ACCEPT
    [ccAuthReply_processorResponse] => 00
    [source_domain] => nh.tcro.us
    [billTo_state] => NH
    [billTo_firstName] => Evan
    [billTo_customerID] => 906
    [uid] => 906
    [billTo_company] => E.F. Nappen, Attorney At Law, PC
    [card_expirationYear] => 2013
    [merchantDefinedData1] => Request ID: 34042
    [transactionSignature] => jjhVZnhqCps341ubSyo/19OTZdk=
    [billTo_city] => Concord
    [billTo_postalCode] => 03301
    [orderPage_requestToken] => Ahj//wSRfVOgCwA5quBCKFWLJk3ctGrhvXqT2NFxYrSWbGymkcR2qbQFNI4jtU26QO1tiQGGTSTKuj0lnHAwjyL6p0AWAHNVwIQAwBeu
    [ccAuthReply_amount] => 137.50
    [orderCurrency_publicSignature] => pfcMEzOHelrVLvafAkpPGnECGbk=
    [orderPage_transactionType] => sale
    [ccAuthReply_authorizationCode] => 245510
    [decision_publicSignature] => KnPsJG1LWbeM0M209/iKgV4eG28=
    [ccAuthReply_avsCodeRaw] => Y
    [paymentOption] => card
    [billTo_country] => us
    [billTo_email] => gunesq@comcast.net
    [reasonCode] => 100
    [order_id] => 34042
    [ccAuthReply_reasonCode] => 100
    [orderPage_environment] => PRODUCTION
    [card_expirationMonth] => 07
    [merchantID] => avtranzsb
    [orderNumber_publicSignature] => VgA/q6wlicexGVkoidazf3iO5ZI=
    [requestID] => 3517117660240178147361
    [orderNumber] => 1351711766022
    [signedFields] => billTo_lastName,billTo_phoneNumber,orderAmount,billTo_street1,card_accountNumber,platform,orderAmount_publicSignature,orderPage_serialNumber,orderCurrency,reconciliationID,decision,ccAuthReply_processorResponse,source_domain,billTo_state,billTo_firstName,billTo_customerID,uid,billTo_company,card_expirationYear,merchantDefinedData1,billTo_city,billTo_postalCode,orderPage_requestToken,ccAuthReply_amount,orderCurrency_publicSignature,orderPage_transactionType,ccAuthReply_authorizationCode,decision_publicSignature,ccAuthReply_avsCodeRaw,paymentOption,billTo_country,billTo_email,reasonCode,order_id,ccAuthReply_reasonCode,orderPage_environment,card_expirationMonth,merchantID,orderNumber_publicSignature,requestID,orderNumber,ccAuthReply_authorizedDateTime,card_cardType,ccAuthReply_avsCode
    [ccAuthReply_authorizedDateTime] => 2012-10-31T192928Z
    [card_cardType] => 001
    [ccAuthReply_avsCode] => Y
)
