Array
(
    [q] => payment-received
    [billTo_lastName] => Reyes
    [billTo_phoneNumber] => 7864192652
    [orderAmount] => 206.25
    [billTo_street1] => 2103 SW 11 Street
    [card_accountNumber] => ############6906
    [platform] => prd
    [orderAmount_publicSignature] => WjbevsD550bMKorvyXP1vBmotXA=
    [orderPage_serialNumber] => 3213046286400176056193
    [orderCurrency] => usd
    [reconciliationID] => 133147658WTO8H9R0CJWK
    [signedDataPublicSignature] => ajDCOA2og7o3xzMPh4ZNf1WnRk4=
    [decision] => ACCEPT
    [ccAuthReply_processorResponse] => 00
    [source_domain] => nh.tcro.us
    [billTo_state] => fl
    [billTo_firstName] => Miguel
    [billTo_customerID] => 994
    [uid] => 994
    [card_expirationYear] => 2015
    [merchantDefinedData1] => Request ID: 36264
    [transactionSignature] => UHdjqzzEAGR8oHiCta1kX4Br/dA=
    [billTo_city] => miami
    [billTo_postalCode] => 33135
    [orderPage_requestToken] => Ahj//wSRf2DmtC/IGDhGKFWLNmxaN2zVxXqT3EhzSYQ5VeWmj+vdA6gFNH9e6B1aQPoSJIvDJpJlXR6SzjgYPpF/YOa0L8gYOEYA3gQe
    [ccAuthReply_amount] => 206.25
    [orderCurrency_publicSignature] => pfcMEzOHelrVLvafAkpPGnECGbk=
    [orderPage_transactionType] => sale
    [ccAuthReply_authorizationCode] => 021112
    [decision_publicSignature] => KnPsJG1LWbeM0M209/iKgV4eG28=
    [ccAuthReply_avsCodeRaw] => Y
    [paymentOption] => card
    [billTo_country] => us
    [billTo_email] => m_33135@yahoo.com
    [reasonCode] => 100
    [order_id] => 36264
    [ccAuthReply_reasonCode] => 100
    [orderPage_environment] => PRODUCTION
    [card_expirationMonth] => 03
    [merchantID] => avtranzsb
    [orderNumber_publicSignature] => JJ5QUG0yfzuFyE7AAGj8KCOVVTI=
    [requestID] => 3536042723310178147363
    [orderNumber] => 1353604272329
    [signedFields] => billTo_lastName,billTo_phoneNumber,orderAmount,billTo_street1,card_accountNumber,platform,orderAmount_publicSignature,orderPage_serialNumber,orderCurrency,reconciliationID,decision,ccAuthReply_processorResponse,source_domain,billTo_state,billTo_firstName,billTo_customerID,uid,card_expirationYear,merchantDefinedData1,billTo_city,billTo_postalCode,orderPage_requestToken,ccAuthReply_amount,orderCurrency_publicSignature,orderPage_transactionType,ccAuthReply_authorizationCode,decision_publicSignature,ccAuthReply_avsCodeRaw,paymentOption,billTo_country,billTo_email,reasonCode,order_id,ccAuthReply_reasonCode,orderPage_environment,card_expirationMonth,merchantID,orderNumber_publicSignature,requestID,orderNumber,ccAuthReply_authorizedDateTime,card_cardType,ccAuthReply_avsCode
    [ccAuthReply_authorizedDateTime] => 2012-11-22T171113Z
    [card_cardType] => 001
    [ccAuthReply_avsCode] => Y
)
