Array
(
    [Order ID] => 0
    [Price] => 2100
    [User ID] => 614
    [IP] => 72.248.85.98
    [Timestamp] => 1350492079
    [Time/Date] => Wed, 17 Oct 2012 12:41:19 -0400
    [Order Page Timestamp] => 1350492067610
    [Order Page Time/Date] => Sun, 23 May 44765 00:26:50 -0500
    [User Agent] => Mozilla/4.0 (compatible; MSIE 8.0; Windows NT 5.1; Trident/4.0; .NET CLR 1.1.4322; .NET CLR 2.0.50727; .NET CLR 3.0.4506.2152; .NET CLR 3.5.30729)
)
Array
(
    [Order ID] => 0
    [Price] => 1062.5
    [User ID] => 479
    [IP] => 70.88.214.25
    [Timestamp] => 1350492093
    [Time/Date] => Wed, 17 Oct 2012 12:41:33 -0400
    [Order Page Timestamp] => 1350491910433
    [Order Page Time/Date] => Fri, 21 May 44765 04:47:13 -0500
    [User Agent] => Mozilla/4.0 (compatible; MSIE 8.0; Windows NT 5.1; Trident/4.0; .NET CLR 1.1.4322; .NET CLR 2.0.50727; .NET CLR 3.0.04506.30; .NET CLR 3.0.4506.2152; .NET CLR 3.5.30729; .NET4.0C)
)
Array
(
    [Order ID] => 0
    [Price] => 393.75
    [User ID] => 845
    [IP] => 71.174.68.22
    [Timestamp] => 1350492459
    [Time/Date] => Wed, 17 Oct 2012 12:47:39 -0400
    [Order Page Timestamp] => 1350492435237
    [Order Page Time/Date] => Thu, 27 May 44765 06:33:57 -0500
    [User Agent] => Mozilla/4.0 (compatible; MSIE 8.0; Windows NT 5.1; Trident/4.0; GTB7.4; .NET CLR 2.0.50727; .NET CLR 3.0.4506.2152; .NET CLR 3.5.30729; .NET4.0C; .NET4.0E)
)
Array
(
    [Order ID] => 0
    [Price] => 4.25
    [User ID] => 517
    [IP] => 173.166.98.13
    [Timestamp] => 1350501422
    [Time/Date] => Wed, 17 Oct 2012 15:17:02 -0400
    [Order Page Timestamp] => 1350501385478
    [Order Page Time/Date] => Tue, 07 Sep 44765 20:44:38 -0500
    [User Agent] => Mozilla/5.0 (Windows NT 6.1; rv:15.0) Gecko/20100101 Firefox/15.0.1
)
Array
(
    [Order ID] => 0
    [Price] => 4.25
    [User ID] => 517
    [IP] => 173.166.98.13
    [Timestamp] => 1350501454
    [Time/Date] => Wed, 17 Oct 2012 15:17:34 -0400
    [Order Page Timestamp] => 1350501385478
    [Order Page Time/Date] => Tue, 07 Sep 44765 20:44:38 -0500
    [User Agent] => Mozilla/5.0 (Windows NT 6.1; rv:15.0) Gecko/20100101 Firefox/15.0.1
)
Array
(
    [Order ID] => 0
    [Price] => 106.25
    [User ID] => 843
    [IP] => 24.128.163.241
    [Timestamp] => 1350502732
    [Time/Date] => Wed, 17 Oct 2012 15:38:52 -0400
    [Order Page Timestamp] => 1350502716341
    [Order Page Time/Date] => Thu, 23 Sep 44765 06:25:41 -0500
    [User Agent] => Mozilla/5.0 (Windows NT 6.0) AppleWebKit/537.4 (KHTML, like Gecko) Chrome/22.0.1229.94 Safari/537.4
)
Array
(
    [Order ID] => 0
    [Price] => 68.75
    [User ID] => 430
    [IP] => 70.96.33.195
    [Timestamp] => 1350510146
    [Time/Date] => Wed, 17 Oct 2012 17:42:26 -0400
    [Order Page Timestamp] => 1350510143127
    [Order Page Time/Date] => Sat, 18 Dec 44765 05:25:27 -0500
    [User Agent] => Mozilla/5.0 (Windows NT 6.1) AppleWebKit/537.4 (KHTML, like Gecko) Chrome/22.0.1229.94 Safari/537.4
)
Array
(
    [Order ID] => 0
    [Price] => 68.75
    [User ID] => 430
    [IP] => 70.96.33.195
    [Timestamp] => 1350510212
    [Time/Date] => Wed, 17 Oct 2012 17:43:32 -0400
    [Order Page Timestamp] => 1350510143127
    [Order Page Time/Date] => Sat, 18 Dec 44765 05:25:27 -0500
    [User Agent] => Mozilla/5.0 (Windows NT 6.1) AppleWebKit/537.4 (KHTML, like Gecko) Chrome/22.0.1229.94 Safari/537.4
)
Array
(
    [Order ID] => 0
    [Price] => 68.75
    [User ID] => 430
    [IP] => 70.96.33.195
    [Timestamp] => 1350510293
    [Time/Date] => Wed, 17 Oct 2012 17:44:53 -0400
    [Order Page Timestamp] => 1350510143127
    [Order Page Time/Date] => Sat, 18 Dec 44765 05:25:27 -0500
    [User Agent] => Mozilla/5.0 (Windows NT 6.1) AppleWebKit/537.4 (KHTML, like Gecko) Chrome/22.0.1229.94 Safari/537.4
)
