Array
(
    [q] => payment-received
    [billTo_lastName] => Holmes
    [billTo_phoneNumber] => 6036281180
    [orderAmount] => 350
    [billTo_street1] => 900 Elm Street
    [billTo_street2] => P.O. Box 326
    [card_accountNumber] => ############0684
    [platform] => prd
    [orderAmount_publicSignature] => kNIjfZivUbXdqf0kh3m2qMQ89t0=
    [orderPage_serialNumber] => 3213046286400176056193
    [orderCurrency] => usd
    [reconciliationID] => 138255129WTO9N9LAX0O2
    [signedDataPublicSignature] => TX47S6345dNZadTy5usQ+p7U/co=
    [decision] => ACCEPT
    [ccAuthReply_processorResponse] => 00
    [source_domain] => nh.tcro.us
    [billTo_state] => NH
    [billTo_firstName] => Ralph
    [billTo_customerID] => 1055
    [uid] => 1055
    [billTo_company] => McLane, Graf, Raulerson & Middleton
    [card_expirationYear] => 2015
    [merchantDefinedData1] => Request ID: 38522
    [transactionSignature] => MGbAIgqni90fDNg7kQ5uqsKpmrQ=
    [billTo_city] => Manchester
    [billTo_postalCode] => 03105
    [orderPage_requestToken] => Ahj//wSRgCLbm0SLbYA+KFWLNwyatWLJzXqT3M5zMg2GE9kmkraYbxQFNJW0w3i6QQiLgkfhk0kyro9JZxwMG8jAEW3NokW2wB8A9Ets
    [ccAuthReply_amount] => 350.00
    [orderCurrency_publicSignature] => pfcMEzOHelrVLvafAkpPGnECGbk=
    [orderPage_transactionType] => sale
    [ccAuthReply_authorizationCode] => 02729G
    [decision_publicSignature] => KnPsJG1LWbeM0M209/iKgV4eG28=
    [ccAuthReply_avsCodeRaw] => Z
    [paymentOption] => card
    [billTo_country] => us
    [billTo_email] => kenton.villano@mclane.com
    [reasonCode] => 100
    [order_id] => 38522
    [ccAuthReply_reasonCode] => 100
    [orderPage_environment] => PRODUCTION
    [card_expirationMonth] => 09
    [merchantID] => avtranzsb
    [orderNumber_publicSignature] => FVE0LH5iQJ6fPw4SU2SXGAvff3s=
    [requestID] => 3543030748120178147359
    [orderNumber] => 1354303074810
    [signedFields] => billTo_lastName,billTo_phoneNumber,orderAmount,billTo_street1,billTo_street2,card_accountNumber,platform,orderAmount_publicSignature,orderPage_serialNumber,orderCurrency,reconciliationID,decision,ccAuthReply_processorResponse,source_domain,billTo_state,billTo_firstName,billTo_customerID,uid,billTo_company,card_expirationYear,merchantDefinedData1,billTo_city,billTo_postalCode,orderPage_requestToken,ccAuthReply_amount,orderCurrency_publicSignature,orderPage_transactionType,ccAuthReply_authorizationCode,decision_publicSignature,ccAuthReply_avsCodeRaw,paymentOption,billTo_country,billTo_email,reasonCode,order_id,ccAuthReply_reasonCode,orderPage_environment,card_expirationMonth,merchantID,orderNumber_publicSignature,requestID,orderNumber,ccAuthReply_authorizedDateTime,card_cardType,ccAuthReply_avsCode
    [ccAuthReply_authorizedDateTime] => 2012-11-30T191756Z
    [card_cardType] => 001
    [ccAuthReply_avsCode] => Z
)
