Array
(
    [q] => payment-received
    [billTo_lastName] => Newman
    [billTo_phoneNumber] => 3054438348
    [orderAmount] => 582.5
    [billTo_street1] => 2843 S. Bayshore Drive, 5B
    [card_accountNumber] => ############6422
    [platform] => prd
    [orderAmount_publicSignature] => +o4PDSBSz8tKOFAk0GQ8I/Ee2wY=
    [orderPage_serialNumber] => 3213046286400176056193
    [orderCurrency] => usd
    [reconciliationID] => 150532896WTOFOALSDNMY
    [signedDataPublicSignature] => BvL5UkhBbksuZQDOV3A/4srlSj0=
    [decision] => ACCEPT
    [ccAuthReply_processorResponse] => 00
    [source_domain] => nh.tcro.us
    [billTo_state] => FL
    [billTo_firstName] => Susan
    [billTo_customerID] => 917
    [uid] => 917
    [card_expirationYear] => 2017
    [merchantDefinedData1] => Request ID: 41412
    [transactionSignature] => hsOqSHMa1Aw7G40x5Z+/aXU/JTY=
    [billTo_city] => Miami
    [billTo_postalCode] => 33133
    [orderPage_requestToken] => Ahj//wSRghq5S2ijgEBGKFWLVg1ZsnDltXqT40+DMpxJ02ymoLQKkwwJNQWgVJh6QQ44ok0hk0kyro9JZxwMHsjBDVyltFHAICMA5kql
    [ccAuthReply_amount] => 582.50
    [orderCurrency_publicSignature] => pfcMEzOHelrVLvafAkpPGnECGbk=
    [orderPage_transactionType] => sale
    [ccAuthReply_authorizationCode] => 22364P
    [decision_publicSignature] => KnPsJG1LWbeM0M209/iKgV4eG28=
    [ccAuthReply_avsCodeRaw] => Y
    [paymentOption] => card
    [billTo_country] => us
    [billTo_email] => russ.newman@yahoo.com
    [reasonCode] => 100
    [order_id] => 41412
    [ccAuthReply_reasonCode] => 100
    [orderPage_environment] => PRODUCTION
    [card_expirationMonth] => 09
    [merchantID] => avtranzsb
    [orderNumber_publicSignature] => 07jOTwvSwDysQ4EyukQUpevqG6g=
    [requestID] => 3561184432840178147363
    [orderNumber] => 1356118443282
    [signedFields] => billTo_lastName,billTo_phoneNumber,orderAmount,billTo_street1,card_accountNumber,platform,orderAmount_publicSignature,orderPage_serialNumber,orderCurrency,reconciliationID,decision,ccAuthReply_processorResponse,source_domain,billTo_state,billTo_firstName,billTo_customerID,uid,card_expirationYear,merchantDefinedData1,billTo_city,billTo_postalCode,orderPage_requestToken,ccAuthReply_amount,orderCurrency_publicSignature,orderPage_transactionType,ccAuthReply_authorizationCode,decision_publicSignature,ccAuthReply_avsCodeRaw,paymentOption,billTo_country,billTo_email,reasonCode,order_id,ccAuthReply_reasonCode,orderPage_environment,card_expirationMonth,merchantID,orderNumber_publicSignature,requestID,orderNumber,ccAuthReply_authorizedDateTime,card_cardType,ccAuthReply_avsCode
    [ccAuthReply_authorizedDateTime] => 2012-12-21T193404Z
    [card_cardType] => 002
    [ccAuthReply_avsCode] => Y
)
