Array
(
    [q] => payment-received
    [billTo_lastName] => Azmy
    [billTo_email] => happyazmy@gmail.com
    [orderPage_serialNumber] => 3213046286400176056193
    [ccAuthReply_avsCodeRaw] => Z
    [orderAmount_publicSignature] => bnL2n7wl64QobrvVJCtCzodPTx0=
    [orderCurrency] => usd
    [platform] => prd
    [card_expirationYear] => 2013
    [card_accountNumber] => ############8089
    [reasonCode] => 100
    [billTo_firstName] => Lois
    [signedFields] => billTo_lastName,billTo_email,orderPage_serialNumber,ccAuthReply_avsCodeRaw,orderAmount_publicSignature,orderCurrency,platform,card_expirationYear,card_accountNumber,reasonCode,billTo_firstName,requestID,order_id,orderPage_transactionType,ccAuthReply_reasonCode,ccAuthReply_authorizationCode,card_expirationMonth,orderNumber,orderCurrency_publicSignature,billTo_customerID,reconciliationID,source_domain,ccAuthReply_avsCode,orderPage_requestToken,uid,ccAuthReply_processorResponse,ccAuthReply_amount,decision_publicSignature,ccAuthReply_authorizedDateTime,orderAmount,orderNumber_publicSignature,card_cardType,billTo_street1,decision,billTo_phoneNumber,paymentOption,merchantDefinedData1,billTo_city,billTo_state,merchantID,billTo_postalCode,billTo_country
    [requestID] => 3473776718170178147359
    [order_id] => 24529
    [orderPage_transactionType] => sale
    [ccAuthReply_reasonCode] => 100
    [ccAuthReply_authorizationCode] => 534292
    [card_expirationMonth] => 06
    [orderNumber] => 1347377671815
    [orderCurrency_publicSignature] => pfcMEzOHelrVLvafAkpPGnECGbk=
    [billTo_customerID] => 565
    [signedDataPublicSignature] => HmAnCSkz7ZwNNp2f4M0m3ZHt3PI=
    [reconciliationID] => 098392479WTOFO6T7QXGO
    [source_domain] => nh.tcro.us
    [ccAuthReply_avsCode] => Z
    [orderPage_requestToken] => Ahj//wSReKCsIKLHZqg+KFWDlwzcsmjdzXqT409tUb0bEeemoKAjaIAJNQUBG0QaQO5niM+GTSTKuj0lnHAwbSLxQVhBRY7NUHwAgheZ
    [uid] => 565
    [ccAuthReply_processorResponse] => 00
    [ccAuthReply_amount] => 147.50
    [decision_publicSignature] => KnPsJG1LWbeM0M209/iKgV4eG28=
    [ccAuthReply_authorizedDateTime] => 2012-09-11T153432Z
    [orderAmount] => 147.5
    [orderNumber_publicSignature] => 5w+lj2AEm88U75gj+c44ER8Jkwg=
    [card_cardType] => 002
    [billTo_street1] => 909 Rte 103 E.
    [decision] => ACCEPT
    [billTo_phoneNumber] => 6037486043
    [paymentOption] => card
    [transactionSignature] => WlPycdwW5VzFa2f1XEQ1Xhwc37w=
    [merchantDefinedData1] => Request ID: 24529
    [billTo_city] => Warner
    [billTo_state] => NH
    [merchantID] => avtranzsb
    [billTo_postalCode] => 03278
    [billTo_country] => us
)
Array
(
    [q] => payment-received
    [billTo_lastName] => Babiarz
    [billTo_email] => boottest@yahoo.com
    [orderPage_serialNumber] => 3213046286400176056193
    [ccAuthReply_avsCodeRaw] => Y
    [orderAmount_publicSignature] => QvCqkMuKXpH5a050hcLLVnI9d4Y=
    [orderCurrency] => usd
    [platform] => prd
    [card_expirationYear] => 2014
    [card_accountNumber] => ############7635
    [reasonCode] => 100
    [billTo_firstName] => John
    [signedFields] => billTo_lastName,billTo_email,orderPage_serialNumber,ccAuthReply_avsCodeRaw,orderAmount_publicSignature,orderCurrency,platform,card_expirationYear,card_accountNumber,reasonCode,billTo_firstName,requestID,order_id,orderPage_transactionType,ccAuthReply_reasonCode,ccAuthReply_authorizationCode,card_expirationMonth,orderNumber,orderCurrency_publicSignature,billTo_customerID,orderPage_environment,reconciliationID,source_domain,ccAuthReply_avsCode,orderPage_requestToken,uid,ccAuthReply_processorResponse,ccAuthReply_amount,decision_publicSignature,ccAuthReply_authorizedDateTime,orderAmount,orderNumber_publicSignature,card_cardType,billTo_street1,decision,billTo_phoneNumber,paymentOption,merchantDefinedData1,billTo_city,billTo_state,merchantID,billTo_postalCode,billTo_country
    [requestID] => 3474075522010178147364
    [order_id] => 24624
    [orderPage_transactionType] => sale
    [ccAuthReply_reasonCode] => 100
    [ccAuthReply_authorizationCode] => 07002C
    [card_expirationMonth] => 04
    [orderNumber] => 1347407552199
    [orderCurrency_publicSignature] => pfcMEzOHelrVLvafAkpPGnECGbk=
    [billTo_customerID] => 729
    [signedDataPublicSignature] => OhenjRM8Uu2CP8hBLueB1IcISWs=
    [orderPage_environment] => PRODUCTION
    [reconciliationID] => 098642894WTO9N6ZKZD4U
    [source_domain] => nh.tcro.us
    [ccAuthReply_avsCode] => Y
    [orderPage_requestToken] => Ahj//wSReKj3QaeQ2KhIKFWDlw2aMnDlpXqT3M5tal2ojSqmkqi8NhgFNJVF4bDaQO1tiM+GTSTKuj0lnHAwfSLxUe6DTyGxUJAA9B8J
    [uid] => 729
    [ccAuthReply_processorResponse] => 00
    [ccAuthReply_amount] => 137.50
    [decision_publicSignature] => KnPsJG1LWbeM0M209/iKgV4eG28=
    [ccAuthReply_authorizedDateTime] => 2012-09-11T235233Z
    [orderAmount] => 137.5
    [orderNumber_publicSignature] => C8Bnw07R1TSULTydtngIg0j6DSk=
    [card_cardType] => 001
    [billTo_street1] => 356 Slab City Road
    [decision] => ACCEPT
    [billTo_phoneNumber] => 6035238315
    [paymentOption] => card
    [transactionSignature] => S8fSZQTXhGeiO7VMecA2shg0Mqw=
    [merchantDefinedData1] => Request ID: 24624
    [billTo_city] => Grafton
    [billTo_state] => nh
    [merchantID] => avtranzsb
    [billTo_postalCode] => 03240
    [billTo_country] => us
)
