Array
(
    [q] => payment-received
    [billTo_lastName] => Hogan
    [billTo_phoneNumber] => 6036275605
    [orderAmount] => 3.75
    [billTo_street1] => 329 Mast Road
    [card_accountNumber] => ############7407
    [platform] => prd
    [orderAmount_publicSignature] => NlEX6s4yLSCcw1aOANOQ6uTjkUg=
    [orderPage_serialNumber] => 3213046286400176056193
    [orderCurrency] => usd
    [reconciliationID] => 152536141WTO9NALS94A6
    [signedDataPublicSignature] => qkJI4ZbPS7R0WVt+aXS+d9pzGmw=
    [decision] => ACCEPT
    [ccAuthReply_processorResponse] => 00
    [source_domain] => nh.tcro.us
    [billTo_state] => NH
    [billTo_firstName] => Dennis
    [billTo_customerID] => 1169
    [uid] => 1169
    [billTo_company] => Hillsborough County
    [card_expirationYear] => 2014
    [merchantDefinedData1] => Request ID: 41404
    [transactionSignature] => FCV71J/ZcL3jXHpTb4gnqhHb7To=
    [billTo_city] => Goffstown
    [billTo_postalCode] => 03045
    [orderPage_requestToken] => Ahj//wSRgqk+0uHcLjBIKFWLVk1ZtmLRjXqT3M6DMpuWkFsmkrvd13wJNJXe7rv6QJu5J1DJpJlXR6SzjgYLZGCqT7S4dwuMEgAAiAyx
    [ccAuthReply_amount] => 3.75
    [orderCurrency_publicSignature] => pfcMEzOHelrVLvafAkpPGnECGbk=
    [orderPage_transactionType] => sale
    [ccAuthReply_authorizationCode] => 06432Z
    [decision_publicSignature] => KnPsJG1LWbeM0M209/iKgV4eG28=
    [ccAuthReply_avsCodeRaw] => Y
    [paymentOption] => card
    [billTo_country] => us
    [billTo_email] => mrioux@hcao.net
    [reasonCode] => 100
    [order_id] => 41404
    [ccAuthReply_reasonCode] => 100
    [orderPage_environment] => PRODUCTION
    [card_expirationMonth] => 09
    [merchantID] => avtranzsb
    [orderNumber_publicSignature] => vZKwNkVIA6QENmwgcDdZfEan3hc=
    [requestID] => 3566319314580178147364
    [orderNumber] => 1356631931457
    [signedFields] => billTo_lastName,billTo_phoneNumber,orderAmount,billTo_street1,card_accountNumber,platform,orderAmount_publicSignature,orderPage_serialNumber,orderCurrency,reconciliationID,decision,ccAuthReply_processorResponse,source_domain,billTo_state,billTo_firstName,billTo_customerID,uid,billTo_company,card_expirationYear,merchantDefinedData1,billTo_city,billTo_postalCode,orderPage_requestToken,ccAuthReply_amount,orderCurrency_publicSignature,orderPage_transactionType,ccAuthReply_authorizationCode,decision_publicSignature,ccAuthReply_avsCodeRaw,paymentOption,billTo_country,billTo_email,reasonCode,order_id,ccAuthReply_reasonCode,orderPage_environment,card_expirationMonth,merchantID,orderNumber_publicSignature,requestID,orderNumber,ccAuthReply_authorizedDateTime,card_cardType,ccAuthReply_avsCode
    [ccAuthReply_authorizedDateTime] => 2012-12-27T181213Z
    [card_cardType] => 002
    [ccAuthReply_avsCode] => Y
)
