Array
(
    [Order ID] => 0
    [Price] => 3.75
    [User ID] => 342
    [IP] => 65.96.247.170
    [Timestamp] => 1338994593
    [Time/Date] => Wed, 06 Jun 2012 10:56:33 -0400
    [Order Page Timestamp] => 1338994585491
    [Order Page Time/Date] => Thu, 18 Jan 44401 07:24:51 -0500
    [User Agent] => Mozilla/5.0 (compatible; MSIE 9.0; Windows NT 6.1; WOW64; Trident/5.0)
)
Array
(
    [Order ID] => 0
    [Price] => 3300
    [User ID] => 519
    [IP] => 173.162.247.137
    [Timestamp] => 1339004419
    [Time/Date] => Wed, 06 Jun 2012 13:40:19 -0400
    [Order Page Timestamp] => 1339004382916
    [Order Page Time/Date] => Fri, 11 May 44401 16:55:16 -0500
    [User Agent] => Mozilla/4.0 (compatible; MSIE 8.0; Windows NT 6.1; Trident/4.0; SLCC2; .NET CLR 2.0.50727; .NET CLR 3.5.30729; .NET CLR 3.0.30729; Media Center PC 6.0; MDDR; .NET4.0C)
)
