Array
(
    [Order ID] => 0
    [Price] => 157.5
    [User ID] => 731
    [IP] => 173.14.179.189
    [Timestamp] => 1347625424
    [Time/Date] => Fri, 14 Sep 2012 08:23:44 -0400
    [Order Page Timestamp] => 1347625350317
    [Order Page Time/Date] => Sun, 19 Jul 44674 10:05:17 -0500
    [User Agent] => Mozilla/5.0 (compatible; MSIE 9.0; Windows NT 6.1; Trident/5.0)
)
Array
(
    [Order ID] => 0
    [Price] => 73.75
    [User ID] => 642
    [IP] => 98.216.150.158
    [Timestamp] => 1347638786
    [Time/Date] => Fri, 14 Sep 2012 12:06:26 -0400
    [Order Page Timestamp] => 1347638781917
    [Order Page Time/Date] => Mon, 21 Dec 44674 21:05:17 -0500
    [User Agent] => Mozilla/5.0 (compatible; MSIE 9.0; Windows NT 6.1; WOW64; Trident/5.0)
)
Array
(
    [Order ID] => 0
    [Price] => 875
    [User ID] => 736
    [IP] => 173.166.124.241
    [Timestamp] => 1347654095
    [Time/Date] => Fri, 14 Sep 2012 16:21:35 -0400
    [Order Page Timestamp] => 1347654070505
    [Order Page Time/Date] => Wed, 16 Jun 44675 19:55:05 -0500
    [User Agent] => Mozilla/4.0 (compatible; MSIE 8.0; Windows NT 5.1; Trident/4.0; .NET CLR 1.1.4322; .NET CLR 2.0.50727; .NET CLR 3.0.04506.30; .NET CLR 3.0.4506.2152; .NET CLR 3.5.30729; MDDR; AskTbAD3/5.11.3.15590; BRI/2)
)
