Array
(
    [Order ID] => 0
    [Price] => 828.75
    [User ID] => 948
    [IP] => 65.175.174.48
    [Timestamp] => 1352803352
    [Time/Date] => Tue, 13 Nov 2012 05:42:32 -0500
    [Order Page Timestamp] => 1352803303956
    [Order Page Time/Date] => Wed, 18 Aug 44838 10:32:36 -0500
    [User Agent] => Mozilla/5.0 (compatible; MSIE 9.0; Windows NT 6.1; WOW64; Trident/5.0)
)
Array
(
    [Order ID] => 0
    [Price] => 412.5
    [User ID] => 908
    [IP] => 98.216.148.175
    [Timestamp] => 1352841396
    [Time/Date] => Tue, 13 Nov 2012 16:16:36 -0500
    [Order Page Timestamp] => 1352841386682
    [Order Page Time/Date] => Wed, 02 Nov 44839 05:04:42 -0500
    [User Agent] => Mozilla/5.0 (X11; Linux x86_64) AppleWebKit/535.19 (KHTML, like Gecko) Ubuntu/10.04 Chromium/18.0.1025.168 Chrome/18.0.1025.168 Safari/535.19
)
Array
(
    [Order ID] => 0
    [Price] => 22.5
    [User ID] => 807
    [IP] => 97.104.35.130
    [Timestamp] => 1352853344
    [Time/Date] => Tue, 13 Nov 2012 19:35:44 -0500
    [Order Page Timestamp] => 1352853334490
    [Order Page Time/Date] => Mon, 19 Mar 44840 11:54:50 -0500
    [User Agent] => Mozilla/5.0 (Macintosh; Intel Mac OS X 10.6; rv:16.0) Gecko/20100101 Firefox/16.0
)
