Array
(
    [Order ID] => 0
    [Price] => 108.75
    [User ID] => 948
    [IP] => 65.175.174.48
    [Timestamp] => 1354099201
    [Time/Date] => Wed, 28 Nov 2012 05:40:01 -0500
    [Order Page Timestamp] => 1354099158616
    [Order Page Time/Date] => Sun, 10 Sep 44879 18:10:16 -0500
    [User Agent] => Mozilla/5.0 (compatible; MSIE 9.0; Windows NT 6.1; WOW64; Trident/5.0)
)
Array
(
    [Order ID] => 0
    [Price] => 22.5
    [User ID] => 895
    [IP] => 173.13.126.217
    [Timestamp] => 1354124924
    [Time/Date] => Wed, 28 Nov 2012 12:48:44 -0500
    [Order Page Timestamp] => 1354124686383
    [Order Page Time/Date] => Tue, 02 Jul 44880 05:13:03 -0500
    [User Agent] => Mozilla/4.0 (compatible; MSIE 8.0; Windows NT 5.1; Trident/4.0; GTB7.4; .NET CLR 1.1.4322; .NET CLR 2.0.50727; .NET CLR 3.0.4506.2152; .NET CLR 3.5.30729)
)
