Array
(
    [Order ID] => 0
    [Price] => 324.5
    [User ID] => 247
    [IP] => 70.96.33.195
    [Timestamp] => 1356712089
    [Time/Date] => Fri, 28 Dec 2012 11:28:09 -0500
    [Order Page Timestamp] => 1356712077410
    [Order Page Time/Date] => Tue, 29 Jun 44962 20:56:50 -0500
    [User Agent] => Mozilla/5.0 (Windows NT 6.1; WOW64) AppleWebKit/537.11 (KHTML, like Gecko) Chrome/23.0.1271.97 Safari/537.11
)
Array
(
    [Order ID] => 0
    [Price] => 212.5
    [User ID] => 830
    [IP] => 72.64.14.7
    [Timestamp] => 1356712457
    [Time/Date] => Fri, 28 Dec 2012 11:34:17 -0500
    [Order Page Timestamp] => 1356712436127
    [Order Page Time/Date] => Sun, 04 Jul 44962 00:35:27 -0500
    [User Agent] => Mozilla/4.0 (compatible; MSIE 8.0; Windows NT 5.1; Trident/4.0; GTB6; .NET CLR 1.1.4322; .NET CLR 2.0.50727; .NET CLR 3.0.4506.2152; .NET CLR 3.5.30729; BRI/2)
)
Array
(
    [Order ID] => 0
    [Price] => 2.75
    [User ID] => 500
    [IP] => 70.96.33.195
    [Timestamp] => 1356715804
    [Time/Date] => Fri, 28 Dec 2012 12:30:04 -0500
    [Order Page Timestamp] => 1356715792083
    [Order Page Time/Date] => Wed, 11 Aug 44962 20:48:03 -0500
    [User Agent] => Mozilla/5.0 (Windows NT 6.1; WOW64) AppleWebKit/537.11 (KHTML, like Gecko) Chrome/23.0.1271.97 Safari/537.11
)
Array
(
    [Order ID] => 0
    [Price] => 750
    [User ID] => 247
    [IP] => 70.96.33.195
    [Timestamp] => 1356728170
    [Time/Date] => Fri, 28 Dec 2012 15:56:10 -0500
    [Order Page Timestamp] => 1356728166496
    [Order Page Time/Date] => Sun, 02 Jan 44963 02:08:16 -0500
    [User Agent] => Mozilla/5.0 (Windows NT 6.1; WOW64) AppleWebKit/537.11 (KHTML, like Gecko) Chrome/23.0.1271.97 Safari/537.11
)
