Array
(
    [Order ID] => 0
    [Price] => 68.75
    [User ID] => 569
    [IP] => 96.237.21.64
    [Timestamp] => 1342099045
    [Time/Date] => Thu, 12 Jul 2012 09:17:25 -0400
    [Order Page Timestamp] => 1342099030091
    [Order Page Time/Date] => Thu, 04 Jun 44499 09:08:11 -0500
    [User Agent] => Mozilla/5.0 (compatible; MSIE 9.0; Windows NT 6.1; WOW64; Trident/5.0)
)
Array
(
    [Order ID] => 0
    [Price] => 412.5
    [User ID] => 584
    [IP] => 70.88.249.233
    [Timestamp] => 1342099395
    [Time/Date] => Thu, 12 Jul 2012 09:23:15 -0400
    [Order Page Timestamp] => 1342099335321
    [Order Page Time/Date] => Sun, 07 Jun 44499 21:55:21 -0500
    [User Agent] => Mozilla/5.0 (compatible; MSIE 9.0; Windows NT 6.1; Trident/5.0)
)
Array
(
    [Order ID] => 0
    [Price] => 91
    [User ID] => 585
    [IP] => 76.24.143.152
    [Timestamp] => 1342112869
    [Time/Date] => Thu, 12 Jul 2012 13:07:49 -0400
    [Order Page Timestamp] => 1342112826742
    [Order Page Time/Date] => Wed, 11 Nov 44499 01:32:22 -0500
    [User Agent] => Mozilla/5.0 (compatible; MSIE 9.0; Windows NT 6.1; WOW64; Trident/5.0)
)
Array
(
    [Order ID] => 0
    [Price] => 237.5
    [User ID] => 586
    [IP] => 24.218.23.114
    [Timestamp] => 1342119324
    [Time/Date] => Thu, 12 Jul 2012 14:55:24 -0400
    [Order Page Timestamp] => 1342119307516
    [Order Page Time/Date] => Mon, 25 Jan 44500 01:45:16 -0500
    [User Agent] => Mozilla/5.0 (compatible; MSIE 9.0; Windows NT 6.1; WOW64; Trident/5.0)
)
Array
(
    [Order ID] => 0
    [Price] => 132
    [User ID] => 247
    [IP] => 70.96.33.195
    [Timestamp] => 1342125051
    [Time/Date] => Thu, 12 Jul 2012 16:30:51 -0400
    [Order Page Timestamp] => 1342124970952
    [Order Page Time/Date] => Wed, 31 Mar 44500 14:55:52 -0500
    [User Agent] => Mozilla/5.0 (Windows NT 6.1; WOW64; rv:13.0) Gecko/20100101 Firefox/13.0.1
)
Array
(
    [Order ID] => 0
    [Price] => 825
    [User ID] => 588
    [IP] => 98.216.144.255
    [Timestamp] => 1342130327
    [Time/Date] => Thu, 12 Jul 2012 17:58:47 -0400
    [Order Page Timestamp] => 1342130281364
    [Order Page Time/Date] => Tue, 01 Jun 44500 02:02:44 -0500
    [User Agent] => Mozilla/5.0 (Windows NT 6.1; WOW64) AppleWebKit/536.11 (KHTML, like Gecko) Chrome/20.0.1132.57 Safari/536.11
)
