Array
(
    [Order ID] => 0
    [Price] => 1770
    [User ID] => 263
    [IP] => 24.147.93.11
    [Timestamp] => 1347288769
    [Time/Date] => Mon, 10 Sep 2012 10:52:49 -0400
    [Order Page Timestamp] => 1347288766234
    [Order Page Time/Date] => Wed, 18 Nov 44663 18:30:34 -0500
    [User Agent] => Mozilla/5.0 (Windows NT 6.1; WOW64) AppleWebKit/537.1 (KHTML, like Gecko) Chrome/21.0.1180.89 Safari/537.1
)
Array
(
    [Order ID] => 0
    [Price] => 1050
    [User ID] => 614
    [IP] => 72.248.85.98
    [Timestamp] => 1347294976
    [Time/Date] => Mon, 10 Sep 2012 12:36:16 -0400
    [Order Page Timestamp] => 1347294952216
    [Order Page Time/Date] => Fri, 29 Jan 44664 08:50:16 -0500
    [User Agent] => Mozilla/4.0 (compatible; MSIE 8.0; Windows NT 5.1; Trident/4.0; .NET CLR 1.1.4322; .NET CLR 2.0.50727; .NET CLR 3.0.4506.2152; .NET CLR 3.5.30729)
)
Array
(
    [Order ID] => 0
    [Price] => 550
    [User ID] => 654
    [IP] => 108.176.110.5
    [Timestamp] => 1347310122
    [Time/Date] => Mon, 10 Sep 2012 16:48:42 -0400
    [Order Page Timestamp] => 1347310113841
    [Order Page Time/Date] => Fri, 22 Jul 44664 20:24:01 -0500
    [User Agent] => Mozilla/4.0 (compatible; MSIE 8.0; Windows NT 5.1; Trident/4.0; .NET CLR 2.0.50727; .NET CLR 3.0.4506.2152; .NET CLR 3.5.30729)
)
