Array
(
    [Order ID] => 0
    [Price] => 49.5
    [User ID] => 263
    [IP] => 24.147.93.11
    [Timestamp] => 1346938073
    [Time/Date] => Thu, 06 Sep 2012 09:27:53 -0400
    [Order Page Timestamp] => 1346938062728
    [Order Page Time/Date] => Thu, 07 Oct 44652 16:52:08 -0500
    [User Agent] => Mozilla/5.0 (Windows NT 6.1; WOW64) AppleWebKit/537.1 (KHTML, like Gecko) Chrome/21.0.1180.89 Safari/537.1
)
Array
(
    [Order ID] => 0
    [Price] => 137.5
    [User ID] => 263
    [IP] => 24.147.93.11
    [Timestamp] => 1346943860
    [Time/Date] => Thu, 06 Sep 2012 11:04:20 -0400
    [Order Page Timestamp] => 1346943331206
    [Order Page Time/Date] => Tue, 07 Dec 44652 16:20:06 -0500
    [User Agent] => Mozilla/5.0 (Windows NT 6.1; WOW64) AppleWebKit/537.1 (KHTML, like Gecko) Chrome/21.0.1180.89 Safari/537.1
)
Array
(
    [Order ID] => 0
    [Price] => 1770
    [User ID] => 263
    [IP] => 24.147.93.11
    [Timestamp] => 1346955662
    [Time/Date] => Thu, 06 Sep 2012 14:21:02 -0400
    [Order Page Timestamp] => 1346955635209
    [Order Page Time/Date] => Fri, 29 Apr 44653 02:06:49 -0500
    [User Agent] => Mozilla/5.0 (Windows NT 6.1; WOW64) AppleWebKit/537.1 (KHTML, like Gecko) Chrome/21.0.1180.89 Safari/537.1
)
Array
(
    [Order ID] => 0
    [Price] => 1770
    [User ID] => 263
    [IP] => 24.147.93.11
    [Timestamp] => 1346955799
    [Time/Date] => Thu, 06 Sep 2012 14:23:19 -0400
    [Order Page Timestamp] => 1346955777896
    [Order Page Time/Date] => Sat, 30 Apr 44653 17:44:56 -0500
    [User Agent] => Mozilla/5.0 (Windows NT 6.1; WOW64) AppleWebKit/537.1 (KHTML, like Gecko) Chrome/21.0.1180.89 Safari/537.1
)
