Array
(
    [Order ID] => 0
    [Price] => 275
    [User ID] => 263
    [IP] => 24.147.93.11
    [Timestamp] => 1349196203
    [Time/Date] => Tue, 02 Oct 2012 12:43:23 -0400
    [Order Page Timestamp] => 1349195998944
    [Order Page Time/Date] => Sun, 27 Apr 44724 05:22:24 -0500
    [User Agent] => Mozilla/5.0 (Windows NT 6.1; WOW64) AppleWebKit/537.4 (KHTML, like Gecko) Chrome/22.0.1229.79 Safari/537.4
)
Array
(
    [Order ID] => 0
    [Price] => 275
    [User ID] => 263
    [IP] => 24.147.93.11
    [Timestamp] => 1349196402
    [Time/Date] => Tue, 02 Oct 2012 12:46:42 -0400
    [Order Page Timestamp] => 1349195998944
    [Order Page Time/Date] => Sun, 27 Apr 44724 05:22:24 -0500
    [User Agent] => Mozilla/5.0 (Windows NT 6.1; WOW64) AppleWebKit/537.4 (KHTML, like Gecko) Chrome/22.0.1229.79 Safari/537.4
)
