Array
(
    [Order ID] => 0
    [Price] => 112.1
    [User ID] => 999
    [IP] => 72.4.192.2
    [Timestamp] => 1356013037
    [Time/Date] => Thu, 20 Dec 2012 09:17:17 -0500
    [Order Page Timestamp] => 1356012973153
    [Order Page Time/Date] => Wed, 04 May 44940 09:19:13 -0500
    [User Agent] => Mozilla/4.0 (compatible; MSIE 8.0; Windows NT 6.1; WOW64; Trident/4.0; SLCC2; .NET CLR 2.0.50727; .NET CLR 3.5.30729; .NET CLR 3.0.30729; Media Center PC 6.0; .NET4.0C; .NET4.0E)
)
Array
(
    [Order ID] => 0
    [Price] => 875
    [User ID] => 984
    [IP] => 173.9.31.157
    [Timestamp] => 1356016125
    [Time/Date] => Thu, 20 Dec 2012 10:08:45 -0500
    [Order Page Timestamp] => 1356016117281
    [Order Page Time/Date] => Thu, 09 Jun 44940 18:41:21 -0500
    [User Agent] => Mozilla/5.0 (Windows NT 6.1; WOW64) AppleWebKit/537.11 (KHTML, like Gecko) Chrome/23.0.1271.97 Safari/537.11
)
Array
(
    [Order ID] => 0
    [Price] => 33.75
    [User ID] => 1169
    [IP] => 173.166.122.209
    [Timestamp] => 1356020578
    [Time/Date] => Thu, 20 Dec 2012 11:22:58 -0500
    [Order Page Timestamp] => 1356020551761
    [Order Page Time/Date] => Sun, 31 Jul 44940 02:29:21 -0500
    [User Agent] => Mozilla/5.0 (Windows NT 5.1; rv:17.0) Gecko/20100101 Firefox/17.0
)
