Array
(
    [Order ID] => 0
    [Price] => 68.75
    [User ID] => 608
    [IP] => 74.69.247.218
    [Timestamp] => 1343054700
    [Time/Date] => Mon, 23 Jul 2012 10:45:00 -0400
    [Order Page Timestamp] => 1343054667727
    [Order Page Time/Date] => Fri, 16 Sep 44529 00:02:07 -0500
    [User Agent] => Mozilla/5.0 (Macintosh; Intel Mac OS X 10_7_4) AppleWebKit/534.57.2 (KHTML, like Gecko) Version/5.1.7 Safari/534.57.2
)
Array
(
    [Order ID] => 0
    [Price] => 118.75
    [User ID] => 247
    [IP] => 70.96.33.195
    [Timestamp] => 1343075090
    [Time/Date] => Mon, 23 Jul 2012 16:24:50 -0400
    [Order Page Timestamp] => 1343075087836
    [Order Page Time/Date] => Wed, 10 May 44530 08:17:16 -0500
    [User Agent] => Mozilla/5.0 (Windows NT 6.1; WOW64; rv:14.0) Gecko/20100101 Firefox/14.0.1
)
