Array
(
    [Order ID] => 0
    [Price] => 481.25
    [User ID] => 466
    [IP] => 66.211.140.37
    [Timestamp] => 1351177169
    [Time/Date] => Thu, 25 Oct 2012 10:59:29 -0400
    [Order Page Timestamp] => 1351177139549
    [Order Page Time/Date] => Fri, 06 Feb 44787 02:12:29 -0500
    [User Agent] => Mozilla/5.0 (Windows NT 6.1; WOW64) AppleWebKit/537.4 (KHTML, like Gecko) Chrome/22.0.1229.94 Safari/537.4
)
Array
(
    [Order ID] => 0
    [Price] => 106.25
    [User ID] => 887
    [IP] => 70.96.33.195
    [Timestamp] => 1351180369
    [Time/Date] => Thu, 25 Oct 2012 11:52:49 -0400
    [Order Page Timestamp] => 1351180366929
    [Order Page Time/Date] => Sun, 15 Mar 44787 10:42:09 -0500
    [User Agent] => Mozilla/5.0 (Windows NT 6.1; WOW64) AppleWebKit/537.4 (KHTML, like Gecko) Chrome/22.0.1229.94 Safari/537.4
)
Array
(
    [Order ID] => 0
    [Price] => 341.25
    [User ID] => 849
    [IP] => 64.223.176.200
    [Timestamp] => 1351180587
    [Time/Date] => Thu, 25 Oct 2012 11:56:27 -0400
    [Order Page Timestamp] => 1351180582239
    [Order Page Time/Date] => Tue, 17 Mar 44787 22:30:39 -0500
    [User Agent] => Mozilla/4.0 (compatible; MSIE 8.0; Windows NT 6.1; Trident/4.0; SLCC2; .NET CLR 2.0.50727; .NET CLR 3.5.30729; .NET CLR 3.0.30729; Media Center PC 6.0; InfoPath.2; .NET CLR 1.1.4322; .NET4.0C; .NET4.0E)
)
Array
(
    [Order ID] => 0
    [Price] => 22.5
    [User ID] => 824
    [IP] => 75.67.221.236
    [Timestamp] => 1351205718
    [Time/Date] => Thu, 25 Oct 2012 18:55:18 -0400
    [Order Page Timestamp] => 1351203813667
    [Order Page Time/Date] => Fri, 11 Dec 44787 19:41:07 -0500
    [User Agent] => Mozilla/5.0 (compatible; MSIE 9.0; Windows NT 6.0; Trident/5.0)
)
