Array
(
    [q] => payment-received
    [billTo_lastName] => Consentino
    [billTo_phoneNumber] => 6033274099
    [orderAmount] => 68.75
    [billTo_street1] => 59 Cluff Road
    [billTo_street2] => Building 1, Unit 4
    [card_accountNumber] => ############1945
    [platform] => prd
    [orderAmount_publicSignature] => 9KgVKoJH0M0fgfO4/1IiEZcOYbI=
    [orderPage_serialNumber] => 3213046286400176056193
    [orderCurrency] => usd
    [reconciliationID] => 125418518WTO1Q9415WB2
    [signedDataPublicSignature] => ioyH1qNt0WpFJYF07Yp9by6X/uk=
    [decision] => ACCEPT
    [ccAuthReply_processorResponse] => 00
    [source_domain] => nh.tcro.us
    [billTo_state] => NH
    [billTo_firstName] => David
    [billTo_customerID] => 247
    [uid] => 247
    [billTo_company] => Conse Construction
    [card_expirationYear] => 2014
    [merchantDefinedData1] => Request ID: 34832
    [transactionSignature] => v3u7AJtHQ9odVCqAZI1dmzzXpqA=
    [billTo_city] => Salem
    [billTo_postalCode] => 03079
    [orderPage_requestToken] => Ahj//wSRfcytYMW30xBCKFWLJq0YuGrFxXqT2NFy0Yta8JkmkcVf9cQFNI4q/646QN1tkg0MmkmVdHpLOOBg6kX3MrWDFt9MQQgA4Sry
    [ccAuthReply_amount] => 68.75
    [orderCurrency_publicSignature] => pfcMEzOHelrVLvafAkpPGnECGbk=
    [orderPage_transactionType] => sale
    [ccAuthReply_authorizationCode] => 173181
    [decision_publicSignature] => KnPsJG1LWbeM0M209/iKgV4eG28=
    [ccAuthReply_avsCodeRaw] => Y
    [paymentOption] => card
    [billTo_country] => us
    [reasonCode] => 100
    [order_id] => 34832
    [ccAuthReply_reasonCode] => 100
    [orderPage_environment] => PRODUCTION
    [card_expirationMonth] => 06
    [merchantID] => avtranzsb
    [orderNumber_publicSignature] => nYiDc4lYfd4vmE6tX99uFY2vmvM=
    [requestID] => 3521479021420178147361
    [orderNumber] => 1352147902141
    [signedFields] => billTo_lastName,billTo_phoneNumber,orderAmount,billTo_street1,billTo_street2,card_accountNumber,platform,orderAmount_publicSignature,orderPage_serialNumber,orderCurrency,reconciliationID,decision,ccAuthReply_processorResponse,source_domain,billTo_state,billTo_firstName,billTo_customerID,uid,billTo_company,card_expirationYear,merchantDefinedData1,billTo_city,billTo_postalCode,orderPage_requestToken,ccAuthReply_amount,orderCurrency_publicSignature,orderPage_transactionType,ccAuthReply_authorizationCode,decision_publicSignature,ccAuthReply_avsCodeRaw,paymentOption,billTo_country,reasonCode,order_id,ccAuthReply_reasonCode,orderPage_environment,card_expirationMonth,merchantID,orderNumber_publicSignature,requestID,orderNumber,ccAuthReply_authorizedDateTime,card_cardType,ccAuthReply_avsCode
    [ccAuthReply_authorizedDateTime] => 2012-11-05T203822Z
    [card_cardType] => 001
    [ccAuthReply_avsCode] => Y
)
Array
(
    [q] => payment-received
    [billTo_lastName] => Castagnaro
    [billTo_phoneNumber] => 6034989560
    [orderAmount] => 187.5
    [billTo_street1] => 40 Mountain Drive
    [card_accountNumber] => ############4444
    [platform] => prd
    [orderAmount_publicSignature] => rIK/iMqhKHNyJ7srzBFUA2q+EWg=
    [orderPage_serialNumber] => 3213046286400176056193
    [orderCurrency] => usd
    [reconciliationID] => 125446865WTOFO9419RQA
    [signedDataPublicSignature] => Rn84KGb4DUrsT/xJN2MQeF0hXjE=
    [decision] => ACCEPT
    [ccAuthReply_processorResponse] => 00
    [source_domain] => nh.tcro.us
    [billTo_state] => NH
    [billTo_firstName] => Joseph
    [billTo_customerID] => 939
    [uid] => 939
    [card_expirationYear] => 2013
    [merchantDefinedData1] => Request ID: 35166
    [transactionSignature] => GR8yDwIqTuL9h3I4pUt0tXAVAlQ=
    [billTo_city] => Gilford
    [billTo_postalCode] => 03249
    [orderPage_requestToken] => Ahj//wSRfc2PfobVekhCKFWLJq0aNnDZrXqT409y0YuaVGCmoKwToRwJNQVgnQj6QPknxINDJpJlXR6SzjgYOpF9zY9+htV6SEIAwwlL
    [ccAuthReply_amount] => 187.50
    [orderCurrency_publicSignature] => pfcMEzOHelrVLvafAkpPGnECGbk=
    [orderPage_transactionType] => sale
    [ccAuthReply_authorizationCode] => T9490Z
    [decision_publicSignature] => KnPsJG1LWbeM0M209/iKgV4eG28=
    [ccAuthReply_avsCodeRaw] => Y
    [paymentOption] => card
    [billTo_country] => us
    [billTo_email] => vafraser@metrocast.net
    [reasonCode] => 100
    [order_id] => 35166
    [ccAuthReply_reasonCode] => 100
    [orderPage_environment] => PRODUCTION
    [card_expirationMonth] => 09
    [merchantID] => avtranzsb
    [orderNumber_publicSignature] => dGGqCqqUHdEruG/Atxzt8Jrz/Bs=
    [requestID] => 3521510844450178147361
    [orderNumber] => 1352151084444
    [signedFields] => billTo_lastName,billTo_phoneNumber,orderAmount,billTo_street1,card_accountNumber,platform,orderAmount_publicSignature,orderPage_serialNumber,orderCurrency,reconciliationID,decision,ccAuthReply_processorResponse,source_domain,billTo_state,billTo_firstName,billTo_customerID,uid,card_expirationYear,merchantDefinedData1,billTo_city,billTo_postalCode,orderPage_requestToken,ccAuthReply_amount,orderCurrency_publicSignature,orderPage_transactionType,ccAuthReply_authorizationCode,decision_publicSignature,ccAuthReply_avsCodeRaw,paymentOption,billTo_country,billTo_email,reasonCode,order_id,ccAuthReply_reasonCode,orderPage_environment,card_expirationMonth,merchantID,orderNumber_publicSignature,requestID,orderNumber,ccAuthReply_authorizedDateTime,card_cardType,ccAuthReply_avsCode
    [ccAuthReply_authorizedDateTime] => 2012-11-05T213125Z
    [card_cardType] => 002
    [ccAuthReply_avsCode] => Y
)
