Array
(
    [q] => payment-received
    [billTo_lastName] => Azmy
    [billTo_email] => happyazmy@gmail.com
    [orderPage_serialNumber] => 3213046286400176056193
    [ccAuthReply_avsCodeRaw] => Y
    [orderAmount_publicSignature] => DVxVbyG5Ot0ly6AL87BA45wgWBE=
    [orderCurrency] => usd
    [platform] => prd
    [card_expirationYear] => 2013
    [card_accountNumber] => ############3770
    [reasonCode] => 100
    [billTo_firstName] => Gamil
    [signedFields] => billTo_lastName,billTo_email,orderPage_serialNumber,ccAuthReply_avsCodeRaw,orderAmount_publicSignature,orderCurrency,platform,card_expirationYear,card_accountNumber,reasonCode,billTo_firstName,requestID,order_id,orderPage_transactionType,ccAuthReply_reasonCode,ccAuthReply_authorizationCode,billTo_company,card_expirationMonth,orderNumber,orderCurrency_publicSignature,billTo_customerID,reconciliationID,source_domain,ccAuthReply_avsCode,orderPage_requestToken,uid,ccAuthReply_processorResponse,ccAuthReply_amount,decision_publicSignature,ccAuthReply_authorizedDateTime,orderAmount,orderNumber_publicSignature,card_cardType,billTo_street1,decision,billTo_phoneNumber,paymentOption,merchantDefinedData1,billTo_city,billTo_state,merchantID,billTo_postalCode,billTo_country
    [requestID] => 3433133158060178147361
    [order_id] => 15915
    [orderPage_transactionType] => sale
    [ccAuthReply_reasonCode] => 100
    [ccAuthReply_authorizationCode] => 461547
    [billTo_company] => Gamil's
    [card_expirationMonth] => 01
    [orderNumber] => 1343313315804
    [orderCurrency_publicSignature] => pfcMEzOHelrVLvafAkpPGnECGbk=
    [billTo_customerID] => 565
    [signedDataPublicSignature] => l6zhB0D73/7IZCBKT9uPOl78w/w=
    [reconciliationID] => 073602739WTO8V4S6P6E5
    [source_domain] => nh.tcro.us
    [ccAuthReply_avsCode] => Y
    [orderPage_requestToken] => Ahj//wSRdDiWQ3kv1BBCKFWDdm2YMm7NzXqT3FZpTbUG0VqmkMCbEQQJNIYE2Ig6QNq+EUEMmkmVdHpLOOBgwkXQ4lkN5L9QQQgAGCvM
    [uid] => 565
    [ccAuthReply_processorResponse] => 00
    [ccAuthReply_amount] => 55.00
    [decision_publicSignature] => KnPsJG1LWbeM0M209/iKgV4eG28=
    [ccAuthReply_authorizedDateTime] => 2012-07-26T143516Z
    [orderAmount] => 55
    [orderNumber_publicSignature] => 0I4ZR1nhMXVXzpEUlug3yMp9Uj4=
    [card_cardType] => 002
    [billTo_street1] => 909 Rte 103 E
    [decision] => ACCEPT
    [billTo_phoneNumber] => 6037486043
    [paymentOption] => card
    [transactionSignature] => YVbubXbhAFfQ5Yg9uo39KcNRIas=
    [merchantDefinedData1] => Request ID: 15915
    [billTo_city] => Warner
    [billTo_state] => NH
    [merchantID] => avtranzsb
    [billTo_postalCode] => 03278
    [billTo_country] => us
)
Array
(
    [q] => payment-received
    [billTo_lastName] => Serell
    [billTo_email] => djk@rathlaw.com
    [orderPage_serialNumber] => 3213046286400176056193
    [ccAuthReply_avsCodeRaw] => N
    [orderAmount_publicSignature] => 4BxW6JRUzJH+NLyziFkI5Ay/aAg=
    [orderCurrency] => usd
    [platform] => prd
    [card_expirationYear] => 2013
    [card_accountNumber] => ############2758
    [reasonCode] => 100
    [billTo_firstName] => Andrew W.
    [signedFields] => billTo_lastName,billTo_email,orderPage_serialNumber,ccAuthReply_avsCodeRaw,orderAmount_publicSignature,orderCurrency,platform,card_expirationYear,card_accountNumber,reasonCode,billTo_firstName,requestID,order_id,orderPage_transactionType,ccAuthReply_reasonCode,ccAuthReply_authorizationCode,billTo_company,card_expirationMonth,orderNumber,orderCurrency_publicSignature,billTo_customerID,reconciliationID,source_domain,ccAuthReply_avsCode,orderPage_requestToken,uid,ccAuthReply_processorResponse,ccAuthReply_amount,decision_publicSignature,ccAuthReply_authorizedDateTime,orderAmount,orderNumber_publicSignature,card_cardType,billTo_street1,decision,billTo_phoneNumber,paymentOption,merchantDefinedData1,billTo_city,billTo_state,merchantID,billTo_postalCode,billTo_country
    [requestID] => 3433142029550178147361
    [order_id] => 18591
    [orderPage_transactionType] => sale
    [ccAuthReply_reasonCode] => 100
    [ccAuthReply_authorizationCode] => 00128Z
    [billTo_company] => Rath, Young and Pignatelli, P.C.
    [card_expirationMonth] => 07
    [orderNumber] => 1343314202953
    [orderCurrency_publicSignature] => pfcMEzOHelrVLvafAkpPGnECGbk=
    [billTo_customerID] => 614
    [signedDataPublicSignature] => DOCYEuMuKFIuU7iiWB2Skc0SdVI=
    [reconciliationID] => 073606890WTOFO4SD3YGC
    [source_domain] => nh.tcro.us
    [ccAuthReply_avsCode] => N
    [orderPage_requestToken] => Ahj//wSRdDjVTJ6j/DhCKFWDdm2YNnDlhXqT409pTiM7MeGmoJW7CnAJNQSt2FOaQQ+QYighk0kyro9JZxwMH8i6HGqmT1H+HCEA9kvT
    [uid] => 614
    [ccAuthReply_processorResponse] => 00
    [ccAuthReply_amount] => 637.50
    [decision_publicSignature] => KnPsJG1LWbeM0M209/iKgV4eG28=
    [ccAuthReply_authorizedDateTime] => 2012-07-26T145003Z
    [orderAmount] => 637.5
    [orderNumber_publicSignature] => LY+XKbKbqQu9hXIGJkgkgF0dM7s=
    [card_cardType] => 002
    [billTo_street1] => One Capital Plaza
    [decision] => ACCEPT
    [billTo_phoneNumber] => 6032262600
    [paymentOption] => card
    [transactionSignature] => p6PouIEBAoaL7/04CLpW6fQ2fDw=
    [merchantDefinedData1] => Request ID: 18591
    [billTo_city] => Concord
    [billTo_state] => NH
    [merchantID] => avtranzsb
    [billTo_postalCode] => 03301
    [billTo_country] => us
)
Array
(
    [q] => payment-received
    [billTo_lastName] => Verronneau
    [billTo_email] => mverronneau@mwvmultitech.net
    [orderPage_serialNumber] => 3213046286400176056193
    [ccAuthReply_avsCodeRaw] => Y
    [orderAmount_publicSignature] => z1AxoHYmFF5O2tDxRvhZy0kempo=
    [orderCurrency] => usd
    [platform] => prd
    [card_expirationYear] => 2013
    [card_accountNumber] => ###########2003
    [reasonCode] => 100
    [billTo_firstName] => Michael
    [signedFields] => billTo_lastName,billTo_email,orderPage_serialNumber,ccAuthReply_avsCodeRaw,orderAmount_publicSignature,orderCurrency,platform,card_expirationYear,card_accountNumber,reasonCode,billTo_firstName,requestID,order_id,orderPage_transactionType,ccAuthReply_reasonCode,ccAuthReply_authorizationCode,billTo_company,card_expirationMonth,orderNumber,orderCurrency_publicSignature,billTo_customerID,reconciliationID,source_domain,ccAuthReply_avsCode,orderPage_requestToken,uid,ccAuthReply_processorResponse,ccAuthReply_amount,decision_publicSignature,ccAuthReply_authorizedDateTime,orderAmount,orderNumber_publicSignature,card_cardType,billTo_street1,decision,billTo_phoneNumber,paymentOption,merchantDefinedData1,billTo_city,billTo_state,merchantID,billTo_postalCode,billTo_country
    [requestID] => 3433271712670178147361
    [order_id] => 18630
    [orderPage_transactionType] => sale
    [ccAuthReply_reasonCode] => 100
    [ccAuthReply_authorizationCode] => 186380
    [billTo_company] => MWV Multitech.net
    [card_expirationMonth] => 09
    [orderNumber] => 1343327171265
    [orderCurrency_publicSignature] => pfcMEzOHelrVLvafAkpPGnECGbk=
    [billTo_customerID] => 615
    [signedDataPublicSignature] => UgGz2O8wKw2UGDTSWfsUjSwyinE=
    [reconciliationID] => 073721680WTOFO4SD48KC
    [source_domain] => nh.tcro.us
    [ccAuthReply_avsCode] => Y
    [orderPage_requestToken] => Ahj//wSRdDxuwNc96fhCKFWDdm3ZMWzhhXqT409pTiNHEuGmoJW71MANNQSt3qYaQPhsRFBDJpJlXR6SzjgYQpF0PG7A1z3p+EIAqRyn
    [uid] => 615
    [ccAuthReply_processorResponse] => 00
    [ccAuthReply_amount] => 172.50
    [decision_publicSignature] => KnPsJG1LWbeM0M209/iKgV4eG28=
    [ccAuthReply_authorizedDateTime] => 2012-07-26T182614Z
    [orderAmount] => 172.5
    [orderNumber_publicSignature] => mOVNtrY50fXX1WHqTiXtsrZN+rs=
    [card_cardType] => 003
    [billTo_street1] => 9 Florence Street
    [decision] => ACCEPT
    [billTo_phoneNumber] => 5082350400
    [paymentOption] => card
    [transactionSignature] => 8Xron10DxAUda/72QXHOWmXwOBY=
    [merchantDefinedData1] => Request ID: 18630
    [billTo_city] => Fairhaven
    [billTo_state] => MA
    [merchantID] => avtranzsb
    [billTo_postalCode] => 02719
    [billTo_country] => us
)
Array
(
    [q] => payment-received
    [billTo_lastName] => Serell
    [billTo_email] => djk@rathlaw.com
    [orderPage_serialNumber] => 3213046286400176056193
    [ccAuthReply_avsCodeRaw] => N
    [orderAmount_publicSignature] => CojTjv/b2pqbhMxcpQzCR+/9be4=
    [orderCurrency] => usd
    [platform] => prd
    [card_expirationYear] => 2013
    [card_accountNumber] => ############2758
    [reasonCode] => 100
    [billTo_firstName] => Andrew W.
    [signedFields] => billTo_lastName,billTo_email,orderPage_serialNumber,ccAuthReply_avsCodeRaw,orderAmount_publicSignature,orderCurrency,platform,card_expirationYear,card_accountNumber,reasonCode,billTo_firstName,requestID,order_id,orderPage_transactionType,ccAuthReply_reasonCode,ccAuthReply_authorizationCode,billTo_company,card_expirationMonth,orderNumber,orderCurrency_publicSignature,billTo_customerID,reconciliationID,source_domain,ccAuthReply_avsCode,orderPage_requestToken,uid,ccAuthReply_processorResponse,ccAuthReply_amount,decision_publicSignature,ccAuthReply_authorizedDateTime,orderAmount,orderNumber_publicSignature,card_cardType,billTo_street1,decision,billTo_phoneNumber,paymentOption,merchantDefinedData1,billTo_city,billTo_state,merchantID,billTo_postalCode,billTo_country
    [requestID] => 3433352711450178147361
    [order_id] => 18591
    [orderPage_transactionType] => sale
    [ccAuthReply_reasonCode] => 100
    [ccAuthReply_authorizationCode] => 03380Z
    [billTo_company] => Rath, Young and Pignatelli, P.C.
    [card_expirationMonth] => 07
    [orderNumber] => 1343335271143
    [orderCurrency_publicSignature] => pfcMEzOHelrVLvafAkpPGnECGbk=
    [billTo_customerID] => 614
    [signedDataPublicSignature] => AU0f1aU4/6DuHJ4zzAEfxsQOqCc=
    [reconciliationID] => 073795477WTO8V54ABGXU
    [source_domain] => nh.tcro.us
    [ccAuthReply_avsCode] => N
    [orderPage_requestToken] => Ahj//wSRdD6uSMNoMahCKFWDdm3ctWjdvXqT3FZq0gwo9iqmkMIyMuwJNIYRkZd6QPyfRFBDJpJlXR6SzjgYP5F0Pq5Iw2gxqEIA0hQl
    [uid] => 614
    [ccAuthReply_processorResponse] => 00
    [ccAuthReply_amount] => 258.50
    [decision_publicSignature] => KnPsJG1LWbeM0M209/iKgV4eG28=
    [ccAuthReply_authorizedDateTime] => 2012-07-26T204111Z
    [orderAmount] => 258.5
    [orderNumber_publicSignature] => QKAshs1OXHYR/QjHnurwwI4Mzgc=
    [card_cardType] => 002
    [billTo_street1] => One Capital Plaza
    [decision] => ACCEPT
    [billTo_phoneNumber] => 6032262600
    [paymentOption] => card
    [transactionSignature] => woX4/OE0k1zTBCqHasCQ7lUAzP8=
    [merchantDefinedData1] => Request ID: 18591
    [billTo_city] => Concord
    [billTo_state] => NH
    [merchantID] => avtranzsb
    [billTo_postalCode] => 03301
    [billTo_country] => us
)
