Array
(
    [q] => payment-received
    [billTo_lastName] => Moses
    [billTo_email] => heidi@robertmosesatty.com
    [orderPage_serialNumber] => 3213046286400176056193
    [ccAuthReply_avsCodeRaw] => Y
    [orderAmount_publicSignature] => m+ZFsOZpWvj0eNzbgBZCOCVZRkM=
    [orderCurrency] => usd
    [platform] => prd
    [card_expirationYear] => 2015
    [card_accountNumber] => ############8164
    [reasonCode] => 100
    [billTo_firstName] => Robert
    [signedFields] => billTo_lastName,billTo_email,orderPage_serialNumber,ccAuthReply_avsCodeRaw,orderAmount_publicSignature,orderCurrency,platform,card_expirationYear,card_accountNumber,reasonCode,billTo_firstName,requestID,order_id,orderPage_transactionType,ccAuthReply_reasonCode,ccAuthReply_authorizationCode,billTo_company,card_expirationMonth,orderNumber,orderCurrency_publicSignature,billTo_customerID,orderPage_environment,reconciliationID,source_domain,ccAuthReply_avsCode,orderPage_requestToken,uid,ccAuthReply_processorResponse,ccAuthReply_amount,decision_publicSignature,ccAuthReply_authorizedDateTime,orderAmount,orderNumber_publicSignature,card_cardType,billTo_street1,decision,billTo_phoneNumber,paymentOption,merchantDefinedData1,billTo_city,billTo_state,merchantID,billTo_postalCode,billTo_country
    [requestID] => 3492984542030178147364
    [order_id] => 28304
    [orderPage_transactionType] => sale
    [ccAuthReply_reasonCode] => 100
    [ccAuthReply_authorizationCode] => 00572Z
    [billTo_company] => Law Office of Robert J. Moses
    [card_expirationMonth] => 05
    [orderNumber] => 1349298454201
    [orderCurrency_publicSignature] => pfcMEzOHelrVLvafAkpPGnECGbk=
    [billTo_customerID] => 517
    [signedDataPublicSignature] => YSbEDGBxJn75NxDqk8OwrQs233U=
    [orderPage_environment] => PRODUCTION
    [reconciliationID] => 110090073WTO1Q7L20Z6U
    [source_domain] => nh.tcro.us
    [ccAuthReply_avsCode] => Y
    [orderPage_requestToken] => Ahj//wSRerXL7LPOi7hIKFWLFgwcsGDdnXqT2NFvMZMLTaqmkb2AIzQJNI3sARm6QOi3SOWGTSTKuj0lnHAwbSL1a5fZZ50XcJAArR/F
    [uid] => 517
    [ccAuthReply_processorResponse] => 00
    [ccAuthReply_amount] => 89.25
    [decision_publicSignature] => KnPsJG1LWbeM0M209/iKgV4eG28=
    [ccAuthReply_authorizedDateTime] => 2012-10-03T210735Z
    [orderAmount] => 89.25
    [orderNumber_publicSignature] => Fw+JIixT3wCPOjwU0AuqR2M9SzQ=
    [card_cardType] => 002
    [billTo_street1] => PO Box 8
    [decision] => ACCEPT
    [billTo_phoneNumber] => 6036735260
    [paymentOption] => card
    [transactionSignature] => hw5ahAItvKbfzeOuNAFaJKHsMcU=
    [merchantDefinedData1] => Request ID: 28304
    [billTo_city] => Amherst
    [billTo_state] => NH
    [merchantID] => avtranzsb
    [billTo_postalCode] => 03031
    [billTo_country] => us
)
Array
(
    [q] => payment-received
)
Array
(
    [q] => payment-received
    [billTo_lastName] => Benos
    [orderPage_serialNumber] => 3213046286400176056193
    [ccAuthReply_avsCodeRaw] => N
    [orderAmount_publicSignature] => xJrbG7JGYTa+zJv7jZy7ptkcdkw=
    [orderCurrency] => usd
    [platform] => prd
    [card_expirationYear] => 2014
    [card_accountNumber] => ############8608
    [reasonCode] => 100
    [billTo_firstName] => Eleanor
    [signedFields] => billTo_lastName,orderPage_serialNumber,ccAuthReply_avsCodeRaw,orderAmount_publicSignature,orderCurrency,platform,card_expirationYear,card_accountNumber,reasonCode,billTo_firstName,requestID,order_id,orderPage_transactionType,ccAuthReply_reasonCode,ccAuthReply_authorizationCode,card_expirationMonth,orderNumber,orderCurrency_publicSignature,billTo_customerID,orderPage_environment,reconciliationID,source_domain,ccAuthReply_avsCode,orderPage_requestToken,uid,ccAuthReply_processorResponse,ccAuthReply_amount,decision_publicSignature,ccAuthReply_authorizedDateTime,orderAmount,orderNumber_publicSignature,card_cardType,billTo_street1,decision,paymentOption,merchantDefinedData1,billTo_city,billTo_state,merchantID,billTo_postalCode,billTo_country
    [requestID] => 3493024353230178147359
    [order_id] => 28302
    [orderPage_transactionType] => sale
    [ccAuthReply_reasonCode] => 100
    [ccAuthReply_authorizationCode] => 01538C
    [card_expirationMonth] => 07
    [orderNumber] => 1349302435321
    [orderCurrency_publicSignature] => pfcMEzOHelrVLvafAkpPGnECGbk=
    [billTo_customerID] => 247
    [signedDataPublicSignature] => HJtm595UjXUhsSYIT/Z53jshhgE=
    [orderPage_environment] => PRODUCTION
    [reconciliationID] => 110119930WTO8H7KSPBCP
    [source_domain] => nh.tcro.us
    [ccAuthReply_avsCode] => N
    [orderPage_requestToken] => Ahj//wSRerbmzNpytbg+KFWLFgxYuXLNhXqT3EhvLp0IUOgmj+Cg7MwFNH8FB2Z6QPiLhHLDJpJlXR6SzjgYRJF6tubM2nK1uD4ASxD2
    [uid] => 247
    [ccAuthReply_processorResponse] => 00
    [ccAuthReply_amount] => 175.00
    [decision_publicSignature] => KnPsJG1LWbeM0M209/iKgV4eG28=
    [ccAuthReply_authorizedDateTime] => 2012-10-03T221355Z
    [orderAmount] => 175
    [orderNumber_publicSignature] => 6D0RNFGcm7XEaYIncxSyy7QFSYg=
    [card_cardType] => 001
    [billTo_street1] => PO Box 978
    [decision] => ACCEPT
    [paymentOption] => card
    [transactionSignature] => 30CYvdKYX0ZL0EjmhpraR6L0YCA=
    [merchantDefinedData1] => Request ID: 28302
    [billTo_city] => Wolfeboro
    [billTo_state] => NH
    [merchantID] => avtranzsb
    [billTo_postalCode] => 03894
    [billTo_country] => us
)
