Array
(
    [Order ID] => 0
    [Price] => 55.25
    [User ID] => 937
    [IP] => 24.218.230.121
    [Timestamp] => 1355942301
    [Time/Date] => Wed, 19 Dec 2012 13:38:21 -0500
    [Order Page Timestamp] => 1355942299285
    [Order Page Time/Date] => Thu, 06 Feb 44938 09:41:25 -0500
    [User Agent] => Mozilla/5.0 (Macintosh; Intel Mac OS X 10_7_5) AppleWebKit/536.26.17 (KHTML, like Gecko) Version/6.0.2 Safari/536.26.17
)
Array
(
    [Order ID] => 0
    [Price] => 13.75
    [User ID] => 869
    [IP] => 24.60.133.171
    [Timestamp] => 1355967627
    [Time/Date] => Wed, 19 Dec 2012 20:40:27 -0500
    [Order Page Timestamp] => 1355967504246
    [Order Page Time/Date] => Tue, 25 Nov 44938 03:04:06 -0500
    [User Agent] => Mozilla/4.0 (compatible; MSIE 8.0; Windows NT 5.1; Trident/4.0; BTRS103186; Mozilla/4.0 (compatible; MSIE 6.0; Windows NT 5.1; SV1) ; chromeframe/23.0.1271.91; .NET CLR 1.1.4322; .NET CLR 2.0.50727; .NET CLR 3.0.4506.2152; .NET CLR 3.5.30729; .NET4.0C; .NET4.0E; AskTB5.6)
)
Array
(
    [Order ID] => 0
    [Price] => 13.75
    [User ID] => 869
    [IP] => 24.60.133.171
    [Timestamp] => 1355967673
    [Time/Date] => Wed, 19 Dec 2012 20:41:13 -0500
    [Order Page Timestamp] => 1355967504246
    [Order Page Time/Date] => Tue, 25 Nov 44938 03:04:06 -0500
    [User Agent] => Mozilla/4.0 (compatible; MSIE 8.0; Windows NT 5.1; Trident/4.0; BTRS103186; Mozilla/4.0 (compatible; MSIE 6.0; Windows NT 5.1; SV1) ; chromeframe/23.0.1271.91; .NET CLR 1.1.4322; .NET CLR 2.0.50727; .NET CLR 3.0.4506.2152; .NET CLR 3.5.30729; .NET4.0C; .NET4.0E; AskTB5.6)
)
