Array
(
    [Order ID] => 0
    [Price] => 16.5
    [User ID] => 586
    [IP] => 24.218.23.114
    [Timestamp] => 1349899269
    [Time/Date] => Wed, 10 Oct 2012 16:01:09 -0400
    [Order Page Timestamp] => 1349899260170
    [Order Page Time/Date] => Fri, 09 Aug 44746 19:42:50 -0500
    [User Agent] => Mozilla/4.0 (compatible; MSIE 8.0; Windows NT 5.1; Trident/4.0; .NET CLR 1.0.3705; .NET CLR 1.1.4322; Media Center PC 4.0; .NET CLR 2.0.50727; .NET CLR 3.0.4506.2152; .NET CLR 3.5.30729; AskTbORJ/5.15.4.23821)
)
Array
(
    [Order ID] => 0
    [Price] => 60
    [User ID] => 824
    [IP] => 75.67.221.236
    [Timestamp] => 1349908819
    [Time/Date] => Wed, 10 Oct 2012 18:40:19 -0400
    [Order Page Timestamp] => 1349908786751
    [Order Page Time/Date] => Thu, 28 Nov 44746 01:59:11 -0500
    [User Agent] => Mozilla/5.0 (compatible; MSIE 9.0; Windows NT 6.0; Trident/5.0)
)
