Array
(
    [Order ID] => 0
    [Price] => 306
    [User ID] => 539
    [IP] => 50.78.244.141
    [Timestamp] => 1340804166
    [Time/Date] => Wed, 27 Jun 2012 09:36:06 -0400
    [Order Page Timestamp] => 1340804152162
    [Order Page Time/Date] => Thu, 23 May 44458 08:49:22 -0500
    [User Agent] => Mozilla/5.0 (compatible; MSIE 9.0; Windows NT 6.1; WOW64; Trident/5.0)
)
Array
(
    [Order ID] => 0
    [Price] => 12.75
    [User ID] => 515
    [IP] => 173.162.171.165
    [Timestamp] => 1340817823
    [Time/Date] => Wed, 27 Jun 2012 13:23:43 -0400
    [Order Page Timestamp] => 1340817815161
    [Order Page Time/Date] => Mon, 28 Oct 44458 12:06:01 -0500
    [User Agent] => Mozilla/4.0 (compatible; MSIE 8.0; Windows NT 6.1; Trident/4.0; SLCC2; .NET CLR 2.0.50727; .NET CLR 3.5.30729; .NET CLR 3.0.30729; Media Center PC 6.0; InfoPath.3; .NET4.0C; .NET4.0E)
)
Array
(
    [Order ID] => 0
    [Price] => 42.5
    [User ID] => 539
    [IP] => 50.78.244.141
    [Timestamp] => 1340818039
    [Time/Date] => Wed, 27 Jun 2012 13:27:19 -0400
    [Order Page Timestamp] => 1340818004594
    [Order Page Time/Date] => Wed, 30 Oct 44458 16:43:14 -0500
    [User Agent] => Mozilla/5.0 (compatible; MSIE 9.0; Windows NT 6.1; WOW64; Trident/5.0)
)
