Array
(
    [Order ID] => 0
    [Price] => 640
    [User ID] => 822
    [IP] => 173.9.100.169
    [Timestamp] => 1350047507
    [Time/Date] => Fri, 12 Oct 2012 09:11:47 -0400
    [Order Page Timestamp] => 1350047482944
    [Order Page Time/Date] => Sat, 21 Apr 44751 08:42:24 -0500
    [User Agent] => Mozilla/5.0 (compatible; MSIE 9.0; Windows NT 6.1; WOW64; Trident/5.0)
)
Array
(
    [Order ID] => 0
    [Price] => 68.75
    [User ID] => 830
    [IP] => 72.71.210.144
    [Timestamp] => 1350049528
    [Time/Date] => Fri, 12 Oct 2012 09:45:28 -0400
    [Order Page Timestamp] => 1350049502544
    [Order Page Time/Date] => Mon, 14 May 44751 17:42:24 -0500
    [User Agent] => Mozilla/4.0 (compatible; MSIE 8.0; Windows NT 5.1; Trident/4.0; GTB6; .NET CLR 1.1.4322; .NET CLR 2.0.50727; .NET CLR 3.0.4506.2152; .NET CLR 3.5.30729; BRI/2)
)
Array
(
    [Order ID] => 0
    [Price] => 2062.5
    [User ID] => 783
    [IP] => 71.255.125.178
    [Timestamp] => 1350058734
    [Time/Date] => Fri, 12 Oct 2012 12:18:54 -0400
    [Order Page Timestamp] => 1350058670721
    [Order Page Time/Date] => Tue, 28 Aug 44751 20:25:21 -0500
    [User Agent] => Mozilla/5.0 (Windows NT 6.1; rv:15.0) Gecko/20100101 Firefox/15.0.1
)
