Array
(
    [Order ID] => 0
    [Price] => 106.25
    [User ID] => 918
    [IP] => 76.119.161.210
    [Timestamp] => 1351780733
    [Time/Date] => Thu, 01 Nov 2012 10:38:53 -0400
    [Order Page Timestamp] => 1351780698061
    [Order Page Time/Date] => Thu, 23 Mar 44806 17:21:01 -0500
    [User Agent] => Mozilla/4.0 (compatible; MSIE 8.0; Windows NT 6.1; WOW64; Trident/4.0; SLCC2; .NET CLR 2.0.50727; .NET CLR 3.5.30729; .NET CLR 3.0.30729; Media Center PC 6.0; BRI/1; .NET4.0C; BRI/2; MALC)
)
Array
(
    [Order ID] => 0
    [Price] => 532
    [User ID] => 916
    [IP] => 24.128.69.119
    [Timestamp] => 1351784391
    [Time/Date] => Thu, 01 Nov 2012 11:39:51 -0400
    [Order Page Timestamp] => 1351784349115
    [Order Page Time/Date] => Thu, 04 May 44806 23:31:55 -0500
    [User Agent] => Mozilla/4.0 (compatible; MSIE 8.0; Windows NT 5.1; Trident/4.0; BTRS124307; GTB7.4; .NET CLR 1.1.4322; .NET CLR 2.0.50727; .NET CLR 3.0.04506.30; .NET CLR 3.0.04506.648; .NET CLR 3.0.4506.2152; .NET CLR 3.5.30729)
)
Array
(
    [Order ID] => 0
    [Price] => 306.25
    [User ID] => 430
    [IP] => 70.96.33.195
    [Timestamp] => 1351784430
    [Time/Date] => Thu, 01 Nov 2012 11:40:30 -0400
    [Order Page Timestamp] => 1351784276708
    [Order Page Time/Date] => Thu, 04 May 44806 03:25:08 -0500
    [User Agent] => Mozilla/5.0 (Windows NT 6.1) AppleWebKit/537.4 (KHTML, like Gecko) Chrome/22.0.1229.94 Safari/537.4
)
Array
(
    [Order ID] => 0
    [Price] => 350
    [User ID] => 919
    [IP] => 70.96.33.195
    [Timestamp] => 1351786285
    [Time/Date] => Thu, 01 Nov 2012 12:11:25 -0400
    [Order Page Timestamp] => 1351786275761
    [Order Page Time/Date] => Sat, 27 May 44806 06:42:41 -0500
    [User Agent] => Mozilla/5.0 (Windows NT 6.1; WOW64) AppleWebKit/537.4 (KHTML, like Gecko) Chrome/22.0.1229.94 Safari/537.4
)
Array
(
    [Order ID] => 0
    [Price] => 68.75
    [User ID] => 920
    [IP] => 173.166.40.49
    [Timestamp] => 1351794953
    [Time/Date] => Thu, 01 Nov 2012 14:35:53 -0400
    [Order Page Timestamp] => 1351794913962
    [Order Page Time/Date] => Mon, 04 Sep 44806 06:12:42 -0500
    [User Agent] => Mozilla/4.0 (compatible; MSIE 8.0; Windows NT 5.1; Trident/4.0; FunWebProducts; GTB7.4; .NET CLR 1.1.4322; .NET CLR 2.0.50727; .NET CLR 3.0.4506.2152; .NET CLR 3.5.30729; .NET4.0C; .NET4.0E; BOIE8;ENUS)
)
