Array
(
    [q] => payment-received
    [billTo_lastName] => Wirth
    [billTo_phoneNumber] => 6035162200
    [orderAmount] => 640
    [billTo_street1] => 100 Main Street, Suite 240
    [card_accountNumber] => ############1832
    [platform] => prd
    [orderAmount_publicSignature] => YmdOT86+Tb+EcdYVJ9RWKckAjVg=
    [orderPage_serialNumber] => 3213046286400176056193
    [orderCurrency] => usd
    [reconciliationID] => 114627146WTOFO86ZO5LL
    [signedDataPublicSignature] => QFTrtM7LDcuyE7td4pJL9wp5D7M=
    [decision] => ACCEPT
    [ccAuthReply_processorResponse] => 00
    [source_domain] => nh.tcro.us
    [billTo_state] => NH
    [billTo_firstName] => Gregory
    [billTo_customerID] => 822
    [uid] => 822
    [billTo_company] => The Law Offices of Gregory D. Wirth, P.L.L.C.
    [card_expirationYear] => 2015
    [merchantDefinedData1] => Request ID: 29854
    [transactionSignature] => D5f5E8AjHNmWesSz2NZBu0QD50o=
    [billTo_city] => Dover
    [billTo_postalCode] => 03820
    [orderPage_requestToken] => Ahj//wSRe4W2uqOOVqBCKFWLFo2ZN2LRtXqT409w2tT2syYmoKdGH9AFNQU6MP6aQQ+gAjuhk0kyro9JZxwMIMi9wttdUccrUCEA+F8r
    [ccAuthReply_amount] => 640.00
    [orderCurrency_publicSignature] => pfcMEzOHelrVLvafAkpPGnECGbk=
    [orderPage_transactionType] => sale
    [ccAuthReply_authorizationCode] => 070731
    [decision_publicSignature] => KnPsJG1LWbeM0M209/iKgV4eG28=
    [ccAuthReply_avsCodeRaw] => N
    [paymentOption] => card
    [billTo_country] => us
    [billTo_email] => gwirth@gwirthlaw.com
    [reasonCode] => 100
    [order_id] => 29854
    [ccAuthReply_reasonCode] => 100
    [orderPage_environment] => PRODUCTION
    [card_expirationMonth] => 11
    [merchantID] => avtranzsb
    [orderNumber_publicSignature] => R1bFvMGLjhqeB/MFSAl16Fqidsg=
    [requestID] => 3500475548800178147361
    [orderNumber] => 1350047554878
    [signedFields] => billTo_lastName,billTo_phoneNumber,orderAmount,billTo_street1,card_accountNumber,platform,orderAmount_publicSignature,orderPage_serialNumber,orderCurrency,reconciliationID,decision,ccAuthReply_processorResponse,source_domain,billTo_state,billTo_firstName,billTo_customerID,uid,billTo_company,card_expirationYear,merchantDefinedData1,billTo_city,billTo_postalCode,orderPage_requestToken,ccAuthReply_amount,orderCurrency_publicSignature,orderPage_transactionType,ccAuthReply_authorizationCode,decision_publicSignature,ccAuthReply_avsCodeRaw,paymentOption,billTo_country,billTo_email,reasonCode,order_id,ccAuthReply_reasonCode,orderPage_environment,card_expirationMonth,merchantID,orderNumber_publicSignature,requestID,orderNumber,ccAuthReply_authorizedDateTime,card_cardType,ccAuthReply_avsCode
    [ccAuthReply_authorizedDateTime] => 2012-10-12T131235Z
    [card_cardType] => 001
    [ccAuthReply_avsCode] => N
)
Array
(
    [q] => payment-received
    [billTo_lastName] => Dahar
    [billTo_phoneNumber] => 6036226595
    [orderAmount] => 68.75
    [billTo_street1] => 20 Merrimack Street
    [card_accountNumber] => ############3536
    [platform] => prd
    [orderAmount_publicSignature] => 9KgVKoJH0M0fgfO4/1IiEZcOYbI=
    [orderPage_serialNumber] => 3213046286400176056193
    [orderCurrency] => usd
    [reconciliationID] => 114655285WTO9N8772D9D
    [signedDataPublicSignature] => mvPc9K6+5aqhBvutm3p4EE48D5s=
    [decision] => ACCEPT
    [ccAuthReply_processorResponse] => 00
    [source_domain] => nh.tcro.us
    [billTo_state] => NH
    [billTo_firstName] => Victor
    [billTo_customerID] => 830
    [uid] => 830
    [billTo_company] => Victor W. Dahar, P.A.
    [card_expirationYear] => 2014
    [merchantDefinedData1] => Request ID: 29856
    [transactionSignature] => YtOfJ2Q7odtRVPz/sMcXuMyUz/U=
    [billTo_city] => Manchester
    [billTo_postalCode] => 03101
    [orderPage_requestToken] => Ahj//wSRe4ZGiSpZjoBAKFWLFo2atWThrXqT3M5w3bsojmImkq8GAEQJNJV4MAI6QN1tkd0MmkmVdHpLOOBg+kXuGRokqWY6AQAA/ySf
    [ccAuthReply_amount] => 68.75
    [orderCurrency_publicSignature] => pfcMEzOHelrVLvafAkpPGnECGbk=
    [orderPage_transactionType] => sale
    [ccAuthReply_authorizationCode] => 08594S
    [decision_publicSignature] => KnPsJG1LWbeM0M209/iKgV4eG28=
    [ccAuthReply_avsCodeRaw] => N
    [paymentOption] => card
    [billTo_country] => us
    [billTo_email] => vdaharpa@att.net
    [reasonCode] => 100
    [order_id] => 29856
    [ccAuthReply_reasonCode] => 100
    [orderPage_environment] => PRODUCTION
    [card_expirationMonth] => 10
    [merchantID] => avtranzsb
    [orderNumber_publicSignature] => j6smM4ZlXRpVq7MOKHJFER6KLf8=
    [requestID] => 3500495787800178147360
    [orderNumber] => 1350049578779
    [signedFields] => billTo_lastName,billTo_phoneNumber,orderAmount,billTo_street1,card_accountNumber,platform,orderAmount_publicSignature,orderPage_serialNumber,orderCurrency,reconciliationID,decision,ccAuthReply_processorResponse,source_domain,billTo_state,billTo_firstName,billTo_customerID,uid,billTo_company,card_expirationYear,merchantDefinedData1,billTo_city,billTo_postalCode,orderPage_requestToken,ccAuthReply_amount,orderCurrency_publicSignature,orderPage_transactionType,ccAuthReply_authorizationCode,decision_publicSignature,ccAuthReply_avsCodeRaw,paymentOption,billTo_country,billTo_email,reasonCode,order_id,ccAuthReply_reasonCode,orderPage_environment,card_expirationMonth,merchantID,orderNumber_publicSignature,requestID,orderNumber,ccAuthReply_authorizedDateTime,card_cardType,ccAuthReply_avsCode
    [ccAuthReply_authorizedDateTime] => 2012-10-12T134619Z
    [card_cardType] => 002
    [ccAuthReply_avsCode] => N
)
Array
(
    [q] => payment-received
    [billTo_lastName] => Page
    [billTo_phoneNumber] => 6036107240
    [orderAmount] => 2062.5
    [billTo_street1] => 1 Junkins Avenue
    [card_accountNumber] => ############2173
    [platform] => prd
    [orderAmount_publicSignature] => RIo3yHpmcSpD+t0DE29+JHQ621s=
    [orderPage_serialNumber] => 3213046286400176056193
    [orderCurrency] => usd
    [reconciliationID] => 114729323WTO9N8772JNM
    [signedDataPublicSignature] => Z1wauKZdMJqRv9VfdzU7xfaTF00=
    [decision] => ACCEPT
    [ccAuthReply_processorResponse] => 00
    [source_domain] => nh.tcro.us
    [billTo_state] => NH
    [billTo_firstName] => Jason
    [billTo_customerID] => 783
    [uid] => 783
    [billTo_company] => City of Portsmouth
    [card_expirationYear] => 2013
    [merchantDefinedData1] => Request ID: 27687
    [transactionSignature] => Rf2/edvz8Lxxei+Ucg8oyI38JQc=
    [billTo_city] => Portsmouth
    [billTo_postalCode] => 03801
    [orderPage_requestToken] => Ahj//wSRe4jVT7HXOVBCKFWLFo3ZOWbJnXqT3M5w3bspU6amkq8GlqAJNJV4NLUaQSyWqI7oZNJMq6PSWccDBnIvcRqp9jrnKghAohKK
    [ccAuthReply_amount] => 2062.50
    [orderCurrency_publicSignature] => pfcMEzOHelrVLvafAkpPGnECGbk=
    [orderPage_transactionType] => sale
    [ccAuthReply_authorizationCode] => 08656Z
    [decision_publicSignature] => KnPsJG1LWbeM0M209/iKgV4eG28=
    [ccAuthReply_avsCodeRaw] => Y
    [paymentOption] => card
    [billTo_country] => us
    [billTo_email] => smwoodland@cityofportsmouth.com
    [reasonCode] => 100
    [order_id] => 27687
    [ccAuthReply_reasonCode] => 100
    [orderPage_environment] => PRODUCTION
    [card_expirationMonth] => 07
    [merchantID] => avtranzsb
    [orderNumber_publicSignature] => 1SLWnLgBMWbCuV2W1eImFFn4Zfc=
    [requestID] => 3500587939260178147361
    [orderNumber] => 1350058793924
    [signedFields] => billTo_lastName,billTo_phoneNumber,orderAmount,billTo_street1,card_accountNumber,platform,orderAmount_publicSignature,orderPage_serialNumber,orderCurrency,reconciliationID,decision,ccAuthReply_processorResponse,source_domain,billTo_state,billTo_firstName,billTo_customerID,uid,billTo_company,card_expirationYear,merchantDefinedData1,billTo_city,billTo_postalCode,orderPage_requestToken,ccAuthReply_amount,orderCurrency_publicSignature,orderPage_transactionType,ccAuthReply_authorizationCode,decision_publicSignature,ccAuthReply_avsCodeRaw,paymentOption,billTo_country,billTo_email,reasonCode,order_id,ccAuthReply_reasonCode,orderPage_environment,card_expirationMonth,merchantID,orderNumber_publicSignature,requestID,orderNumber,ccAuthReply_authorizedDateTime,card_cardType,ccAuthReply_avsCode
    [ccAuthReply_authorizedDateTime] => 2012-10-12T161954Z
    [card_cardType] => 002
    [ccAuthReply_avsCode] => Y
)
