Array
(
    [Order ID] => 0
    [Price] => 73.75
    [User ID] => 721
    [IP] => 64.140.228.10
    [Timestamp] => 1347042140
    [Time/Date] => Fri, 07 Sep 2012 14:22:20 -0400
    [Order Page Timestamp] => 1347042114246
    [Order Page Time/Date] => Fri, 25 Jan 44656 00:04:06 -0500
    [User Agent] => Mozilla/5.0 (compatible; MSIE 9.0; Windows NT 6.1; Trident/5.0)
)
Array
(
    [Order ID] => 0
    [Price] => 172.5
    [User ID] => 722
    [IP] => 72.248.22.22
    [Timestamp] => 1347043820
    [Time/Date] => Fri, 07 Sep 2012 14:50:20 -0400
    [Order Page Timestamp] => 1347043385156
    [Order Page Time/Date] => Fri, 08 Feb 44656 17:05:56 -0500
    [User Agent] => Mozilla/5.0 (Windows; U; Windows NT 5.1; en-US; rv:1.9.2.17) Gecko/20110420 YFF3 Firefox/3.6.17 (.NET CLR 3.5.30729) FBSMTWB
)
