Array
(
    [q] => payment-received
    [billTo_lastName] => Karametros
    [billTo_phoneNumber] => 6035120330
    [orderAmount] => 147.5
    [billTo_street1] => 55 River Road 3H
    [card_accountNumber] => ############1312
    [platform] => prd
    [orderAmount_publicSignature] => bnL2n7wl64QobrvVJCtCzodPTx0=
    [orderPage_serialNumber] => 3213046286400176056193
    [orderCurrency] => usd
    [reconciliationID] => 119345098WTO8H8HQ4SMV
    [signedDataPublicSignature] => ftPw6uKbzbTgc+nNOp9i4AryDQE=
    [decision] => ACCEPT
    [ccAuthReply_processorResponse] => 00
    [source_domain] => nh.tcro.us
    [billTo_state] => NH
    [billTo_firstName] => Kosta
    [billTo_customerID] => 872
    [uid] => 872
    [card_expirationYear] => 2015
    [merchantDefinedData1] => Request ID: 32239
    [transactionSignature] => mNOswHVCpH6n6KHjL6huyfsCn9Q=
    [billTo_city] => Manchester
    [billTo_postalCode] => 03104
    [orderPage_requestToken] => Ahj//wSRfI6VaLAo+lBGKFWLFyzaNWDlxXqT3EhxIotKc2smj+VaYkAFNH8q0xIaQO5niPmGTSTKuj0lnHAwXSL5HSrRYFH0oIwAngn4
    [ccAuthReply_amount] => 147.50
    [orderCurrency_publicSignature] => pfcMEzOHelrVLvafAkpPGnECGbk=
    [orderPage_transactionType] => sale
    [ccAuthReply_authorizationCode] => 939900
    [decision_publicSignature] => KnPsJG1LWbeM0M209/iKgV4eG28=
    [ccAuthReply_avsCodeRaw] => N
    [paymentOption] => card
    [billTo_country] => us
    [billTo_email] => kostak@resmac.us
    [reasonCode] => 100
    [order_id] => 32239
    [ccAuthReply_reasonCode] => 100
    [orderPage_environment] => PRODUCTION
    [card_expirationMonth] => 12
    [merchantID] => avtranzsb
    [orderNumber_publicSignature] => zSMrhQ4uvRapFQzj/H1JjL8euP8=
    [requestID] => 3510018490620178147363
    [orderNumber] => 1351001849060
    [signedFields] => billTo_lastName,billTo_phoneNumber,orderAmount,billTo_street1,card_accountNumber,platform,orderAmount_publicSignature,orderPage_serialNumber,orderCurrency,reconciliationID,decision,ccAuthReply_processorResponse,source_domain,billTo_state,billTo_firstName,billTo_customerID,uid,card_expirationYear,merchantDefinedData1,billTo_city,billTo_postalCode,orderPage_requestToken,ccAuthReply_amount,orderCurrency_publicSignature,orderPage_transactionType,ccAuthReply_authorizationCode,decision_publicSignature,ccAuthReply_avsCodeRaw,paymentOption,billTo_country,billTo_email,reasonCode,order_id,ccAuthReply_reasonCode,orderPage_environment,card_expirationMonth,merchantID,orderNumber_publicSignature,requestID,orderNumber,ccAuthReply_authorizedDateTime,card_cardType,ccAuthReply_avsCode
    [ccAuthReply_authorizedDateTime] => 2012-10-23T141730Z
    [card_cardType] => 001
    [ccAuthReply_avsCode] => N
)
Array
(
    [q] => payment-received
    [billTo_lastName] => Karametros
    [billTo_phoneNumber] => 6035120330
    [orderAmount] => 150.45
    [billTo_street1] => 55 River rd 3H
    [card_accountNumber] => ############1312
    [platform] => prd
    [orderAmount_publicSignature] => I3QWlzqeDwTwIITk6+bA0e7KNo4=
    [orderPage_serialNumber] => 3213046286400176056193
    [orderCurrency] => usd
    [reconciliationID] => 119347131WTOFL8HWONGJ
    [signedDataPublicSignature] => mh1gRucOsr2JLkUYevN02OQX4IE=
    [decision] => ACCEPT
    [ccAuthReply_processorResponse] => 00
    [source_domain] => nh.tcro.us
    [billTo_state] => NH
    [billTo_firstName] => Kosta
    [billTo_customerID] => 872
    [uid] => 872
    [card_expirationYear] => 2015
    [merchantDefinedData1] => Request ID: 32238
    [transactionSignature] => PDZX7RXDZPp+Z9TW8G+BTteqTCQ=
    [billTo_city] => Manchester
    [billTo_postalCode] => 03104
    [orderPage_requestToken] => Ahj//wSRfI6i3szIN7BGKFWLFyzaN2LNjXqT40xxIrz50eUmn7p/wMwFNP3T/gZ6QO6xSPmGTSTKuj0lnHAwXSL5HUW9mZBvYIwAIheW
    [ccAuthReply_amount] => 150.45
    [orderCurrency_publicSignature] => pfcMEzOHelrVLvafAkpPGnECGbk=
    [orderPage_transactionType] => sale
    [ccAuthReply_authorizationCode] => 342662
    [decision_publicSignature] => KnPsJG1LWbeM0M209/iKgV4eG28=
    [ccAuthReply_avsCodeRaw] => N
    [paymentOption] => card
    [billTo_country] => us
    [billTo_email] => kostak@resmac.us
    [reasonCode] => 100
    [order_id] => 32238
    [ccAuthReply_reasonCode] => 100
    [orderPage_environment] => PRODUCTION
    [card_expirationMonth] => 12
    [merchantID] => avtranzsb
    [orderNumber_publicSignature] => A0eHCOZZtiXn8gh+80rPx9D0cHo=
    [requestID] => 3510020385140178147363
    [orderNumber] => 1351002038512
    [signedFields] => billTo_lastName,billTo_phoneNumber,orderAmount,billTo_street1,card_accountNumber,platform,orderAmount_publicSignature,orderPage_serialNumber,orderCurrency,reconciliationID,decision,ccAuthReply_processorResponse,source_domain,billTo_state,billTo_firstName,billTo_customerID,uid,card_expirationYear,merchantDefinedData1,billTo_city,billTo_postalCode,orderPage_requestToken,ccAuthReply_amount,orderCurrency_publicSignature,orderPage_transactionType,ccAuthReply_authorizationCode,decision_publicSignature,ccAuthReply_avsCodeRaw,paymentOption,billTo_country,billTo_email,reasonCode,order_id,ccAuthReply_reasonCode,orderPage_environment,card_expirationMonth,merchantID,orderNumber_publicSignature,requestID,orderNumber,ccAuthReply_authorizedDateTime,card_cardType,ccAuthReply_avsCode
    [ccAuthReply_authorizedDateTime] => 2012-10-23T142039Z
    [card_cardType] => 001
    [ccAuthReply_avsCode] => N
)
Array
(
    [q] => payment-received
    [billTo_lastName] => Karametros
    [billTo_phoneNumber] => 6035120330
    [orderAmount] => 142.5
    [billTo_street1] => 55 River rd 3H
    [card_accountNumber] => ############1312
    [platform] => prd
    [orderAmount_publicSignature] => GUGt5pGvS/EeOEl2B98Oht/PRxw=
    [orderPage_serialNumber] => 3213046286400176056193
    [orderCurrency] => usd
    [reconciliationID] => 119346196WTO8V8HRYHBT
    [signedDataPublicSignature] => AhNAD7VeiIWzfvLEAE+SWWZVG1Y=
    [decision] => ACCEPT
    [ccAuthReply_processorResponse] => 00
    [source_domain] => nh.tcro.us
    [billTo_state] => NH
    [billTo_firstName] => Kosta
    [billTo_customerID] => 872
    [uid] => 872
    [card_expirationYear] => 2015
    [merchantDefinedData1] => Request ID: 32240
    [transactionSignature] => qlLqQE4UnXGrFhfdEVU1/23hnno=
    [billTo_city] => Manchester
    [billTo_postalCode] => 03104
    [orderPage_requestToken] => Ahj//wSRfI6p/z8NoxBGKFWLFyzaNmLltXqT3FZxIpWZEKomkNPHK/wFNIaeOV/6QO3qiPmGTSTKuj0lnHAwXSL5HVP+fhtGIIwAOQoI
    [ccAuthReply_amount] => 142.50
    [orderCurrency_publicSignature] => pfcMEzOHelrVLvafAkpPGnECGbk=
    [orderPage_transactionType] => sale
    [ccAuthReply_authorizationCode] => 393225
    [decision_publicSignature] => KnPsJG1LWbeM0M209/iKgV4eG28=
    [ccAuthReply_avsCodeRaw] => N
    [paymentOption] => card
    [billTo_country] => us
    [billTo_email] => kostak@resmac.us
    [reasonCode] => 100
    [order_id] => 32240
    [ccAuthReply_reasonCode] => 100
    [orderPage_environment] => PRODUCTION
    [card_expirationMonth] => 12
    [merchantID] => avtranzsb
    [orderNumber_publicSignature] => hzNKX6UyzFGwZpxGMQXY4f7x9Dc=
    [requestID] => 3510021388140178147363
    [orderNumber] => 1351002138812
    [signedFields] => billTo_lastName,billTo_phoneNumber,orderAmount,billTo_street1,card_accountNumber,platform,orderAmount_publicSignature,orderPage_serialNumber,orderCurrency,reconciliationID,decision,ccAuthReply_processorResponse,source_domain,billTo_state,billTo_firstName,billTo_customerID,uid,card_expirationYear,merchantDefinedData1,billTo_city,billTo_postalCode,orderPage_requestToken,ccAuthReply_amount,orderCurrency_publicSignature,orderPage_transactionType,ccAuthReply_authorizationCode,decision_publicSignature,ccAuthReply_avsCodeRaw,paymentOption,billTo_country,billTo_email,reasonCode,order_id,ccAuthReply_reasonCode,orderPage_environment,card_expirationMonth,merchantID,orderNumber_publicSignature,requestID,orderNumber,ccAuthReply_authorizedDateTime,card_cardType,ccAuthReply_avsCode
    [ccAuthReply_authorizedDateTime] => 2012-10-23T142219Z
    [card_cardType] => 001
    [ccAuthReply_avsCode] => N
)
Array
(
    [q] => payment-received
    [billTo_lastName] => Karametros
    [billTo_phoneNumber] => 6035120330
    [orderAmount] => 68.75
    [billTo_street1] => 55 River rd 3H
    [card_accountNumber] => ############1312
    [platform] => prd
    [orderAmount_publicSignature] => 9KgVKoJH0M0fgfO4/1IiEZcOYbI=
    [orderPage_serialNumber] => 3213046286400176056193
    [orderCurrency] => usd
    [reconciliationID] => 119351633WTOFL8HWONXT
    [signedDataPublicSignature] => WNwsx/rVyHc6ft7p2qxmYVvTTms=
    [decision] => ACCEPT
    [ccAuthReply_processorResponse] => 00
    [source_domain] => nh.tcro.us
    [billTo_state] => NH
    [billTo_firstName] => Kosta
    [billTo_customerID] => 872
    [uid] => 872
    [card_expirationYear] => 2015
    [merchantDefinedData1] => Request ID: 32258
    [transactionSignature] => qbnTjen7pI/rj3UDhtZKVjJ8sLE=
    [billTo_city] => Manchester
    [billTo_postalCode] => 03104
    [orderPage_requestToken] => Ahj//wSRfI7Ro39QmSBGKFWLFyzasWzNnXqT40xxIrz51iomn7p/yzgFNP3T/lnaQN1tkfMMmkmVdHpLOOBgukXyO0aN/UJkgRgA/Cay
    [ccAuthReply_amount] => 68.75
    [orderCurrency_publicSignature] => pfcMEzOHelrVLvafAkpPGnECGbk=
    [orderPage_transactionType] => sale
    [ccAuthReply_authorizationCode] => 566920
    [decision_publicSignature] => KnPsJG1LWbeM0M209/iKgV4eG28=
    [ccAuthReply_avsCodeRaw] => N
    [paymentOption] => card
    [billTo_country] => us
    [billTo_email] => kostak@resmac.us
    [reasonCode] => 100
    [order_id] => 32258
    [ccAuthReply_reasonCode] => 100
    [orderPage_environment] => PRODUCTION
    [card_expirationMonth] => 12
    [merchantID] => avtranzsb
    [orderNumber_publicSignature] => l8WeQlJ0aCC3NjOsUYYUH3tNucM=
    [requestID] => 3510026967200178147363
    [orderNumber] => 1351002696718
    [signedFields] => billTo_lastName,billTo_phoneNumber,orderAmount,billTo_street1,card_accountNumber,platform,orderAmount_publicSignature,orderPage_serialNumber,orderCurrency,reconciliationID,decision,ccAuthReply_processorResponse,source_domain,billTo_state,billTo_firstName,billTo_customerID,uid,card_expirationYear,merchantDefinedData1,billTo_city,billTo_postalCode,orderPage_requestToken,ccAuthReply_amount,orderCurrency_publicSignature,orderPage_transactionType,ccAuthReply_authorizationCode,decision_publicSignature,ccAuthReply_avsCodeRaw,paymentOption,billTo_country,billTo_email,reasonCode,order_id,ccAuthReply_reasonCode,orderPage_environment,card_expirationMonth,merchantID,orderNumber_publicSignature,requestID,orderNumber,ccAuthReply_authorizedDateTime,card_cardType,ccAuthReply_avsCode
    [ccAuthReply_authorizedDateTime] => 2012-10-23T143137Z
    [card_cardType] => 001
    [ccAuthReply_avsCode] => N
)
