Array
(
    [q] => payment-received
    [billTo_lastName] => Annutto
    [billTo_phoneNumber] => 6038819161
    [orderAmount] => 16.5
    [billTo_street1] => 369 Main Street
    [card_accountNumber] => ############4710
    [platform] => prd
    [orderAmount_publicSignature] => TJYJouOBLkl/5tH2x3EVQT5DaZc=
    [orderPage_serialNumber] => 3213046286400176056193
    [orderCurrency] => usd
    [reconciliationID] => 113671827WTOFO7L8D5F6
    [signedDataPublicSignature] => rTiEd1//P+WYPWYf2BElsGxWrv4=
    [decision] => ACCEPT
    [ccAuthReply_processorResponse] => 00
    [source_domain] => nh.tcro.us
    [billTo_state] => NH
    [billTo_firstName] => Joseph
    [billTo_customerID] => 586
    [uid] => 586
    [billTo_company] => Law Office of Joseph M. Annutto
    [card_expirationYear] => 2015
    [merchantDefinedData1] => Request ID: 20063
    [transactionSignature] => ElJybslvISuLRxLFoevktffqJbo=
    [billTo_city] => Nashua
    [billTo_postalCode] => 03060
    [orderPage_requestToken] => Ahj//wSRe1ySosTZi8hEKFWLFm2bsXDJvXqT409vMcRGsZsmoKRODZQJNQUicGy6QLzkR2QyaSZV0eks44GDiRe1ySosTZi8hEAAsgVl
    [ccAuthReply_amount] => 16.50
    [orderCurrency_publicSignature] => pfcMEzOHelrVLvafAkpPGnECGbk=
    [orderPage_transactionType] => sale
    [ccAuthReply_authorizationCode] => 06315Z
    [decision_publicSignature] => KnPsJG1LWbeM0M209/iKgV4eG28=
    [ccAuthReply_avsCodeRaw] => Y
    [paymentOption] => card
    [billTo_country] => us
    [billTo_email] => annuttolaw@aol.com
    [reasonCode] => 100
    [order_id] => 20063
    [ccAuthReply_reasonCode] => 100
    [orderPage_environment] => PRODUCTION
    [card_expirationMonth] => 04
    [merchantID] => avtranzsb
    [orderNumber_publicSignature] => ZQywsX8loBz0WRARvZajgo0QiHI=
    [requestID] => 3498993288450178147362
    [orderNumber] => 1349899307850
    [signedFields] => billTo_lastName,billTo_phoneNumber,orderAmount,billTo_street1,card_accountNumber,platform,orderAmount_publicSignature,orderPage_serialNumber,orderCurrency,reconciliationID,decision,ccAuthReply_processorResponse,source_domain,billTo_state,billTo_firstName,billTo_customerID,uid,billTo_company,card_expirationYear,merchantDefinedData1,billTo_city,billTo_postalCode,orderPage_requestToken,ccAuthReply_amount,orderCurrency_publicSignature,orderPage_transactionType,ccAuthReply_authorizationCode,decision_publicSignature,ccAuthReply_avsCodeRaw,paymentOption,billTo_country,billTo_email,reasonCode,order_id,ccAuthReply_reasonCode,orderPage_environment,card_expirationMonth,merchantID,orderNumber_publicSignature,requestID,orderNumber,ccAuthReply_authorizedDateTime,card_cardType,ccAuthReply_avsCode
    [ccAuthReply_authorizedDateTime] => 2012-10-10T200209Z
    [card_cardType] => 002
    [ccAuthReply_avsCode] => Y
)
Array
(
    [q] => payment-received
    [billTo_lastName] => Letellier-Doucette
    [billTo_phoneNumber] => 6033700043
    [orderAmount] => 60
    [billTo_street1] => 68 Old Sandown Rd
    [card_accountNumber] => ############0135
    [platform] => prd
    [orderAmount_publicSignature] => fONqp0+M5bd3IvvzHQ5W88gxN3w=
    [orderPage_serialNumber] => 3213046286400176056193
    [orderCurrency] => usd
    [reconciliationID] => 113762900WTO8V7L1464C
    [signedDataPublicSignature] => Ks9oGjjzDklzaA4FM5i+h4oqazI=
    [decision] => ACCEPT
    [ccAuthReply_processorResponse] => 00
    [source_domain] => nh.tcro.us
    [billTo_state] => NH
    [billTo_firstName] => Amy
    [billTo_customerID] => 824
    [uid] => 824
    [card_expirationYear] => 2016
    [merchantDefinedData1] => Request ID: 29687
    [transactionSignature] => zWoTmj5tojW0gW4bSfvQl8klSpg=
    [billTo_city] => Chester
    [billTo_postalCode] => 03036
    [orderPage_requestToken] => Ahj//wSRe189PqS8Pdg+KFWLFm3bMnLBhXqT3FZvMYtGzSGmkM8pSJQFNIZ5SkS6QNu4EdkMmkmVdHpLOOBgykXtfPT6kvD3YPgADRBA
    [ccAuthReply_amount] => 60.00
    [orderCurrency_publicSignature] => pfcMEzOHelrVLvafAkpPGnECGbk=
    [orderPage_transactionType] => sale
    [ccAuthReply_authorizationCode] => 164324
    [decision_publicSignature] => KnPsJG1LWbeM0M209/iKgV4eG28=
    [ccAuthReply_avsCodeRaw] => Y
    [paymentOption] => card
    [billTo_country] => us
    [billTo_email] => Amydoucette5150@gmail.com
    [reasonCode] => 100
    [order_id] => 29687
    [ccAuthReply_reasonCode] => 100
    [orderPage_environment] => PRODUCTION
    [card_expirationMonth] => 08
    [merchantID] => avtranzsb
    [orderNumber_publicSignature] => 72Rz1gZugW99QtoowgBj5URKygk=
    [requestID] => 3499089357110178147359
    [orderNumber] => 1349908935707
    [signedFields] => billTo_lastName,billTo_phoneNumber,orderAmount,billTo_street1,card_accountNumber,platform,orderAmount_publicSignature,orderPage_serialNumber,orderCurrency,reconciliationID,decision,ccAuthReply_processorResponse,source_domain,billTo_state,billTo_firstName,billTo_customerID,uid,card_expirationYear,merchantDefinedData1,billTo_city,billTo_postalCode,orderPage_requestToken,ccAuthReply_amount,orderCurrency_publicSignature,orderPage_transactionType,ccAuthReply_authorizationCode,decision_publicSignature,ccAuthReply_avsCodeRaw,paymentOption,billTo_country,billTo_email,reasonCode,order_id,ccAuthReply_reasonCode,orderPage_environment,card_expirationMonth,merchantID,orderNumber_publicSignature,requestID,orderNumber,ccAuthReply_authorizedDateTime,card_cardType,ccAuthReply_avsCode
    [ccAuthReply_authorizedDateTime] => 2012-10-10T224216Z
    [card_cardType] => 001
    [ccAuthReply_avsCode] => Y
)
