Array
(
    [q] => payment-received
    [billTo_lastName] => Azmy
    [billTo_phoneNumber] => 6037486043
    [orderAmount] => 16.5
    [billTo_street1] => 909 Rte 103 E.
    [card_accountNumber] => ############1153
    [platform] => prd
    [orderAmount_publicSignature] => TJYJouOBLkl/5tH2x3EVQT5DaZc=
    [orderPage_serialNumber] => 3213046286400176056193
    [orderCurrency] => usd
    [reconciliationID] => 137637932WTO9N9LAUG2B
    [signedDataPublicSignature] => +ryrTkHCtbkoExTRdcMb4YtvaXA=
    [decision] => ACCEPT
    [ccAuthReply_processorResponse] => 00
    [source_domain] => nh.tcro.us
    [billTo_state] => NH
    [billTo_firstName] => Lois
    [billTo_customerID] => 565
    [uid] => 565
    [card_expirationYear] => 2014
    [merchantDefinedData1] => Request ID: 26457
    [transactionSignature] => svpG6u4XXOU9jxgzMwkaORQTfQ4=
    [billTo_city] => Warner
    [billTo_postalCode] => 03278
    [orderPage_requestToken] => Ahj//wSRgAp7H7Lu9rA+KFWLNu2Zt3LNlXqT3M5zMg1Y7KEmkraRU4wJNJW0ipx6QLzkSPQyaSZV0eks44GC2RgAp7H7Lu9rA+AAzzvq
    [ccAuthReply_amount] => 16.50
    [orderCurrency_publicSignature] => pfcMEzOHelrVLvafAkpPGnECGbk=
    [orderPage_transactionType] => sale
    [ccAuthReply_authorizationCode] => 657108
    [decision_publicSignature] => KnPsJG1LWbeM0M209/iKgV4eG28=
    [ccAuthReply_avsCodeRaw] => Z
    [paymentOption] => card
    [billTo_country] => us
    [billTo_email] => happyazmy@gmail.com
    [reasonCode] => 100
    [order_id] => 26457
    [ccAuthReply_reasonCode] => 100
    [orderPage_environment] => PRODUCTION
    [card_expirationMonth] => 10
    [merchantID] => avtranzsb
    [orderNumber_publicSignature] => hB1fzV1SQw3/A9poG05Y0uJwIQg=
    [requestID] => 3542152478260178147359
    [orderNumber] => 1354215247824
    [signedFields] => billTo_lastName,billTo_phoneNumber,orderAmount,billTo_street1,card_accountNumber,platform,orderAmount_publicSignature,orderPage_serialNumber,orderCurrency,reconciliationID,decision,ccAuthReply_processorResponse,source_domain,billTo_state,billTo_firstName,billTo_customerID,uid,card_expirationYear,merchantDefinedData1,billTo_city,billTo_postalCode,orderPage_requestToken,ccAuthReply_amount,orderCurrency_publicSignature,orderPage_transactionType,ccAuthReply_authorizationCode,decision_publicSignature,ccAuthReply_avsCodeRaw,paymentOption,billTo_country,billTo_email,reasonCode,order_id,ccAuthReply_reasonCode,orderPage_environment,card_expirationMonth,merchantID,orderNumber_publicSignature,requestID,orderNumber,ccAuthReply_authorizedDateTime,card_cardType,ccAuthReply_avsCode
    [ccAuthReply_authorizedDateTime] => 2012-11-29T185408Z
    [card_cardType] => 002
    [ccAuthReply_avsCode] => Z
)
