Array
(
    [Order ID] => 0
    [Price] => 73.75
    [User ID] => 837
    [IP] => 24.128.108.250
    [Timestamp] => 1350380420
    [Time/Date] => Tue, 16 Oct 2012 05:40:20 -0400
    [Order Page Timestamp] => 1350380365683
    [Order Page Time/Date] => Tue, 07 Nov 44761 04:08:03 -0500
    [User Agent] => Mozilla/5.0 (Windows NT 6.1; WOW64) AppleWebKit/537.4 (KHTML, like Gecko) Chrome/22.0.1229.94 Safari/537.4
)
Array
(
    [Order ID] => 0
    [Price] => 14.5
    [User ID] => 665
    [IP] => 69.95.208.177
    [Timestamp] => 1350401634
    [Time/Date] => Tue, 16 Oct 2012 11:33:54 -0400
    [Order Page Timestamp] => 1350401588365
    [Order Page Time/Date] => Tue, 10 Jul 44762 19:19:25 -0500
    [User Agent] => Mozilla/4.0 (compatible; MSIE 8.0; Windows NT 6.1; WOW64; Trident/4.0; SLCC2; .NET CLR 2.0.50727; .NET CLR 3.5.30729; .NET CLR 3.0.30729; Media Center PC 6.0; .NET4.0C; MS-RTC EA 2; AskTbWCL2/5.13.1.18107; .NET4.0E)
)
Array
(
    [Order ID] => 0
    [Price] => 5.5
    [User ID] => 825
    [IP] => 70.95.167.119
    [Timestamp] => 1350406450
    [Time/Date] => Tue, 16 Oct 2012 12:54:10 -0400
    [Order Page Timestamp] => 1350406397223
    [Order Page Time/Date] => Tue, 04 Sep 44762 11:07:03 -0500
    [User Agent] => Mozilla/5.0 (Windows NT 6.1; WOW64) AppleWebKit/537.4 (KHTML, like Gecko) Chrome/22.0.1229.94 Safari/537.4
)
