Array
(
    [Order ID] => 0
    [Price] => 68.75
    [User ID] => 263
    [IP] => 24.147.93.11
    [Timestamp] => 1344531504
    [Time/Date] => Thu, 09 Aug 2012 12:58:24 -0400
    [Order Page Timestamp] => 1344531486740
    [Order Page Time/Date] => Wed, 03 Jul 44576 19:32:20 -0500
    [User Agent] => Mozilla/5.0 (Windows NT 6.1; WOW64) AppleWebKit/537.1 (KHTML, like Gecko) Chrome/21.0.1180.60 Safari/537.1
)
Array
(
    [Order ID] => 0
    [Price] => 161.5
    [User ID] => 646
    [IP] => 75.68.139.26
    [Timestamp] => 1344554983
    [Time/Date] => Thu, 09 Aug 2012 19:29:43 -0400
    [Order Page Timestamp] => 1344554933588
    [Order Page Time/Date] => Tue, 01 Apr 44577 04:33:08 -0500
    [User Agent] => Mozilla/5.0 (Windows NT 6.1; WOW64) AppleWebKit/537.1 (KHTML, like Gecko) Chrome/21.0.1180.75 Safari/537.1
)
