Array
(
    [Order ID] => 0
    [Price] => 118.5
    [User ID] => 532
    [IP] => 76.24.81.137
    [Timestamp] => 1339513390
    [Time/Date] => Tue, 12 Jun 2012 11:03:10 -0400
    [Order Page Timestamp] => 1339513363958
    [Order Page Time/Date] => Tue, 27 Jun 44417 16:32:38 -0500
    [User Agent] => Mozilla/5.0 (Windows; U; Windows NT 5.1; en-US) AppleWebKit/533.19.4 (KHTML, like Gecko) Version/4.0.4 Safari/531.21.10
)
Array
(
    [Order ID] => 0
    [Price] => 93.75
    [User ID] => 501
    [IP] => 64.140.235.209
    [Timestamp] => 1339517092
    [Time/Date] => Tue, 12 Jun 2012 12:04:52 -0400
    [Order Page Timestamp] => 1339517071999
    [Order Page Time/Date] => Wed, 09 Aug 44417 14:33:19 -0500
    [User Agent] => Mozilla/4.0 (compatible; MSIE 7.0; Windows NT 6.1; WOW64; Trident/5.0; SLCC2; .NET CLR 2.0.50727; .NET CLR 3.5.30729; .NET CLR 3.0.30729; Media Center PC 6.0; CMDTDF; InfoPath.3; .NET4.0C; .NET CLR 1.1.4322)
)
Array
(
    [Order ID] => 0
    [Price] => 281.25
    [User ID] => 350
    [IP] => 216.204.12.226
    [Timestamp] => 1339530385
    [Time/Date] => Tue, 12 Jun 2012 15:46:25 -0400
    [Order Page Timestamp] => 1339530378577
    [Order Page Time/Date] => Wed, 10 Jan 44418 14:49:37 -0500
    [User Agent] => Mozilla/5.0 (compatible; MSIE 9.0; Windows NT 6.1; WOW64; Trident/5.0)
)
Array
(
    [Order ID] => 0
    [Price] => 187.5
    [User ID] => 534
    [IP] => 24.128.183.186
    [Timestamp] => 1339554652
    [Time/Date] => Tue, 12 Jun 2012 22:30:52 -0400
    [Order Page Timestamp] => 1339554600055
    [Order Page Time/Date] => Wed, 17 Oct 44418 23:00:55 -0500
    [User Agent] => Mozilla/5.0 (iPad; CPU OS 5_1_1 like Mac OS X) AppleWebKit/534.46 (KHTML, like Gecko) Version/5.1 Mobile/9B206 Safari/7534.48.3
)
