Array
(
    [Order ID] => 0
    [Price] => 3.75
    [User ID] => 1169
    [IP] => 173.166.122.209
    [Timestamp] => 1356631809
    [Time/Date] => Thu, 27 Dec 2012 13:10:09 -0500
    [Order Page Timestamp] => 1356631733923
    [Order Page Time/Date] => Wed, 12 Dec 44959 23:18:43 -0500
    [User Agent] => Mozilla/5.0 (Windows NT 5.1; rv:17.0) Gecko/20100101 Firefox/17.0
)
Array
(
    [Order ID] => 0
    [Price] => 3.75
    [User ID] => 1169
    [IP] => 173.166.122.209
    [Timestamp] => 1356631830
    [Time/Date] => Thu, 27 Dec 2012 13:10:30 -0500
    [Order Page Timestamp] => 1356631733923
    [Order Page Time/Date] => Wed, 12 Dec 44959 23:18:43 -0500
    [User Agent] => Mozilla/5.0 (Windows NT 5.1; rv:17.0) Gecko/20100101 Firefox/17.0
)
