Array
(
    [Order ID] => 0
    [Price] => 737.5
    [User ID] => 809
    [IP] => 70.90.100.17
    [Timestamp] => 1349791796
    [Time/Date] => Tue, 09 Oct 2012 10:09:56 -0400
    [Order Page Timestamp] => 1349791794117
    [Order Page Time/Date] => Mon, 15 Mar 44743 00:01:57 -0500
    [User Agent] => Mozilla/5.0 (Windows NT 5.1) AppleWebKit/537.4 (KHTML, like Gecko) Chrome/22.0.1229.92 Safari/537.4
)
Array
(
    [Order ID] => 0
    [Price] => 350
    [User ID] => 614
    [IP] => 72.248.85.98
    [Timestamp] => 1349794223
    [Time/Date] => Tue, 09 Oct 2012 10:50:23 -0400
    [Order Page Timestamp] => 1349794209960
    [Order Page Time/Date] => Sun, 11 Apr 44743 23:06:00 -0500
    [User Agent] => Mozilla/4.0 (compatible; MSIE 8.0; Windows NT 5.1; Trident/4.0; .NET CLR 1.1.4322; .NET CLR 2.0.50727; .NET CLR 3.0.4506.2152; .NET CLR 3.5.30729)
)
