Array
(
    [Order ID] => 0
    [Price] => 106.25
    [User ID] => 619
    [IP] => 24.63.144.192
    [Timestamp] => 1343499834
    [Time/Date] => Sat, 28 Jul 2012 14:23:54 -0400
    [Order Page Timestamp] => 1343499814664
    [Order Page Time/Date] => Fri, 25 Oct 44543 03:57:44 -0500
    [User Agent] => Mozilla/5.0 (compatible; MSIE 9.0; Windows NT 6.0; Trident/5.0)
)
Array
(
    [Order ID] => 0
    [Price] => 106.25
    [User ID] => 619
    [IP] => 24.63.144.192
    [Timestamp] => 1343499848
    [Time/Date] => Sat, 28 Jul 2012 14:24:08 -0400
    [Order Page Timestamp] => 1343499814664
    [Order Page Time/Date] => Fri, 25 Oct 44543 03:57:44 -0500
    [User Agent] => Mozilla/5.0 (compatible; MSIE 9.0; Windows NT 6.0; Trident/5.0)
)
