Array
(
    [Order ID] => 0
    [Price] => 275
    [User ID] => 340
    [IP] => 24.128.134.113
    [Timestamp] => 1345190608
    [Time/Date] => Fri, 17 Aug 2012 04:03:28 -0400
    [Order Page Timestamp] => 1345190593487
    [Order Page Time/Date] => Tue, 23 May 44597 08:44:47 -0500
    [User Agent] => Mozilla/5.0 (Windows NT 5.1) AppleWebKit/537.1 (KHTML, like Gecko) Chrome/21.0.1180.79 Safari/537.1
)
Array
(
    [Order ID] => 0
    [Price] => 712.5
    [User ID] => 660
    [IP] => 50.79.187.108
    [Timestamp] => 1345220815
    [Time/Date] => Fri, 17 Aug 2012 12:26:55 -0400
    [Order Page Timestamp] => 1345220788536
    [Order Page Time/Date] => Mon, 07 May 44598 20:15:36 -0500
    [User Agent] => Mozilla/4.0 (compatible; MSIE 8.0; Windows NT 6.1; WOW64; Trident/4.0; SLCC2; .NET CLR 2.0.50727; .NET CLR 3.5.30729; .NET CLR 3.0.30729; Media Center PC 6.0; .NET4.0C; .NET4.0E; IPH 1.1.21.4019)
)
Array
(
    [Order ID] => 0
    [Price] => 667.25
    [User ID] => 247
    [IP] => 70.96.33.195
    [Timestamp] => 1345222227
    [Time/Date] => Fri, 17 Aug 2012 12:50:27 -0400
    [Order Page Timestamp] => 1345222223222
    [Order Page Time/Date] => Thu, 24 May 44598 10:47:02 -0500
    [User Agent] => Mozilla/5.0 (Windows NT 6.1; WOW64; rv:14.0) Gecko/20100101 Firefox/14.0.1
)
Array
(
    [Order ID] => 0
    [Price] => 667.25
    [User ID] => 247
    [IP] => 70.96.33.195
    [Timestamp] => 1345222281
    [Time/Date] => Fri, 17 Aug 2012 12:51:21 -0400
    [Order Page Timestamp] => 1345222223222
    [Order Page Time/Date] => Thu, 24 May 44598 10:47:02 -0500
    [User Agent] => Mozilla/5.0 (Windows NT 6.1; WOW64; rv:14.0) Gecko/20100101 Firefox/14.0.1
)
Array
(
    [Order ID] => 0
    [Price] => 68.75
    [User ID] => 661
    [IP] => 64.222.218.200
    [Timestamp] => 1345226523
    [Time/Date] => Fri, 17 Aug 2012 14:02:03 -0400
    [Order Page Timestamp] => 1345226476252
    [Order Page Time/Date] => Thu, 12 Jul 44598 16:10:52 -0500
    [User Agent] => Mozilla/5.0 (Windows NT 5.1; rv:9.0.1) Gecko/20100101 Firefox/9.0.1
)
Array
(
    [Order ID] => 0
    [Price] => 187.5
    [User ID] => 665
    [IP] => 69.95.208.177
    [Timestamp] => 1345231600
    [Time/Date] => Fri, 17 Aug 2012 15:26:40 -0400
    [Order Page Timestamp] => 1345231503195
    [Order Page Time/Date] => Sat, 08 Sep 44598 20:33:15 -0500
    [User Agent] => Mozilla/4.0 (compatible; MSIE 8.0; Windows NT 6.1; WOW64; Trident/4.0; SLCC2; .NET CLR 2.0.50727; .NET CLR 3.5.30729; .NET CLR 3.0.30729; Media Center PC 6.0; .NET4.0C; MS-RTC EA 2; AskTbWCL2/5.13.1.18107; .NET4.0E)
)
