Array
(
    [Order ID] => 0
    [Price] => 176
    [User ID] => 945
    [IP] => 174.62.183.199
    [Timestamp] => 1352477395
    [Time/Date] => Fri, 09 Nov 2012 11:09:55 -0500
    [Order Page Timestamp] => 1352477390648
    [Order Page Time/Date] => Thu, 20 Apr 44828 07:04:08 -0500
    [User Agent] => Mozilla/5.0 (Windows NT 5.1; rv:17.0) Gecko/17.0 Firefox/17.0
)
Array
(
    [Order ID] => 0
    [Price] => 46.75
    [User ID] => 785
    [IP] => 65.190.43.118
    [Timestamp] => 1352483857
    [Time/Date] => Fri, 09 Nov 2012 12:57:37 -0500
    [Order Page Timestamp] => 1352483849497
    [Order Page Time/Date] => Tue, 04 Jul 44828 01:11:37 -0500
    [User Agent] => Mozilla/4.0 (compatible; MSIE 8.0; Windows NT 5.1; Trident/4.0; GTB7; .NET CLR 1.1.4322; .NET CLR 2.0.50727; .NET CLR 3.0.4506.2152; .NET CLR 3.5.30729; BRI/2; .NET4.0C; msn OptimizedIE8;ENUS; AskTbAD2/5.9.1.14019)
)
