Array
(
    [q] => payment-received
    [billTo_lastName] => Benos
    [billTo_email] => info@monzionelawoffices.com
    [orderPage_serialNumber] => 3213046286400176056193
    [ccAuthReply_avsCodeRaw] => N
    [orderAmount_publicSignature] => PAuTU9+bGTaTss1zslb7v30xZnY=
    [orderCurrency] => usd
    [platform] => prd
    [card_expirationYear] => 2014
    [card_accountNumber] => ############8608
    [reasonCode] => 100
    [billTo_firstName] => Eleanor
    [signedFields] => billTo_lastName,billTo_email,orderPage_serialNumber,ccAuthReply_avsCodeRaw,orderAmount_publicSignature,orderCurrency,platform,card_expirationYear,card_accountNumber,reasonCode,billTo_firstName,requestID,order_id,orderPage_transactionType,ccAuthReply_reasonCode,ccAuthReply_authorizationCode,card_expirationMonth,orderNumber,orderCurrency_publicSignature,billTo_customerID,orderPage_environment,reconciliationID,source_domain,ccAuthReply_avsCode,orderPage_requestToken,uid,ccAuthReply_processorResponse,ccAuthReply_amount,decision_publicSignature,ccAuthReply_authorizedDateTime,orderAmount,orderNumber_publicSignature,card_cardType,billTo_street1,decision,billTo_phoneNumber,paymentOption,merchantDefinedData1,billTo_city,billTo_state,merchantID,billTo_postalCode,billTo_country
    [requestID] => 3494503276280178147364
    [order_id] => 28302
    [orderPage_transactionType] => sale
    [ccAuthReply_reasonCode] => 100
    [ccAuthReply_authorizationCode] => 01589C
    [card_expirationMonth] => 07
    [orderNumber] => 1349450300515
    [orderCurrency_publicSignature] => pfcMEzOHelrVLvafAkpPGnECGbk=
    [billTo_customerID] => 800
    [signedDataPublicSignature] => 2uOk+Xs1Ulil2LVGSlIzE8yL0yw=
    [orderPage_environment] => PRODUCTION
    [reconciliationID] => 111060101WTOFO7L88ZKP
    [source_domain] => nh.tcro.us
    [ccAuthReply_avsCode] => N
    [orderPage_requestToken] => Ahj//wSRet/zLjW9fABIKFWLFiwbMGLBjXqT409vMcOLUugmoKQ/HAgFNQUh+OBaQOjjCOeGTSTKuj0lnHAwiSL1v+Zca3r4AJAArQQ/
    [uid] => 800
    [ccAuthReply_processorResponse] => 00
    [ccAuthReply_amount] => 91.00
    [decision_publicSignature] => KnPsJG1LWbeM0M209/iKgV4eG28=
    [ccAuthReply_authorizedDateTime] => 2012-10-05T151848Z
    [orderAmount] => 91
    [orderNumber_publicSignature] => Gi9En8Y3IW8TzNUrxcFB7T6lMQM=
    [card_cardType] => 001
    [billTo_street1] => P.O. Box 978
    [decision] => ACCEPT
    [billTo_phoneNumber] => 6035151524
    [paymentOption] => card
    [transactionSignature] => PNa5LCzDT5DVgauDabfyeaMAv60=
    [merchantDefinedData1] => Request ID: 28302
    [billTo_city] => Wolfeboro
    [billTo_state] => NH
    [merchantID] => avtranzsb
    [billTo_postalCode] => 03894
    [billTo_country] => us
)
Array
(
    [q] => payment-received
    [billTo_lastName] => Domin
    [billTo_email] => kdomin@gmail.com
    [orderPage_serialNumber] => 3213046286400176056193
    [ccAuthReply_avsCodeRaw] => Z
    [orderAmount_publicSignature] => rIK/iMqhKHNyJ7srzBFUA2q+EWg=
    [orderCurrency] => usd
    [platform] => prd
    [card_expirationYear] => 2014
    [card_accountNumber] => ############8184
    [reasonCode] => 100
    [billTo_firstName] => Krista
    [signedFields] => billTo_lastName,billTo_email,orderPage_serialNumber,ccAuthReply_avsCodeRaw,orderAmount_publicSignature,orderCurrency,platform,card_expirationYear,card_accountNumber,reasonCode,billTo_firstName,requestID,order_id,orderPage_transactionType,ccAuthReply_reasonCode,ccAuthReply_authorizationCode,card_expirationMonth,orderNumber,orderCurrency_publicSignature,billTo_customerID,orderPage_environment,reconciliationID,source_domain,ccAuthReply_avsCode,orderPage_requestToken,uid,ccAuthReply_processorResponse,ccAuthReply_amount,decision_publicSignature,ccAuthReply_authorizedDateTime,orderAmount,orderNumber_publicSignature,card_cardType,billTo_street1,decision,billTo_phoneNumber,paymentOption,merchantDefinedData1,billTo_city,billTo_state,merchantID,billTo_postalCode,billTo_country
    [requestID] => 3494581561840178147361
    [order_id] => 28448
    [orderPage_transactionType] => sale
    [ccAuthReply_reasonCode] => 100
    [ccAuthReply_authorizationCode] => 07514B
    [card_expirationMonth] => 04
    [orderNumber] => 1349458156182
    [orderCurrency_publicSignature] => pfcMEzOHelrVLvafAkpPGnECGbk=
    [billTo_customerID] => 807
    [signedDataPublicSignature] => ewXgua6aSykiQpojhRbC9HR/Kw4=
    [orderPage_environment] => PRODUCTION
    [reconciliationID] => 111162783WTO9N7UR3FDW
    [source_domain] => nh.tcro.us
    [ccAuthReply_avsCode] => Z
    [orderPage_requestToken] => Ahj//wSReuIfbtBjK2BCKFWLFixbMm7hnXqT3M5vVpM40Sumkq1BCBwFNJVqCED6QPknxHPDJpJlXR6SzjgYR5F64h9u0GMrYEIAxBiy
    [uid] => 807
    [ccAuthReply_processorResponse] => 00
    [ccAuthReply_amount] => 187.50
    [decision_publicSignature] => KnPsJG1LWbeM0M209/iKgV4eG28=
    [ccAuthReply_authorizedDateTime] => 2012-10-05T172916Z
    [orderAmount] => 187.5
    [orderNumber_publicSignature] => /6NPxdjYk9krOCWp0MSukcruvO8=
    [card_cardType] => 001
    [billTo_street1] => 4 12th St
    [decision] => ACCEPT
    [billTo_phoneNumber] => 4072763897
    [paymentOption] => card
    [transactionSignature] => Na1Mko0lQnI1BvUcCDmCPL6AqQw=
    [merchantDefinedData1] => Request ID: 28448
    [billTo_city] => Hampton
    [billTo_state] => NH
    [merchantID] => avtranzsb
    [billTo_postalCode] => 03842
    [billTo_country] => us
)
