Array
(
    [Order ID] => 0
    [Price] => 30
    [User ID] => 460
    [IP] => 184.61.64.38
    [Timestamp] => 1339673192
    [Time/Date] => Thu, 14 Jun 2012 07:26:32 -0400
    [Order Page Timestamp] => 1339673170400
    [Order Page Time/Date] => Thu, 21 Jul 44422 07:13:20 -0500
    [User Agent] => Mozilla/4.0 (compatible; MSIE 8.0; Windows NT 5.1; Trident/4.0; InfoPath.2; .NET CLR 1.1.4322; .NET CLR 2.0.50727; .NET CLR 3.0.4506.2152; .NET CLR 3.5.30729)
)
Array
(
    [Order ID] => 0
    [Price] => 225.5
    [User ID] => 269
    [IP] => 199.192.2.46
    [Timestamp] => 1339689956
    [Time/Date] => Thu, 14 Jun 2012 12:05:56 -0400
    [Order Page Timestamp] => 1339689871499
    [Order Page Time/Date] => Mon, 30 Jan 44423 14:24:59 -0500
    [User Agent] => Mozilla/4.0 (compatible; MSIE 7.0; Windows NT 5.1; Trident/4.0; .NET CLR 1.1.4322; .NET CLR 2.0.50727; .NET CLR 3.0.4506.2152; .NET CLR 3.5.30729; .NET4.0C)
)
Array
(
    [Order ID] => 0
    [Price] => 610
    [User ID] => 539
    [IP] => 50.78.244.141
    [Timestamp] => 1339692452
    [Time/Date] => Thu, 14 Jun 2012 12:47:32 -0400
    [Order Page Timestamp] => 1339692445342
    [Order Page Time/Date] => Wed, 01 Mar 44423 09:22:22 -0500
    [User Agent] => Mozilla/5.0 (compatible; MSIE 9.0; Windows NT 6.1; WOW64; Trident/5.0)
)
