Array
(
    [q] => payment-received
)
Array
(
    [q] => payment-received
    [billTo_lastName] => Shaines
    [billTo_phoneNumber] => 6034363110
    [orderAmount] => 343.75
    [billTo_street1] => 282 Corporate Drive
    [card_accountNumber] => ############1966
    [platform] => prd
    [orderAmount_publicSignature] => jEm3fHyjJieOSKfwQk8B7CvTl98=
    [orderPage_serialNumber] => 3213046286400176056193
    [orderCurrency] => usd
    [reconciliationID] => 115771513WTOFL86ZCO25
    [signedDataPublicSignature] => M2dFsUnHeqPO7lIZzSQdqPH7HE0=
    [decision] => ACCEPT
    [ccAuthReply_processorResponse] => 00
    [source_domain] => nh.tcro.us
    [billTo_state] => NH
    [billTo_firstName] => Stephanie
    [billTo_customerID] => 834
    [uid] => 834
    [billTo_company] => Shaines & McEachern, PA
    [card_expirationYear] => 2016
    [merchantDefinedData1] => Request ID: 30401
    [transactionSignature] => jY0UddsRlEEAS34V6cXsRxsU3Ek=
    [billTo_city] => Portsmouth
    [billTo_postalCode] => 03801
    [orderPage_requestToken] => Ahj//wSRe88UVjN3qchAKFWLFq3bsWrFnXqT40xw2tQ57Jqmn7jii4QFNP3HFFw6QQhkcjxhk0kyro9JZxwMGUi954orGbvU5CAAzA41
    [ccAuthReply_amount] => 343.75
    [orderCurrency_publicSignature] => pfcMEzOHelrVLvafAkpPGnECGbk=
    [orderPage_transactionType] => sale
    [ccAuthReply_authorizationCode] => 294973
    [decision_publicSignature] => KnPsJG1LWbeM0M209/iKgV4eG28=
    [ccAuthReply_avsCodeRaw] => Y
    [paymentOption] => card
    [billTo_country] => us
    [billTo_email] => rmetz@shaines.com
    [reasonCode] => 100
    [order_id] => 30401
    [ccAuthReply_reasonCode] => 100
    [orderPage_environment] => PRODUCTION
    [card_expirationMonth] => 02
    [merchantID] => avtranzsb
    [orderNumber_publicSignature] => 50MHeq9MC4+oetVuslIump2Q2sY=
    [requestID] => 3503118825090178147360
    [orderNumber] => 1350311882507
    [signedFields] => billTo_lastName,billTo_phoneNumber,orderAmount,billTo_street1,card_accountNumber,platform,orderAmount_publicSignature,orderPage_serialNumber,orderCurrency,reconciliationID,decision,ccAuthReply_processorResponse,source_domain,billTo_state,billTo_firstName,billTo_customerID,uid,billTo_company,card_expirationYear,merchantDefinedData1,billTo_city,billTo_postalCode,orderPage_requestToken,ccAuthReply_amount,orderCurrency_publicSignature,orderPage_transactionType,ccAuthReply_authorizationCode,decision_publicSignature,ccAuthReply_avsCodeRaw,paymentOption,billTo_country,billTo_email,reasonCode,order_id,ccAuthReply_reasonCode,orderPage_environment,card_expirationMonth,merchantID,orderNumber_publicSignature,requestID,orderNumber,ccAuthReply_authorizedDateTime,card_cardType,ccAuthReply_avsCode
    [ccAuthReply_authorizedDateTime] => 2012-10-15T143803Z
    [card_cardType] => 001
    [ccAuthReply_avsCode] => Y
)
Array
(
    [q] => payment-received
    [billTo_lastName] => Leff
    [billTo_phoneNumber] => 4153488300104
    [orderAmount] => 375
    [billTo_street1] => 450 Mission Street
    [billTo_street2] => Suite 400
    [card_accountNumber] => ###########6004
    [platform] => prd
    [orderAmount_publicSignature] => ovz5IPVrsK7AHGFSQAt9Kl4Nan4=
    [orderPage_serialNumber] => 3213046286400176056193
    [orderCurrency] => usd
    [reconciliationID] => 115866231WTOFO86ZQDDA
    [signedDataPublicSignature] => RGuPIZzi2CT3GEObRw3nHShSvx4=
    [decision] => ACCEPT
    [ccAuthReply_processorResponse] => 00
    [source_domain] => nh.tcro.us
    [billTo_state] => CA
    [billTo_firstName] => Alexander
    [billTo_customerID] => 504
    [uid] => 504
    [billTo_company] => Sher Leff LLP
    [card_expirationYear] => 2015
    [merchantDefinedData1] => Request ID: 30407
    [transactionSignature] => 5w6uP/W/Gk0xyV1FlqjdqP560HA=
    [billTo_city] => San Franisco
    [billTo_postalCode] => 94105
    [orderPage_requestToken] => Ahj//wSRe9Fyzw72CQg+KFWLFq4bNmTNjXqT409w2tUYkSCmoKdOykwNNQU6dlJ6QQknwjxhk0kyro9JZxwMIMi96Llnh3sEhB8A408O
    [ccAuthReply_amount] => 375.00
    [orderCurrency_publicSignature] => pfcMEzOHelrVLvafAkpPGnECGbk=
    [orderPage_transactionType] => sale
    [ccAuthReply_authorizationCode] => 149577
    [decision_publicSignature] => KnPsJG1LWbeM0M209/iKgV4eG28=
    [ccAuthReply_avsCodeRaw] => Y
    [paymentOption] => card
    [billTo_country] => us
    [billTo_email] => bsantos@sherleff.com
    [reasonCode] => 100
    [order_id] => 30407
    [ccAuthReply_reasonCode] => 100
    [orderPage_environment] => PRODUCTION
    [card_expirationMonth] => 11
    [merchantID] => avtranzsb
    [orderNumber_publicSignature] => vcO2QCtHPAS4GTitj1lVRqbPY60=
    [requestID] => 3503204178450178147359
    [orderNumber] => 1350320417843
    [signedFields] => billTo_lastName,billTo_phoneNumber,orderAmount,billTo_street1,billTo_street2,card_accountNumber,platform,orderAmount_publicSignature,orderPage_serialNumber,orderCurrency,reconciliationID,decision,ccAuthReply_processorResponse,source_domain,billTo_state,billTo_firstName,billTo_customerID,uid,billTo_company,card_expirationYear,merchantDefinedData1,billTo_city,billTo_postalCode,orderPage_requestToken,ccAuthReply_amount,orderCurrency_publicSignature,orderPage_transactionType,ccAuthReply_authorizationCode,decision_publicSignature,ccAuthReply_avsCodeRaw,paymentOption,billTo_country,billTo_email,reasonCode,order_id,ccAuthReply_reasonCode,orderPage_environment,card_expirationMonth,merchantID,orderNumber_publicSignature,requestID,orderNumber,ccAuthReply_authorizedDateTime,card_cardType,ccAuthReply_avsCode
    [ccAuthReply_authorizedDateTime] => 2012-10-15T170019Z
    [card_cardType] => 003
    [ccAuthReply_avsCode] => Y
)
Array
(
    [q] => payment-received
    [billTo_lastName] => Bowman
    [billTo_phoneNumber] => 6037876555
    [orderAmount] => 63
    [billTo_street1] => 1580 French Pond Road
    [card_accountNumber] => ############9309
    [platform] => prd
    [orderAmount_publicSignature] => nhVUWz7nB01cK1pvG+yd8TNtESY=
    [orderPage_serialNumber] => 3213046286400176056193
    [orderCurrency] => usd
    [reconciliationID] => 115926727WTO8H8772Y4U
    [signedDataPublicSignature] => KubtrB5GYIV5EZvZglw7g3bTMOg=
    [decision] => ACCEPT
    [ccAuthReply_processorResponse] => 00
    [source_domain] => nh.tcro.us
    [billTo_state] => nh
    [billTo_firstName] => Francine
    [billTo_customerID] => 836
    [uid] => 836
    [card_expirationYear] => 2014
    [merchantDefinedData1] => Request ID: 30409
    [transactionSignature] => tiYRhCxSImJVk+m/zEUzGrJ1LE8=
    [billTo_city] => Woodsville
    [billTo_postalCode] => 03785
    [orderPage_requestToken] => Ahj//wSRe9LqVfVFe4g+KFWLFq5ZNm7JvXqT3Ehw3bsrLSqmj+PNZngFNH8eazPaQNxOEeMMmkmVdHpLOOBhCkXvS6lX1RXuIPgAkQ/H
    [ccAuthReply_amount] => 63.00
    [orderCurrency_publicSignature] => pfcMEzOHelrVLvafAkpPGnECGbk=
    [orderPage_transactionType] => sale
    [ccAuthReply_authorizationCode] => 202485
    [decision_publicSignature] => KnPsJG1LWbeM0M209/iKgV4eG28=
    [ccAuthReply_avsCodeRaw] => Y
    [paymentOption] => card
    [billTo_country] => us
    [billTo_email] => francinejulia@yahoo.com
    [reasonCode] => 100
    [order_id] => 30409
    [ccAuthReply_reasonCode] => 100
    [orderPage_environment] => PRODUCTION
    [card_expirationMonth] => 06
    [merchantID] => avtranzsb
    [orderNumber_publicSignature] => 7FCiP3YfFNCdLtUqKylTww12D9I=
    [requestID] => 3503257029170178147359
    [orderNumber] => 1350325702916
    [signedFields] => billTo_lastName,billTo_phoneNumber,orderAmount,billTo_street1,card_accountNumber,platform,orderAmount_publicSignature,orderPage_serialNumber,orderCurrency,reconciliationID,decision,ccAuthReply_processorResponse,source_domain,billTo_state,billTo_firstName,billTo_customerID,uid,card_expirationYear,merchantDefinedData1,billTo_city,billTo_postalCode,orderPage_requestToken,ccAuthReply_amount,orderCurrency_publicSignature,orderPage_transactionType,ccAuthReply_authorizationCode,decision_publicSignature,ccAuthReply_avsCodeRaw,paymentOption,billTo_country,billTo_email,reasonCode,order_id,ccAuthReply_reasonCode,orderPage_environment,card_expirationMonth,merchantID,orderNumber_publicSignature,requestID,orderNumber,ccAuthReply_authorizedDateTime,card_cardType,ccAuthReply_avsCode
    [ccAuthReply_authorizedDateTime] => 2012-10-15T182824Z
    [card_cardType] => 001
    [ccAuthReply_avsCode] => Y
)
Array
(
    [q] => payment-received
    [billTo_lastName] => Trefethen
    [billTo_phoneNumber] => 6035120772
    [orderAmount] => 231.25
    [billTo_street1] => 4 Mulberry St.
    [card_accountNumber] => ############4116
    [platform] => prd
    [orderAmount_publicSignature] => hIpqA+oiQAGpXSrWBRc8pWXGMCc=
    [orderPage_serialNumber] => 3213046286400176056193
    [orderCurrency] => usd
    [reconciliationID] => 115974584WTOFO86ZQMJ6
    [signedDataPublicSignature] => OOrLVXBJH/foKcFAlXo04RwxjVE=
    [decision] => ACCEPT
    [ccAuthReply_processorResponse] => 00
    [source_domain] => nh.tcro.us
    [billTo_state] => NH
    [billTo_firstName] => Stephen
    [billTo_customerID] => 466
    [uid] => 466
    [billTo_company] => Dom Vincent, LLC
    [card_expirationYear] => 2013
    [merchantDefinedData1] => Request ID: 30424
    [transactionSignature] => 2s3ol+adMXNe75bo4P2tcV+ED7o=
    [billTo_city] => Windham
    [billTo_postalCode] => 03087
    [orderPage_requestToken] => Ahj//wSRe9Q/jS0azchGKFWLFq5btGrhpXqT409w2tUZspsmoKdPizgFNQU6fFnaQPtKpHjDJpJlXR6SzjgYLZF71D+NLRrNyEYA1xcf
    [ccAuthReply_amount] => 231.25
    [orderCurrency_publicSignature] => pfcMEzOHelrVLvafAkpPGnECGbk=
    [orderPage_transactionType] => sale
    [ccAuthReply_authorizationCode] => 04788D
    [decision_publicSignature] => KnPsJG1LWbeM0M209/iKgV4eG28=
    [ccAuthReply_avsCodeRaw] => Y
    [paymentOption] => card
    [billTo_country] => us
    [billTo_email] => steve1955tre@cs.com
    [reasonCode] => 100
    [order_id] => 30424
    [ccAuthReply_reasonCode] => 100
    [orderPage_environment] => PRODUCTION
    [card_expirationMonth] => 05
    [merchantID] => avtranzsb
    [orderNumber_publicSignature] => qsTOtL4WEW6O+3dyXvmzjWm/fok=
    [requestID] => 3503305051010178147363
    [orderNumber] => 1350330505099
    [signedFields] => billTo_lastName,billTo_phoneNumber,orderAmount,billTo_street1,card_accountNumber,platform,orderAmount_publicSignature,orderPage_serialNumber,orderCurrency,reconciliationID,decision,ccAuthReply_processorResponse,source_domain,billTo_state,billTo_firstName,billTo_customerID,uid,billTo_company,card_expirationYear,merchantDefinedData1,billTo_city,billTo_postalCode,orderPage_requestToken,ccAuthReply_amount,orderCurrency_publicSignature,orderPage_transactionType,ccAuthReply_authorizationCode,decision_publicSignature,ccAuthReply_avsCodeRaw,paymentOption,billTo_country,billTo_email,reasonCode,order_id,ccAuthReply_reasonCode,orderPage_environment,card_expirationMonth,merchantID,orderNumber_publicSignature,requestID,orderNumber,ccAuthReply_authorizedDateTime,card_cardType,ccAuthReply_avsCode
    [ccAuthReply_authorizedDateTime] => 2012-10-15T194825Z
    [card_cardType] => 001
    [ccAuthReply_avsCode] => Y
)
