Array
(
    [Order ID] => 0
    [Price] => 447.5
    [User ID] => 631
    [IP] => 207.3.149.176
    [Timestamp] => 1344007510
    [Time/Date] => Fri, 03 Aug 2012 11:25:10 -0400
    [Order Page Timestamp] => 1344007486726
    [Order Page Time/Date] => Sun, 25 Nov 44559 23:58:46 -0500
    [User Agent] => Mozilla/5.0 (Windows NT 5.1) AppleWebKit/537.1 (KHTML, like Gecko) Chrome/21.0.1180.60 Safari/537.1
)
Array
(
    [Order ID] => 0
    [Price] => 425
    [User ID] => 632
    [IP] => 137.71.23.54
    [Timestamp] => 1344013330
    [Time/Date] => Fri, 03 Aug 2012 13:02:10 -0400
    [Order Page Timestamp] => 1344013316069
    [Order Page Time/Date] => Fri, 01 Feb 44560 11:14:29 -0500
    [User Agent] => Mozilla/4.0 (compatible; MSIE 8.0; Windows NT 6.1; WOW64; Trident/4.0; SLCC2; .NET CLR 2.0.50727; .NET CLR 3.5.30729; .NET CLR 3.0.30729; Media Center PC 6.0; InfoPath.3; .NET4.0C)
)
Array
(
    [Order ID] => 0
    [Price] => 442.5
    [User ID] => 633
    [IP] => 173.9.24.177
    [Timestamp] => 1344016562
    [Time/Date] => Fri, 03 Aug 2012 13:56:02 -0400
    [Order Page Timestamp] => 1344016526913
    [Order Page Time/Date] => Sun, 09 Mar 44560 15:08:33 -0500
    [User Agent] => Mozilla/5.0 (compatible; MSIE 9.0; Windows NT 6.1; WOW64; Trident/5.0)
)
Array
(
    [Order ID] => 0
    [Price] => 129.5
    [User ID] => 586
    [IP] => 24.218.23.114
    [Timestamp] => 1344020556
    [Time/Date] => Fri, 03 Aug 2012 15:02:36 -0400
    [Order Page Timestamp] => 1344020547777
    [Order Page Time/Date] => Fri, 25 Apr 44560 04:02:57 -0500
    [User Agent] => Mozilla/4.0 (compatible; MSIE 8.0; Windows NT 5.1; Trident/4.0; .NET CLR 1.0.3705; .NET CLR 1.1.4322; Media Center PC 4.0; .NET CLR 2.0.50727; .NET CLR 3.0.4506.2152; .NET CLR 3.5.30729)
)
Array
(
    [Order ID] => 0
    [Price] => 129.5
    [User ID] => 586
    [IP] => 24.218.23.114
    [Timestamp] => 1344020745
    [Time/Date] => Fri, 03 Aug 2012 15:05:45 -0400
    [Order Page Timestamp] => 1344020742302
    [Order Page Time/Date] => Sun, 27 Apr 44560 10:05:02 -0500
    [User Agent] => Mozilla/4.0 (compatible; MSIE 8.0; Windows NT 5.1; Trident/4.0; .NET CLR 1.0.3705; .NET CLR 1.1.4322; Media Center PC 4.0; .NET CLR 2.0.50727; .NET CLR 3.0.4506.2152; .NET CLR 3.5.30729)
)
