Array
(
    [Order ID] => 0
    [Price] => 147.5
    [User ID] => 1013
    [IP] => 76.119.86.87
    [Timestamp] => 1353425466
    [Time/Date] => Tue, 20 Nov 2012 10:31:06 -0500
    [Order Page Timestamp] => 1353425453308
    [Order Page Time/Date] => Mon, 06 May 44858 05:48:28 -0500
    [User Agent] => Mozilla/4.0 (compatible; MSIE 8.0; Windows NT 6.1; WOW64; Trident/4.0; SLCC2; .NET CLR 2.0.50727; .NET CLR 3.5.30729; .NET CLR 3.0.30729; Media Center PC 6.0; MAAR; .NET4.0C)
)
Array
(
    [Order ID] => 0
    [Price] => 35.75
    [User ID] => 263
    [IP] => 24.147.94.203
    [Timestamp] => 1353431521
    [Time/Date] => Tue, 20 Nov 2012 12:12:01 -0500
    [Order Page Timestamp] => 1353431518611
    [Order Page Time/Date] => Mon, 15 Jul 44858 10:36:51 -0500
    [User Agent] => Mozilla/5.0 (Windows NT 6.1; WOW64) AppleWebKit/537.11 (KHTML, like Gecko) Chrome/23.0.1271.64 Safari/537.11
)
Array
(
    [Order ID] => 0
    [Price] => 35.75
    [User ID] => 263
    [IP] => 24.147.94.203
    [Timestamp] => 1353431596
    [Time/Date] => Tue, 20 Nov 2012 12:13:16 -0500
    [Order Page Timestamp] => 1353431579190
    [Order Page Time/Date] => Tue, 16 Jul 44858 03:26:30 -0500
    [User Agent] => Mozilla/5.0 (Windows NT 6.1; WOW64) AppleWebKit/537.11 (KHTML, like Gecko) Chrome/23.0.1271.64 Safari/537.11
)
Array
(
    [Order ID] => 0
    [Price] => 140.5
    [User ID] => 263
    [IP] => 24.147.94.203
    [Timestamp] => 1353431860
    [Time/Date] => Tue, 20 Nov 2012 12:17:40 -0500
    [Order Page Timestamp] => 1353431851691
    [Order Page Time/Date] => Fri, 19 Jul 44858 07:08:11 -0500
    [User Agent] => Mozilla/5.0 (Windows NT 6.1; WOW64) AppleWebKit/537.11 (KHTML, like Gecko) Chrome/23.0.1271.64 Safari/537.11
)
Array
(
    [Order ID] => 0
    [Price] => 35.75
    [User ID] => 263
    [IP] => 24.147.94.203
    [Timestamp] => 1353433818
    [Time/Date] => Tue, 20 Nov 2012 12:50:18 -0500
    [Order Page Timestamp] => 1353433815359
    [Order Page Time/Date] => Sun, 11 Aug 44858 00:35:59 -0500
    [User Agent] => Mozilla/5.0 (Windows NT 6.1; WOW64) AppleWebKit/537.11 (KHTML, like Gecko) Chrome/23.0.1271.64 Safari/537.11
)
Array
(
    [Order ID] => 0
    [Price] => 140.5
    [User ID] => 263
    [IP] => 24.147.94.203
    [Timestamp] => 1353433900
    [Time/Date] => Tue, 20 Nov 2012 12:51:40 -0500
    [Order Page Timestamp] => 1353433898309
    [Order Page Time/Date] => Sun, 11 Aug 44858 23:38:29 -0500
    [User Agent] => Mozilla/5.0 (Windows NT 6.1; WOW64) AppleWebKit/537.11 (KHTML, like Gecko) Chrome/23.0.1271.64 Safari/537.11
)
Array
(
    [Order ID] => 0
    [Price] => 1787.5
    [User ID] => 654
    [IP] => 108.176.110.5
    [Timestamp] => 1353441301
    [Time/Date] => Tue, 20 Nov 2012 14:55:01 -0500
    [Order Page Timestamp] => 1353441266716
    [Order Page Time/Date] => Tue, 05 Nov 44858 06:25:16 -0500
    [User Agent] => Mozilla/5.0 (compatible; MSIE 9.0; Windows NT 6.1; WOW64; Trident/5.0)
)
Array
(
    [Order ID] => 0
    [Price] => 1770
    [User ID] => 654
    [IP] => 108.176.110.5
    [Timestamp] => 1353442805
    [Time/Date] => Tue, 20 Nov 2012 15:20:05 -0500
    [Order Page Timestamp] => 1353442797467
    [Order Page Time/Date] => Fri, 22 Nov 44858 23:37:47 -0500
    [User Agent] => Mozilla/5.0 (compatible; MSIE 9.0; Windows NT 6.1; WOW64; Trident/5.0)
)
