Array
(
    [q] => payment-received
    [billTo_lastName] => Solomon
    [billTo_email] => dina.cigana@gmail.com
    [orderPage_serialNumber] => 3213046286400176056193
    [ccAuthReply_avsCodeRaw] => Y
    [orderAmount_publicSignature] => cwv2SLQfKQSkyyiVoiN81K8T6fo=
    [orderCurrency] => usd
    [platform] => prd
    [card_expirationYear] => 2014
    [card_accountNumber] => ############7947
    [reasonCode] => 100
    [billTo_firstName] => Dina
    [signedFields] => billTo_lastName,billTo_email,orderPage_serialNumber,ccAuthReply_avsCodeRaw,orderAmount_publicSignature,orderCurrency,platform,card_expirationYear,card_accountNumber,reasonCode,billTo_firstName,requestID,order_id,orderPage_transactionType,ccAuthReply_reasonCode,ccAuthReply_authorizationCode,card_expirationMonth,orderNumber,orderCurrency_publicSignature,billTo_customerID,orderPage_environment,reconciliationID,source_domain,ccAuthReply_avsCode,orderPage_requestToken,uid,ccAuthReply_processorResponse,ccAuthReply_amount,decision_publicSignature,ccAuthReply_authorizedDateTime,orderAmount,orderNumber_publicSignature,card_cardType,billTo_street1,decision,billTo_phoneNumber,paymentOption,merchantDefinedData1,billTo_city,billTo_state,merchantID,billTo_postalCode,billTo_country
    [requestID] => 3496582111200178147364
    [order_id] => 28460
    [orderPage_transactionType] => sale
    [ccAuthReply_reasonCode] => 100
    [ccAuthReply_authorizationCode] => 000331
    [card_expirationMonth] => 10
    [orderNumber] => 1349658211118
    [orderCurrency_publicSignature] => pfcMEzOHelrVLvafAkpPGnECGbk=
    [billTo_customerID] => 813
    [signedDataPublicSignature] => KLasL8eIbOFU0+nPvf6pqtyp6+M=
    [orderPage_environment] => PRODUCTION
    [reconciliationID] => 112068823WTO8H7KSS7WJ
    [source_domain] => nh.tcro.us
    [ccAuthReply_avsCode] => Y
    [orderPage_requestToken] => Ahj//wSRexmmMOawCiBIKFWLFkwbOHDJnXqT3EhvLp029eUmj+CsQWAFNH8FYgsaQS27oI6YZNJMq6PSWccDCPIvYzTGHNYBRAkA5FA5
    [uid] => 813
    [ccAuthReply_processorResponse] => 00
    [ccAuthReply_amount] => 2250.00
    [decision_publicSignature] => KnPsJG1LWbeM0M209/iKgV4eG28=
    [ccAuthReply_authorizedDateTime] => 2012-10-08T010332Z
    [orderAmount] => 2250
    [orderNumber_publicSignature] => N8tO5Z5IEOrWK8XK4a6uUDCDN7c=
    [card_cardType] => 001
    [billTo_street1] => 26 Suffolk Court
    [decision] => ACCEPT
    [billTo_phoneNumber] => 6038581282
    [paymentOption] => card
    [transactionSignature] => 1m7EBgTEXqIOYKGv9tq9Y0rhgFA=
    [merchantDefinedData1] => Request ID: 28460
    [billTo_city] => Bedford
    [billTo_state] => NH
    [merchantID] => avtranzsb
    [billTo_postalCode] => 03110
    [billTo_country] => us
)
