Array
(
    [Order ID] => 0
    [Price] => 468.75
    [User ID] => 656
    [IP] => 173.162.204.49
    [Timestamp] => 1345141734
    [Time/Date] => Thu, 16 Aug 2012 14:28:54 -0400
    [Order Page Timestamp] => 1345141661512
    [Order Page Time/Date] => Wed, 04 Nov 44595 00:31:52 -0500
    [User Agent] => Mozilla/4.0 (compatible; MSIE 7.0; Windows NT 5.1; Trident/4.0; .NET CLR 2.0.50727; .NET4.0C; .NET4.0E)
)
Array
(
    [Order ID] => 0
    [Price] => 667.25
    [User ID] => 659
    [IP] => 66.31.224.31
    [Timestamp] => 1345145833
    [Time/Date] => Thu, 16 Aug 2012 15:37:13 -0400
    [Order Page Timestamp] => 1345145798554
    [Order Page Time/Date] => Mon, 21 Dec 44595 21:42:34 -0500
    [User Agent] => Mozilla/5.0 (Macintosh; Intel Mac OS X 10_6_8) AppleWebKit/534.51.22 (KHTML, like Gecko) Version/5.1.1 Safari/534.51.22
)
Array
(
    [Order ID] => 0
    [Price] => 91
    [User ID] => 657
    [IP] => 75.68.79.236
    [Timestamp] => 1345146771
    [Time/Date] => Thu, 16 Aug 2012 15:52:51 -0400
    [Order Page Timestamp] => 1345143471650
    [Order Page Time/Date] => Tue, 24 Nov 44595 23:20:50 -0500
    [User Agent] => Mozilla/5.0 (Windows NT 5.1; rv:5.0) Gecko/20100101 Firefox/5.0
)
