Array
(
    [Order ID] => 0
    [Price] => 22
    [User ID] => 734
    [IP] => 166.181.3.95
    [Timestamp] => 1352986437
    [Time/Date] => Thu, 15 Nov 2012 08:33:57 -0500
    [Order Page Timestamp] => 1352986408530
    [Order Page Time/Date] => Mon, 06 Jun 44844 16:55:30 -0500
    [User Agent] => Mozilla/5.0 (Linux; U; Android 2.2.1; en-us; SCH-I100 Build/FROYO) AppleWebKit/533.1 (KHTML, like Gecko) Version/4.0 Mobile Safari/533.1 USCC-I100
)
Array
(
    [Order ID] => 0
    [Price] => 22
    [User ID] => 734
    [IP] => 166.181.3.138
    [Timestamp] => 1352986505
    [Time/Date] => Thu, 15 Nov 2012 08:35:05 -0500
    [Order Page Timestamp] => 1352986408530
    [Order Page Time/Date] => Mon, 06 Jun 44844 16:55:30 -0500
    [User Agent] => Mozilla/5.0 (Linux; U; Android 2.2.1; en-us; SCH-I100 Build/FROYO) AppleWebKit/533.1 (KHTML, like Gecko) Version/4.0 Mobile Safari/533.1 USCC-I100
)
Array
(
    [Order ID] => 0
    [Price] => 12.75
    [User ID] => 631
    [IP] => 207.3.149.176
    [Timestamp] => 1352987252
    [Time/Date] => Thu, 15 Nov 2012 08:47:32 -0500
    [Order Page Timestamp] => 1352987233416
    [Order Page Time/Date] => Thu, 16 Jun 44844 06:03:36 -0500
    [User Agent] => Mozilla/4.0 (compatible; MSIE 8.0; Windows NT 5.1; Trident/4.0; SearchToolbar 1.2; BTRS122323; GTB7.4; .NET CLR 1.1.4322; .NET CLR 2.0.50727; .NET CLR 3.0.4506.2152; .NET CLR 3.5.30729)
)
Array
(
    [Order ID] => 0
    [Price] => 12.75
    [User ID] => 631
    [IP] => 207.3.149.176
    [Timestamp] => 1352987336
    [Time/Date] => Thu, 15 Nov 2012 08:48:56 -0500
    [Order Page Timestamp] => 1352987233416
    [Order Page Time/Date] => Thu, 16 Jun 44844 06:03:36 -0500
    [User Agent] => Mozilla/4.0 (compatible; MSIE 8.0; Windows NT 5.1; Trident/4.0; SearchToolbar 1.2; BTRS122323; GTB7.4; .NET CLR 1.1.4322; .NET CLR 2.0.50727; .NET CLR 3.0.4506.2152; .NET CLR 3.5.30729)
)
Array
(
    [Order ID] => 0
    [Price] => 750
    [User ID] => 984
    [IP] => 173.9.31.157
    [Timestamp] => 1352993981
    [Time/Date] => Thu, 15 Nov 2012 10:39:41 -0500
    [Order Page Timestamp] => 1352993746061
    [Order Page Time/Date] => Tue, 30 Aug 44844 15:07:41 -0500
    [User Agent] => Mozilla/5.0 (Windows NT 6.1; WOW64) AppleWebKit/537.11 (KHTML, like Gecko) Chrome/23.0.1271.64 Safari/537.11
)
Array
(
    [Order ID] => 0
    [Price] => 750
    [User ID] => 984
    [IP] => 173.9.31.157
    [Timestamp] => 1352994336
    [Time/Date] => Thu, 15 Nov 2012 10:45:36 -0500
    [Order Page Timestamp] => 1352993746061
    [Order Page Time/Date] => Tue, 30 Aug 44844 15:07:41 -0500
    [User Agent] => Mozilla/5.0 (Windows NT 6.1; WOW64) AppleWebKit/537.11 (KHTML, like Gecko) Chrome/23.0.1271.64 Safari/537.11
)
Array
(
    [Order ID] => 0
    [Price] => 750
    [User ID] => 263
    [IP] => 24.147.94.203
    [Timestamp] => 1352994349
    [Time/Date] => Thu, 15 Nov 2012 10:45:49 -0500
    [Order Page Timestamp] => 1352994322117
    [Order Page Time/Date] => Tue, 06 Sep 44844 07:08:37 -0500
    [User Agent] => Mozilla/5.0 (Windows NT 6.1; WOW64) AppleWebKit/537.11 (KHTML, like Gecko) Chrome/23.0.1271.64 Safari/537.11
)
Array
(
    [Order ID] => 0
    [Price] => 16.5
    [User ID] => 945
    [IP] => 174.62.183.199
    [Timestamp] => 1353001125
    [Time/Date] => Thu, 15 Nov 2012 12:38:45 -0500
    [Order Page Timestamp] => 1353001063653
    [Order Page Time/Date] => Wed, 23 Nov 44844 07:47:33 -0500
    [User Agent] => Mozilla/5.0 (Windows NT 5.1; rv:17.0) Gecko/17.0 Firefox/17.0
)
Array
(
    [Order ID] => 0
    [Price] => 131.25
    [User ID] => 985
    [IP] => 24.181.251.210
    [Timestamp] => 1353004366
    [Time/Date] => Thu, 15 Nov 2012 13:32:46 -0500
    [Order Page Timestamp] => 1353004321345
    [Order Page Time/Date] => Sat, 31 Dec 44844 00:42:25 -0500
    [User Agent] => Mozilla/5.0 (Windows NT 5.1; rv:8.0.1) Gecko/20100101 Firefox/8.0.1
)
Array
(
    [Order ID] => 0
    [Price] => 16.5
    [User ID] => 945
    [IP] => 174.62.183.199
    [Timestamp] => 1353004994
    [Time/Date] => Thu, 15 Nov 2012 13:43:14 -0500
    [Order Page Timestamp] => 1353004990006
    [Order Page Time/Date] => Sat, 07 Jan 44845 18:26:46 -0500
    [User Agent] => Mozilla/5.0 (Windows NT 5.1; rv:17.0) Gecko/17.0 Firefox/17.0
)
Array
(
    [Order ID] => 0
    [Price] => 275
    [User ID] => 247
    [IP] => 70.96.33.195
    [Timestamp] => 1353009230
    [Time/Date] => Thu, 15 Nov 2012 14:53:50 -0500
    [Order Page Timestamp] => 1353009166946
    [Order Page Time/Date] => Sat, 25 Feb 44845 02:42:26 -0500
    [User Agent] => Mozilla/5.0 (Windows NT 6.1; WOW64) AppleWebKit/537.11 (KHTML, like Gecko) Chrome/23.0.1271.64 Safari/537.11
)
Array
(
    [Order ID] => 0
    [Price] => 22
    [User ID] => 734
    [IP] => 166.181.3.239
    [Timestamp] => 1353041130
    [Time/Date] => Thu, 15 Nov 2012 23:45:30 -0500
    [Order Page Timestamp] => 1353041113479
    [Order Page Time/Date] => Thu, 01 Mar 44846 20:44:39 -0500
    [User Agent] => Mozilla/5.0 (Linux; U; Android 2.2.1; en-us; SCH-I100 Build/FROYO) AppleWebKit/533.1 (KHTML, like Gecko) Version/4.0 Mobile Safari/533.1 USCC-I100
)
Array
(
    [Order ID] => 0
    [Price] => 22
    [User ID] => 734
    [IP] => 166.181.3.225
    [Timestamp] => 1353041137
    [Time/Date] => Thu, 15 Nov 2012 23:45:37 -0500
    [Order Page Timestamp] => 1353041113479
    [Order Page Time/Date] => Thu, 01 Mar 44846 20:44:39 -0500
    [User Agent] => Mozilla/5.0 (Linux; U; Android 2.2.1; en-us; SCH-I100 Build/FROYO) AppleWebKit/533.1 (KHTML, like Gecko) Version/4.0 Mobile Safari/533.1 USCC-I100
)
