Array
(
    [Order ID] => 0
    [Price] => 8.85
    [User ID] => 642
    [IP] => 98.216.150.158
    [Timestamp] => 1350905912
    [Time/Date] => Mon, 22 Oct 2012 07:38:32 -0400
    [Order Page Timestamp] => 1350905908576
    [Order Page Time/Date] => Mon, 03 Jul 44778 20:16:16 -0500
    [User Agent] => Mozilla/5.0 (compatible; MSIE 9.0; Windows NT 6.1; WOW64; Trident/5.0)
)
Array
(
    [Order ID] => 0
    [Price] => 68.75
    [User ID] => 869
    [IP] => 24.60.133.171
    [Timestamp] => 1350912115
    [Time/Date] => Mon, 22 Oct 2012 09:21:55 -0400
    [Order Page Timestamp] => 1350912030907
    [Order Page Time/Date] => Tue, 12 Sep 44778 16:55:07 -0500
    [User Agent] => Mozilla/5.0 (compatible; MSIE 9.0; Windows NT 6.1; WOW64; Trident/5.0; NP06)
)
Array
(
    [Order ID] => 0
    [Price] => 9281.25
    [User ID] => 263
    [IP] => 24.147.93.11
    [Timestamp] => 1350920451
    [Time/Date] => Mon, 22 Oct 2012 11:40:51 -0400
    [Order Page Timestamp] => 1350920443529
    [Order Page Time/Date] => Tue, 19 Dec 44778 01:45:29 -0500
    [User Agent] => Mozilla/5.0 (Windows NT 6.1; WOW64) AppleWebKit/537.4 (KHTML, like Gecko) Chrome/22.0.1229.94 Safari/537.4
)
Array
(
    [Order ID] => 0
    [Price] => 137.5
    [User ID] => 247
    [IP] => 70.96.33.195
    [Timestamp] => 1350942407
    [Time/Date] => Mon, 22 Oct 2012 17:46:47 -0400
    [Order Page Timestamp] => 1350942392468
    [Order Page Time/Date] => Thu, 30 Aug 44779 02:41:08 -0500
    [User Agent] => Mozilla/5.0 (Windows NT 6.1; WOW64) AppleWebKit/537.4 (KHTML, like Gecko) Chrome/22.0.1229.94 Safari/537.4
)
