Array
(
    [Order ID] => 0
    [Price] => 212.5
    [User ID] => 1187
    [IP] => 76.114.63.58
    [Timestamp] => 1356544064
    [Time/Date] => Wed, 26 Dec 2012 12:47:44 -0500
    [Order Page Timestamp] => 1356544053928
    [Order Page Time/Date] => Thu, 03 Mar 44957 03:45:28 -0500
    [User Agent] => Mozilla/5.0 (Macintosh; Intel Mac OS X 10_6_8) AppleWebKit/537.11 (KHTML, like Gecko) Chrome/23.0.1271.101 Safari/537.11
)
Array
(
    [Order ID] => 0
    [Price] => 687.5
    [User ID] => 263
    [IP] => 24.147.94.203
    [Timestamp] => 1356570775
    [Time/Date] => Wed, 26 Dec 2012 20:12:55 -0500
    [Order Page Timestamp] => 1356569941739
    [Order Page Time/Date] => Tue, 27 Dec 44957 18:48:59 -0500
    [User Agent] => Mozilla/5.0 (Windows NT 6.1; WOW64) AppleWebKit/537.11 (KHTML, like Gecko) Chrome/23.0.1271.97 Safari/537.11
)
Array
(
    [Order ID] => 0
    [Price] => 687.5
    [User ID] => 263
    [IP] => 24.147.94.203
    [Timestamp] => 1356570815
    [Time/Date] => Wed, 26 Dec 2012 20:13:35 -0500
    [Order Page Timestamp] => 1356569941739
    [Order Page Time/Date] => Tue, 27 Dec 44957 18:48:59 -0500
    [User Agent] => Mozilla/5.0 (Windows NT 6.1; WOW64) AppleWebKit/537.11 (KHTML, like Gecko) Chrome/23.0.1271.97 Safari/537.11
)
Array
(
    [Order ID] => 0
    [Price] => 687.5
    [User ID] => 263
    [IP] => 24.147.94.203
    [Timestamp] => 1356570864
    [Time/Date] => Wed, 26 Dec 2012 20:14:24 -0500
    [Order Page Timestamp] => 1356569941739
    [Order Page Time/Date] => Tue, 27 Dec 44957 18:48:59 -0500
    [User Agent] => Mozilla/5.0 (Windows NT 6.1; WOW64) AppleWebKit/537.11 (KHTML, like Gecko) Chrome/23.0.1271.97 Safari/537.11
)
Array
(
    [Order ID] => 0
    [Price] => 687.5
    [User ID] => 263
    [IP] => 24.147.94.203
    [Timestamp] => 1356571392
    [Time/Date] => Wed, 26 Dec 2012 20:23:12 -0500
    [Order Page Timestamp] => 1356569941739
    [Order Page Time/Date] => Tue, 27 Dec 44957 18:48:59 -0500
    [User Agent] => Mozilla/5.0 (Windows NT 6.1; WOW64) AppleWebKit/537.11 (KHTML, like Gecko) Chrome/23.0.1271.97 Safari/537.11
)
Array
(
    [Order ID] => 0
    [Price] => 687.5
    [User ID] => 263
    [IP] => 24.147.94.203
    [Timestamp] => 1356571420
    [Time/Date] => Wed, 26 Dec 2012 20:23:40 -0500
    [Order Page Timestamp] => 1356569941739
    [Order Page Time/Date] => Tue, 27 Dec 44957 18:48:59 -0500
    [User Agent] => Mozilla/5.0 (Windows NT 6.1; WOW64) AppleWebKit/537.11 (KHTML, like Gecko) Chrome/23.0.1271.97 Safari/537.11
)
Array
(
    [Order ID] => 0
    [Price] => 687.5
    [User ID] => 263
    [IP] => 24.147.94.203
    [Timestamp] => 1356571479
    [Time/Date] => Wed, 26 Dec 2012 20:24:39 -0500
    [Order Page Timestamp] => 1356569941739
    [Order Page Time/Date] => Tue, 27 Dec 44957 18:48:59 -0500
    [User Agent] => Mozilla/5.0 (Windows NT 6.1; WOW64) AppleWebKit/537.11 (KHTML, like Gecko) Chrome/23.0.1271.97 Safari/537.11
)
Array
(
    [Order ID] => 0
    [Price] => 687.5
    [User ID] => 263
    [IP] => 24.147.94.203
    [Timestamp] => 1356572416
    [Time/Date] => Wed, 26 Dec 2012 20:40:16 -0500
    [Order Page Timestamp] => 1356572413998
    [Order Page Time/Date] => Wed, 25 Jan 44958 09:33:18 -0500
    [User Agent] => Mozilla/5.0 (Windows NT 6.1; WOW64) AppleWebKit/537.11 (KHTML, like Gecko) Chrome/23.0.1271.97 Safari/537.11
)
