Array
(
    [Order ID] => 0
    [Price] => 275
    [User ID] => 944
    [IP] => 64.140.231.213
    [Timestamp] => 1352914382
    [Time/Date] => Wed, 14 Nov 2012 12:33:02 -0500
    [Order Page Timestamp] => 1352914375135
    [Order Page Time/Date] => Sun, 23 Feb 44842 23:38:55 -0500
    [User Agent] => Mozilla/4.0 (compatible; MSIE 8.0; Windows NT 5.1; Trident/4.0; SearchToolbar 1.2; FCTB100750; GTB7.4; .NET CLR 2.0.50727; .NET CLR 3.0.4506.2152; .NET CLR 3.5.30729; .NET4.0C; .NET4.0E; yie8)
)
Array
(
    [Order ID] => 0
    [Price] => 5.5
    [User ID] => 944
    [IP] => 64.140.231.213
    [Timestamp] => 1352914502
    [Time/Date] => Wed, 14 Nov 2012 12:35:02 -0500
    [Order Page Timestamp] => 1352914499639
    [Order Page Time/Date] => Tue, 25 Feb 44842 10:13:59 -0500
    [User Agent] => Mozilla/4.0 (compatible; MSIE 8.0; Windows NT 5.1; Trident/4.0; SearchToolbar 1.2; FCTB100750; GTB7.4; .NET CLR 2.0.50727; .NET CLR 3.0.4506.2152; .NET CLR 3.5.30729; .NET4.0C; .NET4.0E; yie8)
)
Array
(
    [Order ID] => 0
    [Price] => 487.5
    [User ID] => 263
    [IP] => 24.147.94.203
    [Timestamp] => 1352919581
    [Time/Date] => Wed, 14 Nov 2012 13:59:41 -0500
    [Order Page Timestamp] => 1352919573517
    [Order Page Time/Date] => Fri, 25 Apr 44842 03:38:37 -0500
    [User Agent] => Mozilla/5.0 (Windows NT 6.1; WOW64) AppleWebKit/537.11 (KHTML, like Gecko) Chrome/23.0.1271.64 Safari/537.11
)
Array
(
    [Order ID] => 0
    [Price] => 487.5
    [User ID] => 263
    [IP] => 24.147.94.203
    [Timestamp] => 1352919851
    [Time/Date] => Wed, 14 Nov 2012 14:04:11 -0500
    [Order Page Timestamp] => 1352919846551
    [Order Page Time/Date] => Mon, 28 Apr 44842 07:29:11 -0500
    [User Agent] => Mozilla/5.0 (Windows NT 6.1; WOW64) AppleWebKit/537.11 (KHTML, like Gecko) Chrome/23.0.1271.64 Safari/537.11
)
Array
(
    [Order ID] => 0
    [Price] => 487.5
    [User ID] => 263
    [IP] => 24.147.94.203
    [Timestamp] => 1352919915
    [Time/Date] => Wed, 14 Nov 2012 14:05:15 -0500
    [Order Page Timestamp] => 1352919913606
    [Order Page Time/Date] => Tue, 29 Apr 44842 02:06:46 -0500
    [User Agent] => Mozilla/5.0 (Windows NT 6.1; WOW64) AppleWebKit/537.11 (KHTML, like Gecko) Chrome/23.0.1271.64 Safari/537.11
)
Array
(
    [Order ID] => 0
    [Price] => 487.5
    [User ID] => 263
    [IP] => 24.147.94.203
    [Timestamp] => 1352920035
    [Time/Date] => Wed, 14 Nov 2012 14:07:15 -0500
    [Order Page Timestamp] => 1352919913606
    [Order Page Time/Date] => Tue, 29 Apr 44842 02:06:46 -0500
    [User Agent] => Mozilla/5.0 (Windows NT 6.1; WOW64) AppleWebKit/537.11 (KHTML, like Gecko) Chrome/23.0.1271.64 Safari/537.11
)
Array
(
    [Order ID] => 0
    [Price] => 137.5
    [User ID] => 940
    [IP] => 98.216.137.181
    [Timestamp] => 1352924482
    [Time/Date] => Wed, 14 Nov 2012 15:21:22 -0500
    [Order Page Timestamp] => 1352924473714
    [Order Page Time/Date] => Fri, 20 Jun 44842 20:48:34 -0500
    [User Agent] => Mozilla/4.0 (compatible; MSIE 8.0; Windows NT 6.0; WOW64; Trident/4.0; GTB7.4; SLCC1; .NET CLR 2.0.50727; Media Center PC 5.0; eSobiSubscriber 2.0.4.16; .NET CLR 3.5.30729; .NET CLR 3.0.30729)
)
Array
(
    [Order ID] => 0
    [Price] => 127.5
    [User ID] => 981
    [IP] => 24.62.159.241
    [Timestamp] => 1352925553
    [Time/Date] => Wed, 14 Nov 2012 15:39:13 -0500
    [Order Page Timestamp] => 1352925518285
    [Order Page Time/Date] => Wed, 02 Jul 44842 22:58:05 -0500
    [User Agent] => Mozilla/4.0 (compatible; MSIE 8.0; Windows NT 6.1; WOW64; Trident/4.0; GTB7.4; chromeframe/23.0.1271.64; SLCC2; .NET CLR 2.0.50727; .NET CLR 3.5.30729; .NET CLR 3.0.30729; Media Center PC 6.0; CPDTDF; AskTbAD2/5.13.1.18107; .NET4.0C)
)
Array
(
    [Order ID] => 0
    [Price] => 637.5
    [User ID] => 270
    [IP] => 70.96.33.195
    [Timestamp] => 1352929750
    [Time/Date] => Wed, 14 Nov 2012 16:49:10 -0500
    [Order Page Timestamp] => 1352929725764
    [Order Page Time/Date] => Wed, 20 Aug 44842 15:42:44 -0500
    [User Agent] => Mozilla/5.0 (Windows NT 6.1; WOW64) AppleWebKit/537.11 (KHTML, like Gecko) Chrome/23.0.1271.64 Safari/537.11
)
Array
(
    [Order ID] => 0
    [Price] => 89.25
    [User ID] => 247
    [IP] => 70.96.33.195
    [Timestamp] => 1352933367
    [Time/Date] => Wed, 14 Nov 2012 17:49:27 -0500
    [Order Page Timestamp] => 1352933350770
    [Order Page Time/Date] => Wed, 01 Oct 44842 14:39:30 -0500
    [User Agent] => Mozilla/5.0 (Windows NT 6.1; WOW64) AppleWebKit/537.11 (KHTML, like Gecko) Chrome/23.0.1271.64 Safari/537.11
)
Array
(
    [Order ID] => 0
    [Price] => 956.25
    [User ID] => 263
    [IP] => 24.147.94.203
    [Timestamp] => 1352938904
    [Time/Date] => Wed, 14 Nov 2012 19:21:44 -0500
    [Order Page Timestamp] => 1352938900669
    [Order Page Time/Date] => Thu, 04 Dec 44842 20:17:49 -0500
    [User Agent] => Mozilla/5.0 (Windows NT 6.1; WOW64) AppleWebKit/537.11 (KHTML, like Gecko) Chrome/23.0.1271.64 Safari/537.11
)
Array
(
    [Order ID] => 0
    [Price] => 22
    [User ID] => 734
    [IP] => 70.39.186.221
    [Timestamp] => 1352944968
    [Time/Date] => Wed, 14 Nov 2012 21:02:48 -0500
    [Order Page Timestamp] => 1352944962514
    [Order Page Time/Date] => Fri, 13 Feb 44843 00:08:34 -0500
    [User Agent] => JUC (Linux; U; 2.2.1; zh-cn; SCH-I100; 240*400) UCWEB7.9.0.94/140/352
)
Array
(
    [Order ID] => 0
    [Price] => 22
    [User ID] => 734
    [IP] => 70.39.186.221
    [Timestamp] => 1352944985
    [Time/Date] => Wed, 14 Nov 2012 21:03:05 -0500
    [Order Page Timestamp] => 1352944962514
    [Order Page Time/Date] => Fri, 13 Feb 44843 00:08:34 -0500
    [User Agent] => JUC (Linux; U; 2.2.1; zh-cn; SCH-I100; 240*400) UCWEB7.9.0.94/140/352
)
Array
(
    [Order ID] => 0
    [Price] => 22
    [User ID] => 734
    [IP] => 70.39.186.221
    [Timestamp] => 1352944991
    [Time/Date] => Wed, 14 Nov 2012 21:03:11 -0500
    [Order Page Timestamp] => 1352944962514
    [Order Page Time/Date] => Fri, 13 Feb 44843 00:08:34 -0500
    [User Agent] => JUC (Linux; U; 2.2.1; zh-cn; SCH-I100; 240*400) UCWEB7.9.0.94/140/352
)
Array
(
    [Order ID] => 0
    [Price] => 22
    [User ID] => 734
    [IP] => 70.39.186.221
    [Timestamp] => 1352945005
    [Time/Date] => Wed, 14 Nov 2012 21:03:25 -0500
    [Order Page Timestamp] => 1352944962514
    [Order Page Time/Date] => Fri, 13 Feb 44843 00:08:34 -0500
    [User Agent] => JUC (Linux; U; 2.2.1; zh-cn; SCH-I100; 240*400) UCWEB7.9.0.94/140/352
)
Array
(
    [Order ID] => 0
    [Price] => 22
    [User ID] => 734
    [IP] => 70.39.186.221
    [Timestamp] => 1352945005
    [Time/Date] => Wed, 14 Nov 2012 21:03:25 -0500
    [Order Page Timestamp] => 1352944962514
    [Order Page Time/Date] => Fri, 13 Feb 44843 00:08:34 -0500
    [User Agent] => JUC (Linux; U; 2.2.1; zh-cn; SCH-I100; 240*400) UCWEB7.9.0.94/140/352
)
Array
(
    [Order ID] => 0
    [Price] => 22
    [User ID] => 734
    [IP] => 70.39.186.221
    [Timestamp] => 1352945018
    [Time/Date] => Wed, 14 Nov 2012 21:03:38 -0500
    [Order Page Timestamp] => 1352944962514
    [Order Page Time/Date] => Fri, 13 Feb 44843 00:08:34 -0500
    [User Agent] => JUC (Linux; U; 2.2.1; zh-cn; SCH-I100; 240*400) UCWEB7.9.0.94/140/352
)
Array
(
    [Order ID] => 0
    [Price] => 22
    [User ID] => 734
    [IP] => 70.39.186.221
    [Timestamp] => 1352945235
    [Time/Date] => Wed, 14 Nov 2012 21:07:15 -0500
    [Order Page Timestamp] => 1352945222542
    [Order Page Time/Date] => Mon, 16 Feb 44843 00:22:22 -0500
    [User Agent] => Mozilla/5.0 (windows; U; Windows NT 5.1; zh-CN; rv:1.7.12) Gecko/20050919 Firefox/1.0.7
)
Array
(
    [Order ID] => 0
    [Price] => 22
    [User ID] => 734
    [IP] => 70.39.186.221
    [Timestamp] => 1352945301
    [Time/Date] => Wed, 14 Nov 2012 21:08:21 -0500
    [Order Page Timestamp] => 1352945222542
    [Order Page Time/Date] => Mon, 16 Feb 44843 00:22:22 -0500
    [User Agent] => Mozilla/5.0 (windows; U; Windows NT 5.1; zh-CN; rv:1.7.12) Gecko/20050919 Firefox/1.0.7
)
Array
(
    [Order ID] => 0
    [Price] => 22
    [User ID] => 734
    [IP] => 70.39.186.221
    [Timestamp] => 1352945302
    [Time/Date] => Wed, 14 Nov 2012 21:08:22 -0500
    [Order Page Timestamp] => 1352945222542
    [Order Page Time/Date] => Mon, 16 Feb 44843 00:22:22 -0500
    [User Agent] => Mozilla/5.0 (windows; U; Windows NT 5.1; zh-CN; rv:1.7.12) Gecko/20050919 Firefox/1.0.7
)
Array
(
    [Order ID] => 0
    [Price] => 22
    [User ID] => 734
    [IP] => 70.39.186.221
    [Timestamp] => 1352945312
    [Time/Date] => Wed, 14 Nov 2012 21:08:32 -0500
    [Order Page Timestamp] => 1352945222542
    [Order Page Time/Date] => Mon, 16 Feb 44843 00:22:22 -0500
    [User Agent] => Mozilla/5.0 (windows; U; Windows NT 5.1; zh-CN; rv:1.7.12) Gecko/20050919 Firefox/1.0.7
)
Array
(
    [Order ID] => 0
    [Price] => 22
    [User ID] => 734
    [IP] => 70.39.186.221
    [Timestamp] => 1352945312
    [Time/Date] => Wed, 14 Nov 2012 21:08:32 -0500
    [Order Page Timestamp] => 1352945222542
    [Order Page Time/Date] => Mon, 16 Feb 44843 00:22:22 -0500
    [User Agent] => Mozilla/5.0 (windows; U; Windows NT 5.1; zh-CN; rv:1.7.12) Gecko/20050919 Firefox/1.0.7
)
Array
(
    [Order ID] => 0
    [Price] => 22
    [User ID] => 734
    [IP] => 166.181.3.227
    [Timestamp] => 1352945413
    [Time/Date] => Wed, 14 Nov 2012 21:10:13 -0500
    [Order Page Timestamp] => 1352945400600
    [Order Page Time/Date] => Wed, 18 Feb 44843 01:50:00 -0500
    [User Agent] => Mozilla/5.0 (Linux; U; Android 2.2.1; en-us; SCH-I100 Build/FROYO) AppleWebKit/533.1 (KHTML, like Gecko) Version/4.0 Mobile Safari/533.1 USCC-I100
)
Array
(
    [Order ID] => 0
    [Price] => 22
    [User ID] => 734
    [IP] => 166.181.3.193
    [Timestamp] => 1352945460
    [Time/Date] => Wed, 14 Nov 2012 21:11:00 -0500
    [Order Page Timestamp] => 1352945400600
    [Order Page Time/Date] => Wed, 18 Feb 44843 01:50:00 -0500
    [User Agent] => Mozilla/5.0 (Linux; U; Android 2.2.1; en-us; SCH-I100 Build/FROYO) AppleWebKit/533.1 (KHTML, like Gecko) Version/4.0 Mobile Safari/533.1 USCC-I100
)
Array
(
    [Order ID] => 0
    [Price] => 22
    [User ID] => 734
    [IP] => 166.181.3.54
    [Timestamp] => 1352945819
    [Time/Date] => Wed, 14 Nov 2012 21:16:59 -0500
    [Order Page Timestamp] => 1352945400600
    [Order Page Time/Date] => Wed, 18 Feb 44843 01:50:00 -0500
    [User Agent] => Mozilla/5.0 (Linux; U; Android 2.2.1; en-us; SCH-I100 Build/FROYO) AppleWebKit/533.1 (KHTML, like Gecko) Version/4.0 Mobile Safari/533.1 USCC-I100
)
Array
(
    [Order ID] => 0
    [Price] => 22
    [User ID] => 734
    [IP] => 70.39.186.233
    [Timestamp] => 1352950696
    [Time/Date] => Wed, 14 Nov 2012 22:38:16 -0500
    [Order Page Timestamp] => 1352950691673
    [Order Page Time/Date] => Mon, 20 Apr 44843 07:34:33 -0500
    [User Agent] => JUC (Linux; U; 2.2.1; zh-cn; SCH-I100; 240*400) UCWEB7.9.0.94/140/352
)
Array
(
    [Order ID] => 0
    [Price] => 22
    [User ID] => 734
    [IP] => 70.39.186.233
    [Timestamp] => 1352950711
    [Time/Date] => Wed, 14 Nov 2012 22:38:31 -0500
    [Order Page Timestamp] => 1352950691673
    [Order Page Time/Date] => Mon, 20 Apr 44843 07:34:33 -0500
    [User Agent] => JUC (Linux; U; 2.2.1; zh-cn; SCH-I100; 240*400) UCWEB7.9.0.94/140/352
)
Array
(
    [Order ID] => 0
    [Price] => 22
    [User ID] => 734
    [IP] => 166.181.3.197
    [Timestamp] => 1352950740
    [Time/Date] => Wed, 14 Nov 2012 22:39:00 -0500
    [Order Page Timestamp] => 1352950728623
    [Order Page Time/Date] => Mon, 20 Apr 44843 17:50:23 -0500
    [User Agent] => Mozilla/5.0 (Linux; U; Android 2.2.1; en-us; SCH-I100 Build/FROYO) AppleWebKit/533.1 (KHTML, like Gecko) Version/4.0 Mobile Safari/533.1 USCC-I100
)
Array
(
    [Order ID] => 0
    [Price] => 22
    [User ID] => 734
    [IP] => 166.181.3.196
    [Timestamp] => 1352950794
    [Time/Date] => Wed, 14 Nov 2012 22:39:54 -0500
    [Order Page Timestamp] => 1352950728623
    [Order Page Time/Date] => Mon, 20 Apr 44843 17:50:23 -0500
    [User Agent] => Mozilla/5.0 (Linux; U; Android 2.2.1; en-us; SCH-I100 Build/FROYO) AppleWebKit/533.1 (KHTML, like Gecko) Version/4.0 Mobile Safari/533.1 USCC-I100
)
Array
(
    [Order ID] => 0
    [Price] => 22
    [User ID] => 734
    [IP] => 166.181.3.214
    [Timestamp] => 1352951032
    [Time/Date] => Wed, 14 Nov 2012 22:43:52 -0500
    [Order Page Timestamp] => 1352950728623
    [Order Page Time/Date] => Mon, 20 Apr 44843 17:50:23 -0500
    [User Agent] => Mozilla/5.0 (Linux; U; Android 2.2.1; en-us; SCH-I100 Build/FROYO) AppleWebKit/533.1 (KHTML, like Gecko) Version/4.0 Mobile Safari/533.1 USCC-I100
)
