Array
(
    [Order ID] => 0
    [Price] => 212.5
    [User ID] => 631
    [IP] => 207.3.149.176
    [Timestamp] => 1351709836
    [Time/Date] => Wed, 31 Oct 2012 14:57:16 -0400
    [Order Page Timestamp] => 1351709437972
    [Order Page Time/Date] => Fri, 19 Dec 44803 22:52:52 -0500
    [User Agent] => Mozilla/4.0 (compatible; MSIE 8.0; Windows NT 5.1; Trident/4.0; SearchToolbar 1.2; BTRS122323; GTB7.4; .NET CLR 1.1.4322; .NET CLR 2.0.50727; .NET CLR 3.0.4506.2152; .NET CLR 3.5.30729)
)
Array
(
    [Order ID] => 0
    [Price] => 137.5
    [User ID] => 906
    [IP] => 24.91.243.9
    [Timestamp] => 1351711605
    [Time/Date] => Wed, 31 Oct 2012 15:26:45 -0400
    [Order Page Timestamp] => 1351711576956
    [Order Page Time/Date] => Tue, 13 Jan 44804 17:02:36 -0500
    [User Agent] => Mozilla/5.0 (compatible; MSIE 9.0; Windows NT 6.1; WOW64; Trident/5.0)
)
