Array
(
    [Order ID] => 0
    [Price] => 2762.5
    [User ID] => 753
    [IP] => 70.109.136.17
    [Timestamp] => 1348494138
    [Time/Date] => Mon, 24 Sep 2012 09:42:18 -0400
    [Order Page Timestamp] => 1348494107977
    [Order Page Time/Date] => Wed, 29 Jan 44702 11:39:37 -0500
    [User Agent] => Mozilla/5.0 (Windows NT 5.1) AppleWebKit/537.1 (KHTML, like Gecko) Chrome/21.0.1180.89 Safari/537.1
)
Array
(
    [Order ID] => 0
    [Price] => 2762.5
    [User ID] => 753
    [IP] => 70.109.136.17
    [Timestamp] => 1348494268
    [Time/Date] => Mon, 24 Sep 2012 09:44:28 -0400
    [Order Page Timestamp] => 1348494107977
    [Order Page Time/Date] => Wed, 29 Jan 44702 11:39:37 -0500
    [User Agent] => Mozilla/5.0 (Windows NT 5.1) AppleWebKit/537.1 (KHTML, like Gecko) Chrome/21.0.1180.89 Safari/537.1
)
Array
(
    [Order ID] => 0
    [Price] => 412.5
    [User ID] => 565
    [IP] => 64.134.70.119
    [Timestamp] => 1348504042
    [Time/Date] => Mon, 24 Sep 2012 12:27:22 -0400
    [Order Page Timestamp] => 1348504030826
    [Order Page Time/Date] => Sat, 24 May 44702 08:00:26 -0500
    [User Agent] => Mozilla/5.0 (compatible; MSIE 9.0; Windows NT 6.1; Trident/5.0)
)
Array
(
    [Order ID] => 0
    [Price] => 167.5
    [User ID] => 757
    [IP] => 205.188.116.77
    [Timestamp] => 1348504429
    [Time/Date] => Mon, 24 Sep 2012 12:33:49 -0400
    [Order Page Timestamp] => 1348504405147
    [Order Page Time/Date] => Wed, 28 May 44702 15:59:07 -0500
    [User Agent] => Mozilla/4.0 (compatible; MSIE 8.0; AOL 9.6; AOLBuild 4340.5003; Windows NT 5.1; Trident/4.0)
)
Array
(
    [Order ID] => 0
    [Price] => 2762.5
    [User ID] => 247
    [IP] => 70.96.33.195
    [Timestamp] => 1348506365
    [Time/Date] => Mon, 24 Sep 2012 13:06:05 -0400
    [Order Page Timestamp] => 1348506336537
    [Order Page Time/Date] => Fri, 20 Jun 44702 00:28:57 -0500
    [User Agent] => Mozilla/5.0 (Windows NT 6.1; WOW64; rv:15.0) Gecko/20100101 Firefox/15.0.1
)
Array
(
    [Order ID] => 0
    [Price] => 2762.5
    [User ID] => 753
    [IP] => 70.109.136.17
    [Timestamp] => 1348512694
    [Time/Date] => Mon, 24 Sep 2012 14:51:34 -0400
    [Order Page Timestamp] => 1348494107977
    [Order Page Time/Date] => Wed, 29 Jan 44702 11:39:37 -0500
    [User Agent] => Mozilla/5.0 (Windows NT 5.1) AppleWebKit/537.1 (KHTML, like Gecko) Chrome/21.0.1180.89 Safari/537.1
)
Array
(
    [Order ID] => 0
    [Price] => 2762.5
    [User ID] => 753
    [IP] => 70.109.136.17
    [Timestamp] => 1348512705
    [Time/Date] => Mon, 24 Sep 2012 14:51:45 -0400
    [Order Page Timestamp] => 1348494107977
    [Order Page Time/Date] => Wed, 29 Jan 44702 11:39:37 -0500
    [User Agent] => Mozilla/5.0 (Windows NT 5.1) AppleWebKit/537.1 (KHTML, like Gecko) Chrome/21.0.1180.89 Safari/537.1
)
Array
(
    [Order ID] => 0
    [Price] => 2762.5
    [User ID] => 753
    [IP] => 70.109.136.17
    [Timestamp] => 1348512755
    [Time/Date] => Mon, 24 Sep 2012 14:52:35 -0400
    [Order Page Timestamp] => 1348512744730
    [Order Page Time/Date] => Tue, 02 Sep 44702 04:32:10 -0500
    [User Agent] => Mozilla/5.0 (Windows NT 5.1) AppleWebKit/537.1 (KHTML, like Gecko) Chrome/21.0.1180.89 Safari/537.1
)
Array
(
    [Order ID] => 0
    [Price] => 2762.5
    [User ID] => 753
    [IP] => 70.109.136.17
    [Timestamp] => 1348512850
    [Time/Date] => Mon, 24 Sep 2012 14:54:10 -0400
    [Order Page Timestamp] => 1348512744730
    [Order Page Time/Date] => Tue, 02 Sep 44702 04:32:10 -0500
    [User Agent] => Mozilla/5.0 (Windows NT 5.1) AppleWebKit/537.1 (KHTML, like Gecko) Chrome/21.0.1180.89 Safari/537.1
)
Array
(
    [Order ID] => 0
    [Price] => 2762.5
    [User ID] => 247
    [IP] => 70.96.33.195
    [Timestamp] => 1348513023
    [Time/Date] => Mon, 24 Sep 2012 14:57:03 -0400
    [Order Page Timestamp] => 1348513020274
    [Order Page Time/Date] => Fri, 05 Sep 44702 09:04:34 -0500
    [User Agent] => Mozilla/5.0 (Windows NT 6.1; WOW64; rv:15.0) Gecko/20100101 Firefox/15.0.1
)
