Array
(
    [Order ID] => 0
    [Price] => 137.5
    [User ID] => 635
    [IP] => 173.162.245.12
    [Timestamp] => 1344346216
    [Time/Date] => Tue, 07 Aug 2012 09:30:16 -0400
    [Order Page Timestamp] => 1344346200201
    [Order Page Time/Date] => Mon, 20 Aug 44570 07:03:21 -0500
    [User Agent] => Mozilla/5.0 (compatible; MSIE 9.0; Windows NT 6.1; Trident/5.0)
)
Array
(
    [Order ID] => 0
    [Price] => 93.75
    [User ID] => 641
    [IP] => 72.224.158.219
    [Timestamp] => 1344352334
    [Time/Date] => Tue, 07 Aug 2012 11:12:14 -0400
    [Order Page Timestamp] => 1344352270495
    [Order Page Time/Date] => Mon, 29 Oct 44570 13:14:55 -0500
    [User Agent] => Mozilla/4.0 (compatible; MSIE 8.0; Windows NT 6.0; WOW64; Trident/4.0; SLCC1; .NET CLR 2.0.50727; Media Center PC 5.0; .NET CLR 3.5.30729; .NET CLR 3.0.30729; InfoPath.2; .NET CLR 1.1.4322; BOIE9;ENUS)
)
Array
(
    [Order ID] => 0
    [Price] => 1244.9
    [User ID] => 642
    [IP] => 98.216.150.158
    [Timestamp] => 1344363634
    [Time/Date] => Tue, 07 Aug 2012 14:20:34 -0400
    [Order Page Timestamp] => 1344363555066
    [Order Page Time/Date] => Sat, 09 Mar 44571 03:51:06 -0500
    [User Agent] => Mozilla/5.0 (compatible; MSIE 9.0; Windows NT 6.1; WOW64; Trident/5.0)
)
