Array
(
    [Order ID] => 0
    [Price] => 400
    [User ID] => 953
    [IP] => 96.61.108.239
    [Timestamp] => 1352373989
    [Time/Date] => Thu, 08 Nov 2012 06:26:29 -0500
    [Order Page Timestamp] => 1352373934551
    [Order Page Time/Date] => Wed, 08 Jan 44825 21:15:51 -0500
    [User Agent] => Mozilla/5.0 (Windows NT 5.1; rv:16.0) Gecko/20100101 Firefox/16.0
)
Array
(
    [Order ID] => 0
    [Price] => 425
    [User ID] => 247
    [IP] => 70.96.33.195
    [Timestamp] => 1352407480
    [Time/Date] => Thu, 08 Nov 2012 15:44:40 -0500
    [Order Page Timestamp] => 1352407471311
    [Order Page Time/Date] => Sun, 01 Feb 44826 01:01:51 -0500
    [User Agent] => Mozilla/5.0 (Windows NT 6.1; WOW64) AppleWebKit/537.4 (KHTML, like Gecko) Chrome/22.0.1229.94 Safari/537.4
)
Array
(
    [Order ID] => 0
    [Price] => 45
    [User ID] => 247
    [IP] => 70.96.33.195
    [Timestamp] => 1352411127
    [Time/Date] => Thu, 08 Nov 2012 16:45:27 -0500
    [Order Page Timestamp] => 1352411120508
    [Order Page Time/Date] => Sun, 15 Mar 44826 06:41:48 -0500
    [User Agent] => Mozilla/5.0 (Windows NT 6.1; WOW64) AppleWebKit/537.4 (KHTML, like Gecko) Chrome/22.0.1229.94 Safari/537.4
)
