Array
(
    [Order ID] => 0
    [Price] => 71.5
    [User ID] => 346
    [IP] => 199.192.2.46
    [Timestamp] => 1336742460
    [Time/Date] => Fri, 11 May 2012 09:21:00 -0400
    [Order Page Timestamp] => 1336742427236
    [Order Page Time/Date] => Fri, 06 Sep 44329 15:53:56 -0500
    [User Agent] => Mozilla/4.0 (compatible; MSIE 7.0; Windows NT 5.1; Trident/4.0; .NET CLR 1.1.4322; .NET CLR 2.0.50727; AOC; AOC)
)
Array
(
    [Order ID] => 0
    [Price] => 68.75
    [User ID] => 435
    [IP] => 24.105.172.146
    [Timestamp] => 1336743842
    [Time/Date] => Fri, 11 May 2012 09:44:02 -0400
    [Order Page Timestamp] => 1336743829175
    [Order Page Time/Date] => Sun, 22 Sep 44329 21:19:35 -0500
    [User Agent] => Mozilla/5.0 (Windows NT 5.1; rv:12.0) Gecko/20100101 Firefox/12.0
)
Array
(
    [Order ID] => 0
    [Price] => 106.25
    [User ID] => 443
    [IP] => 173.166.122.209
    [Timestamp] => 1336761530
    [Time/Date] => Fri, 11 May 2012 14:38:50 -0400
    [Order Page Timestamp] => 1336761504842
    [Order Page Time/Date] => Tue, 15 Apr 44330 11:14:02 -0500
    [User Agent] => Mozilla/4.0 (compatible; MSIE 8.0; Windows NT 5.1; Trident/4.0; .NET CLR 1.1.4322; InfoPath.1; .NET CLR 2.0.50727; .NET CLR 3.0.4506.2152; .NET CLR 3.5.30729; .NET4.0C)
)
Array
(
    [Order ID] => 0
    [Price] => 57.75
    [User ID] => 443
    [IP] => 173.166.122.209
    [Timestamp] => 1336762159
    [Time/Date] => Fri, 11 May 2012 14:49:19 -0400
    [Order Page Timestamp] => 1336762151202
    [Order Page Time/Date] => Tue, 22 Apr 44330 22:46:42 -0500
    [User Agent] => Mozilla/4.0 (compatible; MSIE 8.0; Windows NT 5.1; Trident/4.0; .NET CLR 1.1.4322; InfoPath.1; .NET CLR 2.0.50727; .NET CLR 3.0.4506.2152; .NET CLR 3.5.30729; .NET4.0C)
)
