Array
(
    [Order ID] => 0
    [Price] => 343.75
    [User ID] => 834
    [IP] => 64.140.238.42
    [Timestamp] => 1350309268
    [Time/Date] => Mon, 15 Oct 2012 09:54:28 -0400
    [Order Page Timestamp] => 1350309229799
    [Order Page Time/Date] => Thu, 06 Aug 44759 20:09:59 -0500
    [User Agent] => Mozilla/4.0 (compatible; MSIE 8.0; Windows NT 5.1; Trident/4.0; .NET CLR 2.0.50727; .NET CLR 3.0.4506.2152; .NET CLR 3.5.30729; .NET CLR 1.1.4322)
)
Array
(
    [Order ID] => 0
    [Price] => 343.75
    [User ID] => 834
    [IP] => 64.140.238.42
    [Timestamp] => 1350311831
    [Time/Date] => Mon, 15 Oct 2012 10:37:11 -0400
    [Order Page Timestamp] => 1350309229799
    [Order Page Time/Date] => Thu, 06 Aug 44759 20:09:59 -0500
    [User Agent] => Mozilla/4.0 (compatible; MSIE 8.0; Windows NT 5.1; Trident/4.0; .NET CLR 2.0.50727; .NET CLR 3.0.4506.2152; .NET CLR 3.5.30729; .NET CLR 1.1.4322)
)
Array
(
    [Order ID] => 0
    [Price] => 375
    [User ID] => 504
    [IP] => 69.198.129.234
    [Timestamp] => 1350320349
    [Time/Date] => Mon, 15 Oct 2012 12:59:09 -0400
    [Order Page Timestamp] => 1350320338373
    [Order Page Time/Date] => Sun, 13 Dec 44759 09:52:53 -0500
    [User Agent] => Mozilla/5.0 (Windows NT 5.1) AppleWebKit/537.4 (KHTML, like Gecko) Chrome/22.0.1229.94 Safari/537.4
)
Array
(
    [Order ID] => 0
    [Price] => 63
    [User ID] => 836
    [IP] => 68.112.97.66
    [Timestamp] => 1350325629
    [Time/Date] => Mon, 15 Oct 2012 14:27:09 -0400
    [Order Page Timestamp] => 1350325608447
    [Order Page Time/Date] => Fri, 12 Feb 44760 09:47:27 -0500
    [User Agent] => Mozilla/4.0 (compatible; MSIE 8.0; Windows NT 5.1; Trident/4.0; GTB7.4; .NET CLR 1.1.4322; .NET CLR 2.0.50727; .NET CLR 3.0.4506.2152; .NET CLR 3.5.30729; .NET4.0C; .NET4.0E; IPH 1.1.21.4019)
)
Array
(
    [Order ID] => 0
    [Price] => 231.25
    [User ID] => 466
    [IP] => 66.211.140.37
    [Timestamp] => 1350330411
    [Time/Date] => Mon, 15 Oct 2012 15:46:51 -0400
    [Order Page Timestamp] => 1350330394324
    [Order Page Time/Date] => Thu, 07 Apr 44760 19:12:04 -0500
    [User Agent] => Mozilla/5.0 (Windows NT 6.1; WOW64) AppleWebKit/537.4 (KHTML, like Gecko) Chrome/22.0.1229.94 Safari/537.4
)
