Array
(
    [q] => payment-received
    [billTo_lastName] => Trefethen
    [billTo_phoneNumber] => 6035120772
    [orderAmount] => 481.25
    [billTo_street1] => 4 Mulberry Street
    [card_accountNumber] => ############4116
    [platform] => prd
    [orderAmount_publicSignature] => 8FUO2i5GlZxJENYQRbk8qVV6UGg=
    [orderPage_serialNumber] => 3213046286400176056193
    [orderCurrency] => usd
    [reconciliationID] => 120266266Y250N8PDA088
    [signedDataPublicSignature] => f+0XtIVjz4ZHu71XTlRdFjwLDb0=
    [decision] => ACCEPT
    [ccAuthReply_processorResponse] => 00
    [source_domain] => nh.tcro.us
    [billTo_state] => NH
    [billTo_firstName] => Stephen
    [billTo_customerID] => 466
    [uid] => 466
    [billTo_company] => Dom Vincent, LLC
    [card_expirationYear] => 2013
    [merchantDefinedData1] => Request ID: 32235
    [transactionSignature] => J4uVRO3pmx2Dsez8qvhhVwQm0JA=
    [billTo_city] => Windham
    [billTo_postalCode] => 03087
    [orderPage_requestToken] => Ahj//wSRfL9FLKu60A7wKFWLJgybNmTZtZZNWE5xQiQWDhwog6sb24cBUQdWN7cPpBC7/SPuGTSTKuj0lnHAwWyL5fopZV3WgHeAeU3U
    [ccAuthReply_amount] => 481.25
    [orderCurrency_publicSignature] => pfcMEzOHelrVLvafAkpPGnECGbk=
    [orderPage_transactionType] => sale
    [ccAuthReply_authorizationCode] => 03055D
    [decision_publicSignature] => KnPsJG1LWbeM0M209/iKgV4eG28=
    [ccAuthReply_avsCodeRaw] => Y
    [paymentOption] => card
    [billTo_country] => us
    [billTo_email] => steve1955tre@cs.com
    [reasonCode] => 100
    [order_id] => 32235
    [ccAuthReply_reasonCode] => 100
    [orderPage_environment] => PRODUCTION
    [card_expirationMonth] => 05
    [merchantID] => avtranzsb
    [orderNumber_publicSignature] => JBSSELT3Knvlwyk0g1gZfYRpRq8=
    [requestID] => 3511772609680176056184
    [orderNumber] => 1351177260919
    [signedFields] => billTo_lastName,billTo_phoneNumber,orderAmount,billTo_street1,card_accountNumber,platform,orderAmount_publicSignature,orderPage_serialNumber,orderCurrency,reconciliationID,decision,ccAuthReply_processorResponse,source_domain,billTo_state,billTo_firstName,billTo_customerID,uid,billTo_company,card_expirationYear,merchantDefinedData1,billTo_city,billTo_postalCode,orderPage_requestToken,ccAuthReply_amount,orderCurrency_publicSignature,orderPage_transactionType,ccAuthReply_authorizationCode,decision_publicSignature,ccAuthReply_avsCodeRaw,paymentOption,billTo_country,billTo_email,reasonCode,order_id,ccAuthReply_reasonCode,orderPage_environment,card_expirationMonth,merchantID,orderNumber_publicSignature,requestID,orderNumber,ccAuthReply_authorizedDateTime,card_cardType,ccAuthReply_avsCode
    [ccAuthReply_authorizedDateTime] => 2012-10-25T150101Z
    [card_cardType] => 001
    [ccAuthReply_avsCode] => Y
)
Array
(
    [q] => payment-received
    [billTo_lastName] => Bartlett
    [billTo_phoneNumber] => 6035401926
    [orderAmount] => 106.25
    [billTo_street1] => 52 Larch Drive
    [card_accountNumber] => ############1223
    [platform] => prd
    [orderAmount_publicSignature] => ApSm71QGY/T/ewaEkBUcV3evoAk=
    [orderPage_serialNumber] => 3213046286400176056193
    [orderCurrency] => usd
    [reconciliationID] => 120293868Y24ZD8P359KF
    [signedDataPublicSignature] => KLOW4lC9xR9O9AqDvzu3vMeu3j4=
    [decision] => ACCEPT
    [ccAuthReply_processorResponse] => 00
    [source_domain] => nh.tcro.us
    [billTo_state] => NH
    [billTo_firstName] => Lisa
    [billTo_customerID] => 887
    [uid] => 887
    [card_expirationYear] => 2015
    [merchantDefinedData1] => Request ID: 33660
    [transactionSignature] => zryZ5QCQXEWx+vkn5LnVoY6/vx8=
    [billTo_city] => Gilford
    [billTo_postalCode] => 03249
    [orderPage_requestToken] => Ahj//wSRfMAlSiSoP/DyKFWLJgycs3DZxZZNLURxQZtXMuMn8eqTqM4En8eqTqM+kDqYEj7hk0kyro9JZxwMGsi+YBKlElQf+HkAe1M4
    [ccAuthReply_amount] => 106.25
    [orderCurrency_publicSignature] => pfcMEzOHelrVLvafAkpPGnECGbk=
    [orderPage_transactionType] => sale
    [ccAuthReply_authorizationCode] => 00096Z
    [decision_publicSignature] => KnPsJG1LWbeM0M209/iKgV4eG28=
    [ccAuthReply_avsCodeRaw] => Y
    [paymentOption] => card
    [billTo_country] => us
    [billTo_email] => bartlett@metrocast.net
    [reasonCode] => 100
    [order_id] => 33660
    [ccAuthReply_reasonCode] => 100
    [orderPage_environment] => PRODUCTION
    [card_expirationMonth] => 01
    [merchantID] => avtranzsb
    [orderNumber_publicSignature] => tUoVkdqbqVL2fMDi1/GDjHIrxak=
    [requestID] => 3511804151080176056441
    [orderNumber] => 1351180415119
    [signedFields] => billTo_lastName,billTo_phoneNumber,orderAmount,billTo_street1,card_accountNumber,platform,orderAmount_publicSignature,orderPage_serialNumber,orderCurrency,reconciliationID,decision,ccAuthReply_processorResponse,source_domain,billTo_state,billTo_firstName,billTo_customerID,uid,card_expirationYear,merchantDefinedData1,billTo_city,billTo_postalCode,orderPage_requestToken,ccAuthReply_amount,orderCurrency_publicSignature,orderPage_transactionType,ccAuthReply_authorizationCode,decision_publicSignature,ccAuthReply_avsCodeRaw,paymentOption,billTo_country,billTo_email,reasonCode,order_id,ccAuthReply_reasonCode,orderPage_environment,card_expirationMonth,merchantID,orderNumber_publicSignature,requestID,orderNumber,ccAuthReply_authorizedDateTime,card_cardType,ccAuthReply_avsCode
    [ccAuthReply_authorizedDateTime] => 2012-10-25T155335Z
    [card_cardType] => 002
    [ccAuthReply_avsCode] => Y
)
Array
(
    [q] => payment-received
    [billTo_lastName] => Worthen
    [billTo_phoneNumber] => 6033732025
    [orderAmount] => 341.25
    [billTo_street1] => 68 Peach Highlands
    [card_accountNumber] => ############4297
    [platform] => prd
    [orderAmount_publicSignature] => bpXNHdozo2mXGrXbvWo+3IZYLfs=
    [orderPage_serialNumber] => 3213046286400176056193
    [orderCurrency] => usd
    [reconciliationID] => 120295991Y250S8PDZGHZ
    [signedDataPublicSignature] => vOu+ASsQ/73DqX16pxlJhON/61E=
    [decision] => ACCEPT
    [ccAuthReply_processorResponse] => 00
    [source_domain] => nh.tcro.us
    [billTo_state] => MA
    [billTo_firstName] => Cynthia
    [billTo_customerID] => 849
    [uid] => 849
    [card_expirationYear] => 2015
    [merchantDefinedData1] => Request ID: 31323
    [transactionSignature] => /1AWSrROHbNpf6PuAB0/idFSE/c=
    [billTo_city] => Marblehead
    [billTo_postalCode] => 01945
    [orderPage_requestToken] => Ahj//wSRfMA4UgPo00LcKFWLJgyctXLljZZNWFNxQiWo8i0ohNUiC0MBUQmqRBaHpBCFTSPuGTSTKuj0lnHAwnyL5gHCkB9GmhbgJwhh
    [ccAuthReply_amount] => 341.25
    [orderCurrency_publicSignature] => pfcMEzOHelrVLvafAkpPGnECGbk=
    [orderPage_transactionType] => sale
    [ccAuthReply_authorizationCode] => 04131C
    [decision_publicSignature] => KnPsJG1LWbeM0M209/iKgV4eG28=
    [ccAuthReply_avsCodeRaw] => Y
    [paymentOption] => card
    [billTo_country] => us
    [billTo_email] => mdacosta@pierceatwood.com
    [reasonCode] => 100
    [order_id] => 31323
    [ccAuthReply_reasonCode] => 100
    [orderPage_environment] => PRODUCTION
    [card_expirationMonth] => 05
    [merchantID] => avtranzsb
    [orderNumber_publicSignature] => qwA0uDJXi5k3BuVFtb8Lynw9OVM=
    [requestID] => 3511806829420176056686
    [orderNumber] => 1351180682950
    [signedFields] => billTo_lastName,billTo_phoneNumber,orderAmount,billTo_street1,card_accountNumber,platform,orderAmount_publicSignature,orderPage_serialNumber,orderCurrency,reconciliationID,decision,ccAuthReply_processorResponse,source_domain,billTo_state,billTo_firstName,billTo_customerID,uid,card_expirationYear,merchantDefinedData1,billTo_city,billTo_postalCode,orderPage_requestToken,ccAuthReply_amount,orderCurrency_publicSignature,orderPage_transactionType,ccAuthReply_authorizationCode,decision_publicSignature,ccAuthReply_avsCodeRaw,paymentOption,billTo_country,billTo_email,reasonCode,order_id,ccAuthReply_reasonCode,orderPage_environment,card_expirationMonth,merchantID,orderNumber_publicSignature,requestID,orderNumber,ccAuthReply_authorizedDateTime,card_cardType,ccAuthReply_avsCode
    [ccAuthReply_authorizedDateTime] => 2012-10-25T155803Z
    [card_cardType] => 001
    [ccAuthReply_avsCode] => Y
)
Array
(
    [q] => payment-received
    [billTo_lastName] => Letellier-Doucette
    [billTo_phoneNumber] => 6033700043
    [orderAmount] => 22.5
    [billTo_street1] => 68 Old Sandown Rd
    [card_accountNumber] => ############0135
    [platform] => prd
    [orderAmount_publicSignature] => t1+rOduE3X88UKlcguUpDZdPijA=
    [orderPage_serialNumber] => 3213046286400176056193
    [orderCurrency] => usd
    [reconciliationID] => 120500755Y250B8PCRBN5
    [signedDataPublicSignature] => 85u0awmvFLOB2hu1gnXEFm2RWFg=
    [decision] => ACCEPT
    [ccAuthReply_processorResponse] => 00
    [source_domain] => nh.tcro.us
    [billTo_state] => NH
    [billTo_firstName] => Amy
    [billTo_customerID] => 824
    [uid] => 824
    [card_expirationYear] => 2016
    [merchantDefinedData1] => Request ID: 29687
    [transactionSignature] => qwY2qJcAqpQouEsiph01615r+RY=
    [billTo_city] => Chester
    [billTo_postalCode] => 03036
    [orderPage_requestToken] => Ahj//wSRfMcwUjwmOCLWKFWLJg1YMG7VrZZNWEJxQh0oU5qogN/a92sBUQG/te7XpAyMoj7hk0kyro9JZxwMGUi+Y5gpHhMcEWsAuWuR
    [ccAuthReply_amount] => 22.50
    [orderCurrency_publicSignature] => pfcMEzOHelrVLvafAkpPGnECGbk=
    [orderPage_transactionType] => sale
    [ccAuthReply_authorizationCode] => 135162
    [decision_publicSignature] => KnPsJG1LWbeM0M209/iKgV4eG28=
    [ccAuthReply_avsCodeRaw] => Y
    [paymentOption] => card
    [billTo_country] => us
    [billTo_email] => Amydoucette5150@gmail.com
    [reasonCode] => 100
    [order_id] => 29687
    [ccAuthReply_reasonCode] => 100
    [orderPage_environment] => PRODUCTION
    [card_expirationMonth] => 08
    [merchantID] => avtranzsb
    [orderNumber_publicSignature] => 1RnaiqmsDDFf/Cn4gPrq5M4qP2U=
    [requestID] => 3512057905220176056683
    [orderNumber] => 1351205790510
    [signedFields] => billTo_lastName,billTo_phoneNumber,orderAmount,billTo_street1,card_accountNumber,platform,orderAmount_publicSignature,orderPage_serialNumber,orderCurrency,reconciliationID,decision,ccAuthReply_processorResponse,source_domain,billTo_state,billTo_firstName,billTo_customerID,uid,card_expirationYear,merchantDefinedData1,billTo_city,billTo_postalCode,orderPage_requestToken,ccAuthReply_amount,orderCurrency_publicSignature,orderPage_transactionType,ccAuthReply_authorizationCode,decision_publicSignature,ccAuthReply_avsCodeRaw,paymentOption,billTo_country,billTo_email,reasonCode,order_id,ccAuthReply_reasonCode,orderPage_environment,card_expirationMonth,merchantID,orderNumber_publicSignature,requestID,orderNumber,ccAuthReply_authorizedDateTime,card_cardType,ccAuthReply_avsCode
    [ccAuthReply_authorizedDateTime] => 2012-10-25T225631Z
    [card_cardType] => 001
    [ccAuthReply_avsCode] => Y
)
