Array
(
    [q] => payment-received
    [billTo_lastName] => Rose
    [orderAmount] => 142.5
    [billTo_street1] => 126 Damon Road
    [card_accountNumber] => ############7650
    [platform] => prd
    [orderAmount_publicSignature] => GUGt5pGvS/EeOEl2B98Oht/PRxw=
    [orderPage_serialNumber] => 3213046286400176056193
    [orderCurrency] => usd
    [reconciliationID] => 121801122WTO9N8UK49C9
    [signedDataPublicSignature] => wsFIthJ1CZUvPOlFcHfTR569/xI=
    [decision] => ACCEPT
    [ccAuthReply_processorResponse] => 00
    [source_domain] => nh.tcro.us
    [billTo_state] => MA
    [billTo_firstName] => Roger H.
    [billTo_customerID] => 247
    [uid] => 247
    [card_expirationYear] => 2016
    [merchantDefinedData1] => Request ID: 33401
    [transactionSignature] => inlP1CQ6Bn3tNu0VURtEEsMzcd8=
    [billTo_city] => Fitchburg
    [billTo_postalCode] => 01420
    [orderPage_requestToken] => Ahj//wSRfSBmF8GT/Ng+KFWLJi4YMWLJlXqT3M5xVltHMNymkrJnx8wFNJWTPj56QO3qiP+GTSTKuj0lnHAwaSL6QMwvgyf5sHwA5R89
    [ccAuthReply_amount] => 142.50
    [orderCurrency_publicSignature] => pfcMEzOHelrVLvafAkpPGnECGbk=
    [orderPage_transactionType] => sale
    [ccAuthReply_authorizationCode] => 111435
    [decision_publicSignature] => KnPsJG1LWbeM0M209/iKgV4eG28=
    [ccAuthReply_avsCodeRaw] => Y
    [paymentOption] => card
    [billTo_country] => us
    [reasonCode] => 100
    [order_id] => 33401
    [ccAuthReply_reasonCode] => 100
    [orderPage_environment] => PRODUCTION
    [card_expirationMonth] => 05
    [merchantID] => avtranzsb
    [orderNumber_publicSignature] => Ev4i9c3dpE3ZI/8kmyg9wCryeZQ=
    [requestID] => 3515272035830178147359
    [orderNumber] => 1351527203581
    [signedFields] => billTo_lastName,orderAmount,billTo_street1,card_accountNumber,platform,orderAmount_publicSignature,orderPage_serialNumber,orderCurrency,reconciliationID,decision,ccAuthReply_processorResponse,source_domain,billTo_state,billTo_firstName,billTo_customerID,uid,card_expirationYear,merchantDefinedData1,billTo_city,billTo_postalCode,orderPage_requestToken,ccAuthReply_amount,orderCurrency_publicSignature,orderPage_transactionType,ccAuthReply_authorizationCode,decision_publicSignature,ccAuthReply_avsCodeRaw,paymentOption,billTo_country,reasonCode,order_id,ccAuthReply_reasonCode,orderPage_environment,card_expirationMonth,merchantID,orderNumber_publicSignature,requestID,orderNumber,ccAuthReply_authorizedDateTime,card_cardType,ccAuthReply_avsCode
    [ccAuthReply_authorizedDateTime] => 2012-10-29T161324Z
    [card_cardType] => 001
    [ccAuthReply_avsCode] => Y
)
