Array
(
    [q] => payment-received
    [billTo_lastName] => Latici
    [billTo_phoneNumber] => 6032678370
    [orderAmount] => 1375
    [billTo_street1] => PO Box 42
    [card_accountNumber] => ############5588
    [platform] => prd
    [orderAmount_publicSignature] => yQhehhN0GDId/qD7zhpfRAEI9w4=
    [orderPage_serialNumber] => 3213046286400176056193
    [orderCurrency] => usd
    [reconciliationID] => 119782379WTO1Q8HT7YQY
    [signedDataPublicSignature] => PksyK7MCLdasfX6ACcxX3Sdbnss=
    [decision] => ACCEPT
    [ccAuthReply_processorResponse] => 00
    [source_domain] => nh.tcro.us
    [billTo_state] => NH
    [billTo_firstName] => Steven M.
    [billTo_customerID] => 859
    [uid] => 859
    [billTo_company] => Law Office of Steven M. Latici, P.A.
    [card_expirationYear] => 2015
    [merchantDefinedData1] => Request ID: 31561
    [transactionSignature] => VkVhxPXCL2s6932PYUDJEuMcXXw=
    [billTo_city] => Gilmanton
    [billTo_postalCode] => 03237
    [orderPage_requestToken] => Ahj//wSRfKZLDDPuFuhIKFWLFy3cMmbdzXqT2NFxIqN7NGymkcI5UsQFNI4RypY6QShkcI+oZNJMq6PSWccDCPIvlMlhhn3C3QkAXmwg
    [ccAuthReply_amount] => 1375.00
    [orderCurrency_publicSignature] => pfcMEzOHelrVLvafAkpPGnECGbk=
    [orderPage_transactionType] => sale
    [ccAuthReply_authorizationCode] => 033783
    [decision_publicSignature] => KnPsJG1LWbeM0M209/iKgV4eG28=
    [ccAuthReply_avsCodeRaw] => Y
    [paymentOption] => card
    [billTo_country] => us
    [billTo_email] => slatici@laticilaw.com
    [reasonCode] => 100
    [order_id] => 31561
    [ccAuthReply_reasonCode] => 100
    [orderPage_environment] => PRODUCTION
    [card_expirationMonth] => 01
    [merchantID] => avtranzsb
    [orderNumber_publicSignature] => mW/6/BRwk6jEOaDyKS5YNg/L9vc=
    [requestID] => 3510872716330178147364
    [orderNumber] => 1351087271631
    [signedFields] => billTo_lastName,billTo_phoneNumber,orderAmount,billTo_street1,card_accountNumber,platform,orderAmount_publicSignature,orderPage_serialNumber,orderCurrency,reconciliationID,decision,ccAuthReply_processorResponse,source_domain,billTo_state,billTo_firstName,billTo_customerID,uid,billTo_company,card_expirationYear,merchantDefinedData1,billTo_city,billTo_postalCode,orderPage_requestToken,ccAuthReply_amount,orderCurrency_publicSignature,orderPage_transactionType,ccAuthReply_authorizationCode,decision_publicSignature,ccAuthReply_avsCodeRaw,paymentOption,billTo_country,billTo_email,reasonCode,order_id,ccAuthReply_reasonCode,orderPage_environment,card_expirationMonth,merchantID,orderNumber_publicSignature,requestID,orderNumber,ccAuthReply_authorizedDateTime,card_cardType,ccAuthReply_avsCode
    [ccAuthReply_authorizedDateTime] => 2012-10-24T140112Z
    [card_cardType] => 001
    [ccAuthReply_avsCode] => Y
)
Array
(
    [q] => payment-received
    [billTo_lastName] => Bauer
    [billTo_phoneNumber] => 6036263300
    [orderAmount] => 93.75
    [billTo_street1] => 150 South Champlain Street
    [card_accountNumber] => ############1096
    [platform] => prd
    [orderAmount_publicSignature] => nc7OgzRt3CR2629zxRowS74lHXY=
    [orderPage_serialNumber] => 3213046286400176056193
    [orderCurrency] => usd
    [reconciliationID] => 119809032WTO8H8HQ6NDU
    [signedDataPublicSignature] => +uPUBbeqFSqmgrF9HPLiw4LikPQ=
    [decision] => ACCEPT
    [ccAuthReply_processorResponse] => 00
    [source_domain] => nh.tcro.us
    [billTo_state] => VT
    [billTo_firstName] => Cynthia
    [billTo_customerID] => 778
    [uid] => 778
    [billTo_company] => Primmer Piper Eggleston & Cramer PC
    [card_expirationYear] => 2015
    [merchantDefinedData1] => Request ID: 33349
    [transactionSignature] => BOnU5LNFNXIM0BTDoKSKkFynASg=
    [billTo_city] => Burlington
    [billTo_postalCode] => 05401
    [orderPage_requestToken] => Ahj//wSRfKdZaHoQGnBGKFWLFy4YOWDNlXqT3EhxIotp0Sqmj+VgFbAJNH8rAK2aQOknyPqGTSTKuj0lnHAwnyL5TrLQ9CA04IwAhP8S
    [ccAuthReply_amount] => 93.75
    [orderCurrency_publicSignature] => pfcMEzOHelrVLvafAkpPGnECGbk=
    [orderPage_transactionType] => sale
    [ccAuthReply_authorizationCode] => 03145S
    [decision_publicSignature] => KnPsJG1LWbeM0M209/iKgV4eG28=
    [ccAuthReply_avsCodeRaw] => N
    [paymentOption] => card
    [billTo_country] => us
    [billTo_email] => sblackall@primmer.com
    [reasonCode] => 100
    [order_id] => 33349
    [ccAuthReply_reasonCode] => 100
    [orderPage_environment] => PRODUCTION
    [card_expirationMonth] => 05
    [merchantID] => avtranzsb
    [orderNumber_publicSignature] => cJD+lFSM/3nim4U/xS5XE4YeI/s=
    [requestID] => 3510910766180178147363
    [orderNumber] => 1351091076616
    [signedFields] => billTo_lastName,billTo_phoneNumber,orderAmount,billTo_street1,card_accountNumber,platform,orderAmount_publicSignature,orderPage_serialNumber,orderCurrency,reconciliationID,decision,ccAuthReply_processorResponse,source_domain,billTo_state,billTo_firstName,billTo_customerID,uid,billTo_company,card_expirationYear,merchantDefinedData1,billTo_city,billTo_postalCode,orderPage_requestToken,ccAuthReply_amount,orderCurrency_publicSignature,orderPage_transactionType,ccAuthReply_authorizationCode,decision_publicSignature,ccAuthReply_avsCodeRaw,paymentOption,billTo_country,billTo_email,reasonCode,order_id,ccAuthReply_reasonCode,orderPage_environment,card_expirationMonth,merchantID,orderNumber_publicSignature,requestID,orderNumber,ccAuthReply_authorizedDateTime,card_cardType,ccAuthReply_avsCode
    [ccAuthReply_authorizedDateTime] => 2012-10-24T150437Z
    [card_cardType] => 002
    [ccAuthReply_avsCode] => N
)
Array
(
    [q] => payment-received
    [billTo_lastName] => Rose
    [billTo_phoneNumber] => 9785181183
    [orderAmount] => 93.75
    [billTo_street1] => 126 Damon Rd
    [card_accountNumber] => ############2228
    [platform] => prd
    [orderAmount_publicSignature] => nc7OgzRt3CR2629zxRowS74lHXY=
    [orderPage_serialNumber] => 3213046286400176056193
    [orderCurrency] => usd
    [reconciliationID] => 119857349WTOFO8HXTJNL
    [signedDataPublicSignature] => tcWuQlU6nuUFuwk0sZwHAqXxnbY=
    [decision] => ACCEPT
    [ccAuthReply_processorResponse] => 00
    [source_domain] => nh.tcro.us
    [billTo_state] => MA
    [billTo_firstName] => Roger
    [billTo_customerID] => 879
    [uid] => 879
    [billTo_company] => DeviceCraft
    [card_expirationYear] => 2015
    [merchantDefinedData1] => Request ID: 33401
    [transactionSignature] => mtCNjsgu/Rkjk33fFOHAT0LZLZ8=
    [billTo_city] => Fitchburg
    [billTo_postalCode] => 01420
    [orderPage_requestToken] => Ahj//wSRfKjecU/LLCBCKFWLFy4at2bRzXqT409xIsVJU6YmoKjyRWQFNQVHkis6QOknyPqGTSTKuj0lnHAwYyL5Ubzin5ZYQIQAiQP7
    [ccAuthReply_amount] => 93.75
    [orderCurrency_publicSignature] => pfcMEzOHelrVLvafAkpPGnECGbk=
    [orderPage_transactionType] => sale
    [ccAuthReply_authorizationCode] => 113157
    [decision_publicSignature] => KnPsJG1LWbeM0M209/iKgV4eG28=
    [ccAuthReply_avsCodeRaw] => Y
    [paymentOption] => card
    [billTo_country] => us
    [billTo_email] => rogerrose@verizon.net
    [reasonCode] => 100
    [order_id] => 33401
    [ccAuthReply_reasonCode] => 100
    [orderPage_environment] => PRODUCTION
    [card_expirationMonth] => 12
    [merchantID] => avtranzsb
    [orderNumber_publicSignature] => dZuz4hidibBi+TQj3vgcVHWBZa8=
    [requestID] => 3510965517920178147361
    [orderNumber] => 1351096551791
    [signedFields] => billTo_lastName,billTo_phoneNumber,orderAmount,billTo_street1,card_accountNumber,platform,orderAmount_publicSignature,orderPage_serialNumber,orderCurrency,reconciliationID,decision,ccAuthReply_processorResponse,source_domain,billTo_state,billTo_firstName,billTo_customerID,uid,billTo_company,card_expirationYear,merchantDefinedData1,billTo_city,billTo_postalCode,orderPage_requestToken,ccAuthReply_amount,orderCurrency_publicSignature,orderPage_transactionType,ccAuthReply_authorizationCode,decision_publicSignature,ccAuthReply_avsCodeRaw,paymentOption,billTo_country,billTo_email,reasonCode,order_id,ccAuthReply_reasonCode,orderPage_environment,card_expirationMonth,merchantID,orderNumber_publicSignature,requestID,orderNumber,ccAuthReply_authorizedDateTime,card_cardType,ccAuthReply_avsCode
    [ccAuthReply_authorizedDateTime] => 2012-10-24T163553Z
    [card_cardType] => 001
    [ccAuthReply_avsCode] => Y
)
