Array
(
    [Order ID] => 0
    [Price] => 13.75
    [User ID] => 586
    [IP] => 24.218.23.114
    [Timestamp] => 1348680775
    [Time/Date] => Wed, 26 Sep 2012 13:32:55 -0400
    [Order Page Timestamp] => 1348680715338
    [Order Page Time/Date] => Sun, 29 Dec 44707 07:02:18 -0500
    [User Agent] => Mozilla/5.0 (compatible; MSIE 9.0; Windows NT 6.1; WOW64; Trident/5.0)
)
Array
(
    [Order ID] => 0
    [Price] => 45
    [User ID] => 757
    [IP] => 67.53.38.18
    [Timestamp] => 1348710470
    [Time/Date] => Wed, 26 Sep 2012 21:47:50 -0400
    [Order Page Timestamp] => 1348710462747
    [Order Page Time/Date] => Mon, 07 Dec 44708 14:12:27 -0500
    [User Agent] => Mozilla/4.0 (compatible; MSIE 8.0; AOL 9.6; AOLBuild 4340.5004; Windows NT 5.1; Trident/4.0; .NET CLR 1.1.4322; .NET CLR 2.0.50727; .NET CLR 3.0.4506.2152; .NET CLR 3.5.30729; .NET4.0C)
)
