Array
(
    [Order ID] => 0
    [Price] => 8.63
    [User ID] => 507
    [IP] => 70.91.138.125
    [Timestamp] => 1340647334
    [Time/Date] => Mon, 25 Jun 2012 14:02:14 -0400
    [Order Page Timestamp] => 1340647313308
    [Order Page Time/Date] => Tue, 03 Jun 44453 02:28:28 -0500
    [User Agent] => Mozilla/4.0 (compatible; MSIE 8.0; Windows NT 6.1; Trident/4.0; SLCC2; .NET CLR 2.0.50727; .NET CLR 3.5.30729; .NET CLR 3.0.30729; Media Center PC 6.0; MDDS; InfoPath.2)
)
Array
(
    [Order ID] => 0
    [Price] => 8.63
    [User ID] => 507
    [IP] => 70.91.138.125
    [Timestamp] => 1340647445
    [Time/Date] => Mon, 25 Jun 2012 14:04:05 -0400
    [Order Page Timestamp] => 1340647313308
    [Order Page Time/Date] => Tue, 03 Jun 44453 02:28:28 -0500
    [User Agent] => Mozilla/4.0 (compatible; MSIE 8.0; Windows NT 6.1; Trident/4.0; SLCC2; .NET CLR 2.0.50727; .NET CLR 3.5.30729; .NET CLR 3.0.30729; Media Center PC 6.0; MDDS; InfoPath.2)
)
Array
(
    [Order ID] => 0
    [Price] => 8.63
    [User ID] => 507
    [IP] => 70.91.138.125
    [Timestamp] => 1340647519
    [Time/Date] => Mon, 25 Jun 2012 14:05:19 -0400
    [Order Page Timestamp] => 1340647313308
    [Order Page Time/Date] => Tue, 03 Jun 44453 02:28:28 -0500
    [User Agent] => Mozilla/4.0 (compatible; MSIE 8.0; Windows NT 6.1; Trident/4.0; SLCC2; .NET CLR 2.0.50727; .NET CLR 3.5.30729; .NET CLR 3.0.30729; Media Center PC 6.0; MDDS; InfoPath.2)
)
Array
(
    [Order ID] => 0
    [Price] => 8.63
    [User ID] => 507
    [IP] => 70.91.138.125
    [Timestamp] => 1340647708
    [Time/Date] => Mon, 25 Jun 2012 14:08:28 -0400
    [Order Page Timestamp] => 1340647621473
    [Order Page Time/Date] => Fri, 06 Jun 44453 16:04:33 -0500
    [User Agent] => Mozilla/4.0 (compatible; MSIE 8.0; Windows NT 6.1; Trident/4.0; SLCC2; .NET CLR 2.0.50727; .NET CLR 3.5.30729; .NET CLR 3.0.30729; Media Center PC 6.0; MDDS; InfoPath.2)
)
Array
(
    [Order ID] => 0
    [Price] => 8.63
    [User ID] => 507
    [IP] => 70.91.138.125
    [Timestamp] => 1340647946
    [Time/Date] => Mon, 25 Jun 2012 14:12:26 -0400
    [Order Page Timestamp] => 1340647621473
    [Order Page Time/Date] => Fri, 06 Jun 44453 16:04:33 -0500
    [User Agent] => Mozilla/4.0 (compatible; MSIE 8.0; Windows NT 6.1; Trident/4.0; SLCC2; .NET CLR 2.0.50727; .NET CLR 3.5.30729; .NET CLR 3.0.30729; Media Center PC 6.0; MDDS; InfoPath.2)
)
Array
(
    [Order ID] => 0
    [Price] => 8.63
    [User ID] => 507
    [IP] => 70.91.138.125
    [Timestamp] => 1340648265
    [Time/Date] => Mon, 25 Jun 2012 14:17:45 -0400
    [Order Page Timestamp] => 1340648257385
    [Order Page Time/Date] => Sat, 14 Jun 44453 00:43:05 -0500
    [User Agent] => Mozilla/4.0 (compatible; MSIE 8.0; Windows NT 6.1; Trident/4.0; SLCC2; .NET CLR 2.0.50727; .NET CLR 3.5.30729; .NET CLR 3.0.30729; Media Center PC 6.0; MDDS; InfoPath.2)
)
Array
(
    [Order ID] => 0
    [Price] => 8.63
    [User ID] => 507
    [IP] => 70.91.138.125
    [Timestamp] => 1340649083
    [Time/Date] => Mon, 25 Jun 2012 14:31:23 -0400
    [Order Page Timestamp] => 1340649081334
    [Order Page Time/Date] => Mon, 23 Jun 44453 13:35:34 -0500
    [User Agent] => Mozilla/4.0 (compatible; MSIE 8.0; Windows NT 6.1; Trident/4.0; SLCC2; .NET CLR 2.0.50727; .NET CLR 3.5.30729; .NET CLR 3.0.30729; Media Center PC 6.0; MDDS; InfoPath.2)
)
Array
(
    [Order ID] => 0
    [Price] => 8.63
    [User ID] => 507
    [IP] => 70.91.138.125
    [Timestamp] => 1340649093
    [Time/Date] => Mon, 25 Jun 2012 14:31:33 -0400
    [Order Page Timestamp] => 1340649081334
    [Order Page Time/Date] => Mon, 23 Jun 44453 13:35:34 -0500
    [User Agent] => Mozilla/4.0 (compatible; MSIE 8.0; Windows NT 6.1; Trident/4.0; SLCC2; .NET CLR 2.0.50727; .NET CLR 3.5.30729; .NET CLR 3.0.30729; Media Center PC 6.0; MDDS; InfoPath.2)
)
Array
(
    [Order ID] => 0
    [Price] => 137.5
    [User ID] => 247
    [IP] => 70.96.33.195
    [Timestamp] => 1340653694
    [Time/Date] => Mon, 25 Jun 2012 15:48:14 -0400
    [Order Page Timestamp] => 1340653691102
    [Order Page Time/Date] => Fri, 15 Aug 44453 22:05:02 -0500
    [User Agent] => Mozilla/5.0 (Windows NT 6.1; WOW64; rv:13.0) Gecko/20100101 Firefox/13.0.1
)
Array
(
    [Order ID] => 0
    [Price] => 5.5
    [User ID] => 247
    [IP] => 70.96.33.195
    [Timestamp] => 1340657199
    [Time/Date] => Mon, 25 Jun 2012 16:46:39 -0400
    [Order Page Timestamp] => 1340657161148
    [Order Page Time/Date] => Thu, 25 Sep 44453 01:59:08 -0500
    [User Agent] => Mozilla/5.0 (Windows NT 6.1; WOW64; rv:13.0) Gecko/20100101 Firefox/13.0.1
)
