Array
(
    [q] => payment-received
    [billTo_lastName] => Glowacki
    [billTo_email] => earice@sherin.com
    [orderPage_serialNumber] => 3213046286400176056193
    [ccAuthReply_avsCodeRaw] => Y
    [orderAmount_publicSignature] => DOZas3rcfgLqrnvjMl4PRQQ9qjc=
    [orderCurrency] => usd
    [platform] => prd
    [card_expirationYear] => 2013
    [card_accountNumber] => ###########8009
    [reasonCode] => 100
    [billTo_firstName] => Karen
    [signedFields] => billTo_lastName,billTo_email,orderPage_serialNumber,ccAuthReply_avsCodeRaw,orderAmount_publicSignature,orderCurrency,platform,card_expirationYear,card_accountNumber,reasonCode,billTo_firstName,requestID,order_id,orderPage_transactionType,ccAuthReply_reasonCode,ccAuthReply_authorizationCode,billTo_company,card_expirationMonth,orderNumber,orderCurrency_publicSignature,billTo_customerID,reconciliationID,source_domain,ccAuthReply_avsCode,orderPage_requestToken,uid,ccAuthReply_processorResponse,ccAuthReply_amount,decision_publicSignature,ccAuthReply_authorizedDateTime,orderAmount,orderNumber_publicSignature,card_cardType,billTo_street1,decision,billTo_phoneNumber,paymentOption,merchantDefinedData1,billTo_city,billTo_state,merchantID,billTo_postalCode,billTo_country
    [requestID] => 3446240064060178147361
    [order_id] => 20735
    [orderPage_transactionType] => sale
    [ccAuthReply_reasonCode] => 100
    [ccAuthReply_authorizationCode] => 117800
    [billTo_company] => Sherin and Lodgen LLP
    [card_expirationMonth] => 07
    [orderNumber] => 1344624006404
    [orderCurrency_publicSignature] => pfcMEzOHelrVLvafAkpPGnECGbk=
    [billTo_customerID] => 648
    [signedDataPublicSignature] => ONboWAE1YnFLq1H6G8458JOmwiE=
    [reconciliationID] => 081538370WTO8V54HAS8G
    [source_domain] => nh.tcro.us
    [ccAuthReply_avsCode] => Y
    [orderPage_requestToken] => Ahj//wSRdaRgbpnEs1BCKFWDhi1ZuGbdhXqT3FZq0kQabiOmkMKImSQNNIYURMk6QT+ziEV8MmkmVdHpLOOBhEkXWkYG6ZxLNQQg3zRr
    [uid] => 648
    [ccAuthReply_processorResponse] => 00
    [ccAuthReply_amount] => 5145.00
    [decision_publicSignature] => KnPsJG1LWbeM0M209/iKgV4eG28=
    [ccAuthReply_authorizedDateTime] => 2012-08-10T184007Z
    [orderAmount] => 5145
    [orderNumber_publicSignature] => rp84Dfl8DEEMQooX0GOd7RFgMls=
    [card_cardType] => 003
    [billTo_street1] => 101 Federal Street
    [decision] => ACCEPT
    [billTo_phoneNumber] => 6176462039
    [paymentOption] => card
    [transactionSignature] => VqPuR6oXmgwDHIdxMcjUXQ7Bltg=
    [merchantDefinedData1] => Request ID: 20735
    [billTo_city] => Boston
    [billTo_state] => MA
    [merchantID] => avtranzsb
    [billTo_postalCode] => 02110
    [billTo_country] => us
)
Array
(
    [q] => payment-received
    [billTo_lastName] => Smith
    [billTo_email] => emps@collegeboundmovers.com
    [orderPage_serialNumber] => 3213046286400176056193
    [ccAuthReply_avsCodeRaw] => Y
    [orderAmount_publicSignature] => 6ZXLy1F/LfaKGZ/wKVAaXI48V98=
    [orderCurrency] => usd
    [platform] => prd
    [card_expirationYear] => 2015
    [card_accountNumber] => ############0013
    [reasonCode] => 100
    [billTo_firstName] => Edwatd
    [signedFields] => billTo_lastName,billTo_email,orderPage_serialNumber,ccAuthReply_avsCodeRaw,orderAmount_publicSignature,orderCurrency,platform,card_expirationYear,card_accountNumber,reasonCode,billTo_firstName,requestID,order_id,orderPage_transactionType,ccAuthReply_reasonCode,ccAuthReply_authorizationCode,card_expirationMonth,orderNumber,ccAuthReply_authFactorCode,orderCurrency_publicSignature,billTo_customerID,reconciliationID,source_domain,ccAuthReply_avsCode,orderPage_requestToken,uid,ccAuthReply_processorResponse,ccAuthReply_amount,decision_publicSignature,ccAuthReply_authorizedDateTime,orderAmount,orderNumber_publicSignature,card_cardType,billTo_street1,decision,billTo_phoneNumber,paymentOption,merchantDefinedData1,billTo_city,billTo_state,merchantID,billTo_postalCode,billTo_country
    [requestID] => 3446314916790178147363
    [order_id] => 20855
    [orderPage_transactionType] => sale
    [ccAuthReply_reasonCode] => 100
    [ccAuthReply_authorizationCode] => 01096A
    [card_expirationMonth] => 04
    [orderNumber] => 1344631491677
    [ccAuthReply_authFactorCode] => N
    [orderCurrency_publicSignature] => pfcMEzOHelrVLvafAkpPGnECGbk=
    [billTo_customerID] => 532
    [signedDataPublicSignature] => XExiXjMZw6KLzrgVHCTRikLCnVk=
    [reconciliationID] => 081613977WTOFL54IM0HD
    [source_domain] => nh.tcro.us
    [ccAuthReply_avsCode] => Y
    [orderPage_requestToken] => Ahj//wSRdaZ0Suxg79hGKFWDhi2Ys3LdvXqT40xq0kzWEiImn6k+kdgFNP1J9I7aQO/FiK+GTSTKuj0lnHAwYSLrTOiV2MHfsIwAxxlm
    [uid] => 532
    [ccAuthReply_processorResponse] => 00
    [ccAuthReply_amount] => 161.50
    [decision_publicSignature] => KnPsJG1LWbeM0M209/iKgV4eG28=
    [ccAuthReply_authorizedDateTime] => 2012-08-10T204452Z
    [orderAmount] => 161.5
    [orderNumber_publicSignature] => 0st8sYr7EoSn7XCA78VX4Hxo5kI=
    [card_cardType] => 001
    [billTo_street1] => 3 stonewall crossing
    [decision] => ACCEPT
    [billTo_phoneNumber] => 6035400328
    [paymentOption] => card
    [transactionSignature] => PCbBmabUJ+2keO2uFger6vLvDpo=
    [merchantDefinedData1] => Request ID: 20855
    [billTo_city] => amherst
    [billTo_state] => nh
    [merchantID] => avtranzsb
    [billTo_postalCode] => 03031
    [billTo_country] => us
)
