Array
(
    [Order ID] => 0
    [Price] => 1700
    [User ID] => 513
    [IP] => 173.166.62.221
    [Timestamp] => 1338901783
    [Time/Date] => Tue, 05 Jun 2012 09:09:43 -0400
    [Order Page Timestamp] => 1338901734372
    [Order Page Time/Date] => Sun, 08 Feb 44398 15:26:12 -0500
    [User Agent] => Mozilla/4.0 (compatible; MSIE 8.0; Windows NT 5.1; Trident/4.0; .NET CLR 1.1.4322; .NET CLR 2.0.50727; .NET CLR 3.0.4506.2152; .NET CLR 3.5.30729; AskTbORJ/5.15.1.22229)
)
Array
(
    [Order ID] => 0
    [Price] => 657.25
    [User ID] => 503
    [IP] => 108.220.234.168
    [Timestamp] => 1338908606
    [Time/Date] => Tue, 05 Jun 2012 11:03:26 -0400
    [Order Page Timestamp] => 1338908513732
    [Order Page Time/Date] => Tue, 28 Apr 44398 02:35:32 -0500
    [User Agent] => Mozilla/5.0 (Linux; U; Android 4.0.3; en-us; Transformer TF101 Build/IML74K) AppleWebKit/534.30 (KHTML, like Gecko) Version/4.0 Safari/534.30
)
Array
(
    [Order ID] => 0
    [Price] => 657.25
    [User ID] => 503
    [IP] => 108.220.234.168
    [Timestamp] => 1338909259
    [Time/Date] => Tue, 05 Jun 2012 11:14:19 -0400
    [Order Page Timestamp] => 1338908513732
    [Order Page Time/Date] => Tue, 28 Apr 44398 02:35:32 -0500
    [User Agent] => Mozilla/5.0 (Linux; U; Android 4.0.3; en-us; Transformer TF101 Build/IML74K) AppleWebKit/534.30 (KHTML, like Gecko) Version/4.0 Safari/534.30
)
Array
(
    [Order ID] => 0
    [Price] => 657.25
    [User ID] => 503
    [IP] => 108.220.234.168
    [Timestamp] => 1338911312
    [Time/Date] => Tue, 05 Jun 2012 11:48:32 -0400
    [Order Page Timestamp] => 1338911292304
    [Order Page Time/Date] => Sat, 30 May 44398 06:25:04 -0500
    [User Agent] => Mozilla/5.0 (Linux; U; Android 4.0.3; en-us; Transformer TF101 Build/IML74K) AppleWebKit/534.30 (KHTML, like Gecko) Version/4.0 Safari/534.30
)
Array
(
    [Order ID] => 0
    [Price] => 657.25
    [User ID] => 247
    [IP] => 70.96.33.195
    [Timestamp] => 1338919883
    [Time/Date] => Tue, 05 Jun 2012 14:11:23 -0400
    [Order Page Timestamp] => 1338919879602
    [Order Page Time/Date] => Sun, 06 Sep 44398 15:46:42 -0500
    [User Agent] => Mozilla/5.0 (Windows NT 6.1; WOW64; rv:12.0) Gecko/20100101 Firefox/12.0
)
Array
(
    [Order ID] => 0
    [Price] => 962.5
    [User ID] => 516
    [IP] => 96.233.38.192
    [Timestamp] => 1338921975
    [Time/Date] => Tue, 05 Jun 2012 14:46:15 -0400
    [Order Page Timestamp] => 1338921928178
    [Order Page Time/Date] => Wed, 30 Sep 44398 08:49:38 -0500
    [User Agent] => Mozilla/4.0 (compatible; MSIE 8.0; Windows NT 5.1; Trident/4.0; .NET CLR 1.1.4322; .NET CLR 2.0.50727; .NET CLR 3.0.4506.2152; .NET CLR 3.5.30729)
)
Array
(
    [Order ID] => 0
    [Price] => 657.25
    [User ID] => 247
    [IP] => 70.96.33.195
    [Timestamp] => 1338922344
    [Time/Date] => Tue, 05 Jun 2012 14:52:24 -0400
    [Order Page Timestamp] => 1338922271049
    [Order Page Time/Date] => Sun, 04 Oct 44398 08:04:09 -0500
    [User Agent] => Mozilla/5.0 (Windows NT 6.1; WOW64; rv:12.0) Gecko/20100101 Firefox/12.0
)
Array
(
    [Order ID] => 0
    [Price] => 657.25
    [User ID] => 247
    [IP] => 70.96.33.195
    [Timestamp] => 1338929681
    [Time/Date] => Tue, 05 Jun 2012 16:54:41 -0400
    [Order Page Timestamp] => 1338929679940
    [Order Page Time/Date] => Tue, 29 Dec 44398 02:05:40 -0500
    [User Agent] => Mozilla/5.0 (Windows NT 6.1; WOW64; rv:12.0) Gecko/20100101 Firefox/12.0
)
Array
(
    [Order ID] => 0
    [Price] => 425
    [User ID] => 517
    [IP] => 173.166.98.13
    [Timestamp] => 1338930452
    [Time/Date] => Tue, 05 Jun 2012 17:07:32 -0400
    [Order Page Timestamp] => 1338930437374
    [Order Page Time/Date] => Wed, 06 Jan 44399 20:29:34 -0500
    [User Agent] => Mozilla/5.0 (Windows NT 6.1; rv:12.0) Gecko/20100101 Firefox/12.0
)
