Array
(
    [Order ID] => 0
    [Price] => 71.5
    [User ID] => 752
    [IP] => 75.147.34.81
    [Timestamp] => 1348249943
    [Time/Date] => Fri, 21 Sep 2012 13:52:23 -0400
    [Order Page Timestamp] => 1348249933777
    [Order Page Time/Date] => Fri, 04 May 44694 09:29:37 -0500
    [User Agent] => Mozilla/4.0 (compatible; MSIE 8.0; Windows NT 5.1; Trident/4.0; GTB7.1; EasyBits GO v1.0; .NET CLR 1.1.4322; .NET CLR 2.0.50727; .NET CLR 3.0.4506.2152; .NET CLR 3.5.30729; BRI/2; FunWebProducts; AskTbFWV5/5.14.1.20007; BOIE8;ENUSMSCOM)
)
Array
(
    [Order ID] => 0
    [Price] => 76.5
    [User ID] => 619
    [IP] => 24.63.144.192
    [Timestamp] => 1348262407
    [Time/Date] => Fri, 21 Sep 2012 17:20:07 -0400
    [Order Page Timestamp] => 1348262377335
    [Order Page Time/Date] => Tue, 25 Sep 44694 10:02:15 -0500
    [User Agent] => Mozilla/5.0 (Linux; U; Android 4.0.4; en-us; EVO Build/IMM76D) AppleWebKit/534.30 (KHTML, like Gecko) Version/4.0 Mobile Safari/534.30
)
Array
(
    [Order ID] => 0
    [Price] => 76.5
    [User ID] => 619
    [IP] => 24.63.144.192
    [Timestamp] => 1348263017
    [Time/Date] => Fri, 21 Sep 2012 17:30:17 -0400
    [Order Page Timestamp] => 1348263013301
    [Order Page Time/Date] => Tue, 02 Oct 44694 18:41:41 -0500
    [User Agent] => Mozilla/5.0 (Linux; U; Android 4.0.4; en-us; EVO Build/IMM76D) AppleWebKit/534.30 (KHTML, like Gecko) Version/4.0 Mobile Safari/534.30
)
Array
(
    [Order ID] => 0
    [Price] => 295
    [User ID] => 754
    [IP] => 64.127.70.250
    [Timestamp] => 1348263974
    [Time/Date] => Fri, 21 Sep 2012 17:46:14 -0400
    [Order Page Timestamp] => 1348263960302
    [Order Page Time/Date] => Sat, 13 Oct 44694 17:45:02 -0500
    [User Agent] => Mozilla/5.0 (Windows NT 6.1; WOW64; rv:15.0) Gecko/20100101 Firefox/15.0.1
)
Array
(
    [Order ID] => 0
    [Price] => 131.75
    [User ID] => 596
    [IP] => 24.61.235.175
    [Timestamp] => 1348268039
    [Time/Date] => Fri, 21 Sep 2012 18:53:59 -0400
    [Order Page Timestamp] => 1348267965373
    [Order Page Time/Date] => Thu, 29 Nov 44694 02:16:13 -0500
    [User Agent] => Mozilla/5.0 (Windows NT 6.1; WOW64; rv:15.0) Gecko/20100101 Firefox/15.0.1
)
