Array
(
    [Order ID] => 0
    [Price] => 91
    [User ID] => 800
    [IP] => 64.179.20.238
    [Timestamp] => 1349450160
    [Time/Date] => Fri, 05 Oct 2012 11:16:00 -0400
    [Order Page Timestamp] => 1349450127849
    [Order Page Time/Date] => Mon, 16 May 44732 12:44:09 -0500
    [User Agent] => Mozilla/5.0 (Windows; U; Windows NT 5.1; en-US; rv:1.9.0.19) Gecko/2010031422 Firefox/3.0.19
)
Array
(
    [Order ID] => 0
    [Price] => 187.5
    [User ID] => 807
    [IP] => 97.100.220.146
    [Timestamp] => 1349458124
    [Time/Date] => Fri, 05 Oct 2012 13:28:44 -0400
    [Order Page Timestamp] => 1349458097758
    [Order Page Time/Date] => Tue, 16 Aug 44732 18:35:58 -0500
    [User Agent] => Mozilla/5.0 (Macintosh; Intel Mac OS X 10.6; rv:15.0) Gecko/20100101 Firefox/15.0.1
)
