Array
(
    [q] => payment-received
    [billTo_lastName] => Burt
    [billTo_phoneNumber] => 6036263310
    [orderAmount] => 112.1
    [billTo_street1] => 900 Elm Street, Floor 16
    [billTo_street2] => PO Box 3360
    [card_accountNumber] => ############1096
    [platform] => prd
    [orderAmount_publicSignature] => ez4WMzBoUfE5GrQbiwtoKJXbfOM=
    [orderPage_serialNumber] => 3213046286400176056193
    [orderCurrency] => usd
    [reconciliationID] => 149828481WTO8VALRNIIF
    [signedDataPublicSignature] => GGSKPL5ETEfPxkJ2DUWxQmhWB4Y=
    [decision] => ACCEPT
    [ccAuthReply_processorResponse] => 00
    [source_domain] => nh.tcro.us
    [billTo_state] => NH
    [billTo_firstName] => Gary
    [billTo_customerID] => 999
    [uid] => 999
    [billTo_company] => Primmer Piper Eggleston and Cramer
    [card_expirationYear] => 2015
    [merchantDefinedData1] => Request ID: 36274
    [transactionSignature] => SRTIMlZAzL+QswhYG76qiXnqIaM=
    [billTo_city] => Manchester
    [billTo_postalCode] => 03105
    [orderPage_requestToken] => Ahj//wSRgf1/4ZlNKuBEKFWLRy4ZOGjhjXqT3FaDMpTpMmMmkN7i2IAJNIb3FsQaQOryiTOGTSTKuj0lnHAwnyMD+v/DMppVwIgAqxOd
    [ccAuthReply_amount] => 112.10
    [orderCurrency_publicSignature] => pfcMEzOHelrVLvafAkpPGnECGbk=
    [orderPage_transactionType] => sale
    [ccAuthReply_authorizationCode] => 07409S
    [decision_publicSignature] => KnPsJG1LWbeM0M209/iKgV4eG28=
    [ccAuthReply_avsCodeRaw] => N
    [paymentOption] => card
    [billTo_country] => us
    [billTo_email] => gburt@primmer.com
    [reasonCode] => 100
    [order_id] => 36274
    [ccAuthReply_reasonCode] => 100
    [orderPage_environment] => PRODUCTION
    [card_expirationMonth] => 05
    [merchantID] => avtranzsb
    [orderNumber_publicSignature] => 87qh5LlDiWtvTzOurLTqOj0K93o=
    [requestID] => 3560131517520178147362
    [orderNumber] => 1356013151751
    [signedFields] => billTo_lastName,billTo_phoneNumber,orderAmount,billTo_street1,billTo_street2,card_accountNumber,platform,orderAmount_publicSignature,orderPage_serialNumber,orderCurrency,reconciliationID,decision,ccAuthReply_processorResponse,source_domain,billTo_state,billTo_firstName,billTo_customerID,uid,billTo_company,card_expirationYear,merchantDefinedData1,billTo_city,billTo_postalCode,orderPage_requestToken,ccAuthReply_amount,orderCurrency_publicSignature,orderPage_transactionType,ccAuthReply_authorizationCode,decision_publicSignature,ccAuthReply_avsCodeRaw,paymentOption,billTo_country,billTo_email,reasonCode,order_id,ccAuthReply_reasonCode,orderPage_environment,card_expirationMonth,merchantID,orderNumber_publicSignature,requestID,orderNumber,ccAuthReply_authorizedDateTime,card_cardType,ccAuthReply_avsCode
    [ccAuthReply_authorizedDateTime] => 2012-12-20T141912Z
    [card_cardType] => 002
    [ccAuthReply_avsCode] => N
)
Array
(
    [q] => payment-received
    [billTo_lastName] => Merra
    [billTo_phoneNumber] => 6038865055
    [orderAmount] => 875
    [billTo_street1] => 159 Main Street
    [card_accountNumber] => ############0125
    [platform] => prd
    [orderAmount_publicSignature] => w36h4WbcBnpFa1SPKppVsA7uA74=
    [orderPage_serialNumber] => 3213046286400176056193
    [orderCurrency] => usd
    [reconciliationID] => 149854137WTOFOALSB4NC
    [signedDataPublicSignature] => 43diyIUY5EwYszeHrIcbZSjXF8s=
    [decision] => ACCEPT
    [ccAuthReply_processorResponse] => 00
    [source_domain] => nh.tcro.us
    [billTo_state] => NH
    [billTo_firstName] => Mike
    [billTo_customerID] => 984
    [uid] => 984
    [billTo_company] => Merra & Kanakis, PC
    [card_expirationYear] => 2013
    [merchantDefinedData1] => Request ID: 41398
    [transactionSignature] => zfxZv/pLVBHilbyUC1R8FlC8kOA=
    [billTo_city] => Nashua
    [billTo_postalCode] => 03060
    [orderPage_requestToken] => Ahj//wSRgf5YjQZkdLBIKFWLRy4atGLNvXqT40+DMpwmk6GmoLQDCrgFNQWgGFXaQRquYSZwyaSZV0eks44GDiRgf5YjQZkdLBIAtB+n
    [ccAuthReply_amount] => 875.00
    [orderCurrency_publicSignature] => pfcMEzOHelrVLvafAkpPGnECGbk=
    [orderPage_transactionType] => sale
    [ccAuthReply_authorizationCode] => 015090
    [decision_publicSignature] => KnPsJG1LWbeM0M209/iKgV4eG28=
    [ccAuthReply_avsCodeRaw] => N
    [paymentOption] => card
    [billTo_country] => us
    [billTo_email] => corey@mklawnh.com
    [reasonCode] => 100
    [order_id] => 41398
    [ccAuthReply_reasonCode] => 100
    [orderPage_environment] => PRODUCTION
    [card_expirationMonth] => 04
    [merchantID] => avtranzsb
    [orderNumber_publicSignature] => KI7uXtLYRg27f2dQCYAHwh/zDWQ=
    [requestID] => 3560162011060178147364
    [orderNumber] => 1356016201104
    [signedFields] => billTo_lastName,billTo_phoneNumber,orderAmount,billTo_street1,card_accountNumber,platform,orderAmount_publicSignature,orderPage_serialNumber,orderCurrency,reconciliationID,decision,ccAuthReply_processorResponse,source_domain,billTo_state,billTo_firstName,billTo_customerID,uid,billTo_company,card_expirationYear,merchantDefinedData1,billTo_city,billTo_postalCode,orderPage_requestToken,ccAuthReply_amount,orderCurrency_publicSignature,orderPage_transactionType,ccAuthReply_authorizationCode,decision_publicSignature,ccAuthReply_avsCodeRaw,paymentOption,billTo_country,billTo_email,reasonCode,order_id,ccAuthReply_reasonCode,orderPage_environment,card_expirationMonth,merchantID,orderNumber_publicSignature,requestID,orderNumber,ccAuthReply_authorizedDateTime,card_cardType,ccAuthReply_avsCode
    [ccAuthReply_authorizedDateTime] => 2012-12-20T151001Z
    [card_cardType] => 001
    [ccAuthReply_avsCode] => N
)
Array
(
    [q] => payment-received
    [billTo_lastName] => Hogan
    [billTo_phoneNumber] => 6036275605
    [orderAmount] => 33.75
    [billTo_street1] => 329 Mast Road
    [card_accountNumber] => ############7407
    [platform] => prd
    [orderAmount_publicSignature] => 50KbFq2JaLmXRLufZzzaM5eid7I=
    [orderPage_serialNumber] => 3213046286400176056193
    [orderCurrency] => usd
    [reconciliationID] => 149893824WTO8HALSWD2D
    [signedDataPublicSignature] => JS3n0ZsYE33OAewWfPuS/KcAEu4=
    [decision] => ACCEPT
    [ccAuthReply_processorResponse] => 00
    [source_domain] => nh.tcro.us
    [billTo_state] => NH
    [billTo_firstName] => Dennis
    [billTo_customerID] => 1169
    [uid] => 1169
    [billTo_company] => Hillsborough County
    [card_expirationYear] => 2014
    [merchantDefinedData1] => Request ID: 41404
    [transactionSignature] => jabpEjL9sbuUDlpXzTdgZTKvcWg=
    [billTo_city] => Goffstown
    [billTo_postalCode] => 03045
    [orderPage_requestToken] => Ahj//wSRgf+ZkgU1h5BGKFWLRy4cs3DJpXqT3EiDMp14jKImj/B4toAJNH+DxbQaQM0vJM4ZNJMq6PSWccDBbIwP/MyQKaw8gjAATATW
    [ccAuthReply_amount] => 33.75
    [orderCurrency_publicSignature] => pfcMEzOHelrVLvafAkpPGnECGbk=
    [orderPage_transactionType] => sale
    [ccAuthReply_authorizationCode] => 05627Z
    [decision_publicSignature] => KnPsJG1LWbeM0M209/iKgV4eG28=
    [ccAuthReply_avsCodeRaw] => Y
    [paymentOption] => card
    [billTo_country] => us
    [billTo_email] => mrioux@hcao.net
    [reasonCode] => 100
    [order_id] => 41404
    [ccAuthReply_reasonCode] => 100
    [orderPage_environment] => PRODUCTION
    [card_expirationMonth] => 09
    [merchantID] => avtranzsb
    [orderNumber_publicSignature] => Obg+Hz9mHHtmpdRyZMieR3Ta5l8=
    [requestID] => 3560207190540178147363
    [orderNumber] => 1356020719053
    [signedFields] => billTo_lastName,billTo_phoneNumber,orderAmount,billTo_street1,card_accountNumber,platform,orderAmount_publicSignature,orderPage_serialNumber,orderCurrency,reconciliationID,decision,ccAuthReply_processorResponse,source_domain,billTo_state,billTo_firstName,billTo_customerID,uid,billTo_company,card_expirationYear,merchantDefinedData1,billTo_city,billTo_postalCode,orderPage_requestToken,ccAuthReply_amount,orderCurrency_publicSignature,orderPage_transactionType,ccAuthReply_authorizationCode,decision_publicSignature,ccAuthReply_avsCodeRaw,paymentOption,billTo_country,billTo_email,reasonCode,order_id,ccAuthReply_reasonCode,orderPage_environment,card_expirationMonth,merchantID,orderNumber_publicSignature,requestID,orderNumber,ccAuthReply_authorizedDateTime,card_cardType,ccAuthReply_avsCode
    [ccAuthReply_authorizedDateTime] => 2012-12-20T162519Z
    [card_cardType] => 002
    [ccAuthReply_avsCode] => Y
)
