Array
(
    [q] => payment-received
    [billTo_lastName] => Morgan
    [billTo_phoneNumber] => 6033565439
    [orderAmount] => 49.5
    [billTo_street1] => 2935 WHite Mountain Highway
    [card_accountNumber] => ############0691
    [platform] => prd
    [orderAmount_publicSignature] => N6cl3ldDZxaGlw9R8qx53IPCcQI=
    [orderPage_serialNumber] => 3213046286400176056193
    [orderCurrency] => usd
    [reconciliationID] => 126319233WTO9N96H2LNJ
    [signedDataPublicSignature] => nKMol/8hz6zl3mSEzkE8zccXnwo=
    [decision] => ACCEPT
    [ccAuthReply_processorResponse] => 00
    [source_domain] => nh.tcro.us
    [billTo_state] => NH
    [billTo_firstName] => Dennis
    [billTo_customerID] => 949
    [uid] => 949
    [billTo_company] => Cooper Cargill Chant, PA
    [card_expirationYear] => 2015
    [merchantDefinedData1] => Request ID: 35411
    [transactionSignature] => FIfaX6mnORauFnFVbDPiueNnhV0=
    [billTo_city] => North Conway
    [billTo_postalCode] => 03860
    [orderPage_requestToken] => Ahj//wSRffbeleI5VhhCKFWLJszYuWTNnXqT3M5y2kMpk6UmkrQsBywJNJWhYDl6QNmrEhEMmkmVdHpLOOBhDkX323pXiOVYYQgAciyI
    [ccAuthReply_amount] => 49.50
    [orderCurrency_publicSignature] => pfcMEzOHelrVLvafAkpPGnECGbk=
    [orderPage_transactionType] => sale
    [ccAuthReply_authorizationCode] => 04697S
    [decision_publicSignature] => KnPsJG1LWbeM0M209/iKgV4eG28=
    [ccAuthReply_avsCodeRaw] => Y
    [paymentOption] => card
    [billTo_country] => us
    [billTo_email] => dmorgan@coopercargillchant.com
    [reasonCode] => 100
    [order_id] => 35411
    [ccAuthReply_reasonCode] => 100
    [orderPage_environment] => PRODUCTION
    [card_expirationMonth] => 02
    [merchantID] => avtranzsb
    [orderNumber_publicSignature] => 2rT0NXUoOYhqz+gWgd9S3+e8el0=
    [requestID] => 3522999156230178147361
    [orderNumber] => 1352299915622
    [signedFields] => billTo_lastName,billTo_phoneNumber,orderAmount,billTo_street1,card_accountNumber,platform,orderAmount_publicSignature,orderPage_serialNumber,orderCurrency,reconciliationID,decision,ccAuthReply_processorResponse,source_domain,billTo_state,billTo_firstName,billTo_customerID,uid,billTo_company,card_expirationYear,merchantDefinedData1,billTo_city,billTo_postalCode,orderPage_requestToken,ccAuthReply_amount,orderCurrency_publicSignature,orderPage_transactionType,ccAuthReply_authorizationCode,decision_publicSignature,ccAuthReply_avsCodeRaw,paymentOption,billTo_country,billTo_email,reasonCode,order_id,ccAuthReply_reasonCode,orderPage_environment,card_expirationMonth,merchantID,orderNumber_publicSignature,requestID,orderNumber,ccAuthReply_authorizedDateTime,card_cardType,ccAuthReply_avsCode
    [ccAuthReply_authorizedDateTime] => 2012-11-07T145156Z
    [card_cardType] => 002
    [ccAuthReply_avsCode] => Y
)
Array
(
    [q] => payment-received
    [billTo_lastName] => Kelley
    [billTo_phoneNumber] => 7812620690
    [orderAmount] => 585
    [billTo_street1] => 20 Burlington Mall Road
    [card_accountNumber] => ############1663
    [platform] => prd
    [orderAmount_publicSignature] => PV3dLLm5TPJjBSlnIjcd++LvaUo=
    [orderPage_serialNumber] => 3213046286400176056193
    [orderCurrency] => usd
    [reconciliationID] => 126602421WTOFL96HBQ33
    [signedDataPublicSignature] => JXNsJOrVohQhQVmGiROfz8bbM3A=
    [decision] => ACCEPT
    [ccAuthReply_processorResponse] => 00
    [source_domain] => nh.tcro.us
    [billTo_state] => ma
    [billTo_firstName] => J P
    [billTo_customerID] => 950
    [uid] => 950
    [billTo_company] => Bruce & Kelley, PC
    [card_expirationYear] => 2015
    [merchantDefinedData1] => Request ID: 35475
    [transactionSignature] => yuJIEkK0gLYL8sAr/kwWHxDUkIM=
    [billTo_city] => Burlington
    [billTo_postalCode] => 01803
    [orderPage_requestToken] => Ahj//wSRfgFXTaiL1MhIKFWLJs2YMmjJjXqT40xy2kQqLNmmn74MX5wFNP3wYvz6QQ5IQkIhk0kyro9JZxwMIsi/AKum1EXqZCQA8gkO
    [ccAuthReply_amount] => 585.00
    [orderCurrency_publicSignature] => pfcMEzOHelrVLvafAkpPGnECGbk=
    [orderPage_transactionType] => sale
    [ccAuthReply_authorizationCode] => 917002
    [decision_publicSignature] => KnPsJG1LWbeM0M209/iKgV4eG28=
    [ccAuthReply_avsCodeRaw] => Y
    [paymentOption] => card
    [billTo_country] => us
    [billTo_email] => pkelley@brucekelleylaw.com
    [reasonCode] => 100
    [order_id] => 35475
    [ccAuthReply_reasonCode] => 100
    [orderPage_environment] => PRODUCTION
    [card_expirationMonth] => 03
    [merchantID] => avtranzsb
    [orderNumber_publicSignature] => MY645Edb35wc8G+8r004lEowXd4=
    [requestID] => 3523376433730178147364
    [orderNumber] => 1352337643372
    [signedFields] => billTo_lastName,billTo_phoneNumber,orderAmount,billTo_street1,card_accountNumber,platform,orderAmount_publicSignature,orderPage_serialNumber,orderCurrency,reconciliationID,decision,ccAuthReply_processorResponse,source_domain,billTo_state,billTo_firstName,billTo_customerID,uid,billTo_company,card_expirationYear,merchantDefinedData1,billTo_city,billTo_postalCode,orderPage_requestToken,ccAuthReply_amount,orderCurrency_publicSignature,orderPage_transactionType,ccAuthReply_authorizationCode,decision_publicSignature,ccAuthReply_avsCodeRaw,paymentOption,billTo_country,billTo_email,reasonCode,order_id,ccAuthReply_reasonCode,orderPage_environment,card_expirationMonth,merchantID,orderNumber_publicSignature,requestID,orderNumber,ccAuthReply_authorizedDateTime,card_cardType,ccAuthReply_avsCode
    [ccAuthReply_authorizedDateTime] => 2012-11-08T012044Z
    [card_cardType] => 001
    [ccAuthReply_avsCode] => Y
)
