Array
(
    [q] => payment-received
    [billTo_lastName] => verma
    [billTo_phoneNumber] => 6037034244
    [orderAmount] => 176
    [billTo_street1] => 516 mammoth road
    [billTo_street2] => unit 3a
    [card_accountNumber] => ###########1003
    [platform] => prd
    [orderAmount_publicSignature] => VkVYrMbKVouyIW4hqMGBfufa04g=
    [orderPage_serialNumber] => 3213046286400176056193
    [orderCurrency] => usd
    [reconciliationID] => 127306788WTOFO9AF5Y3C
    [signedDataPublicSignature] => Z3Usqa2FDSVgmKmw7HdZ4SwdW+o=
    [decision] => ACCEPT
    [ccAuthReply_processorResponse] => 00
    [source_domain] => nh.tcro.us
    [billTo_state] => nh
    [billTo_firstName] => rajesh
    [billTo_customerID] => 945
    [uid] => 945
    [card_expirationYear] => 2015
    [merchantDefinedData1] => Request ID: 35235
    [transactionSignature] => ZWaXuWovsp85r/Ptj3DPeHZBDYE=
    [billTo_city] => londonderry
    [billTo_postalCode] => 03053
    [orderPage_requestToken] => Ahj//wSRfigmOc0CpSBIKFWLJuzYNm7hxXqT409zBjNbLOGmoKz5n9ANNQVnzP6aQPiYBIVDJpJlXR6SzjgYMZF+KCY5zQKlIEgA0RXs
    [ccAuthReply_amount] => 176.00
    [orderCurrency_publicSignature] => pfcMEzOHelrVLvafAkpPGnECGbk=
    [orderPage_transactionType] => sale
    [ccAuthReply_authorizationCode] => 107639
    [decision_publicSignature] => KnPsJG1LWbeM0M209/iKgV4eG28=
    [ccAuthReply_avsCodeRaw] => Y
    [paymentOption] => card
    [billTo_country] => us
    [billTo_email] => nhatech@gmail.com
    [reasonCode] => 100
    [order_id] => 35235
    [ccAuthReply_reasonCode] => 100
    [orderPage_environment] => PRODUCTION
    [card_expirationMonth] => 07
    [merchantID] => avtranzsb
    [orderNumber_publicSignature] => wPfaj0emqufnrZYuzQU3xzEzAzg=
    [requestID] => 3524774649760178147364
    [orderNumber] => 1352477464974
    [signedFields] => billTo_lastName,billTo_phoneNumber,orderAmount,billTo_street1,billTo_street2,card_accountNumber,platform,orderAmount_publicSignature,orderPage_serialNumber,orderCurrency,reconciliationID,decision,ccAuthReply_processorResponse,source_domain,billTo_state,billTo_firstName,billTo_customerID,uid,card_expirationYear,merchantDefinedData1,billTo_city,billTo_postalCode,orderPage_requestToken,ccAuthReply_amount,orderCurrency_publicSignature,orderPage_transactionType,ccAuthReply_authorizationCode,decision_publicSignature,ccAuthReply_avsCodeRaw,paymentOption,billTo_country,billTo_email,reasonCode,order_id,ccAuthReply_reasonCode,orderPage_environment,card_expirationMonth,merchantID,orderNumber_publicSignature,requestID,orderNumber,ccAuthReply_authorizedDateTime,card_cardType,ccAuthReply_avsCode
    [ccAuthReply_authorizedDateTime] => 2012-11-09T161105Z
    [card_cardType] => 003
    [ccAuthReply_avsCode] => Y
)
Array
(
    [q] => payment-received
    [billTo_lastName] => Mosher
    [billTo_phoneNumber] => 9196653214
    [orderAmount] => 46.75
    [billTo_street1] => 919 Shellbrook Ct
    [billTo_street2] => Apt 2
    [card_accountNumber] => ############1734
    [platform] => prd
    [orderAmount_publicSignature] => CnTa2DhH+hQELOe5giwehMus0Fc=
    [orderPage_serialNumber] => 3213046286400176056193
    [orderCurrency] => usd
    [reconciliationID] => 127372631WTO8V9BABY66
    [signedDataPublicSignature] => 4xY/oTfira2nzqXHqQpW7DKDxyI=
    [decision] => ACCEPT
    [ccAuthReply_processorResponse] => 00
    [source_domain] => nh.tcro.us
    [billTo_state] => NC
    [billTo_firstName] => Peter
    [billTo_customerID] => 785
    [uid] => 785
    [card_expirationYear] => 2016
    [merchantDefinedData1] => Request ID: 27691
    [transactionSignature] => 5gu18PqkJ4x2+ZaJBdE6Tqg5+9A=
    [billTo_city] => Raleigh
    [billTo_postalCode] => 27609
    [orderPage_requestToken] => Ahj//wSRfinyJSo/wlBAKFWLJuzbsmzNjXqT3FZzCgwrLZsmkNf4mTwFNIa/xMn6QNkhkhUMmkmVdHpLOOBg4kX4p8iUqP8JQQAA7Thb
    [ccAuthReply_amount] => 46.75
    [orderCurrency_publicSignature] => pfcMEzOHelrVLvafAkpPGnECGbk=
    [orderPage_transactionType] => sale
    [ccAuthReply_authorizationCode] => 175982
    [decision_publicSignature] => KnPsJG1LWbeM0M209/iKgV4eG28=
    [ccAuthReply_avsCodeRaw] => Y
    [paymentOption] => card
    [billTo_country] => us
    [billTo_email] => pmosher1924@live.com
    [reasonCode] => 100
    [order_id] => 27691
    [ccAuthReply_reasonCode] => 100
    [orderPage_environment] => PRODUCTION
    [card_expirationMonth] => 05
    [merchantID] => avtranzsb
    [orderNumber_publicSignature] => uD27VTrvF92uRfm6eaLR1XfJPGs=
    [requestID] => 3524839377660178147360
    [orderNumber] => 1352483937764
    [signedFields] => billTo_lastName,billTo_phoneNumber,orderAmount,billTo_street1,billTo_street2,card_accountNumber,platform,orderAmount_publicSignature,orderPage_serialNumber,orderCurrency,reconciliationID,decision,ccAuthReply_processorResponse,source_domain,billTo_state,billTo_firstName,billTo_customerID,uid,card_expirationYear,merchantDefinedData1,billTo_city,billTo_postalCode,orderPage_requestToken,ccAuthReply_amount,orderCurrency_publicSignature,orderPage_transactionType,ccAuthReply_authorizationCode,decision_publicSignature,ccAuthReply_avsCodeRaw,paymentOption,billTo_country,billTo_email,reasonCode,order_id,ccAuthReply_reasonCode,orderPage_environment,card_expirationMonth,merchantID,orderNumber_publicSignature,requestID,orderNumber,ccAuthReply_authorizedDateTime,card_cardType,ccAuthReply_avsCode
    [ccAuthReply_authorizedDateTime] => 2012-11-09T175858Z
    [card_cardType] => 001
    [ccAuthReply_avsCode] => Y
)
