Array
(
    [q] => payment-received
    [billTo_lastName] => Ackley
    [billTo_phoneNumber] => 6032199066
    [orderAmount] => 115.5
    [billTo_street1] => 94-564 Kuphohi St Apt 21 G
    [card_accountNumber] => ############8635
    [platform] => prd
    [orderAmount_publicSignature] => 9xdBBdaars3vNhrq/N4c3yhK4MA=
    [orderPage_serialNumber] => 3213046286400176056193
    [orderCurrency] => usd
    [reconciliationID] => 113968916WTO8V852HAWS
    [signedDataPublicSignature] => Rc6isUkScljYfIQOdr69VHYGKqc=
    [decision] => ACCEPT
    [ccAuthReply_processorResponse] => 00
    [source_domain] => nh.tcro.us
    [billTo_state] => HI
    [billTo_firstName] => Katie
    [billTo_customerID] => 825
    [uid] => 825
    [card_expirationYear] => 2014
    [merchantDefinedData1] => Request ID: 29690
    [transactionSignature] => 8/2GG4Q/FA2+FB2vtLYjwv2XVNs=
    [billTo_city] => Waipahu
    [billTo_postalCode] => 96797
    [orderPage_requestToken] => Ahj//wSRe2tGdBUbuEhAKFWLFm5bOHLFtXqT3FZw1ZSINemmkNHhgLwFNIaPDAX6QOtHiO2GTSTKuj0lnHAwjSL21ozoKjdwkIAAHQgK
    [ccAuthReply_amount] => 115.50
    [orderCurrency_publicSignature] => pfcMEzOHelrVLvafAkpPGnECGbk=
    [orderPage_transactionType] => sale
    [ccAuthReply_authorizationCode] => 646334
    [decision_publicSignature] => KnPsJG1LWbeM0M209/iKgV4eG28=
    [ccAuthReply_avsCodeRaw] => Y
    [paymentOption] => card
    [billTo_country] => us
    [billTo_email] => katieackley0626@gmail.com
    [reasonCode] => 100
    [order_id] => 29690
    [ccAuthReply_reasonCode] => 100
    [orderPage_environment] => PRODUCTION
    [card_expirationMonth] => 12
    [merchantID] => avtranzsb
    [orderNumber_publicSignature] => vAo+XL66yLLvNxSktsPor/OsE3k=
    [requestID] => 3499522998690178147360
    [orderNumber] => 1349952299867
    [signedFields] => billTo_lastName,billTo_phoneNumber,orderAmount,billTo_street1,card_accountNumber,platform,orderAmount_publicSignature,orderPage_serialNumber,orderCurrency,reconciliationID,decision,ccAuthReply_processorResponse,source_domain,billTo_state,billTo_firstName,billTo_customerID,uid,card_expirationYear,merchantDefinedData1,billTo_city,billTo_postalCode,orderPage_requestToken,ccAuthReply_amount,orderCurrency_publicSignature,orderPage_transactionType,ccAuthReply_authorizationCode,decision_publicSignature,ccAuthReply_avsCodeRaw,paymentOption,billTo_country,billTo_email,reasonCode,order_id,ccAuthReply_reasonCode,orderPage_environment,card_expirationMonth,merchantID,orderNumber_publicSignature,requestID,orderNumber,ccAuthReply_authorizedDateTime,card_cardType,ccAuthReply_avsCode
    [ccAuthReply_authorizedDateTime] => 2012-10-11T104500Z
    [card_cardType] => 001
    [ccAuthReply_avsCode] => Y
)
Array
(
    [q] => payment-received
    [billTo_lastName] => Letellier-Doucette
    [billTo_phoneNumber] => 6033700043
    [orderAmount] => 86.25
    [billTo_street1] => 68 Old SAndown Rd
    [card_accountNumber] => ############0135
    [platform] => prd
    [orderAmount_publicSignature] => nVdq7H6MFSDv/7/MG9rhYshbZN4=
    [orderPage_serialNumber] => 3213046286400176056193
    [orderCurrency] => usd
    [reconciliationID] => 114271423WTO8H84SVDUR
    [signedDataPublicSignature] => +1iK/Zy7cotcG/bkieGb5e6kslY=
    [decision] => ACCEPT
    [ccAuthReply_processorResponse] => 00
    [source_domain] => nh.tcro.us
    [billTo_state] => NH
    [billTo_firstName] => Amy
    [billTo_customerID] => 824
    [uid] => 824
    [card_expirationYear] => 2016
    [merchantDefinedData1] => Request ID: 29687
    [transactionSignature] => ibxyV5smhbM4be2Sa3fjrnUv6vA=
    [billTo_city] => Chester
    [billTo_postalCode] => 03036
    [orderPage_requestToken] => Ahj//wSRe3QnH/0bR8hAKFWLFoybsWjJnXqT3Ehw0p1olWkmj+NuaIQFNH8bc0Q6QOhsSO2GTSTKuj0lnHAwZSL26E4/+jaPkIAAnhEw
    [ccAuthReply_amount] => 86.25
    [orderCurrency_publicSignature] => pfcMEzOHelrVLvafAkpPGnECGbk=
    [orderPage_transactionType] => sale
    [ccAuthReply_authorizationCode] => 153582
    [decision_publicSignature] => KnPsJG1LWbeM0M209/iKgV4eG28=
    [ccAuthReply_avsCodeRaw] => Y
    [paymentOption] => card
    [billTo_country] => us
    [billTo_email] => Amydoucette5150@gmail.com
    [reasonCode] => 100
    [order_id] => 29687
    [ccAuthReply_reasonCode] => 100
    [orderPage_environment] => PRODUCTION
    [card_expirationMonth] => 08
    [merchantID] => avtranzsb
    [orderNumber_publicSignature] => m5V1wF31YYMSmogKZ6//pywSK3M=
    [requestID] => 3499842848770178147360
    [orderNumber] => 1349984284875
    [signedFields] => billTo_lastName,billTo_phoneNumber,orderAmount,billTo_street1,card_accountNumber,platform,orderAmount_publicSignature,orderPage_serialNumber,orderCurrency,reconciliationID,decision,ccAuthReply_processorResponse,source_domain,billTo_state,billTo_firstName,billTo_customerID,uid,card_expirationYear,merchantDefinedData1,billTo_city,billTo_postalCode,orderPage_requestToken,ccAuthReply_amount,orderCurrency_publicSignature,orderPage_transactionType,ccAuthReply_authorizationCode,decision_publicSignature,ccAuthReply_avsCodeRaw,paymentOption,billTo_country,billTo_email,reasonCode,order_id,ccAuthReply_reasonCode,orderPage_environment,card_expirationMonth,merchantID,orderNumber_publicSignature,requestID,orderNumber,ccAuthReply_authorizedDateTime,card_cardType,ccAuthReply_avsCode
    [ccAuthReply_authorizedDateTime] => 2012-10-11T193805Z
    [card_cardType] => 001
    [ccAuthReply_avsCode] => Y
)
