Array
(
    [Order ID] => 0
    [Price] => 93.75
    [User ID] => 602
    [IP] => 71.168.110.129
    [Timestamp] => 1342547363
    [Time/Date] => Tue, 17 Jul 2012 13:49:23 -0400
    [Order Page Timestamp] => 1342547339945
    [Order Page Time/Date] => Sat, 19 Aug 44513 03:39:05 -0500
    [User Agent] => Mozilla/4.0 (compatible; MSIE 7.0; Windows NT 6.0; FunWebProducts; GTB6.5; SearchToolbar 1.2; SLCC1; .NET CLR 2.0.50727; Media Center PC 5.0; SPOENB/1.0; WinNT-PAI 25.07.2009; .NET CLR 3.5.30729; .NET CLR 3.0.30618; 896707940803)
)
Array
(
    [Order ID] => 0
    [Price] => 93.75
    [User ID] => 602
    [IP] => 71.168.110.129
    [Timestamp] => 1342547586
    [Time/Date] => Tue, 17 Jul 2012 13:53:06 -0400
    [Order Page Timestamp] => 1342547566952
    [Order Page Time/Date] => Mon, 21 Aug 44513 18:42:32 -0500
    [User Agent] => Mozilla/4.0 (compatible; MSIE 7.0; Windows NT 6.0; FunWebProducts; GTB6.5; SearchToolbar 1.2; SLCC1; .NET CLR 2.0.50727; Media Center PC 5.0; SPOENB/1.0; WinNT-PAI 25.07.2009; .NET CLR 3.5.30729; .NET CLR 3.0.30618; 896707940803)
)
Array
(
    [Order ID] => 0
    [Price] => 93.75
    [User ID] => 602
    [IP] => 71.168.110.129
    [Timestamp] => 1342547754
    [Time/Date] => Tue, 17 Jul 2012 13:55:54 -0400
    [Order Page Timestamp] => 1342547710802
    [Order Page Time/Date] => Wed, 23 Aug 44513 10:40:02 -0500
    [User Agent] => Mozilla/5.0 (Linux; U; Android 4.0.4; en-us; DROID RAZR 4G Build/6.7.2-180_DHD-16_M4-31) AppleWebKit/534.30 (KHTML, like Gecko) Version/4.0 Mobile Safari/534.30
)
