Array
(
    [Order ID] => 0
    [Price] => 107.25
    [User ID] => 462
    [IP] => 72.71.208.9
    [Timestamp] => 1338304493
    [Time/Date] => Tue, 29 May 2012 11:14:53 -0400
    [Order Page Timestamp] => 1338304351673
    [Order Page Time/Date] => Tue, 06 Mar 44379 11:47:53 -0500
    [User Agent] => Mozilla/4.0 (compatible; MSIE 8.0; Windows NT 5.1; Trident/4.0; GTB7.3; InfoPath.2; BRI/2; .NET CLR 2.0.50727; .NET4.0C; .NET CLR 3.0.4506.2152; .NET CLR 3.5.30729)
)
Array
(
    [Order ID] => 0
    [Price] => 107.25
    [User ID] => 462
    [IP] => 72.71.208.9
    [Timestamp] => 1338304706
    [Time/Date] => Tue, 29 May 2012 11:18:26 -0400
    [Order Page Timestamp] => 1338304351673
    [Order Page Time/Date] => Tue, 06 Mar 44379 11:47:53 -0500
    [User Agent] => Mozilla/4.0 (compatible; MSIE 8.0; Windows NT 5.1; Trident/4.0; GTB7.3; InfoPath.2; BRI/2; .NET CLR 2.0.50727; .NET4.0C; .NET CLR 3.0.4506.2152; .NET CLR 3.5.30729)
)
Array
(
    [Order ID] => 0
    [Price] => 107.25
    [User ID] => 462
    [IP] => 72.71.208.9
    [Timestamp] => 1338305406
    [Time/Date] => Tue, 29 May 2012 11:30:06 -0400
    [Order Page Timestamp] => 1338305398259
    [Order Page Time/Date] => Sun, 18 Mar 44379 14:30:59 -0500
    [User Agent] => Mozilla/4.0 (compatible; MSIE 8.0; Windows NT 5.1; Trident/4.0; GTB7.3; InfoPath.2; BRI/2; .NET CLR 2.0.50727; .NET4.0C; .NET CLR 3.0.4506.2152; .NET CLR 3.5.30729)
)
Array
(
    [Order ID] => 0
    [Price] => 107.25
    [User ID] => 462
    [IP] => 72.71.208.9
    [Timestamp] => 1338305595
    [Time/Date] => Tue, 29 May 2012 11:33:15 -0400
    [Order Page Timestamp] => 1338305398259
    [Order Page Time/Date] => Sun, 18 Mar 44379 14:30:59 -0500
    [User Agent] => Mozilla/4.0 (compatible; MSIE 8.0; Windows NT 5.1; Trident/4.0; GTB7.3; InfoPath.2; BRI/2; .NET CLR 2.0.50727; .NET4.0C; .NET CLR 3.0.4506.2152; .NET CLR 3.5.30729)
)
Array
(
    [Order ID] => 0
    [Price] => 107.25
    [User ID] => 462
    [IP] => 72.71.208.9
    [Timestamp] => 1338306171
    [Time/Date] => Tue, 29 May 2012 11:42:51 -0400
    [Order Page Timestamp] => 1338306161482
    [Order Page Time/Date] => Tue, 27 Mar 44379 10:31:22 -0500
    [User Agent] => Mozilla/4.0 (compatible; MSIE 8.0; Windows NT 5.1; Trident/4.0; GTB7.3; InfoPath.2; BRI/2; .NET CLR 2.0.50727; .NET4.0C; .NET CLR 3.0.4506.2152; .NET CLR 3.5.30729)
)
Array
(
    [Order ID] => 0
    [Price] => 107.25
    [User ID] => 462
    [IP] => 72.71.208.9
    [Timestamp] => 1338306580
    [Time/Date] => Tue, 29 May 2012 11:49:40 -0400
    [Order Page Timestamp] => 1338306161482
    [Order Page Time/Date] => Tue, 27 Mar 44379 10:31:22 -0500
    [User Agent] => Mozilla/4.0 (compatible; MSIE 8.0; Windows NT 5.1; Trident/4.0; GTB7.3; InfoPath.2; BRI/2; .NET CLR 2.0.50727; .NET4.0C; .NET CLR 3.0.4506.2152; .NET CLR 3.5.30729)
)
Array
(
    [Order ID] => 0
    [Price] => 107.25
    [User ID] => 462
    [IP] => 72.71.208.9
    [Timestamp] => 1338308017
    [Time/Date] => Tue, 29 May 2012 12:13:37 -0400
    [Order Page Timestamp] => 1338308005992
    [Order Page Time/Date] => Tue, 17 Apr 44379 18:53:12 -0500
    [User Agent] => Mozilla/4.0 (compatible; MSIE 8.0; Windows NT 5.1; Trident/4.0; GTB7.3; InfoPath.2; BRI/2; .NET CLR 2.0.50727; .NET4.0C; .NET CLR 3.0.4506.2152; .NET CLR 3.5.30729)
)
Array
(
    [Order ID] => 0
    [Price] => 64.9
    [User ID] => 247
    [IP] => 70.96.33.195
    [Timestamp] => 1338309524
    [Time/Date] => Tue, 29 May 2012 12:38:44 -0400
    [Order Page Timestamp] => 1338309487059
    [Order Page Time/Date] => Fri, 04 May 44379 22:17:39 -0500
    [User Agent] => Mozilla/5.0 (Windows NT 6.1; WOW64; rv:12.0) Gecko/20100101 Firefox/12.0
)
Array
(
    [Order ID] => 0
    [Price] => 590
    [User ID] => 435
    [IP] => 24.105.172.146
    [Timestamp] => 1338312465
    [Time/Date] => Tue, 29 May 2012 13:27:45 -0400
    [Order Page Timestamp] => 1338312333393
    [Order Page Time/Date] => Wed, 06 Jun 44379 20:56:33 -0500
    [User Agent] => Mozilla/5.0 (Windows NT 6.1; WOW64; rv:12.0) Gecko/20100101 Firefox/12.0
)
Array
(
    [Order ID] => 0
    [Price] => 481.25
    [User ID] => 435
    [IP] => 24.105.172.146
    [Timestamp] => 1338312790
    [Time/Date] => Tue, 29 May 2012 13:33:10 -0400
    [Order Page Timestamp] => 1338312769666
    [Order Page Time/Date] => Mon, 11 Jun 44379 22:07:46 -0500
    [User Agent] => Mozilla/5.0 (Windows NT 6.1; WOW64; rv:12.0) Gecko/20100101 Firefox/12.0
)
Array
(
    [Order ID] => 0
    [Price] => 481.25
    [User ID] => 435
    [IP] => 24.105.172.146
    [Timestamp] => 1338314071
    [Time/Date] => Tue, 29 May 2012 13:54:31 -0400
    [Order Page Timestamp] => 1338314061083
    [Order Page Time/Date] => Tue, 26 Jun 44379 20:51:23 -0500
    [User Agent] => Mozilla/5.0 (Windows NT 6.1; WOW64; rv:12.0) Gecko/20100101 Firefox/12.0
)
