Array
(
    [Order ID] => 0
    [Price] => 68.75
    [User ID] => 604
    [IP] => 70.96.33.195
    [Timestamp] => 1355243332
    [Time/Date] => Tue, 11 Dec 2012 11:28:52 -0500
    [Order Page Timestamp] => 1355243142639
    [Order Page Time/Date] => Thu, 12 Dec 44915 07:30:39 -0500
    [User Agent] => Mozilla/5.0 (Windows NT 6.1; rv:17.0) Gecko/20100101 Firefox/17.0
)
Array
(
    [Order ID] => 0
    [Price] => 2612.5
    [User ID] => 604
    [IP] => 70.96.33.195
    [Timestamp] => 1355245367
    [Time/Date] => Tue, 11 Dec 2012 12:02:47 -0500
    [Order Page Timestamp] => 1355245341259
    [Order Page Time/Date] => Mon, 06 Jan 44916 18:14:19 -0500
    [User Agent] => Mozilla/5.0 (Windows NT 6.1; rv:17.0) Gecko/20100101 Firefox/17.0
)
Array
(
    [Order ID] => 0
    [Price] => 2612.5
    [User ID] => 604
    [IP] => 70.96.33.195
    [Timestamp] => 1355247035
    [Time/Date] => Tue, 11 Dec 2012 12:30:35 -0500
    [Order Page Timestamp] => 1355245341259
    [Order Page Time/Date] => Mon, 06 Jan 44916 18:14:19 -0500
    [User Agent] => Mozilla/5.0 (Windows NT 6.1; rv:17.0) Gecko/20100101 Firefox/17.0
)
Array
(
    [Order ID] => 0
    [Price] => 187.5
    [User ID] => 1116
    [IP] => 75.144.191.77
    [Timestamp] => 1355256189
    [Time/Date] => Tue, 11 Dec 2012 15:03:09 -0500
    [Order Page Timestamp] => 1355256078633
    [Order Page Time/Date] => Sun, 10 May 44916 00:50:33 -0500
    [User Agent] => Mozilla/4.0 (compatible; MSIE 8.0; Windows NT 5.1; Trident/4.0; GTB7.4; .NET4.0C; .NET4.0E)
)
