Array
(
    [q] => payment-received
    [billTo_lastName] => Calley
    [billTo_phoneNumber] => 6032263900
    [orderAmount] => 147.5
    [billTo_street1] => 45 Centre Street
    [card_accountNumber] => ############6990
    [platform] => prd
    [orderAmount_publicSignature] => bnL2n7wl64QobrvVJCtCzodPTx0=
    [orderPage_serialNumber] => 3213046286400176056193
    [orderCurrency] => usd
    [reconciliationID] => 132187184WTO9N9LAAD8K
    [signedDataPublicSignature] => m2Q7QVr8+rv+WTGEsM+E66LTyRk=
    [decision] => ACCEPT
    [ccAuthReply_processorResponse] => 00
    [source_domain] => nh.tcro.us
    [billTo_state] => NH
    [billTo_firstName] => Charlene
    [billTo_customerID] => 1013
    [uid] => 1013
    [billTo_company] => Tarbell & Brodich, P.A.
    [card_expirationYear] => 2015
    [merchantDefinedData1] => Request ID: 36709
    [transactionSignature] => H928QQMI4lyaev5PLFNUd162wLI=
    [billTo_city] => Concord
    [billTo_postalCode] => 03301
    [orderPage_requestToken] => Ahj//wSRfy9OKCouYxBGKFWLNkxcN2LhpXqT3M5zMgwYjiWmkrZWu1gJNJWytdraQO5niRWGTSTKuj0lnHAwjSL+XpxQVFzGIIwAIv/a
    [ccAuthReply_amount] => 147.50
    [orderCurrency_publicSignature] => pfcMEzOHelrVLvafAkpPGnECGbk=
    [orderPage_transactionType] => sale
    [ccAuthReply_authorizationCode] => 09168Z
    [decision_publicSignature] => KnPsJG1LWbeM0M209/iKgV4eG28=
    [ccAuthReply_avsCodeRaw] => Y
    [paymentOption] => card
    [billTo_country] => us
    [billTo_email] => dmayo@tarbellpa.com
    [reasonCode] => 100
    [order_id] => 36709
    [ccAuthReply_reasonCode] => 100
    [orderPage_environment] => PRODUCTION
    [card_expirationMonth] => 03
    [merchantID] => avtranzsb
    [orderNumber_publicSignature] => l5GQyTfNrf4vmJmhKsA/TydIP7M=
    [requestID] => 3534255843180178147363
    [orderNumber] => 1353425584316
    [signedFields] => billTo_lastName,billTo_phoneNumber,orderAmount,billTo_street1,card_accountNumber,platform,orderAmount_publicSignature,orderPage_serialNumber,orderCurrency,reconciliationID,decision,ccAuthReply_processorResponse,source_domain,billTo_state,billTo_firstName,billTo_customerID,uid,billTo_company,card_expirationYear,merchantDefinedData1,billTo_city,billTo_postalCode,orderPage_requestToken,ccAuthReply_amount,orderCurrency_publicSignature,orderPage_transactionType,ccAuthReply_authorizationCode,decision_publicSignature,ccAuthReply_avsCodeRaw,paymentOption,billTo_country,billTo_email,reasonCode,order_id,ccAuthReply_reasonCode,orderPage_environment,card_expirationMonth,merchantID,orderNumber_publicSignature,requestID,orderNumber,ccAuthReply_authorizedDateTime,card_cardType,ccAuthReply_avsCode
    [ccAuthReply_authorizedDateTime] => 2012-11-20T153304Z
    [card_cardType] => 002
    [ccAuthReply_avsCode] => Y
)
Array
(
    [q] => payment-received
    [billTo_lastName] => Kingston
    [billTo_phoneNumber] => 9782109747
    [orderAmount] => 35.75
    [billTo_street1] => 25 Sable Road
    [card_accountNumber] => ############0559
    [platform] => prd
    [orderAmount_publicSignature] => 2xjo6A+pixc1bacIJ6Od4LkDJ3Q=
    [orderPage_serialNumber] => 3213046286400176056193
    [orderCurrency] => usd
    [signedDataPublicSignature] => G3Aw9AwnMYfHPpRhCeRCUjWYgBg=
    [decision] => REJECT
    [ccAuthReply_processorResponse] => 54
    [source_domain] => nh.tcro.us
    [billTo_state] => MA
    [billTo_firstName] => Laurie
    [billTo_customerID] => 263
    [uid] => 263
    [card_expirationYear] => 2013
    [merchantDefinedData1] => Request ID: 37010
    [transactionSignature] => jkrCLGasefnHl3HDoiTrQuaEJkk=
    [billTo_city] => Salem
    [billTo_postalCode] => 01970
    [orderPage_requestToken] => Ahj77wSRfzD3YvfSnRBIKJp/ANH7ACTT+AaP2GkDN9yRVMrSTKuj0lnHALZF/MPdi99KdEEg0FDF
    [orderCurrency_publicSignature] => pfcMEzOHelrVLvafAkpPGnECGbk=
    [orderPage_transactionType] => sale
    [decision_publicSignature] => 0dXZuXVlTstro9Mt4xaCuwk/s40=
    [ccAuthReply_avsCodeRaw] => Y
    [paymentOption] => card
    [billTo_country] => us
    [reasonCode] => 202
    [order_id] => 37010
    [ccAuthReply_reasonCode] => 202
    [orderPage_environment] => PRODUCTION
    [card_expirationMonth] => 02
    [merchantID] => avtranzsb
    [orderNumber_publicSignature] => H5SZkoADj/NVdnBa935bomXA+kQ=
    [requestID] => 3534315688940178147364
    [orderNumber] => 1353431568892
    [signedFields] => billTo_lastName,billTo_phoneNumber,orderAmount,billTo_street1,card_accountNumber,platform,orderAmount_publicSignature,orderPage_serialNumber,orderCurrency,decision,ccAuthReply_processorResponse,source_domain,billTo_state,billTo_firstName,billTo_customerID,uid,card_expirationYear,merchantDefinedData1,billTo_city,billTo_postalCode,orderPage_requestToken,orderCurrency_publicSignature,orderPage_transactionType,decision_publicSignature,ccAuthReply_avsCodeRaw,paymentOption,billTo_country,reasonCode,order_id,ccAuthReply_reasonCode,orderPage_environment,card_expirationMonth,merchantID,orderNumber_publicSignature,requestID,orderNumber,card_cardType,ccAuthReply_avsCode
    [card_cardType] => 002
    [ccAuthReply_avsCode] => Y
)
Array
(
    [q] => payment-received
    [billTo_lastName] => Kingston
    [billTo_phoneNumber] => 9782109747
    [orderAmount] => 140.5
    [billTo_street1] => 25 Sable Road
    [card_accountNumber] => ############0559
    [platform] => prd
    [orderAmount_publicSignature] => gy9xmklFEF4hnaoflfXCrqmUkyw=
    [orderPage_serialNumber] => 3213046286400176056193
    [orderCurrency] => usd
    [signedDataPublicSignature] => 3AOQdpe1tdhomTVWQR3O3yyUjpQ=
    [decision] => REJECT
    [ccAuthReply_processorResponse] => 54
    [source_domain] => nh.tcro.us
    [billTo_state] => MA
    [billTo_firstName] => Laurie
    [billTo_customerID] => 263
    [uid] => 263
    [card_expirationYear] => 2013
    [merchantDefinedData1] => Request ID: 37012
    [transactionSignature] => 7s5pwZ2p9pIz84mco4eYpbCafwc=
    [billTo_city] => Salem
    [billTo_postalCode] => 01970
    [orderPage_requestToken] => Ahj77wSRfzEPy2DpJkBIKJqCuneWsCTUFdO8tekDtuIkVTK0kyro9JZxwC2RfzEPy2DpJkBIAAAA8ASH
    [orderCurrency_publicSignature] => pfcMEzOHelrVLvafAkpPGnECGbk=
    [orderPage_transactionType] => sale
    [decision_publicSignature] => 0dXZuXVlTstro9Mt4xaCuwk/s40=
    [ccAuthReply_avsCodeRaw] => Y
    [paymentOption] => card
    [billTo_country] => us
    [reasonCode] => 202
    [order_id] => 37012
    [ccAuthReply_reasonCode] => 202
    [orderPage_environment] => PRODUCTION
    [card_expirationMonth] => 02
    [merchantID] => avtranzsb
    [orderNumber_publicSignature] => FPVgCPveNLJYFelhi0owc3wqvC0=
    [requestID] => 3534319124040178147364
    [orderNumber] => 1353431912402
    [signedFields] => billTo_lastName,billTo_phoneNumber,orderAmount,billTo_street1,card_accountNumber,platform,orderAmount_publicSignature,orderPage_serialNumber,orderCurrency,decision,ccAuthReply_processorResponse,source_domain,billTo_state,billTo_firstName,billTo_customerID,uid,card_expirationYear,merchantDefinedData1,billTo_city,billTo_postalCode,orderPage_requestToken,orderCurrency_publicSignature,orderPage_transactionType,decision_publicSignature,ccAuthReply_avsCodeRaw,paymentOption,billTo_country,reasonCode,order_id,ccAuthReply_reasonCode,orderPage_environment,card_expirationMonth,merchantID,orderNumber_publicSignature,requestID,orderNumber,card_cardType,ccAuthReply_avsCode
    [card_cardType] => 002
    [ccAuthReply_avsCode] => Y
)
Array
(
    [q] => payment-received
    [billTo_lastName] => Kingston
    [billTo_phoneNumber] => 9782109747
    [orderAmount] => 35.75
    [billTo_street1] => 25 Sable Road
    [card_accountNumber] => ############0559
    [platform] => prd
    [orderAmount_publicSignature] => 2xjo6A+pixc1bacIJ6Od4LkDJ3Q=
    [orderPage_serialNumber] => 3213046286400176056193
    [orderCurrency] => usd
    [reconciliationID] => 132258124WTO8V9LA1M7M
    [signedDataPublicSignature] => 3HNFmAckYz+u82RWYzDVWB0h7x4=
    [decision] => ACCEPT
    [ccAuthReply_processorResponse] => 00
    [source_domain] => nh.tcro.us
    [billTo_state] => MA
    [billTo_firstName] => Laurie
    [billTo_customerID] => 263
    [uid] => 263
    [card_expirationYear] => 2013
    [merchantDefinedData1] => Request ID: 37010
    [transactionSignature] => JvBZFXiKR/lEzEWpMLM+VWGlTpU=
    [billTo_city] => Salem
    [billTo_postalCode] => 01970
    [orderPage_requestToken] => Ahj//wSRfzGaeHeoqWhIKFWLNkyauGLJpXqT3FZzMgsZreamkNmBB5QJNIbMCDy6QM33JFYZNJMq6PSWccDBbIv5jNPDvUVLQkAAxB7N
    [ccAuthReply_amount] => 35.75
    [orderCurrency_publicSignature] => pfcMEzOHelrVLvafAkpPGnECGbk=
    [orderPage_transactionType] => sale
    [ccAuthReply_authorizationCode] => 015104
    [decision_publicSignature] => KnPsJG1LWbeM0M209/iKgV4eG28=
    [ccAuthReply_avsCodeRaw] => Y
    [paymentOption] => card
    [billTo_country] => us
    [reasonCode] => 100
    [order_id] => 37010
    [ccAuthReply_reasonCode] => 100
    [orderPage_environment] => PRODUCTION
    [card_expirationMonth] => 12
    [merchantID] => avtranzsb
    [orderNumber_publicSignature] => OGSeml3pfHLpdt9Au7M2nbuqa+s=
    [requestID] => 3534338640970178147364
    [orderNumber] => 1353433864095
    [signedFields] => billTo_lastName,billTo_phoneNumber,orderAmount,billTo_street1,card_accountNumber,platform,orderAmount_publicSignature,orderPage_serialNumber,orderCurrency,reconciliationID,decision,ccAuthReply_processorResponse,source_domain,billTo_state,billTo_firstName,billTo_customerID,uid,card_expirationYear,merchantDefinedData1,billTo_city,billTo_postalCode,orderPage_requestToken,ccAuthReply_amount,orderCurrency_publicSignature,orderPage_transactionType,ccAuthReply_authorizationCode,decision_publicSignature,ccAuthReply_avsCodeRaw,paymentOption,billTo_country,reasonCode,order_id,ccAuthReply_reasonCode,orderPage_environment,card_expirationMonth,merchantID,orderNumber_publicSignature,requestID,orderNumber,ccAuthReply_authorizedDateTime,card_cardType,ccAuthReply_avsCode
    [ccAuthReply_authorizedDateTime] => 2012-11-20T175104Z
    [card_cardType] => 002
    [ccAuthReply_avsCode] => Y
)
Array
(
    [q] => payment-received
    [billTo_lastName] => Kingston
    [billTo_phoneNumber] => 9782109747
    [orderAmount] => 140.5
    [billTo_street1] => 25 Sable Road
    [card_accountNumber] => ############0559
    [platform] => prd
    [orderAmount_publicSignature] => gy9xmklFEF4hnaoflfXCrqmUkyw=
    [orderPage_serialNumber] => 3213046286400176056193
    [orderCurrency] => usd
    [reconciliationID] => 132258134WTO8V9LA1M9D
    [signedDataPublicSignature] => hWK5X9xC3WGVZvYML9ds9t2uH4Q=
    [decision] => ACCEPT
    [ccAuthReply_processorResponse] => 00
    [source_domain] => nh.tcro.us
    [billTo_state] => MA
    [billTo_firstName] => Laurie
    [billTo_customerID] => 263
    [uid] => 263
    [card_expirationYear] => 2013
    [merchantDefinedData1] => Request ID: 37012
    [transactionSignature] => aQWJpdq1ey8l8pDxwL5w6zJUc90=
    [billTo_city] => Salem
    [billTo_postalCode] => 01970
    [orderPage_requestToken] => Ahj//wSRfzGgQn0xUsBIKFWLNkyauGLNpXqT3FZzMgsZrmImkNmBCLwJNIbMCEX6QO24iRWGTSTKuj0lnHAwWyL+Y0CE+mKlgJAAiw8o
    [ccAuthReply_amount] => 140.50
    [orderCurrency_publicSignature] => pfcMEzOHelrVLvafAkpPGnECGbk=
    [orderPage_transactionType] => sale
    [ccAuthReply_authorizationCode] => 015226
    [decision_publicSignature] => KnPsJG1LWbeM0M209/iKgV4eG28=
    [ccAuthReply_avsCodeRaw] => Y
    [paymentOption] => card
    [billTo_country] => us
    [reasonCode] => 100
    [order_id] => 37012
    [ccAuthReply_reasonCode] => 100
    [orderPage_environment] => PRODUCTION
    [card_expirationMonth] => 12
    [merchantID] => avtranzsb
    [orderNumber_publicSignature] => RgEv9hXCr8ThswDlaPfz6h/UIeM=
    [requestID] => 3534339455720178147364
    [orderNumber] => 1353433945570
    [signedFields] => billTo_lastName,billTo_phoneNumber,orderAmount,billTo_street1,card_accountNumber,platform,orderAmount_publicSignature,orderPage_serialNumber,orderCurrency,reconciliationID,decision,ccAuthReply_processorResponse,source_domain,billTo_state,billTo_firstName,billTo_customerID,uid,card_expirationYear,merchantDefinedData1,billTo_city,billTo_postalCode,orderPage_requestToken,ccAuthReply_amount,orderCurrency_publicSignature,orderPage_transactionType,ccAuthReply_authorizationCode,decision_publicSignature,ccAuthReply_avsCodeRaw,paymentOption,billTo_country,reasonCode,order_id,ccAuthReply_reasonCode,orderPage_environment,card_expirationMonth,merchantID,orderNumber_publicSignature,requestID,orderNumber,ccAuthReply_authorizedDateTime,card_cardType,ccAuthReply_avsCode
    [ccAuthReply_authorizedDateTime] => 2012-11-20T175226Z
    [card_cardType] => 002
    [ccAuthReply_avsCode] => Y
)
Array
(
    [q] => payment-received
    [billTo_lastName] => Hersom
    [billTo_phoneNumber] => 6036842351
    [orderAmount] => 1770
    [billTo_street1] => 40 Sarahs Pride
    [card_accountNumber] => ############0640
    [platform] => prd
    [orderAmount_publicSignature] => gcbLNOso81Ku6jiY42XA4oSQs60=
    [orderPage_serialNumber] => 3213046286400176056193
    [orderCurrency] => usd
    [reconciliationID] => 132331551WTO1Q9LADQUC
    [signedDataPublicSignature] => SiwcsTKdA5yHsFtCOZFy5QI8I9M=
    [decision] => ACCEPT
    [ccAuthReply_processorResponse] => 00
    [source_domain] => nh.tcro.us
    [billTo_state] => NH
    [billTo_firstName] => Wendy
    [billTo_customerID] => 654
    [uid] => 654
    [billTo_company] => Law Office of Wendy E. Roberts, PLLC
    [card_expirationYear] => 2015
    [merchantDefinedData1] => Request ID: 37040
    [transactionSignature] => rwzoEtJHkHHnsf2bGuc1RNWMcWg=
    [billTo_city] => Whitefield
    [billTo_postalCode] => 03598
    [orderPage_requestToken] => Ahj//wSRfzQZNx6/5RBIKFWLNkzZsWrVjXqT2NFzMgxKNWGmkcfrr2wJNI4/XXt6QSrNoJFYZNJMq6PSWccDBZIv5oMm49f8ogkAl02V
    [ccAuthReply_amount] => 1770.00
    [orderCurrency_publicSignature] => pfcMEzOHelrVLvafAkpPGnECGbk=
    [orderPage_transactionType] => sale
    [ccAuthReply_authorizationCode] => 79684P
    [decision_publicSignature] => KnPsJG1LWbeM0M209/iKgV4eG28=
    [ccAuthReply_avsCodeRaw] => Y
    [paymentOption] => card
    [billTo_country] => us
    [billTo_email] => wrobertslaw@gmail.com
    [reasonCode] => 100
    [order_id] => 37040
    [ccAuthReply_reasonCode] => 100
    [orderPage_environment] => PRODUCTION
    [card_expirationMonth] => 11
    [merchantID] => avtranzsb
    [orderNumber_publicSignature] => FzAOZGo068/+m1bgwVer1BvbYjI=
    [requestID] => 3534428536300178147364
    [orderNumber] => 1353442853629
    [signedFields] => billTo_lastName,billTo_phoneNumber,orderAmount,billTo_street1,card_accountNumber,platform,orderAmount_publicSignature,orderPage_serialNumber,orderCurrency,reconciliationID,decision,ccAuthReply_processorResponse,source_domain,billTo_state,billTo_firstName,billTo_customerID,uid,billTo_company,card_expirationYear,merchantDefinedData1,billTo_city,billTo_postalCode,orderPage_requestToken,ccAuthReply_amount,orderCurrency_publicSignature,orderPage_transactionType,ccAuthReply_authorizationCode,decision_publicSignature,ccAuthReply_avsCodeRaw,paymentOption,billTo_country,billTo_email,reasonCode,order_id,ccAuthReply_reasonCode,orderPage_environment,card_expirationMonth,merchantID,orderNumber_publicSignature,requestID,orderNumber,ccAuthReply_authorizedDateTime,card_cardType,ccAuthReply_avsCode
    [ccAuthReply_authorizedDateTime] => 2012-11-20T202054Z
    [card_cardType] => 002
    [ccAuthReply_avsCode] => Y
)
