Array
(
    [Order ID] => 0
    [Price] => 115.5
    [User ID] => 825
    [IP] => 70.95.167.119
    [Timestamp] => 1349952140
    [Time/Date] => Thu, 11 Oct 2012 06:42:20 -0400
    [Order Page Timestamp] => 1349952111695
    [Order Page Time/Date] => Mon, 12 Apr 44748 12:41:35 -0500
    [User Agent] => Mozilla/5.0 (Windows NT 6.1; WOW64) AppleWebKit/537.4 (KHTML, like Gecko) Chrome/22.0.1229.94 Safari/537.4
)
Array
(
    [Order ID] => 0
    [Price] => 147.5
    [User ID] => 569
    [IP] => 96.237.30.57
    [Timestamp] => 1349978326
    [Time/Date] => Thu, 11 Oct 2012 13:58:46 -0400
    [Order Page Timestamp] => 1349978291913
    [Order Page Time/Date] => Wed, 09 Feb 44749 12:58:33 -0500
    [User Agent] => Mozilla/5.0 (compatible; MSIE 9.0; Windows NT 6.1; WOW64; Trident/5.0)
)
Array
(
    [Order ID] => 0
    [Price] => 86.25
    [User ID] => 824
    [IP] => 75.67.221.236
    [Timestamp] => 1349984196
    [Time/Date] => Thu, 11 Oct 2012 15:36:36 -0400
    [Order Page Timestamp] => 1349984031178
    [Order Page Time/Date] => Sat, 16 Apr 44749 23:12:58 -0500
    [User Agent] => Mozilla/5.0 (compatible; MSIE 9.0; Windows NT 6.0; Trident/5.0)
)
