Array
(
    [Order ID] => 0
    [Price] => 2762.5
    [User ID] => 247
    [IP] => 70.96.33.195
    [Timestamp] => 1348589297
    [Time/Date] => Tue, 25 Sep 2012 12:08:17 -0400
    [Order Page Timestamp] => 1348589290389
    [Order Page Time/Date] => Sat, 04 Feb 44705 03:13:09 -0500
    [User Agent] => Mozilla/5.0 (Windows NT 6.1; WOW64; rv:15.0) Gecko/20100101 Firefox/15.0.1
)
Array
(
    [Order ID] => 0
    [Price] => 162.5
    [User ID] => 247
    [IP] => 70.96.33.195
    [Timestamp] => 1348590942
    [Time/Date] => Tue, 25 Sep 2012 12:35:42 -0400
    [Order Page Timestamp] => 1348590935822
    [Order Page Time/Date] => Thu, 23 Feb 44705 04:17:02 -0500
    [User Agent] => Mozilla/5.0 (Windows NT 6.1; WOW64; rv:15.0) Gecko/20100101 Firefox/15.0.1
)
Array
(
    [Order ID] => 0
    [Price] => 2.75
    [User ID] => 247
    [IP] => 70.96.33.195
    [Timestamp] => 1348593030
    [Time/Date] => Tue, 25 Sep 2012 13:10:30 -0400
    [Order Page Timestamp] => 1348592913211
    [Order Page Time/Date] => Sat, 18 Mar 44705 01:33:31 -0500
    [User Agent] => Mozilla/5.0 (Windows NT 6.1; WOW64; rv:15.0) Gecko/20100101 Firefox/15.0.1
)
