Array
(
    [Order ID] => 0
    [Price] => 106.25
    [User ID] => 506
    [IP] => 71.255.122.20
    [Timestamp] => 1338550217
    [Time/Date] => Fri, 01 Jun 2012 07:30:17 -0400
    [Order Page Timestamp] => 1338550201646
    [Order Page Time/Date] => Fri, 19 Dec 44386 23:27:26 -0500
    [User Agent] => Mozilla/5.0 (compatible; MSIE 9.0; Windows NT 6.1; WOW64; Trident/5.0)
)
Array
(
    [Order ID] => 0
    [Price] => 251.25
    [User ID] => 507
    [IP] => 70.91.138.125
    [Timestamp] => 1338569997
    [Time/Date] => Fri, 01 Jun 2012 12:59:57 -0400
    [Order Page Timestamp] => 1338569981543
    [Order Page Time/Date] => Wed, 05 Aug 44387 21:52:23 -0500
    [User Agent] => Mozilla/4.0 (compatible; MSIE 8.0; Windows NT 6.1; Trident/4.0; SLCC2; .NET CLR 2.0.50727; .NET CLR 3.5.30729; .NET CLR 3.0.30729; Media Center PC 6.0; MDDS; InfoPath.2)
)
Array
(
    [Order ID] => 0
    [Price] => 90
    [User ID] => 504
    [IP] => 69.198.129.234
    [Timestamp] => 1338585971
    [Time/Date] => Fri, 01 Jun 2012 17:26:11 -0400
    [Order Page Timestamp] => 1338585966761
    [Order Page Time/Date] => Sat, 06 Feb 44388 22:12:41 -0500
    [User Agent] => Mozilla/5.0 (Windows NT 5.1) AppleWebKit/536.5 (KHTML, like Gecko) Chrome/19.0.1084.52 Safari/536.5
)
Array
(
    [Order ID] => 0
    [Price] => 0
    [User ID] => 0
    [IP] => 150.70.64.196
    [Timestamp] => 1338587267
    [Time/Date] => Fri, 01 Jun 2012 17:47:47 -0400
    [Order Page Timestamp] => 0
    [Order Page Time/Date] => Wed, 31 Dec 1969 19:00:00 -0500
    [User Agent] => Mozilla/4.0 (compatible; MSIE 6.0; Windows NT 5.1)
)
