Array
(
    [q] => payment-received
    [billTo_lastName] => Ackley
    [billTo_phoneNumber] => 6032199066
    [orderAmount] => 30.25
    [billTo_street1] => 94-564 Kupuohi St Apt 21 G
    [card_accountNumber] => ############8635
    [platform] => prd
    [orderAmount_publicSignature] => OSM/Bc67LoK59GPrWOocmnsPKyk=
    [orderPage_serialNumber] => 3213046286400176056193
    [orderCurrency] => usd
    [reconciliationID] => 118333148WTO9N8HUHETA
    [signedDataPublicSignature] => nrZNj4q0TUi3PO15I1jVKIut8T4=
    [decision] => ACCEPT
    [ccAuthReply_processorResponse] => 00
    [source_domain] => nh.tcro.us
    [billTo_state] => HI
    [billTo_firstName] => Katie
    [billTo_customerID] => 825
    [uid] => 825
    [card_expirationYear] => 2014
    [merchantDefinedData1] => Request ID: 29690
    [transactionSignature] => C6Roa5TkDPPvX1mm7Eya6jzQpbc=
    [billTo_city] => Waipahu
    [billTo_postalCode] => 96797
    [orderPage_requestToken] => Ahj//wSRfE78OtPeAoBEKFWLFwzZs2LRxXqT3M5xIqyItSCmkrCUX1QFNJWEovq6QMvRI9oZNJMq6PSWccDCNIvid+HWnvAUAiAAEQHa
    [ccAuthReply_amount] => 30.25
    [orderCurrency_publicSignature] => pfcMEzOHelrVLvafAkpPGnECGbk=
    [orderPage_transactionType] => sale
    [ccAuthReply_authorizationCode] => 622482
    [decision_publicSignature] => KnPsJG1LWbeM0M209/iKgV4eG28=
    [ccAuthReply_avsCodeRaw] => Y
    [paymentOption] => card
    [billTo_country] => us
    [billTo_email] => katieackley0626@gmail.com
    [reasonCode] => 100
    [order_id] => 29690
    [ccAuthReply_reasonCode] => 100
    [orderPage_environment] => PRODUCTION
    [card_expirationMonth] => 12
    [merchantID] => avtranzsb
    [orderNumber_publicSignature] => QbdUfafxjo82Tg8apFigybXqqNk=
    [requestID] => 3507727118360178147362
    [orderNumber] => 1350772711834
    [signedFields] => billTo_lastName,billTo_phoneNumber,orderAmount,billTo_street1,card_accountNumber,platform,orderAmount_publicSignature,orderPage_serialNumber,orderCurrency,reconciliationID,decision,ccAuthReply_processorResponse,source_domain,billTo_state,billTo_firstName,billTo_customerID,uid,card_expirationYear,merchantDefinedData1,billTo_city,billTo_postalCode,orderPage_requestToken,ccAuthReply_amount,orderCurrency_publicSignature,orderPage_transactionType,ccAuthReply_authorizationCode,decision_publicSignature,ccAuthReply_avsCodeRaw,paymentOption,billTo_country,billTo_email,reasonCode,order_id,ccAuthReply_reasonCode,orderPage_environment,card_expirationMonth,merchantID,orderNumber_publicSignature,requestID,orderNumber,ccAuthReply_authorizedDateTime,card_cardType,ccAuthReply_avsCode
    [ccAuthReply_authorizedDateTime] => 2012-10-20T223832Z
    [card_cardType] => 001
    [ccAuthReply_avsCode] => Y
)
