Array
(
    [Order ID] => 0
    [Price] => 104.5
    [User ID] => 605
    [IP] => 69.171.166.18
    [Timestamp] => 1342604818
    [Time/Date] => Wed, 18 Jul 2012 05:46:58 -0400
    [Order Page Timestamp] => 1342604765609
    [Order Page Time/Date] => Fri, 14 Jun 44515 19:13:29 -0500
    [User Agent] => Mozilla/5.0 (compatible; MSIE 9.0; Windows NT 6.1; Trident/5.0)
)
Array
(
    [Order ID] => 0
    [Price] => 104.5
    [User ID] => 605
    [IP] => 69.171.166.18
    [Timestamp] => 1342605067
    [Time/Date] => Wed, 18 Jul 2012 05:51:07 -0400
    [Order Page Timestamp] => 1342605010860
    [Order Page Time/Date] => Mon, 17 Jun 44515 15:21:00 -0500
    [User Agent] => Mozilla/5.0 (compatible; MSIE 9.0; Windows NT 6.1; Trident/5.0)
)
Array
(
    [Order ID] => 0
    [Price] => 104.5
    [User ID] => 605
    [IP] => 69.171.166.18
    [Timestamp] => 1342605421
    [Time/Date] => Wed, 18 Jul 2012 05:57:01 -0400
    [Order Page Timestamp] => 1342605413905
    [Order Page Time/Date] => Sat, 22 Jun 44515 07:18:25 -0500
    [User Agent] => Mozilla/5.0 (compatible; MSIE 9.0; Windows NT 6.1; Trident/5.0)
)
