Array
(
    [q] => payment-received
    [billTo_lastName] => Burton
    [billTo_phoneNumber] => 6037876941
    [orderAmount] => 26.25
    [billTo_street1] => 3855 Dartmouth College Highway
    [card_accountNumber] => ############0357
    [platform] => prd
    [orderAmount_publicSignature] => yLZTdbQbN6l2FB0FEpSpWXimiSA=
    [orderPage_serialNumber] => 3213046286400176056193
    [orderCurrency] => usd
    [reconciliationID] => 142424116WTOFOACW19TE
    [signedDataPublicSignature] => APbDAbV9R7gUAG6Q4VL8f0OxFcA=
    [decision] => ACCEPT
    [ccAuthReply_processorResponse] => 00
    [source_domain] => nh.tcro.us
    [billTo_state] => NH
    [billTo_firstName] => Raymond
    [billTo_customerID] => 985
    [uid] => 985
    [billTo_company] => Grafton County Commissioners
    [card_expirationYear] => 2013
    [merchantDefinedData1] => Request ID: 35949
    [transactionSignature] => mVyT9Et633gOuxXI/bW8M4SNqS8=
    [billTo_city] => N. Haverhill
    [billTo_postalCode] => 03774
    [orderPage_requestToken] => Ahj//wSRgMe8WcXy74BIKFWLRk0ZNGLFtXqT40+DDrsXNSKmoLKM31QFNQWUZvq6QMpBJJoZNJMq6PSWccDBRIwGPeLOL5d8AkAA3gxO
    [ccAuthReply_amount] => 26.25
    [orderCurrency_publicSignature] => pfcMEzOHelrVLvafAkpPGnECGbk=
    [orderPage_transactionType] => sale
    [ccAuthReply_authorizationCode] => 004011
    [decision_publicSignature] => KnPsJG1LWbeM0M209/iKgV4eG28=
    [ccAuthReply_avsCodeRaw] => Z
    [paymentOption] => card
    [billTo_country] => us
    [billTo_email] => countyattorney@co.grafton.nh.us
    [reasonCode] => 100
    [order_id] => 35949
    [ccAuthReply_reasonCode] => 100
    [orderPage_environment] => PRODUCTION
    [card_expirationMonth] => 02
    [merchantID] => avtranzsb
    [orderNumber_publicSignature] => cSmNkvjyf4ZBIG+R/bqrxM2hyi0=
    [requestID] => 3548971100760178147364
    [orderNumber] => 1354897110074
    [signedFields] => billTo_lastName,billTo_phoneNumber,orderAmount,billTo_street1,card_accountNumber,platform,orderAmount_publicSignature,orderPage_serialNumber,orderCurrency,reconciliationID,decision,ccAuthReply_processorResponse,source_domain,billTo_state,billTo_firstName,billTo_customerID,uid,billTo_company,card_expirationYear,merchantDefinedData1,billTo_city,billTo_postalCode,orderPage_requestToken,ccAuthReply_amount,orderCurrency_publicSignature,orderPage_transactionType,ccAuthReply_authorizationCode,decision_publicSignature,ccAuthReply_avsCodeRaw,paymentOption,billTo_country,billTo_email,reasonCode,order_id,ccAuthReply_reasonCode,orderPage_environment,card_expirationMonth,merchantID,orderNumber_publicSignature,requestID,orderNumber,ccAuthReply_authorizedDateTime,card_cardType,ccAuthReply_avsCode
    [ccAuthReply_authorizedDateTime] => 2012-12-07T161830Z
    [card_cardType] => 001
    [ccAuthReply_avsCode] => Z
)
Array
(
    [q] => payment-received
    [billTo_lastName] => Emerson
    [billTo_phoneNumber] => 6036361246
    [orderAmount] => 492.65
    [billTo_street1] => 17 West Street
    [card_accountNumber] => ############2634
    [platform] => prd
    [orderAmount_publicSignature] => CuYRRW6HgJUNJbccng6aFdQSXn8=
    [orderPage_serialNumber] => 3213046286400176056193
    [orderCurrency] => usd
    [reconciliationID] => 142674834WTO8VACO2WHP
    [signedDataPublicSignature] => SSBNQ0dhDZLz7mBJYIWY706+X1Y=
    [decision] => ACCEPT
    [ccAuthReply_processorResponse] => 00
    [source_domain] => nh.tcro.us
    [billTo_state] => NH
    [billTo_firstName] => Iris
    [billTo_customerID] => 1100
    [uid] => 1100
    [card_expirationYear] => 2014
    [merchantDefinedData1] => Request ID: 39038
    [transactionSignature] => zb/igPojBq2XGSZ/X4Odwu/PpOM=
    [billTo_city] => Groveton
    [billTo_postalCode] => 03582
    [orderPage_requestToken] => Ahj//wSRgM4D2nEQoaBAKFWLRk2btHDNpXqT3FaDDnsq8igmkN1rROwFNIbrWid6QQwHEkmhk0kyro9JZxwMI0jAZwHtOIhQ0CAAnwPT
    [ccAuthReply_amount] => 492.65
    [orderCurrency_publicSignature] => pfcMEzOHelrVLvafAkpPGnECGbk=
    [orderPage_transactionType] => sale
    [ccAuthReply_authorizationCode] => 06081B
    [decision_publicSignature] => KnPsJG1LWbeM0M209/iKgV4eG28=
    [ccAuthReply_avsCodeRaw] => Y
    [paymentOption] => card
    [billTo_country] => us
    [billTo_email] => coos.21@hotmail.com
    [reasonCode] => 100
    [order_id] => 39038
    [ccAuthReply_reasonCode] => 100
    [orderPage_environment] => PRODUCTION
    [card_expirationMonth] => 10
    [merchantID] => avtranzsb
    [orderNumber_publicSignature] => t7ql8xcrmTo+EY599PA1zF6ApXg=
    [requestID] => 3549197336640178147360
    [orderNumber] => 1354919733663
    [signedFields] => billTo_lastName,billTo_phoneNumber,orderAmount,billTo_street1,card_accountNumber,platform,orderAmount_publicSignature,orderPage_serialNumber,orderCurrency,reconciliationID,decision,ccAuthReply_processorResponse,source_domain,billTo_state,billTo_firstName,billTo_customerID,uid,card_expirationYear,merchantDefinedData1,billTo_city,billTo_postalCode,orderPage_requestToken,ccAuthReply_amount,orderCurrency_publicSignature,orderPage_transactionType,ccAuthReply_authorizationCode,decision_publicSignature,ccAuthReply_avsCodeRaw,paymentOption,billTo_country,billTo_email,reasonCode,order_id,ccAuthReply_reasonCode,orderPage_environment,card_expirationMonth,merchantID,orderNumber_publicSignature,requestID,orderNumber,ccAuthReply_authorizedDateTime,card_cardType,ccAuthReply_avsCode
    [ccAuthReply_authorizedDateTime] => 2012-12-07T223534Z
    [card_cardType] => 001
    [ccAuthReply_avsCode] => Y
)
