Array
(
    [Order ID] => 0
    [Price] => 850
    [User ID] => 470
    [IP] => 98.216.196.74
    [Timestamp] => 1337362606
    [Time/Date] => Fri, 18 May 2012 13:36:46 -0400
    [Order Page Timestamp] => 1337362526377
    [Order Page Time/Date] => Sun, 01 May 44349 17:39:37 -0500
    [User Agent] => Mozilla/5.0 (compatible; MSIE 9.0; Windows NT 6.1; WOW64; Trident/5.0)
)
Array
(
    [Order ID] => 0
    [Price] => 221.25
    [User ID] => 468
    [IP] => 72.225.129.232
    [Timestamp] => 1337368689
    [Time/Date] => Fri, 18 May 2012 15:18:09 -0400
    [Order Page Timestamp] => 1337368655239
    [Order Page Time/Date] => Mon, 11 Jul 44349 16:07:19 -0500
    [User Agent] => Mozilla/5.0 (Macintosh; Intel Mac OS X 10_7_3) AppleWebKit/534.54.16 (KHTML, like Gecko) Version/5.1.4 Safari/534.54.16
)
