Array
(
    [Order ID] => 0
    [Price] => 412.5
    [User ID] => 501
    [IP] => 64.140.235.209
    [Timestamp] => 1338472130
    [Time/Date] => Thu, 31 May 2012 09:48:50 -0400
    [Order Page Timestamp] => 1338472085094
    [Order Page Time/Date] => Thu, 28 Jun 44384 20:24:54 -0500
    [User Agent] => Mozilla/4.0 (compatible; MSIE 7.0; Windows NT 6.1; WOW64; Trident/5.0; SLCC2; .NET CLR 2.0.50727; .NET CLR 3.5.30729; .NET CLR 3.0.30729; Media Center PC 6.0; CMDTDF; InfoPath.3; .NET4.0C; .NET CLR 1.1.4322)
)
Array
(
    [Order ID] => 0
    [Price] => 1173.75
    [User ID] => 436
    [IP] => 209.104.249.130
    [Timestamp] => 1338491088
    [Time/Date] => Thu, 31 May 2012 15:04:48 -0400
    [Order Page Timestamp] => 1338491047262
    [Order Page Time/Date] => Sun, 03 Feb 44385 07:41:02 -0500
    [User Agent] => Mozilla/4.0 (compatible; MSIE 6.0; Windows NT 5.1; SV1; .NET CLR 1.1.4322; .NET CLR 2.0.50727; .NET CLR 3.0.04506.30; MDDS; .NET CLR 3.0.4506.2152; .NET CLR 3.5.30729)
)
Array
(
    [Order ID] => 0
    [Price] => 3.75
    [User ID] => 344
    [IP] => 66.31.95.108
    [Timestamp] => 1338498507
    [Time/Date] => Thu, 31 May 2012 17:08:27 -0400
    [Order Page Timestamp] => 1338498501568
    [Order Page Time/Date] => Tue, 30 Apr 44385 14:19:28 -0500
    [User Agent] => Mozilla/4.0 (compatible; MSIE 8.0; Windows NT 5.1; Trident/4.0; SU 3.21; GTB6; .NET CLR 1.0.3705; .NET CLR 2.0.50727; .NET CLR 1.1.4322; .NET CLR 3.0.04506.30; .NET CLR 3.0.04506.648; .NET CLR 3.0.4506.2152; .NET CLR 3.5.30729; .NET4.0C)
)
Array
(
    [Order ID] => 0
    [Price] => 187.5
    [User ID] => 504
    [IP] => 69.198.129.234
    [Timestamp] => 1338499394
    [Time/Date] => Thu, 31 May 2012 17:23:14 -0400
    [Order Page Timestamp] => 1338499380937
    [Order Page Time/Date] => Fri, 10 May 44385 18:35:37 -0500
    [User Agent] => Mozilla/5.0 (Windows NT 5.1) AppleWebKit/536.5 (KHTML, like Gecko) Chrome/19.0.1084.52 Safari/536.5
)
Array
(
    [Order ID] => 0
    [Price] => 0
    [User ID] => 0
    [IP] => 150.70.172.205
    [Timestamp] => 1338500798
    [Time/Date] => Thu, 31 May 2012 17:46:38 -0400
    [Order Page Timestamp] => 0
    [Order Page Time/Date] => Wed, 31 Dec 1969 19:00:00 -0500
    [User Agent] => Mozilla/4.0 (compatible; MSIE 6.0; Windows NT 5.1)
)
