Array
(
    [Order ID] => 0
    [Price] => 1375
    [User ID] => 859
    [IP] => 69.161.114.156
    [Timestamp] => 1351087216
    [Time/Date] => Wed, 24 Oct 2012 10:00:16 -0400
    [Order Page Timestamp] => 1351087150205
    [Order Page Time/Date] => Sat, 31 Mar 44784 13:10:05 -0500
    [User Agent] => Mozilla/5.0 (compatible; MSIE 9.0; Windows NT 6.1; WOW64; Trident/5.0)
)
Array
(
    [Order ID] => 0
    [Price] => 93.75
    [User ID] => 778
    [IP] => 72.4.192.2
    [Timestamp] => 1351090949
    [Time/Date] => Wed, 24 Oct 2012 11:02:29 -0400
    [Order Page Timestamp] => 1351090917785
    [Order Page Time/Date] => Mon, 14 May 44784 03:43:05 -0500
    [User Agent] => Mozilla/4.0 (compatible; MSIE 8.0; Windows NT 6.1; WOW64; Trident/4.0; SLCC2; .NET CLR 2.0.50727; .NET CLR 3.5.30729; .NET CLR 3.0.30729; Media Center PC 6.0; .NET4.0C; .NET4.0E)
)
Array
(
    [Order ID] => 0
    [Price] => 93.75
    [User ID] => 879
    [IP] => 208.87.233.180
    [Timestamp] => 1351096417
    [Time/Date] => Wed, 24 Oct 2012 12:33:37 -0400
    [Order Page Timestamp] => 1351096400533
    [Order Page Time/Date] => Mon, 16 Jul 44784 14:42:13 -0500
    [User Agent] => Mozilla/4.0 (compatible; MSIE 8.0; Windows NT 5.1; Trident/4.0; InfoPath.1; .NET4.0C; .NET4.0E; .NET CLR 2.0.50727; .NET CLR 3.0.4506.2152; .NET CLR 3.5.30729; AskTbORJ/5.14.1.20007)
)
Array
(
    [Order ID] => 0
    [Price] => 93.75
    [User ID] => 879
    [IP] => 208.87.233.180
    [Timestamp] => 1351096454
    [Time/Date] => Wed, 24 Oct 2012 12:34:14 -0400
    [Order Page Timestamp] => 1351096400533
    [Order Page Time/Date] => Mon, 16 Jul 44784 14:42:13 -0500
    [User Agent] => Mozilla/4.0 (compatible; MSIE 8.0; Windows NT 5.1; Trident/4.0; InfoPath.1; .NET4.0C; .NET4.0E; .NET CLR 2.0.50727; .NET CLR 3.0.4506.2152; .NET CLR 3.5.30729; AskTbORJ/5.14.1.20007)
)
Array
(
    [Order ID] => 0
    [Price] => 206.25
    [User ID] => 247
    [IP] => 70.96.33.195
    [Timestamp] => 1351099275
    [Time/Date] => Wed, 24 Oct 2012 13:21:15 -0400
    [Order Page Timestamp] => 1351099262887
    [Order Page Time/Date] => Sat, 18 Aug 44784 17:48:07 -0500
    [User Agent] => Mozilla/5.0 (Windows NT 6.1; WOW64) AppleWebKit/537.4 (KHTML, like Gecko) Chrome/22.0.1229.94 Safari/537.4
)
