Array
(
    [q] => payment-received
    [billTo_lastName] => Putnam
    [billTo_phoneNumber] => 6038627041
    [orderAmount] => 288.75
    [billTo_street1] => 73 Main Street
    [card_accountNumber] => ############1658
    [platform] => prd
    [orderAmount_publicSignature] => ijUGi+Xr4tqCIfkwY2vtB+tTvPY=
    [orderPage_serialNumber] => 3213046286400176056193
    [orderCurrency] => usd
    [reconciliationID] => 148146197WTO8VALRH4BV
    [signedDataPublicSignature] => Re+EpxggD3ryFB37kJnvBEK0rC8=
    [decision] => ACCEPT
    [ccAuthReply_processorResponse] => 00
    [source_domain] => nh.tcro.us
    [billTo_state] => NH
    [billTo_firstName] => Charles
    [billTo_customerID] => 1153
    [uid] => 1153
    [billTo_company] => University System of New Hampshire
    [card_expirationYear] => 2013
    [merchantDefinedData1] => Request ID: 40371
    [transactionSignature] => iCQ21hI3kuIv5xljEP0kwR030J4=
    [billTo_city] => Durham
    [billTo_postalCode] => 03824
    [orderPage_requestToken] => Ahj//wSRgbkCt6i0Y+BGKFWLRwxaNmLlvXqT3FaDMpSGkKsmkN7QYoQJNIb2gxQ6QP4ZZJhDJpJlXR6SzjgYL5GBuQK3qLRj4EYAbRPm
    [ccAuthReply_amount] => 288.75
    [orderCurrency_publicSignature] => pfcMEzOHelrVLvafAkpPGnECGbk=
    [orderPage_transactionType] => sale
    [ccAuthReply_authorizationCode] => 090901
    [decision_publicSignature] => KnPsJG1LWbeM0M209/iKgV4eG28=
    [ccAuthReply_avsCodeRaw] => Z
    [paymentOption] => card
    [billTo_country] => us
    [billTo_email] => charles.putnam@unh.edu
    [reasonCode] => 100
    [order_id] => 40371
    [ccAuthReply_reasonCode] => 100
    [orderPage_environment] => PRODUCTION
    [card_expirationMonth] => 09
    [merchantID] => avtranzsb
    [orderNumber_publicSignature] => aNB+YCW4eRVIQIJGk6FJHY1rzAY=
    [requestID] => 3557663944080178147363
    [orderNumber] => 1355766394407
    [signedFields] => billTo_lastName,billTo_phoneNumber,orderAmount,billTo_street1,card_accountNumber,platform,orderAmount_publicSignature,orderPage_serialNumber,orderCurrency,reconciliationID,decision,ccAuthReply_processorResponse,source_domain,billTo_state,billTo_firstName,billTo_customerID,uid,billTo_company,card_expirationYear,merchantDefinedData1,billTo_city,billTo_postalCode,orderPage_requestToken,ccAuthReply_amount,orderCurrency_publicSignature,orderPage_transactionType,ccAuthReply_authorizationCode,decision_publicSignature,ccAuthReply_avsCodeRaw,paymentOption,billTo_country,billTo_email,reasonCode,order_id,ccAuthReply_reasonCode,orderPage_environment,card_expirationMonth,merchantID,orderNumber_publicSignature,requestID,orderNumber,ccAuthReply_authorizedDateTime,card_cardType,ccAuthReply_avsCode
    [ccAuthReply_authorizedDateTime] => 2012-12-17T174634Z
    [card_cardType] => 002
    [ccAuthReply_avsCode] => Z
)
