Array
(
    [Order ID] => 0
    [Price] => 33
    [User ID] => 594
    [IP] => 74.93.252.169
    [Timestamp] => 1346329754
    [Time/Date] => Thu, 30 Aug 2012 08:29:14 -0400
    [Order Page Timestamp] => 1346329746409
    [Order Page Time/Date] => Sat, 29 Jun 44633 00:06:49 -0500
    [User Agent] => Mozilla/4.0 (compatible; MSIE 8.0; Windows NT 6.1; WOW64; Trident/4.0)
)
Array
(
    [Order ID] => 0
    [Price] => 300
    [User ID] => 700
    [IP] => 38.97.80.26
    [Timestamp] => 1346348702
    [Time/Date] => Thu, 30 Aug 2012 13:45:02 -0400
    [Order Page Timestamp] => 1346348682236
    [Order Page Time/Date] => Mon, 03 Feb 44634 04:03:56 -0500
    [User Agent] => Mozilla/5.0 (Windows NT 6.1; WOW64; rv:14.0) Gecko/20100101 Firefox/14.0.1
)
