Array
(
    [q] => payment-received
    [billTo_lastName] => Miffitt
    [billTo_email] => leelam2003@aol.com
    [orderPage_serialNumber] => 3213046286400176056193
    [ccAuthReply_avsCodeRaw] => Z
    [orderAmount_publicSignature] => SVGd2MeyQoXWkvGBOdu/TlHfXyQ=
    [orderCurrency] => usd
    [platform] => prd
    [card_expirationYear] => 2013
    [card_accountNumber] => ############9983
    [reasonCode] => 100
    [billTo_firstName] => Lisa
    [signedFields] => billTo_lastName,billTo_email,orderPage_serialNumber,ccAuthReply_avsCodeRaw,orderAmount_publicSignature,orderCurrency,platform,card_expirationYear,card_accountNumber,reasonCode,billTo_firstName,requestID,order_id,orderPage_transactionType,ccAuthReply_reasonCode,ccAuthReply_authorizationCode,card_expirationMonth,orderNumber,orderCurrency_publicSignature,billTo_customerID,reconciliationID,source_domain,ccAuthReply_avsCode,orderPage_requestToken,uid,ccAuthReply_processorResponse,ccAuthReply_amount,decision_publicSignature,ccAuthReply_authorizedDateTime,orderAmount,orderNumber_publicSignature,card_cardType,billTo_street1,decision,billTo_phoneNumber,paymentOption,merchantDefinedData1,billTo_city,billTo_state,merchantID,billTo_postalCode,billTo_country
    [requestID] => 3418461004090178147363
    [order_id] => 15989
    [orderPage_transactionType] => sale
    [ccAuthReply_reasonCode] => 100
    [ccAuthReply_authorizationCode] => 000141
    [card_expirationMonth] => 12
    [orderNumber] => 1341846100407
    [orderCurrency_publicSignature] => pfcMEzOHelrVLvafAkpPGnECGbk=
    [billTo_customerID] => 575
    [signedDataPublicSignature] => /+a05Y1wn3AGrPyMqj3wvdv54zs=
    [reconciliationID] => 064964366WTO8V4D7Z512
    [source_domain] => nh.tcro.us
    [ccAuthReply_avsCode] => Z
    [orderPage_requestToken] => Ahj//wSRcqFaVt/wdChGKFWDZo5bNGbZtXqT3FZpEb2mrFkmkL5T6OQFNIXyn0c6QPufBEfDJpJlXR6SzjgYRJFyoVpW3/B0KEYAZAXY
    [uid] => 575
    [ccAuthReply_processorResponse] => 00
    [ccAuthReply_amount] => 238.00
    [decision_publicSignature] => KnPsJG1LWbeM0M209/iKgV4eG28=
    [ccAuthReply_authorizedDateTime] => 2012-07-09T150141Z
    [orderAmount] => 238
    [orderNumber_publicSignature] => 12PvHbbokCCdbZJvxRILP1DJaZQ=
    [card_cardType] => 001
    [billTo_street1] => 37 Westgate Crossing
    [decision] => ACCEPT
    [billTo_phoneNumber] => 6037697706
    [paymentOption] => card
    [transactionSignature] => PkUA5eebfJoyUQ0iClSGo3oXH/s=
    [merchantDefinedData1] => Request ID: 15989
    [billTo_city] => Nashua
    [billTo_state] => NH
    [merchantID] => avtranzsb
    [billTo_postalCode] => 03062
    [billTo_country] => us
)
Array
(
    [q] => payment-received
    [billTo_lastName] => Dunn
    [billTo_email] => klucier@bdlnh.com
    [orderPage_serialNumber] => 3213046286400176056193
    [ccAuthReply_avsCodeRaw] => Z
    [orderAmount_publicSignature] => ajJC7RQbrNjM8dJG0iyA6qSE+Dc=
    [orderCurrency] => usd
    [platform] => prd
    [card_expirationYear] => 2015
    [card_accountNumber] => ############7127
    [reasonCode] => 100
    [billTo_firstName] => David
    [signedFields] => billTo_lastName,billTo_email,orderPage_serialNumber,ccAuthReply_avsCodeRaw,orderAmount_publicSignature,orderCurrency,platform,card_expirationYear,card_accountNumber,reasonCode,billTo_firstName,requestID,order_id,orderPage_transactionType,ccAuthReply_reasonCode,ccAuthReply_authorizationCode,billTo_company,card_expirationMonth,orderNumber,orderCurrency_publicSignature,billTo_customerID,reconciliationID,source_domain,ccAuthReply_avsCode,orderPage_requestToken,uid,ccAuthReply_processorResponse,ccAuthReply_amount,decision_publicSignature,ccAuthReply_authorizedDateTime,orderAmount,orderNumber_publicSignature,card_cardType,billTo_street1,decision,billTo_phoneNumber,paymentOption,merchantDefinedData1,billTo_city,billTo_state,merchantID,billTo_postalCode,billTo_country
    [requestID] => 3418584231550178147360
    [order_id] => 8592
    [orderPage_transactionType] => sale
    [ccAuthReply_reasonCode] => 100
    [ccAuthReply_authorizationCode] => 011458
    [billTo_company] => Potter Stewart Jr. Law Offices PC
    [card_expirationMonth] => 02
    [orderNumber] => 1341858423152
    [orderCurrency_publicSignature] => pfcMEzOHelrVLvafAkpPGnECGbk=
    [billTo_customerID] => 403
    [signedDataPublicSignature] => DdGAS+8dL43I6D5kE1Ahsm8v7z8=
    [reconciliationID] => 065089099WTO8H4D82TE2
    [source_domain] => nh.tcro.us
    [ccAuthReply_avsCode] => Z
    [orderPage_requestToken] => Ahj//wSRcqTF7FGYM3hAKFWDZqwcOWDlzXqT3EhpEcMqkVkmj8/qq7gFNH5/VV3aQJiZEfDJpJlXR6SzjgYQZFypMXsUZgzeEAAAYwLO
    [uid] => 403
    [ccAuthReply_processorResponse] => 00
    [ccAuthReply_amount] => 2.75
    [decision_publicSignature] => KnPsJG1LWbeM0M209/iKgV4eG28=
    [ccAuthReply_authorizedDateTime] => 2012-07-09T182704Z
    [orderAmount] => 2.75
    [orderNumber_publicSignature] => HrUpcpL6GXfnYGCqGv9OlDNlbjw=
    [card_cardType] => 001
    [billTo_street1] => 205 Main St. Suite 8
    [decision] => ACCEPT
    [billTo_phoneNumber] => 6037952020106
    [paymentOption] => card
    [transactionSignature] => wiaxytYY+IGfkjmmyoSsvN4QdJ0=
    [merchantDefinedData1] => Request ID: 8592
    [billTo_city] => Brattleboro
    [billTo_state] => VT
    [merchantID] => avtranzsb
    [billTo_postalCode] => 05301
    [billTo_country] => us
)
