Array
(
    [Order ID] => 0
    [Price] => 68.75
    [User ID] => 247
    [IP] => 70.96.33.195
    [Timestamp] => 1352147794
    [Time/Date] => Mon, 05 Nov 2012 15:36:34 -0500
    [Order Page Timestamp] => 1352147766134
    [Order Page Time/Date] => Thu, 09 Nov 44817 04:42:14 -0500
    [User Agent] => Mozilla/5.0 (Windows NT 6.1; WOW64) AppleWebKit/537.4 (KHTML, like Gecko) Chrome/22.0.1229.94 Safari/537.4
)
Array
(
    [Order ID] => 0
    [Price] => 48.75
    [User ID] => 937
    [IP] => 24.218.230.121
    [Timestamp] => 1352150788
    [Time/Date] => Mon, 05 Nov 2012 16:26:28 -0500
    [Order Page Timestamp] => 1352150436298
    [Order Page Time/Date] => Sun, 10 Dec 44817 02:24:58 -0500
    [User Agent] => Mozilla/5.0 (Macintosh; Intel Mac OS X 10_7_5) AppleWebKit/536.26.14 (KHTML, like Gecko) Version/6.0.1 Safari/536.26.14
)
Array
(
    [Order ID] => 0
    [Price] => 48.75
    [User ID] => 937
    [IP] => 24.218.230.121
    [Timestamp] => 1352150977
    [Time/Date] => Mon, 05 Nov 2012 16:29:37 -0500
    [Order Page Timestamp] => 1352150436298
    [Order Page Time/Date] => Sun, 10 Dec 44817 02:24:58 -0500
    [User Agent] => Mozilla/5.0 (Macintosh; Intel Mac OS X 10_7_5) AppleWebKit/536.26.14 (KHTML, like Gecko) Version/6.0.1 Safari/536.26.14
)
Array
(
    [Order ID] => 0
    [Price] => 187.5
    [User ID] => 939
    [IP] => 24.233.121.79
    [Timestamp] => 1352151028
    [Time/Date] => Mon, 05 Nov 2012 16:30:28 -0500
    [Order Page Timestamp] => 1352150986370
    [Order Page Time/Date] => Sat, 16 Dec 44817 11:12:50 -0500
    [User Agent] => Mozilla/4.0 (compatible; MSIE 8.0; Windows NT 5.1; Trident/4.0; InfoPath.2; .NET CLR 2.0.50727; .NET CLR 3.0.4506.2152; .NET CLR 3.5.30729; IPH 1.1.21.4019)
)
