Array
(
    [Order ID] => 0
    [Price] => 237.5
    [User ID] => 247
    [IP] => 71.36.187.219
    [Timestamp] => 1337802217
    [Time/Date] => Wed, 23 May 2012 15:43:37 -0400
    [Order Page Timestamp] => 1337802195571
    [Order Page Time/Date] => Sun, 07 Apr 44363 11:59:31 -0500
    [User Agent] => Mozilla/5.0 (Windows NT 6.1; WOW64; rv:12.0) Gecko/20100101 Firefox/12.0
)
Array
(
    [Order ID] => 0
    [Price] => 237.5
    [User ID] => 247
    [IP] => 71.36.187.219
    [Timestamp] => 1337802243
    [Time/Date] => Wed, 23 May 2012 15:44:03 -0400
    [Order Page Timestamp] => 1337802239993
    [Order Page Time/Date] => Mon, 08 Apr 44363 00:19:53 -0500
    [User Agent] => Mozilla/5.0 (Windows NT 6.1; WOW64; rv:12.0) Gecko/20100101 Firefox/12.0
)
Array
(
    [Order ID] => 0
    [Price] => 368.75
    [User ID] => 476
    [IP] => 71.36.187.219
    [Timestamp] => 1337803224
    [Time/Date] => Wed, 23 May 2012 16:00:24 -0400
    [Order Page Timestamp] => 1337803204195
    [Order Page Time/Date] => Fri, 19 Apr 44363 04:09:55 -0500
    [User Agent] => Mozilla/5.0 (Windows NT 6.1; WOW64; rv:12.0) Gecko/20100101 Firefox/12.0
)
Array
(
    [Order ID] => 0
    [Price] => 137.5
    [User ID] => 483
    [IP] => 75.69.211.139
    [Timestamp] => 1337806150
    [Time/Date] => Wed, 23 May 2012 16:49:10 -0400
    [Order Page Timestamp] => 1337806112272
    [Order Page Time/Date] => Wed, 22 May 44363 19:57:52 -0500
    [User Agent] => Mozilla/5.0 (Windows NT 5.1) AppleWebKit/536.5 (KHTML, like Gecko) Chrome/19.0.1084.46 Safari/536.5
)
