Array
(
    [Order ID] => 0
    [Price] => 27.5
    [User ID] => 661
    [IP] => 209.134.37.111
    [Timestamp] => 1346147566
    [Time/Date] => Tue, 28 Aug 2012 05:52:46 -0400
    [Order Page Timestamp] => 1346147534515
    [Order Page Time/Date] => Thu, 20 Sep 44627 01:41:55 -0500
    [User Agent] => Mozilla/4.0 (compatible; MSIE 8.0; Windows NT 5.1; Trident/4.0; .NET4.0E; .NET4.0C; .NET CLR 2.0.50727)
)
Array
(
    [Order ID] => 0
    [Price] => 27.5
    [User ID] => 661
    [IP] => 71.161.116.127
    [Timestamp] => 1346155716
    [Time/Date] => Tue, 28 Aug 2012 08:08:36 -0400
    [Order Page Timestamp] => 1346155708910
    [Order Page Time/Date] => Sun, 23 Dec 44627 16:21:50 -0500
    [User Agent] => Mozilla/5.0 (Windows NT 5.1; rv:9.0.1) Gecko/20100101 Firefox/9.0.1
)
Array
(
    [Order ID] => 0
    [Price] => 73.75
    [User ID] => 693
    [IP] => 173.9.117.69
    [Timestamp] => 1346157173
    [Time/Date] => Tue, 28 Aug 2012 08:32:53 -0400
    [Order Page Timestamp] => 1346157131461
    [Order Page Time/Date] => Wed, 09 Jan 44628 03:31:01 -0500
    [User Agent] => Mozilla/5.0 (Windows NT 5.1) AppleWebKit/537.1 (KHTML, like Gecko) Chrome/21.0.1180.83 Safari/537.1
)
Array
(
    [Order ID] => 0
    [Price] => 42
    [User ID] => 247
    [IP] => 70.96.33.195
    [Timestamp] => 1346186364
    [Time/Date] => Tue, 28 Aug 2012 16:39:24 -0400
    [Order Page Timestamp] => 1346186258844
    [Order Page Time/Date] => Thu, 11 Dec 44628 06:27:24 -0500
    [User Agent] => Mozilla/5.0 (Windows NT 6.1; WOW64; rv:14.0) Gecko/20100101 Firefox/14.0.1
)
Array
(
    [Order ID] => 0
    [Price] => 42
    [User ID] => 247
    [IP] => 70.96.33.195
    [Timestamp] => 1346186465
    [Time/Date] => Tue, 28 Aug 2012 16:41:05 -0400
    [Order Page Timestamp] => 1346186258844
    [Order Page Time/Date] => Thu, 11 Dec 44628 06:27:24 -0500
    [User Agent] => Mozilla/5.0 (Windows NT 6.1; WOW64; rv:14.0) Gecko/20100101 Firefox/14.0.1
)
Array
(
    [Order ID] => 0
    [Price] => 42
    [User ID] => 247
    [IP] => 70.96.33.195
    [Timestamp] => 1346186592
    [Time/Date] => Tue, 28 Aug 2012 16:43:12 -0400
    [Order Page Timestamp] => 1346186258844
    [Order Page Time/Date] => Thu, 11 Dec 44628 06:27:24 -0500
    [User Agent] => Mozilla/5.0 (Windows NT 6.1; WOW64; rv:14.0) Gecko/20100101 Firefox/14.0.1
)
