Array
(
    [Order ID] => 0
    [Price] => 550
    [User ID] => 964
    [IP] => 174.252.32.152
    [Timestamp] => 1352601706
    [Time/Date] => Sat, 10 Nov 2012 21:41:46 -0500
    [Order Page Timestamp] => 1352601668205
    [Order Page Time/Date] => Sun, 28 Mar 44832 16:36:45 -0500
    [User Agent] => Mozilla/5.0 (iPhone; CPU iPhone OS 6_0 like Mac OS X) AppleWebKit/536.26 (KHTML, like Gecko) Version/6.0 Mobile/10A403 Safari/8536.25
)
Array
(
    [Order ID] => 0
    [Price] => 550
    [User ID] => 964
    [IP] => 174.252.32.152
    [Timestamp] => 1352601952
    [Time/Date] => Sat, 10 Nov 2012 21:45:52 -0500
    [Order Page Timestamp] => 1352601897428
    [Order Page Time/Date] => Wed, 31 Mar 44832 08:17:08 -0500
    [User Agent] => Mozilla/5.0 (iPhone; CPU iPhone OS 6_0 like Mac OS X) AppleWebKit/536.26 (KHTML, like Gecko) Version/6.0 Mobile/10A403 Safari/8536.25
)
Array
(
    [Order ID] => 0
    [Price] => 550
    [User ID] => 964
    [IP] => 174.252.32.152
    [Timestamp] => 1352602196
    [Time/Date] => Sat, 10 Nov 2012 21:49:56 -0500
    [Order Page Timestamp] => 1352601897428
    [Order Page Time/Date] => Wed, 31 Mar 44832 08:17:08 -0500
    [User Agent] => Mozilla/5.0 (iPhone; CPU iPhone OS 6_0 like Mac OS X) AppleWebKit/536.26 (KHTML, like Gecko) Version/6.0 Mobile/10A403 Safari/8536.25
)
