Array
(
    [Order ID] => 0
    [Price] => 1267.5
    [User ID] => 247
    [IP] => 70.96.33.195
    [Timestamp] => 1341505033
    [Time/Date] => Thu, 05 Jul 2012 12:17:13 -0400
    [Order Page Timestamp] => 1341504951459
    [Order Page Time/Date] => Tue, 06 Aug 44480 11:17:39 -0500
    [User Agent] => Mozilla/5.0 (Windows NT 6.1; WOW64; rv:13.0) Gecko/20100101 Firefox/13.0.1
)
Array
(
    [Order ID] => 0
    [Price] => 137.5
    [User ID] => 565
    [IP] => 63.119.56.154
    [Timestamp] => 1341511021
    [Time/Date] => Thu, 05 Jul 2012 13:57:01 -0400
    [Order Page Timestamp] => 1341510988200
    [Order Page Time/Date] => Tue, 15 Oct 44480 08:10:00 -0500
    [User Agent] => Mozilla/5.0 (compatible; MSIE 9.0; Windows NT 6.1; Trident/5.0)
)
Array
(
    [Order ID] => 0
    [Price] => 206.25
    [User ID] => 247
    [IP] => 70.96.33.195
    [Timestamp] => 1341527427
    [Time/Date] => Thu, 05 Jul 2012 18:30:27 -0400
    [Order Page Timestamp] => 1341527423802
    [Order Page Time/Date] => Wed, 23 Apr 44481 13:36:42 -0500
    [User Agent] => Mozilla/5.0 (Windows NT 6.1; WOW64; rv:13.0) Gecko/20100101 Firefox/13.0.1
)
