Array
(
    [Order ID] => 0
    [Price] => 206.25
    [User ID] => 263
    [IP] => 24.147.94.203
    [Timestamp] => 1353081214
    [Time/Date] => Fri, 16 Nov 2012 10:53:34 -0500
    [Order Page Timestamp] => 1353081121176
    [Order Page Time/Date] => Fri, 07 Jun 44847 21:59:36 -0500
    [User Agent] => Mozilla/5.0 (Windows NT 6.1; WOW64) AppleWebKit/537.11 (KHTML, like Gecko) Chrome/23.0.1271.64 Safari/537.11
)
Array
(
    [Order ID] => 0
    [Price] => 206.25
    [User ID] => 247
    [IP] => 70.96.33.195
    [Timestamp] => 1353084050
    [Time/Date] => Fri, 16 Nov 2012 11:40:50 -0500
    [Order Page Timestamp] => 1353083970424
    [Order Page Time/Date] => Wed, 10 Jul 44847 21:27:04 -0500
    [User Agent] => Mozilla/5.0 (Windows NT 6.1; WOW64) AppleWebKit/537.11 (KHTML, like Gecko) Chrome/23.0.1271.64 Safari/537.11
)
Array
(
    [Order ID] => 0
    [Price] => 22
    [User ID] => 734
    [IP] => 166.181.3.24
    [Timestamp] => 1353101153
    [Time/Date] => Fri, 16 Nov 2012 16:25:53 -0500
    [Order Page Timestamp] => 1353101119035
    [Order Page Time/Date] => Sat, 25 Jan 44848 08:57:15 -0500
    [User Agent] => Mozilla/5.0 (Linux; U; Android 2.2.1; en-us; SCH-I100 Build/FROYO) AppleWebKit/533.1 (KHTML, like Gecko) Version/4.0 Mobile Safari/533.1 USCC-I100
)
Array
(
    [Order ID] => 0
    [Price] => 22
    [User ID] => 734
    [IP] => 166.181.3.75
    [Timestamp] => 1353101186
    [Time/Date] => Fri, 16 Nov 2012 16:26:26 -0500
    [Order Page Timestamp] => 1353101119035
    [Order Page Time/Date] => Sat, 25 Jan 44848 08:57:15 -0500
    [User Agent] => Mozilla/5.0 (Linux; U; Android 2.2.1; en-us; SCH-I100 Build/FROYO) AppleWebKit/533.1 (KHTML, like Gecko) Version/4.0 Mobile Safari/533.1 USCC-I100
)
Array
(
    [Order ID] => 0
    [Price] => 22
    [User ID] => 734
    [IP] => 166.181.3.211
    [Timestamp] => 1353101228
    [Time/Date] => Fri, 16 Nov 2012 16:27:08 -0500
    [Order Page Timestamp] => 1353101217171
    [Order Page Time/Date] => Sun, 26 Jan 44848 12:12:51 -0500
    [User Agent] => Mozilla/5.0 (Linux; U; Android 2.2.1; en-us; SCH-I100 Build/FROYO) AppleWebKit/533.1 (KHTML, like Gecko) Version/4.0 Mobile Safari/533.1 USCC-I100
)
