Array
(
    [Order ID] => 0
    [Price] => 22
    [User ID] => 869
    [IP] => 24.60.133.171
    [Timestamp] => 1351860441
    [Time/Date] => Fri, 02 Nov 2012 08:47:21 -0400
    [Order Page Timestamp] => 1351860407798
    [Order Page Time/Date] => Wed, 01 Oct 44808 06:56:38 -0500
    [User Agent] => Mozilla/4.0 (compatible; MSIE 8.0; Windows NT 5.1; Trident/4.0; BTRS103186; Mozilla/4.0 (compatible; MSIE 6.0; Windows NT 5.1; SV1) ; chromeframe/17.0.963.79; .NET CLR 1.1.4322; .NET CLR 2.0.50727; .NET CLR 3.0.4506.2152; .NET CLR 3.5.30729; AskTB5.6)
)
Array
(
    [Order ID] => 0
    [Price] => 343.75
    [User ID] => 923
    [IP] => 208.125.194.165
    [Timestamp] => 1351865619
    [Time/Date] => Fri, 02 Nov 2012 10:13:39 -0400
    [Order Page Timestamp] => 1351865602093
    [Order Page Time/Date] => Sun, 30 Nov 44808 09:48:13 -0500
    [User Agent] => Mozilla/5.0 (Windows NT 5.1) AppleWebKit/537.4 (KHTML, like Gecko) Chrome/22.0.1229.94 Safari/537.4
)
Array
(
    [Order ID] => 0
    [Price] => 468.75
    [User ID] => 926
    [IP] => 71.255.122.20
    [Timestamp] => 1351874565
    [Time/Date] => Fri, 02 Nov 2012 12:42:45 -0400
    [Order Page Timestamp] => 1351874363679
    [Order Page Time/Date] => Wed, 11 Mar 44809 19:34:39 -0500
    [User Agent] => Mozilla/4.0 (compatible; MSIE 8.0; Windows NT 5.1; Trident/4.0; GTB7.4; .NET CLR 1.1.4322; .NET CLR 2.0.50727; .NET4.0C; .NET4.0E; .NET CLR 3.0.4506.2152; .NET CLR 3.5.30729)
)
Array
(
    [Order ID] => 0
    [Price] => 3987.5
    [User ID] => 860
    [IP] => 24.60.129.85
    [Timestamp] => 1351874926
    [Time/Date] => Fri, 02 Nov 2012 12:48:46 -0400
    [Order Page Timestamp] => 1351874918965
    [Order Page Time/Date] => Wed, 18 Mar 44809 05:49:25 -0500
    [User Agent] => Mozilla/4.0 (compatible; MSIE 8.0; Windows NT 5.1; Trident/4.0; GTB6; SearchToolbar 1.2; BTRS125127; .NET CLR 1.1.4322; .NET CLR 2.0.50727; .NET CLR 3.0.4506.2152; .NET CLR 3.5.30729; BOIE8;ENUSMSCOM)
)
Array
(
    [Order ID] => 0
    [Price] => 3987.5
    [User ID] => 860
    [IP] => 24.60.129.85
    [Timestamp] => 1351875119
    [Time/Date] => Fri, 02 Nov 2012 12:51:59 -0400
    [Order Page Timestamp] => 1351874918965
    [Order Page Time/Date] => Wed, 18 Mar 44809 05:49:25 -0500
    [User Agent] => Mozilla/4.0 (compatible; MSIE 8.0; Windows NT 5.1; Trident/4.0; GTB6; SearchToolbar 1.2; BTRS125127; .NET CLR 1.1.4322; .NET CLR 2.0.50727; .NET CLR 3.0.4506.2152; .NET CLR 3.5.30729; BOIE8;ENUSMSCOM)
)
Array
(
    [Order ID] => 0
    [Price] => 128.5
    [User ID] => 247
    [IP] => 70.96.33.195
    [Timestamp] => 1351877604
    [Time/Date] => Fri, 02 Nov 2012 13:33:24 -0400
    [Order Page Timestamp] => 1351877352094
    [Order Page Time/Date] => Wed, 15 Apr 44809 09:41:34 -0500
    [User Agent] => Mozilla/5.0 (Windows NT 6.1; WOW64) AppleWebKit/537.4 (KHTML, like Gecko) Chrome/22.0.1229.94 Safari/537.4
)
Array
(
    [Order ID] => 0
    [Price] => 259
    [User ID] => 247
    [IP] => 70.96.33.195
    [Timestamp] => 1351877673
    [Time/Date] => Fri, 02 Nov 2012 13:34:33 -0400
    [Order Page Timestamp] => 1351877659816
    [Order Page Time/Date] => Sat, 18 Apr 44809 23:10:16 -0500
    [User Agent] => Mozilla/5.0 (Windows NT 6.1; WOW64) AppleWebKit/537.4 (KHTML, like Gecko) Chrome/22.0.1229.94 Safari/537.4
)
Array
(
    [Order ID] => 0
    [Price] => 3987.5
    [User ID] => 247
    [IP] => 70.96.33.195
    [Timestamp] => 1351884878
    [Time/Date] => Fri, 02 Nov 2012 15:34:38 -0400
    [Order Page Timestamp] => 1351884838503
    [Order Page Time/Date] => Sat, 11 Jul 44809 01:15:03 -0500
    [User Agent] => Mozilla/5.0 (Windows NT 6.1; WOW64) AppleWebKit/537.4 (KHTML, like Gecko) Chrome/22.0.1229.94 Safari/537.4
)
Array
(
    [Order ID] => 0
    [Price] => 187.5
    [User ID] => 753
    [IP] => 64.222.183.30
    [Timestamp] => 1351885460
    [Time/Date] => Fri, 02 Nov 2012 15:44:20 -0400
    [Order Page Timestamp] => 1351885441890
    [Order Page Time/Date] => Sat, 18 Jul 44809 00:51:30 -0500
    [User Agent] => Mozilla/5.0 (Windows NT 5.1; rv:12.0) Gecko/20100101 Firefox/12.0
)
Array
(
    [Order ID] => 0
    [Price] => 137.5
    [User ID] => 247
    [IP] => 70.96.33.195
    [Timestamp] => 1351888186
    [Time/Date] => Fri, 02 Nov 2012 16:29:46 -0400
    [Order Page Timestamp] => 1351888183953
    [Order Page Time/Date] => Tue, 18 Aug 44809 18:32:33 -0500
    [User Agent] => Mozilla/5.0 (Windows NT 6.1; WOW64) AppleWebKit/537.4 (KHTML, like Gecko) Chrome/22.0.1229.94 Safari/537.4
)
