Array
(
    [q] => payment-received
    [billTo_lastName] => McCarthy
    [billTo_email] => j.jen@aol.com
    [orderPage_serialNumber] => 3213046286400176056193
    [orderAmount_publicSignature] => Sqz0semNf2f7DhUp/OrXFx06sEE=
    [orderCurrency] => usd
    [platform] => prd
    [card_expirationYear] => 2015
    [card_accountNumber] => ############7512
    [reasonCode] => 231
    [billTo_firstName] => Jennifer
    [signedFields] => billTo_lastName,billTo_email,orderPage_serialNumber,orderAmount_publicSignature,orderCurrency,platform,card_expirationYear,card_accountNumber,reasonCode,billTo_firstName,requestID,order_id,orderPage_transactionType,ccAuthReply_reasonCode,billTo_company,card_expirationMonth,orderNumber,orderCurrency_publicSignature,billTo_customerID,source_domain,orderPage_requestToken,uid,decision_publicSignature,orderAmount,billTo_street2,orderNumber_publicSignature,card_cardType,billTo_street1,decision,billTo_phoneNumber,paymentOption,merchantDefinedData1,billTo_city,billTo_state,merchantID,billTo_postalCode,billTo_country
    [requestID] => 3426049715450178147361
    [order_id] => 17953
    [orderPage_transactionType] => sale
    [ccAuthReply_reasonCode] => 231
    [billTo_company] => NA
    [card_expirationMonth] => 03
    [orderNumber] => 1342604924462
    [orderCurrency_publicSignature] => pfcMEzOHelrVLvafAkpPGnECGbk=
    [billTo_customerID] => 605
    [signedDataPublicSignature] => kRA8cqCmZv6vOCfG6fexqRc6R+w=
    [source_domain] => nh.tcro.us
    [orderPage_requestToken] => Ahj77wSRc3P7YGzX/yhCKJpDAc/P4BTSGA5+f2kDqNIiYTn0kyro9JZxwESRc3P7YGzX/yhCAAAA8QYT
    [uid] => 605
    [decision_publicSignature] => 0dXZuXVlTstro9Mt4xaCuwk/s40=
    [orderAmount] => 104.5
    [billTo_street2] => PO Box 701352
    [orderNumber_publicSignature] => l3ZtKK13bID8FjYHaVtytdZAbCw=
    [card_cardType] => 001
    [billTo_street1] => 12011 Lilac Blossom
    [decision] => REJECT
    [billTo_phoneNumber] => 2105845982
    [paymentOption] => card
    [transactionSignature] => le4K76kYYwmpvEOTef03YYUY298=
    [merchantDefinedData1] => Request ID: 17953
    [billTo_city] => SA
    [billTo_state] => TX
    [merchantID] => avtranzsb
    [billTo_postalCode] => 78270
    [billTo_country] => us
)
Array
(
    [q] => payment-received
    [billTo_lastName] => McCarthy (formerly Johnson)
    [billTo_email] => j.jen@aol.com
    [orderPage_serialNumber] => 3213046286400176056193
    [orderAmount_publicSignature] => Sqz0semNf2f7DhUp/OrXFx06sEE=
    [orderCurrency] => usd
    [platform] => prd
    [card_expirationYear] => 2015
    [card_accountNumber] => ############7512
    [reasonCode] => 231
    [billTo_firstName] => Jennifer
    [signedFields] => billTo_lastName,billTo_email,orderPage_serialNumber,orderAmount_publicSignature,orderCurrency,platform,card_expirationYear,card_accountNumber,reasonCode,billTo_firstName,requestID,order_id,orderPage_transactionType,ccAuthReply_reasonCode,billTo_company,card_expirationMonth,orderNumber,orderCurrency_publicSignature,billTo_customerID,source_domain,orderPage_requestToken,uid,decision_publicSignature,orderAmount,billTo_street2,orderNumber_publicSignature,card_cardType,billTo_street1,decision,billTo_phoneNumber,paymentOption,merchantDefinedData1,billTo_city,billTo_state,merchantID,billTo_postalCode,billTo_country
    [requestID] => 3426051473360178147361
    [order_id] => 17953
    [orderPage_transactionType] => sale
    [ccAuthReply_reasonCode] => 231
    [billTo_company] => NA
    [card_expirationMonth] => 03
    [orderNumber] => 1342605147334
    [orderCurrency_publicSignature] => pfcMEzOHelrVLvafAkpPGnECGbk=
    [billTo_customerID] => 605
    [signedDataPublicSignature] => JANJ7E8lmmrJIVqvsrtmjkdJ9sE=
    [source_domain] => nh.tcro.us
    [orderPage_requestToken] => Ahj77wSRc3QH3gt6MOBCKJp+mfL2kBTT9M+XtOkDqNIiYTn0kyro9JZxwESRc3QH3gt6MOBCAAAA8AEH
    [uid] => 605
    [decision_publicSignature] => 0dXZuXVlTstro9Mt4xaCuwk/s40=
    [orderAmount] => 104.5
    [billTo_street2] => PO Box 701352
    [orderNumber_publicSignature] => zvR4SwkQay4v3hRscclOidoKlAw=
    [card_cardType] => 001
    [billTo_street1] => 12011 Lilac Blossom
    [decision] => REJECT
    [billTo_phoneNumber] => 2105845982
    [paymentOption] => card
    [transactionSignature] => RvdYHWlTlRlN+kJm25x/60Y9Dg0=
    [merchantDefinedData1] => Request ID: 17953
    [billTo_city] => San Antonio
    [billTo_state] => TX
    [merchantID] => avtranzsb
    [billTo_postalCode] => 78270
    [billTo_country] => us
)
