Array
(
    [Order ID] => 0
    [Price] => 89.25
    [User ID] => 527
    [IP] => 71.181.37.185
    [Timestamp] => 1339164919
    [Time/Date] => Fri, 08 Jun 2012 10:15:19 -0400
    [Order Page Timestamp] => 1339164879684
    [Order Page Time/Date] => Mon, 12 Jun 44406 07:21:24 -0500
    [User Agent] => Mozilla/5.0 (compatible; MSIE 9.0; Windows NT 6.1; WOW64; Trident/5.0)
)
Array
(
    [Order ID] => 0
    [Price] => 1412.5
    [User ID] => 528
    [IP] => 66.186.188.237
    [Timestamp] => 1339169921
    [Time/Date] => Fri, 08 Jun 2012 11:38:41 -0400
    [Order Page Timestamp] => 1339169868096
    [Order Page Time/Date] => Wed, 09 Aug 44406 01:01:36 -0500
    [User Agent] => Mozilla/5.0 (compatible; MSIE 9.0; Windows NT 6.0; Trident/5.0)
)
