Array
(
    [Order ID] => 0
    [Price] => 11
    [User ID] => 639
    [IP] => 98.216.198.108
    [Timestamp] => 1344280498
    [Time/Date] => Mon, 06 Aug 2012 15:14:58 -0400
    [Order Page Timestamp] => 1344280491055
    [Order Page Time/Date] => Wed, 20 Jul 44568 18:30:55 -0500
    [User Agent] => Mozilla/5.0 (Macintosh; Intel Mac OS X 10.6; rv:14.0) Gecko/20100101 Firefox/14.0.1
)
Array
(
    [Order ID] => 0
    [Price] => 18.75
    [User ID] => 602
    [IP] => 166.248.11.40
    [Timestamp] => 1344286714
    [Time/Date] => Mon, 06 Aug 2012 16:58:34 -0400
    [Order Page Timestamp] => 1344286687459
    [Order Page Time/Date] => Fri, 30 Sep 44568 11:44:19 -0500
    [User Agent] => Mozilla/5.0 (Linux; U; Android 4.0.4; en-us; DROID RAZR 4G Build/6.7.2-180_DHD-16_M4-31) AppleWebKit/534.30 (KHTML, like Gecko) Version/4.0 Mobile Safari/534.30
)
