Array
(
    [q] => payment-received
    [billTo_lastName] => Esburnett
    [billTo_phoneNumber] => 6037650781
    [orderAmount] => 49.5
    [billTo_street1] => 40 lowell st
    [card_accountNumber] => ############8014
    [platform] => prd
    [orderAmount_publicSignature] => N6cl3ldDZxaGlw9R8qx53IPCcQI=
    [orderPage_serialNumber] => 3213046286400176056193
    [orderCurrency] => usd
    [reconciliationID] => 132596109WTOFO9LAIO3X
    [signedDataPublicSignature] => MG4RAEP3rKPxAeN/bgs56ZxtSCw=
    [decision] => ACCEPT
    [ccAuthReply_processorResponse] => 00
    [source_domain] => nh.tcro.us
    [billTo_state] => nh
    [billTo_firstName] => Ralph
    [billTo_customerID] => 944
    [uid] => 944
    [billTo_company] => durabild Transmissions Inc
    [card_expirationYear] => 2015
    [merchantDefinedData1] => Request ID: 35787
    [transactionSignature] => 4QxYmWOkDBBM/bl6lsjreUzEJLs=
    [billTo_city] => nashua
    [billTo_postalCode] => 03064
    [orderPage_requestToken] => Ahj//wSRf0RdO5w6pRhGKFWLNk1ctmLBzXqT409zMgyZ7OwmoK6iFOAFNQV1EKcaQNmrEi0MmkmVdHpLOOBg2kX9EXTucOqUYRgA5iB7
    [ccAuthReply_amount] => 49.50
    [orderCurrency_publicSignature] => pfcMEzOHelrVLvafAkpPGnECGbk=
    [orderPage_transactionType] => sale
    [ccAuthReply_authorizationCode] => 738087
    [decision_publicSignature] => KnPsJG1LWbeM0M209/iKgV4eG28=
    [ccAuthReply_avsCodeRaw] => Z
    [paymentOption] => card
    [billTo_country] => us
    [billTo_email] => durabild@aol.com
    [reasonCode] => 100
    [order_id] => 35787
    [ccAuthReply_reasonCode] => 100
    [orderPage_environment] => PRODUCTION
    [card_expirationMonth] => 01
    [merchantID] => avtranzsb
    [orderNumber_publicSignature] => mwPZybbI1w35h63irJ7Zs65XYfI=
    [requestID] => 3535014569670178147363
    [orderNumber] => 1353501456965
    [signedFields] => billTo_lastName,billTo_phoneNumber,orderAmount,billTo_street1,card_accountNumber,platform,orderAmount_publicSignature,orderPage_serialNumber,orderCurrency,reconciliationID,decision,ccAuthReply_processorResponse,source_domain,billTo_state,billTo_firstName,billTo_customerID,uid,billTo_company,card_expirationYear,merchantDefinedData1,billTo_city,billTo_postalCode,orderPage_requestToken,ccAuthReply_amount,orderCurrency_publicSignature,orderPage_transactionType,ccAuthReply_authorizationCode,decision_publicSignature,ccAuthReply_avsCodeRaw,paymentOption,billTo_country,billTo_email,reasonCode,order_id,ccAuthReply_reasonCode,orderPage_environment,card_expirationMonth,merchantID,orderNumber_publicSignature,requestID,orderNumber,ccAuthReply_authorizedDateTime,card_cardType,ccAuthReply_avsCode
    [ccAuthReply_authorizedDateTime] => 2012-11-21T123737Z
    [card_cardType] => 001
    [ccAuthReply_avsCode] => Z
)
Array
(
    [q] => payment-received
    [billTo_lastName] => Williams
    [billTo_phoneNumber] => 6037427200
    [orderAmount] => 2200
    [billTo_street1] => 154 Middle Road
    [card_accountNumber] => ############2677
    [platform] => prd
    [orderAmount_publicSignature] => TC4OGZE7e2/+NZQ6n0JeEQFuY04=
    [orderPage_serialNumber] => 3213046286400176056193
    [orderCurrency] => usd
    [reconciliationID] => 132649796WTO1Q9LAEX96
    [signedDataPublicSignature] => UO04n4iVgMebTuKMb203Ez1qx2Q=
    [decision] => ACCEPT
    [ccAuthReply_processorResponse] => 00
    [source_domain] => nh.tcro.us
    [billTo_state] => NH
    [billTo_firstName] => R Craig
    [billTo_customerID] => 992
    [uid] => 992
    [card_expirationYear] => 2015
    [merchantDefinedData1] => Request ID: 36178
    [transactionSignature] => sPZvxsIp+2gE0rJEOmdNd0DrfMw=
    [billTo_city] => Dover
    [billTo_postalCode] => 03820
    [orderPage_requestToken] => Ahj//wSRf0bQ6xjPKBhCKFWLNk2aOW7ltXqT2NFzMgxbDlsmkcfvV1wFNI4/err6QS1tgJFoZNJMq6PSWccDBvIv6NodYxnlAwhAhT8X
    [ccAuthReply_amount] => 2200.00
    [orderCurrency_publicSignature] => pfcMEzOHelrVLvafAkpPGnECGbk=
    [orderPage_transactionType] => sale
    [ccAuthReply_authorizationCode] => 005475
    [decision_publicSignature] => KnPsJG1LWbeM0M209/iKgV4eG28=
    [ccAuthReply_avsCodeRaw] => Y
    [paymentOption] => card
    [billTo_country] => us
    [billTo_email] => solutions@canneybrook.com
    [reasonCode] => 100
    [order_id] => 36178
    [ccAuthReply_reasonCode] => 100
    [orderPage_environment] => PRODUCTION
    [card_expirationMonth] => 04
    [merchantID] => avtranzsb
    [orderNumber_publicSignature] => YsYFBPVVWDwhOH3JQIaE/4tGh6g=
    [requestID] => 3535102908550178147361
    [orderNumber] => 1353510290854
    [signedFields] => billTo_lastName,billTo_phoneNumber,orderAmount,billTo_street1,card_accountNumber,platform,orderAmount_publicSignature,orderPage_serialNumber,orderCurrency,reconciliationID,decision,ccAuthReply_processorResponse,source_domain,billTo_state,billTo_firstName,billTo_customerID,uid,card_expirationYear,merchantDefinedData1,billTo_city,billTo_postalCode,orderPage_requestToken,ccAuthReply_amount,orderCurrency_publicSignature,orderPage_transactionType,ccAuthReply_authorizationCode,decision_publicSignature,ccAuthReply_avsCodeRaw,paymentOption,billTo_country,billTo_email,reasonCode,order_id,ccAuthReply_reasonCode,orderPage_environment,card_expirationMonth,merchantID,orderNumber_publicSignature,requestID,orderNumber,ccAuthReply_authorizedDateTime,card_cardType,ccAuthReply_avsCode
    [ccAuthReply_authorizedDateTime] => 2012-11-21T150451Z
    [card_cardType] => 001
    [ccAuthReply_avsCode] => Y
)
Array
(
    [q] => payment-received
    [billTo_lastName] => Green
    [billTo_phoneNumber] => 6036958622
    [orderAmount] => 212.5
    [billTo_street1] => 111 Amherst Street
    [card_accountNumber] => ############7725
    [platform] => prd
    [orderAmount_publicSignature] => 07xCaZTDbhPw0eH4YhO/e8a3xgk=
    [orderPage_serialNumber] => 3213046286400176056193
    [orderCurrency] => usd
    [reconciliationID] => 132653271WTOFO9LAIUHY
    [signedDataPublicSignature] => 3Arim611FJzmM2mfsE1p5dQLHkA=
    [decision] => ACCEPT
    [ccAuthReply_processorResponse] => 00
    [source_domain] => nh.tcro.us
    [billTo_state] => NH
    [billTo_firstName] => Judith
    [billTo_customerID] => 1018
    [uid] => 1018
    [billTo_company] => Devine, Millimet & Branch, PA
    [card_expirationYear] => 2016
    [merchantDefinedData1] => Request ID: 37205
    [transactionSignature] => RpmoV7gOJhCdeNvD43rou4UO/ho=
    [billTo_city] => Manchester
    [billTo_postalCode] => 03101
    [orderPage_requestToken] => Ahj//wSRf0boRNd/aEhIKFWLNk2as2TdjXqT409zMgyasiymoK6ioTAFNQV1FQmaQPpgRItDJpJlXR6SzjgYP5F/RuhE139oSEgAhQ1P
    [ccAuthReply_amount] => 212.50
    [orderCurrency_publicSignature] => pfcMEzOHelrVLvafAkpPGnECGbk=
    [orderPage_transactionType] => sale
    [ccAuthReply_authorizationCode] => 00643G
    [decision_publicSignature] => KnPsJG1LWbeM0M209/iKgV4eG28=
    [ccAuthReply_avsCodeRaw] => N
    [paymentOption] => card
    [billTo_country] => us
    [billTo_email] => lbrunelle@devinemillimet.com
    [reasonCode] => 100
    [order_id] => 37205
    [ccAuthReply_reasonCode] => 100
    [orderPage_environment] => PRODUCTION
    [card_expirationMonth] => 03
    [merchantID] => avtranzsb
    [orderNumber_publicSignature] => eJ7JILBEIlQWNmSHaApmRq0LJ7U=
    [requestID] => 3535106194850178147364
    [orderNumber] => 1353510619447
    [signedFields] => billTo_lastName,billTo_phoneNumber,orderAmount,billTo_street1,card_accountNumber,platform,orderAmount_publicSignature,orderPage_serialNumber,orderCurrency,reconciliationID,decision,ccAuthReply_processorResponse,source_domain,billTo_state,billTo_firstName,billTo_customerID,uid,billTo_company,card_expirationYear,merchantDefinedData1,billTo_city,billTo_postalCode,orderPage_requestToken,ccAuthReply_amount,orderCurrency_publicSignature,orderPage_transactionType,ccAuthReply_authorizationCode,decision_publicSignature,ccAuthReply_avsCodeRaw,paymentOption,billTo_country,billTo_email,reasonCode,order_id,ccAuthReply_reasonCode,orderPage_environment,card_expirationMonth,merchantID,orderNumber_publicSignature,requestID,orderNumber,ccAuthReply_authorizedDateTime,card_cardType,ccAuthReply_avsCode
    [ccAuthReply_authorizedDateTime] => 2012-11-21T151020Z
    [card_cardType] => 001
    [ccAuthReply_avsCode] => N
)
