Array
(
    [Order ID] => 0
    [Price] => 412.5
    [User ID] => 704
    [IP] => 216.220.234.194
    [Timestamp] => 1346773936
    [Time/Date] => Tue, 04 Sep 2012 11:52:16 -0400
    [Order Page Timestamp] => 1346773923864
    [Order Page Time/Date] => Mon, 26 Jul 44647 22:44:24 -0500
    [User Agent] => Mozilla/5.0 (compatible; MSIE 9.0; Windows NT 6.1; Trident/5.0)
)
Array
(
    [Order ID] => 0
    [Price] => 412.5
    [User ID] => 704
    [IP] => 216.220.234.194
    [Timestamp] => 1346774006
    [Time/Date] => Tue, 04 Sep 2012 11:53:26 -0400
    [Order Page Timestamp] => 1346773923864
    [Order Page Time/Date] => Mon, 26 Jul 44647 22:44:24 -0500
    [User Agent] => Mozilla/5.0 (compatible; MSIE 9.0; Windows NT 6.1; Trident/5.0)
)
Array
(
    [Order ID] => 0
    [Price] => 1275
    [User ID] => 326
    [IP] => 64.140.222.6
    [Timestamp] => 1346780281
    [Time/Date] => Tue, 04 Sep 2012 13:38:01 -0400
    [Order Page Timestamp] => 1346780248338
    [Order Page Time/Date] => Fri, 08 Oct 44647 03:32:18 -0500
    [User Agent] => Mozilla/4.0 (compatible; MSIE 8.0; Windows NT 6.1; Trident/4.0; SLCC2; .NET CLR 2.0.50727; .NET CLR 3.5.30729; .NET CLR 3.0.30729; Media Center PC 6.0; MDDR; .NET4.0C; Tablet PC 2.0)
)
Array
(
    [Order ID] => 0
    [Price] => 1275
    [User ID] => 326
    [IP] => 64.140.222.6
    [Timestamp] => 1346780293
    [Time/Date] => Tue, 04 Sep 2012 13:38:13 -0400
    [Order Page Timestamp] => 1346780248338
    [Order Page Time/Date] => Fri, 08 Oct 44647 03:32:18 -0500
    [User Agent] => Mozilla/4.0 (compatible; MSIE 8.0; Windows NT 6.1; Trident/4.0; SLCC2; .NET CLR 2.0.50727; .NET CLR 3.5.30729; .NET CLR 3.0.30729; Media Center PC 6.0; MDDR; .NET4.0C; Tablet PC 2.0)
)
