Array
(
    [Order ID] => 0
    [Price] => 26.25
    [User ID] => 985
    [IP] => 24.181.251.210
    [Timestamp] => 1354897002
    [Time/Date] => Fri, 07 Dec 2012 11:16:42 -0500
    [Order Page Timestamp] => 1354896981807
    [Order Page Time/Date] => Mon, 22 Dec 44904 19:43:27 -0500
    [User Agent] => Mozilla/5.0 (Windows NT 5.1; rv:8.0.1) Gecko/20100101 Firefox/8.0.1
)
Array
(
    [Order ID] => 0
    [Price] => 492.65
    [User ID] => 1100
    [IP] => 67.255.87.101
    [Timestamp] => 1354919476
    [Time/Date] => Fri, 07 Dec 2012 17:31:16 -0500
    [Order Page Timestamp] => 1354919370214
    [Order Page Time/Date] => Mon, 07 Sep 44905 22:43:34 -0500
    [User Agent] => Mozilla/5.0 (compatible; MSIE 9.0; Windows NT 6.1; WOW64; Trident/5.0)
)
