Array
(
    [Order ID] => 0
    [Price] => 29
    [User ID] => 1115
    [IP] => 173.166.37.65
    [Timestamp] => 1355837807
    [Time/Date] => Tue, 18 Dec 2012 08:36:47 -0500
    [Order Page Timestamp] => 1355837477032
    [Order Page Time/Date] => Tue, 12 Oct 44934 04:23:52 -0500
    [User Agent] => Mozilla/5.0 (compatible; MSIE 9.0; Windows NT 6.1; Trident/5.0)
)
Array
(
    [Order ID] => 0
    [Price] => 112.5
    [User ID] => 1158
    [IP] => 66.30.100.127
    [Timestamp] => 1355852467
    [Time/Date] => Tue, 18 Dec 2012 12:41:07 -0500
    [Order Page Timestamp] => 1355852447701
    [Order Page Time/Date] => Sun, 03 Apr 44935 10:55:01 -0500
    [User Agent] => Mozilla/5.0 (Macintosh; Intel Mac OS X 10_7_5) AppleWebKit/537.11 (KHTML, like Gecko) Chrome/23.0.1271.97 Safari/537.11
)
Array
(
    [Order ID] => 0
    [Price] => 112.5
    [User ID] => 1158
    [IP] => 66.30.100.127
    [Timestamp] => 1355857470
    [Time/Date] => Tue, 18 Dec 2012 14:04:30 -0500
    [Order Page Timestamp] => 1355852447701
    [Order Page Time/Date] => Sun, 03 Apr 44935 10:55:01 -0500
    [User Agent] => Mozilla/5.0 (Macintosh; Intel Mac OS X 10_7_5) AppleWebKit/537.11 (KHTML, like Gecko) Chrome/23.0.1271.97 Safari/537.11
)
Array
(
    [Order ID] => 0
    [Price] => 112.5
    [User ID] => 1158
    [IP] => 66.30.100.127
    [Timestamp] => 1355857524
    [Time/Date] => Tue, 18 Dec 2012 14:05:24 -0500
    [Order Page Timestamp] => 1355857492265
    [Order Page Time/Date] => Tue, 31 May 44935 20:11:05 -0500
    [User Agent] => Mozilla/5.0 (Macintosh; Intel Mac OS X 10_7_5) AppleWebKit/537.11 (KHTML, like Gecko) Chrome/23.0.1271.97 Safari/537.11
)
