Array
(
    [Order ID] => 0
    [Price] => 55.25
    [User ID] => 619
    [IP] => 64.140.251.226
    [Timestamp] => 1348151037
    [Time/Date] => Thu, 20 Sep 2012 10:23:57 -0400
    [Order Page Timestamp] => 1348151021897
    [Order Page Time/Date] => Mon, 16 Mar 44691 13:58:17 -0500
    [User Agent] => Mozilla/4.0 (compatible; MSIE 7.0; Windows NT 5.1; .NET CLR 1.1.4322; .NET CLR 2.0.50727; .NET CLR 3.0.04506.648; .NET CLR 3.0.4506.2152; .NET CLR 3.5.30729)
)
Array
(
    [Order ID] => 0
    [Price] => 97.5
    [User ID] => 600
    [IP] => 67.151.241.35
    [Timestamp] => 1348158711
    [Time/Date] => Thu, 20 Sep 2012 12:31:51 -0400
    [Order Page Timestamp] => 1348158356317
    [Order Page Time/Date] => Tue, 09 Jun 44691 11:18:37 -0500
    [User Agent] => Mozilla/4.0 (compatible; MSIE 8.0; Windows NT 5.2; Trident/4.0; .NET CLR 1.1.4322; .NET CLR 2.0.50727; .NET CLR 3.0.04506.30; .NET CLR 3.0.04506.648; .NET CLR 3.0.4506.2152; .NET CLR 3.5.30729)
)
Array
(
    [Order ID] => 0
    [Price] => 105.5
    [User ID] => 565
    [IP] => 96.61.91.114
    [Timestamp] => 1348177174
    [Time/Date] => Thu, 20 Sep 2012 17:39:34 -0400
    [Order Page Timestamp] => 1348177126436
    [Order Page Time/Date] => Tue, 12 Jan 44692 17:13:56 -0500
    [User Agent] => Mozilla/5.0 (compatible; MSIE 9.0; Windows NT 6.1; WOW64; Trident/5.0)
)
Array
(
    [Order ID] => 0
    [Price] => 206.25
    [User ID] => 565
    [IP] => 96.61.91.114
    [Timestamp] => 1348180949
    [Time/Date] => Thu, 20 Sep 2012 18:42:29 -0400
    [Order Page Timestamp] => 1348180942579
    [Order Page Time/Date] => Thu, 25 Feb 44692 21:16:19 -0500
    [User Agent] => Mozilla/5.0 (compatible; MSIE 9.0; Windows NT 6.1; WOW64; Trident/5.0)
)
Array
(
    [Order ID] => 0
    [Price] => 5.5
    [User ID] => 565
    [IP] => 96.61.91.114
    [Timestamp] => 1348182805
    [Time/Date] => Thu, 20 Sep 2012 19:13:25 -0400
    [Order Page Timestamp] => 1348182756104
    [Order Page Time/Date] => Thu, 17 Mar 44692 21:01:44 -0500
    [User Agent] => Mozilla/5.0 (compatible; MSIE 9.0; Windows NT 6.1; WOW64; Trident/5.0)
)
