Array
(
    [q] => payment-received
    [billTo_lastName] => Horton
    [billTo_phoneNumber] => 6037657146
    [orderAmount] => 68.75
    [billTo_street1] => POBOX 16255
    [card_accountNumber] => ###########1003
    [platform] => prd
    [orderAmount_publicSignature] => 9KgVKoJH0M0fgfO4/1IiEZcOYbI=
    [orderPage_serialNumber] => 3213046286400176056193
    [orderCurrency] => usd
    [reconciliationID] => 131451667WTO9N9LA759R
    [signedDataPublicSignature] => Xrw05A4x30i3m0W5/1fqVPlG43w=
    [decision] => ACCEPT
    [ccAuthReply_processorResponse] => 00
    [source_domain] => nh.tcro.us
    [billTo_state] => NH
    [billTo_firstName] => Rick
    [billTo_customerID] => 1005
    [uid] => 1005
    [card_expirationYear] => 2015
    [merchantDefinedData1] => Request ID: 36290
    [transactionSignature] => +cevH06xjxRDF3r8lspP7hkHgEs=
    [billTo_city] => Hooksett
    [billTo_postalCode] => 03106
    [orderPage_requestToken] => Ahj//wSRfwql69kw8FhCKFWLNi0asWzZvXqT3M5zMgt2rmkmkrZM4wwNNJWyZxh6QN1tkicMmkmVdHpLOOBhKkX8KpevZMPBYQgAejy6
    [ccAuthReply_amount] => 68.75
    [orderCurrency_publicSignature] => pfcMEzOHelrVLvafAkpPGnECGbk=
    [orderPage_transactionType] => sale
    [ccAuthReply_authorizationCode] => 142683
    [decision_publicSignature] => KnPsJG1LWbeM0M209/iKgV4eG28=
    [ccAuthReply_avsCodeRaw] => Y
    [paymentOption] => card
    [billTo_country] => us
    [billTo_email] => Mantis2k2@aol.com
    [reasonCode] => 100
    [order_id] => 36290
    [ccAuthReply_reasonCode] => 100
    [orderPage_environment] => PRODUCTION
    [card_expirationMonth] => 07
    [merchantID] => avtranzsb
    [orderNumber_publicSignature] => tMFH1FQ3PWiZeVvbqbfQ0MWDKSY=
    [requestID] => 3532935129430178147361
    [orderNumber] => 1353293512941
    [signedFields] => billTo_lastName,billTo_phoneNumber,orderAmount,billTo_street1,card_accountNumber,platform,orderAmount_publicSignature,orderPage_serialNumber,orderCurrency,reconciliationID,decision,ccAuthReply_processorResponse,source_domain,billTo_state,billTo_firstName,billTo_customerID,uid,card_expirationYear,merchantDefinedData1,billTo_city,billTo_postalCode,orderPage_requestToken,ccAuthReply_amount,orderCurrency_publicSignature,orderPage_transactionType,ccAuthReply_authorizationCode,decision_publicSignature,ccAuthReply_avsCodeRaw,paymentOption,billTo_country,billTo_email,reasonCode,order_id,ccAuthReply_reasonCode,orderPage_environment,card_expirationMonth,merchantID,orderNumber_publicSignature,requestID,orderNumber,ccAuthReply_authorizedDateTime,card_cardType,ccAuthReply_avsCode
    [ccAuthReply_authorizedDateTime] => 2012-11-19T025153Z
    [card_cardType] => 003
    [ccAuthReply_avsCode] => Y
)
