Array
(
    [Order ID] => 0
    [Price] => 1650
    [User ID] => 1618
    [IP] => 199.46.117.130
    [Timestamp] => 1363615613
    [Time/Date] => Mon, 18 Mar 2013 10:06:53 -0400
    [Order Page Timestamp] => 1363615441313
    [Order Page Time/Date] => Thu, 02 Apr 45181 22:01:53 -0500
    [User Agent] => Mozilla/5.0 (compatible; MSIE 9.0; Windows NT 6.1; WOW64; Trident/5.0)
)
Array
(
    [Order ID] => 0
    [Price] => 375
    [User ID] => 1606
    [IP] => 173.14.179.189
    [Timestamp] => 1363624284
    [Time/Date] => Mon, 18 Mar 2013 12:31:24 -0400
    [Order Page Timestamp] => 1363624281536
    [Order Page Time/Date] => Tue, 14 Jul 45181 05:38:56 -0500
    [User Agent] => Mozilla/5.0 (Windows NT 6.1) AppleWebKit/537.22 (KHTML, like Gecko) Chrome/25.0.1364.172 Safari/537.22
)
Array
(
    [Order ID] => 0
    [Price] => 275
    [User ID] => 759
    [IP] => 75.150.88.126
    [Timestamp] => 1363624327
    [Time/Date] => Mon, 18 Mar 2013 12:32:07 -0400
    [Order Page Timestamp] => 1363624322248
    [Order Page Time/Date] => Tue, 14 Jul 45181 16:57:28 -0500
    [User Agent] => Mozilla/5.0 (Windows NT 6.1; rv:19.0) Gecko/20100101 Firefox/19.0
)
