Array
(
    [Order ID] => 0
    [Price] => 5.5
    [User ID] => 1448
    [IP] => 74.95.21.165
    [Timestamp] => 1365448081
    [Time/Date] => Mon, 08 Apr 2013 15:08:01 -0400
    [Order Page Timestamp] => 1365448064879
    [Order Page Time/Date] => Fri, 29 Apr 45239 20:07:59 -0500
    [User Agent] => Mozilla/4.0 (compatible; MSIE 8.0; Windows NT 6.1; Trident/4.0; SLCC2; .NET CLR 2.0.50727; .NET CLR 3.5.30729; .NET CLR 3.0.30729; Media Center PC 6.0; MDDR; .NET4.0C; AskTbORJ/5.15.15.36191; .NET4.0E)
)
Array
(
    [Order ID] => 0
    [Price] => 5.5
    [User ID] => 1448
    [IP] => 74.95.21.165
    [Timestamp] => 1365448124
    [Time/Date] => Mon, 08 Apr 2013 15:08:44 -0400
    [Order Page Timestamp] => 1365448064879
    [Order Page Time/Date] => Fri, 29 Apr 45239 20:07:59 -0500
    [User Agent] => Mozilla/4.0 (compatible; MSIE 8.0; Windows NT 6.1; Trident/4.0; SLCC2; .NET CLR 2.0.50727; .NET CLR 3.5.30729; .NET CLR 3.0.30729; Media Center PC 6.0; MDDR; .NET4.0C; AskTbORJ/5.15.15.36191; .NET4.0E)
)
Array
(
    [Order ID] => 0
    [Price] => 315.25
    [User ID] => 684
    [IP] => 155.212.66.130
    [Timestamp] => 1365452432
    [Time/Date] => Mon, 08 Apr 2013 16:20:32 -0400
    [Order Page Timestamp] => 1365452415401
    [Order Page Time/Date] => Sun, 19 Jun 45239 04:36:41 -0500
    [User Agent] => Mozilla/5.0 (compatible; MSIE 10.0; Windows NT 6.1; Trident/6.0)
)
Array
(
    [Order ID] => 0
    [Price] => 17
    [User ID] => 1820
    [IP] => 75.68.242.143
    [Timestamp] => 1365456846
    [Time/Date] => Mon, 08 Apr 2013 17:34:06 -0400
    [Order Page Timestamp] => 1365456821954
    [Order Page Time/Date] => Tue, 09 Aug 45239 04:39:14 -0500
    [User Agent] => Mozilla/5.0 (compatible; MSIE 9.0; Windows NT 6.1; WOW64; Trident/5.0)
)
