Array
(
    [Order ID] => 0
    [Price] => 106.25
    [User ID] => 1766
    [IP] => 24.60.64.7
    [Timestamp] => 1364386299
    [Time/Date] => Wed, 27 Mar 2013 08:11:39 -0400
    [Order Page Timestamp] => 1364386263998
    [Order Page Time/Date] => Mon, 05 Sep 45205 11:26:38 -0500
    [User Agent] => Mozilla/5.0 (Windows NT 5.1; rv:19.0) Gecko/20100101 Firefox/19.0
)
Array
(
    [Order ID] => 0
    [Price] => 275
    [User ID] => 500
    [IP] => 70.96.33.195
    [Timestamp] => 1364405038
    [Time/Date] => Wed, 27 Mar 2013 13:23:58 -0400
    [Order Page Timestamp] => 1364404965566
    [Order Page Time/Date] => Sun, 09 Apr 45206 22:19:26 -0500
    [User Agent] => Mozilla/5.0 (Windows NT 6.1; WOW64) AppleWebKit/537.22 (KHTML, like Gecko) Chrome/25.0.1364.172 Safari/537.22
)
Array
(
    [Order ID] => 0
    [Price] => 275
    [User ID] => 500
    [IP] => 70.96.33.195
    [Timestamp] => 1364405670
    [Time/Date] => Wed, 27 Mar 2013 13:34:30 -0400
    [Order Page Timestamp] => 1364404965566
    [Order Page Time/Date] => Sun, 09 Apr 45206 22:19:26 -0500
    [User Agent] => Mozilla/5.0 (Windows NT 6.1; WOW64) AppleWebKit/537.22 (KHTML, like Gecko) Chrome/25.0.1364.172 Safari/537.22
)
Array
(
    [Order ID] => 0
    [Price] => 34
    [User ID] => 1346
    [IP] => 24.61.235.175
    [Timestamp] => 1364415369
    [Time/Date] => Wed, 27 Mar 2013 16:16:09 -0400
    [Order Page Timestamp] => 1364415338703
    [Order Page Time/Date] => Mon, 07 Aug 45206 23:45:03 -0500
    [User Agent] => Mozilla/5.0 (Windows NT 6.1; WOW64; rv:18.0) Gecko/20100101 Firefox/18.0
)
