Array
(
    [q] => payment-received
    [billTo_lastName] => Mooney
    [billTo_phoneNumber] => 6036062657
    [orderAmount] => 481.25
    [billTo_street1] => 385 Pembroke Street
    [card_accountNumber] => ###########1005
    [platform] => prd
    [orderAmount_publicSignature] => 8FUO2i5GlZxJENYQRbk8qVV6UGg=
    [orderPage_serialNumber] => 3213046286400176056193
    [orderCurrency] => usd
    [signedDataPublicSignature] => LEAiNGYiIP6tB/46YDVPFpobOPE=
    [decision] => REJECT
    [source_domain] => nh.tcro.us
    [billTo_state] => NH
    [billTo_firstName] => Richard
    [billTo_customerID] => 263
    [uid] => 263
    [card_expirationYear] => 2016
    [merchantDefinedData1] => Request ID: 44164
    [transactionSignature] => pvehPQqe2bQJMPrGBuKf5MaehZ4=
    [billTo_city] => Pembroke
    [billTo_postalCode] => 0275
    [orderPage_requestToken] => AhjzbwSRh/xTVH3NlcBEKAaaSymMyo0ghd/pfajNpJlXR6SzjgFIglbH
    [orderCurrency_publicSignature] => pfcMEzOHelrVLvafAkpPGnECGbk=
    [orderPage_transactionType] => sale
    [decision_publicSignature] => 0dXZuXVlTstro9Mt4xaCuwk/s40=
    [paymentOption] => card
    [billTo_country] => us
    [billTo_email] => rcm@rcmooneylaw.com
    [reasonCode] => 102
    [order_id] => 44164
    [ccAuthReply_reasonCode] => 102
    [orderPage_environment] => PRODUCTION
    [card_expirationMonth] => 12
    [merchantID] => avtranzsb
    [orderNumber_publicSignature] => 9c8G7o0Hasm4xKKqPtHU3fWBb10=
    [requestID] => 3615429450920178147362
    [orderNumber] => 1361542945090
    [signedFields] => billTo_lastName,billTo_phoneNumber,orderAmount,billTo_street1,card_accountNumber,platform,orderAmount_publicSignature,orderPage_serialNumber,orderCurrency,decision,source_domain,billTo_state,billTo_firstName,billTo_customerID,uid,card_expirationYear,merchantDefinedData1,billTo_city,billTo_postalCode,orderPage_requestToken,orderCurrency_publicSignature,orderPage_transactionType,decision_publicSignature,paymentOption,billTo_country,billTo_email,reasonCode,order_id,ccAuthReply_reasonCode,orderPage_environment,card_expirationMonth,merchantID,orderNumber_publicSignature,requestID,orderNumber,card_cardType
    [card_cardType] => 003
)
Array
(
    [q] => payment-received
    [billTo_lastName] => Mooney
    [billTo_phoneNumber] => 6036062657
    [orderAmount] => 481.25
    [billTo_street1] => 385 Pembroke Street
    [card_accountNumber] => ############5892
    [platform] => prd
    [orderAmount_publicSignature] => 8FUO2i5GlZxJENYQRbk8qVV6UGg=
    [orderPage_serialNumber] => 3213046286400176056193
    [orderCurrency] => usd
    [signedDataPublicSignature] => 532Sa5NLSVVtZkezauD4/IGoq9s=
    [decision] => REJECT
    [ccAuthReply_processorResponse] => 51
    [source_domain] => nh.tcro.us
    [billTo_state] => NH
    [billTo_firstName] => Richard
    [billTo_customerID] => 263
    [uid] => 263
    [card_expirationYear] => 2015
    [merchantDefinedData1] => Request ID: 44164
    [transactionSignature] => XZQ4ywxxYaItk1Qx4OmAN30coFw=
    [billTo_city] => Pembroke
    [billTo_postalCode] => 03275
    [orderPage_requestToken] => Ahj77wSRh/xZl/wymkhEKJpHb917cBTSO37r2+kELv9L7Uy9JMq6PSWccBFkYf8WZf8MppIRAAAAgBGv
    [orderCurrency_publicSignature] => pfcMEzOHelrVLvafAkpPGnECGbk=
    [orderPage_transactionType] => sale
    [decision_publicSignature] => 0dXZuXVlTstro9Mt4xaCuwk/s40=
    [ccAuthReply_avsCodeRaw] => Y
    [paymentOption] => card
    [billTo_country] => us
    [billTo_email] => rcm@rcmooneylaw.com
    [reasonCode] => 204
    [order_id] => 44164
    [ccAuthReply_reasonCode] => 204
    [orderPage_environment] => PRODUCTION
    [card_expirationMonth] => 10
    [merchantID] => avtranzsb
    [orderNumber_publicSignature] => rGpxECGLlwKVobiY4ZatSXle4p0=
    [requestID] => 3615430332450178147362
    [orderNumber] => 1361543033244
    [signedFields] => billTo_lastName,billTo_phoneNumber,orderAmount,billTo_street1,card_accountNumber,platform,orderAmount_publicSignature,orderPage_serialNumber,orderCurrency,decision,ccAuthReply_processorResponse,source_domain,billTo_state,billTo_firstName,billTo_customerID,uid,card_expirationYear,merchantDefinedData1,billTo_city,billTo_postalCode,orderPage_requestToken,orderCurrency_publicSignature,orderPage_transactionType,decision_publicSignature,ccAuthReply_avsCodeRaw,paymentOption,billTo_country,billTo_email,reasonCode,order_id,ccAuthReply_reasonCode,orderPage_environment,card_expirationMonth,merchantID,orderNumber_publicSignature,requestID,orderNumber,card_cardType,ccAuthReply_avsCode
    [card_cardType] => 001
    [ccAuthReply_avsCode] => Y
)
Array
(
    [q] => payment-received
    [billTo_lastName] => Mooney
    [billTo_phoneNumber] => 6036062657
    [orderAmount] => 481.25
    [billTo_street1] => 385 Pembroke Street
    [card_accountNumber] => ############3304
    [platform] => prd
    [orderAmount_publicSignature] => 8FUO2i5GlZxJENYQRbk8qVV6UGg=
    [orderPage_serialNumber] => 3213046286400176056193
    [orderCurrency] => usd
    [signedDataPublicSignature] => L94I++UcU7nBpHFcGwWSDZmuoEo=
    [decision] => REJECT
    [ccAuthReply_processorResponse] => 05
    [source_domain] => nh.tcro.us
    [billTo_state] => NH
    [billTo_firstName] => Richard
    [billTo_customerID] => 263
    [uid] => 263
    [billTo_company] => AVTranz
    [card_expirationYear] => 2016
    [merchantDefinedData1] => Request ID: 44164
    [transactionSignature] => Lz55VlKKGfcT2X7vAv4xrZtT8O8=
    [billTo_city] => Pembroke
    [billTo_postalCode] => 03275
    [orderPage_requestToken] => Ahj77wSRh/xfN85jvyBEKJp/UP/M8CTT+of+Z+kELv9L7Uy9JMq6PSWccBHkYf8XzfOY78gRAAAA/xXm
    [orderCurrency_publicSignature] => pfcMEzOHelrVLvafAkpPGnECGbk=
    [orderPage_transactionType] => sale
    [decision_publicSignature] => 0dXZuXVlTstro9Mt4xaCuwk/s40=
    [ccAuthReply_avsCodeRaw] => Y
    [paymentOption] => card
    [billTo_country] => us
    [billTo_email] => rcm@rcmooneylaw.com
    [reasonCode] => 203
    [order_id] => 44164
    [ccAuthReply_reasonCode] => 203
    [orderPage_environment] => PRODUCTION
    [card_expirationMonth] => 03
    [merchantID] => avtranzsb
    [orderNumber_publicSignature] => qvlvytmIwVJq9kZwNJ8jk87Cue4=
    [requestID] => 3615431124000178147362
    [orderNumber] => 1361543112399
    [signedFields] => billTo_lastName,billTo_phoneNumber,orderAmount,billTo_street1,card_accountNumber,platform,orderAmount_publicSignature,orderPage_serialNumber,orderCurrency,decision,ccAuthReply_processorResponse,source_domain,billTo_state,billTo_firstName,billTo_customerID,uid,billTo_company,card_expirationYear,merchantDefinedData1,billTo_city,billTo_postalCode,orderPage_requestToken,orderCurrency_publicSignature,orderPage_transactionType,decision_publicSignature,ccAuthReply_avsCodeRaw,paymentOption,billTo_country,billTo_email,reasonCode,order_id,ccAuthReply_reasonCode,orderPage_environment,card_expirationMonth,merchantID,orderNumber_publicSignature,requestID,orderNumber,card_cardType,ccAuthReply_avsCode
    [card_cardType] => 002
    [ccAuthReply_avsCode] => Y
)
Array
(
    [q] => payment-received
    [billTo_lastName] => Mooney
    [billTo_phoneNumber] => 6036062657
    [orderAmount] => 481.25
    [billTo_street1] => 385 Pembroke Street
    [card_accountNumber] => ############5892
    [platform] => prd
    [orderAmount_publicSignature] => 8FUO2i5GlZxJENYQRbk8qVV6UGg=
    [orderPage_serialNumber] => 3213046286400176056193
    [orderCurrency] => usd
    [reconciliationID] => 178102757WTOFLDGU0FV2
    [signedDataPublicSignature] => N4cfTxflzmgRrbGMpEgl2iY3G5g=
    [decision] => ACCEPT
    [ccAuthReply_processorResponse] => 00
    [source_domain] => nh.tcro.us
    [billTo_state] => NH
    [billTo_firstName] => Richard
    [billTo_customerID] => 263
    [uid] => 263
    [card_expirationYear] => 2015
    [merchantDefinedData1] => Request ID: 44164
    [transactionSignature] => 8vixVmpkn/cjILfCV4n8ZRsbf6I=
    [billTo_city] => Pembroke
    [billTo_postalCode] => 03275
    [orderPage_requestToken] => Ahj//wSRh/y/8jM46NhEKFWLdwxYMm7VvXqT40yJHqsI1Zkmn9RAMgwFNP6iAZB6QQu/0vthk0kyro9JZxwMIsjD/l/5GZx0bCIAwAgx
    [ccAuthReply_amount] => 481.25
    [orderCurrency_publicSignature] => pfcMEzOHelrVLvafAkpPGnECGbk=
    [orderPage_transactionType] => sale
    [ccAuthReply_authorizationCode] => 084754
    [decision_publicSignature] => KnPsJG1LWbeM0M209/iKgV4eG28=
    [ccAuthReply_avsCodeRaw] => Y
    [paymentOption] => card
    [billTo_country] => us
    [billTo_email] => rcm@rcmooneylaw.com
    [reasonCode] => 100
    [order_id] => 44164
    [ccAuthReply_reasonCode] => 100
    [orderPage_environment] => PRODUCTION
    [card_expirationMonth] => 10
    [merchantID] => avtranzsb
    [orderNumber_publicSignature] => Idxt7VL0TUPhxVDe3xxlUbzwDQg=
    [requestID] => 3615444737270178147362
    [orderNumber] => 1361544473726
    [signedFields] => billTo_lastName,billTo_phoneNumber,orderAmount,billTo_street1,card_accountNumber,platform,orderAmount_publicSignature,orderPage_serialNumber,orderCurrency,reconciliationID,decision,ccAuthReply_processorResponse,source_domain,billTo_state,billTo_firstName,billTo_customerID,uid,card_expirationYear,merchantDefinedData1,billTo_city,billTo_postalCode,orderPage_requestToken,ccAuthReply_amount,orderCurrency_publicSignature,orderPage_transactionType,ccAuthReply_authorizationCode,decision_publicSignature,ccAuthReply_avsCodeRaw,paymentOption,billTo_country,billTo_email,reasonCode,order_id,ccAuthReply_reasonCode,orderPage_environment,card_expirationMonth,merchantID,orderNumber_publicSignature,requestID,orderNumber,ccAuthReply_authorizedDateTime,card_cardType,ccAuthReply_avsCode
    [ccAuthReply_authorizedDateTime] => 2013-02-22T144754Z
    [card_cardType] => 001
    [ccAuthReply_avsCode] => Y
)
Array
(
    [q] => payment-received
    [billTo_lastName] => Harden
    [billTo_phoneNumber] => 6037882080
    [orderAmount] => 448.25
    [billTo_street1] => 104 Main Street, Suite 3
    [card_accountNumber] => ###########2009
    [platform] => prd
    [orderAmount_publicSignature] => nlIV0ax+ateN/8FzmpMxHiJOBNE=
    [orderPage_serialNumber] => 3213046286400176056193
    [orderCurrency] => usd
    [reconciliationID] => 178208929WTO8VDGSGO2H
    [signedDataPublicSignature] => X+4OCBxFIcRNU7SNLsDTF9Wod8s=
    [decision] => ACCEPT
    [ccAuthReply_processorResponse] => 00
    [source_domain] => nh.tcro.us
    [billTo_state] => NH
    [billTo_firstName] => Leonard D
    [billTo_customerID] => 435
    [uid] => 435
    [billTo_company] => Harden Law Offices
    [card_expirationYear] => 2015
    [merchantDefinedData1] => Request ID: 49130
    [transactionSignature] => bw+97D+KtiOegJBx47TNuvnjk1Q=
    [billTo_city] => Lancaster
    [billTo_postalCode] => 03584
    [orderPage_requestToken] => Ahj//wSRiAAyYeVHl7BGKFWLdwyYOHLJzXqT3FaJHpx57KQmkO2NfeANNIdsa+8aQQrxkvthk0kyro9JZxwMHkjEABkw8qPL2CMAGllU
    [ccAuthReply_amount] => 448.25
    [orderCurrency_publicSignature] => pfcMEzOHelrVLvafAkpPGnECGbk=
    [orderPage_transactionType] => sale
    [ccAuthReply_authorizationCode] => 144685
    [decision_publicSignature] => KnPsJG1LWbeM0M209/iKgV4eG28=
    [ccAuthReply_avsCodeRaw] => Y
    [paymentOption] => card
    [billTo_country] => us
    [billTo_email] => Info@LenHarden.com
    [reasonCode] => 100
    [order_id] => 49130
    [ccAuthReply_reasonCode] => 100
    [orderPage_environment] => PRODUCTION
    [card_expirationMonth] => 04
    [merchantID] => avtranzsb
    [orderNumber_publicSignature] => kHD+6ckdfDp5vJ/v2eU+tc6dXSo=
    [requestID] => 3615568929140178147363
    [orderNumber] => 1361556892912
    [signedFields] => billTo_lastName,billTo_phoneNumber,orderAmount,billTo_street1,card_accountNumber,platform,orderAmount_publicSignature,orderPage_serialNumber,orderCurrency,reconciliationID,decision,ccAuthReply_processorResponse,source_domain,billTo_state,billTo_firstName,billTo_customerID,uid,billTo_company,card_expirationYear,merchantDefinedData1,billTo_city,billTo_postalCode,orderPage_requestToken,ccAuthReply_amount,orderCurrency_publicSignature,orderPage_transactionType,ccAuthReply_authorizationCode,decision_publicSignature,ccAuthReply_avsCodeRaw,paymentOption,billTo_country,billTo_email,reasonCode,order_id,ccAuthReply_reasonCode,orderPage_environment,card_expirationMonth,merchantID,orderNumber_publicSignature,requestID,orderNumber,ccAuthReply_authorizedDateTime,card_cardType,ccAuthReply_avsCode
    [ccAuthReply_authorizedDateTime] => 2013-02-22T181453Z
    [card_cardType] => 003
    [ccAuthReply_avsCode] => Y
)
Array
(
    [q] => payment-received
    [billTo_lastName] => Weddington
    [orderAmount] => 3.75
    [billTo_street1] => 845 N 3rd Ave
    [card_accountNumber] => ###########1059
    [platform] => prd
    [orderAmount_publicSignature] => NlEX6s4yLSCcw1aOANOQ6uTjkUg=
    [orderPage_serialNumber] => 3213046286400176056193
    [orderCurrency] => usd
    [reconciliationID] => 178336794WTOFODGU98HM
    [signedDataPublicSignature] => nsm/xaAA6tRXABQYxkcTSi4Sgx4=
    [decision] => ACCEPT
    [ccAuthReply_processorResponse] => 00
    [source_domain] => nh.tcro.us
    [billTo_state] => AZ
    [billTo_firstName] => Addie
    [billTo_customerID] => 1012
    [uid] => 1012
    [card_expirationYear] => 2014
    [merchantDefinedData1] => Request ID: 49168
    [transactionSignature] => jCm/1bT+Z2Z/8fseOTKsm9e3n4Q=
    [billTo_city] => Phoenix
    [billTo_postalCode] => 85003
    [orderPage_requestToken] => Ahj//wSRiAREeMFOrahGKFWLdwzZtm7lpXqT40+JHquXEiamoMKuV9ANNQYVcr6aQJu5fbDJpJlXR6SzjgYQpGIBER4wU6tqEYAANyzk
    [ccAuthReply_amount] => 3.75
    [orderCurrency_publicSignature] => pfcMEzOHelrVLvafAkpPGnECGbk=
    [orderPage_transactionType] => sale
    [ccAuthReply_authorizationCode] => 146624
    [decision_publicSignature] => KnPsJG1LWbeM0M209/iKgV4eG28=
    [ccAuthReply_avsCodeRaw] => Y
    [paymentOption] => card
    [billTo_country] => us
    [billTo_email] => Addie.weddington@avtranz.com
    [reasonCode] => 100
    [order_id] => 49168
    [ccAuthReply_reasonCode] => 100
    [orderPage_environment] => PRODUCTION
    [card_expirationMonth] => 08
    [merchantID] => avtranzsb
    [orderNumber_publicSignature] => 8IMrAOAWBV3DtwGXrHaqr12DosQ=
    [requestID] => 3615715590170178147363
    [orderNumber] => 1361571559015
    [signedFields] => billTo_lastName,orderAmount,billTo_street1,card_accountNumber,platform,orderAmount_publicSignature,orderPage_serialNumber,orderCurrency,reconciliationID,decision,ccAuthReply_processorResponse,source_domain,billTo_state,billTo_firstName,billTo_customerID,uid,card_expirationYear,merchantDefinedData1,billTo_city,billTo_postalCode,orderPage_requestToken,ccAuthReply_amount,orderCurrency_publicSignature,orderPage_transactionType,ccAuthReply_authorizationCode,decision_publicSignature,ccAuthReply_avsCodeRaw,paymentOption,billTo_country,billTo_email,reasonCode,order_id,ccAuthReply_reasonCode,orderPage_environment,card_expirationMonth,merchantID,orderNumber_publicSignature,requestID,orderNumber,ccAuthReply_authorizedDateTime,card_cardType,ccAuthReply_avsCode
    [ccAuthReply_authorizedDateTime] => 2013-02-22T221919Z
    [card_cardType] => 003
    [ccAuthReply_avsCode] => Y
)
Array
(
    [q] => payment-received
    [billTo_lastName] => Weddington
    [orderAmount] => 3.75
    [billTo_street1] => 845 N 3rd Ave
    [card_accountNumber] => ###########1059
    [platform] => prd
    [orderAmount_publicSignature] => NlEX6s4yLSCcw1aOANOQ6uTjkUg=
    [orderPage_serialNumber] => 3213046286400176056193
    [orderCurrency] => usd
    [reconciliationID] => 178340664WTOFODGU98Q3
    [signedDataPublicSignature] => tz7GD3SCdEvVInLThmqNY3L3hLE=
    [decision] => ACCEPT
    [ccAuthReply_processorResponse] => 00
    [source_domain] => nh.tcro.us
    [billTo_state] => AZ
    [billTo_firstName] => Addie
    [billTo_customerID] => 1012
    [uid] => 1012
    [card_expirationYear] => 2014
    [merchantDefinedData1] => Request ID: 49168
    [transactionSignature] => 3rz6Io/N1LQ7MzMOSOv9NLY1hJs=
    [billTo_city] => Phoenix
    [billTo_postalCode] => 85003
    [orderPage_requestToken] => Ahj//wSRiARc2lOCSRhGKFWLdwzaMGzZpXqT40+JHquXFFmmoMKuXfANNQYVcu+aQJu5fbDJpJlXR6SzjgYQpGIBFzaU4JJGEYAAtyDD
    [ccAuthReply_amount] => 3.75
    [orderCurrency_publicSignature] => pfcMEzOHelrVLvafAkpPGnECGbk=
    [orderPage_transactionType] => sale
    [ccAuthReply_authorizationCode] => 184019
    [decision_publicSignature] => KnPsJG1LWbeM0M209/iKgV4eG28=
    [ccAuthReply_avsCodeRaw] => Y
    [paymentOption] => card
    [billTo_country] => us
    [billTo_email] => addie.weddington@avtranz.com
    [reasonCode] => 100
    [order_id] => 49168
    [ccAuthReply_reasonCode] => 100
    [orderPage_environment] => PRODUCTION
    [card_expirationMonth] => 08
    [merchantID] => avtranzsb
    [orderNumber_publicSignature] => zwBd2QGHtuQQA3pUy1Y+EX5bckk=
    [requestID] => 3615719021510178147363
    [orderNumber] => 1361571902149
    [signedFields] => billTo_lastName,orderAmount,billTo_street1,card_accountNumber,platform,orderAmount_publicSignature,orderPage_serialNumber,orderCurrency,reconciliationID,decision,ccAuthReply_processorResponse,source_domain,billTo_state,billTo_firstName,billTo_customerID,uid,card_expirationYear,merchantDefinedData1,billTo_city,billTo_postalCode,orderPage_requestToken,ccAuthReply_amount,orderCurrency_publicSignature,orderPage_transactionType,ccAuthReply_authorizationCode,decision_publicSignature,ccAuthReply_avsCodeRaw,paymentOption,billTo_country,billTo_email,reasonCode,order_id,ccAuthReply_reasonCode,orderPage_environment,card_expirationMonth,merchantID,orderNumber_publicSignature,requestID,orderNumber,ccAuthReply_authorizedDateTime,card_cardType,ccAuthReply_avsCode
    [ccAuthReply_authorizedDateTime] => 2013-02-22T222502Z
    [card_cardType] => 003
    [ccAuthReply_avsCode] => Y
)
Array
(
    [q] => payment-received
    [billTo_lastName] => Weddington
    [orderAmount] => 3.75
    [billTo_street1] => 845 N 3rd Ave
    [card_accountNumber] => ###########1059
    [platform] => prd
    [orderAmount_publicSignature] => NlEX6s4yLSCcw1aOANOQ6uTjkUg=
    [orderPage_serialNumber] => 3213046286400176056193
    [orderCurrency] => usd
    [reconciliationID] => 178344315WTO9NDGTB3SP
    [signedDataPublicSignature] => inSMeWAt999p/6AfD+EY28gmTkg=
    [decision] => ACCEPT
    [ccAuthReply_processorResponse] => 00
    [source_domain] => nh.tcro.us
    [billTo_state] => AZ
    [billTo_firstName] => Addie
    [billTo_customerID] => 1012
    [uid] => 1012
    [card_expirationYear] => 2014
    [merchantDefinedData1] => Request ID: 49168
    [transactionSignature] => 4DTqeZD0c2mb8RgyP820Z9vCFGU=
    [billTo_city] => Phoenix
    [billTo_postalCode] => 85003
    [orderPage_requestToken] => Ahj//wSRiAR5x6slQSBGKFWLdwzaNGbFrXqT3M6JHqQmdOgmkspmOKQNNJZTMcU6QJu5fbDJpJlXR6SzjgYQpGIBHnHqyVBIEYAANiVG
    [ccAuthReply_amount] => 3.75
    [orderCurrency_publicSignature] => pfcMEzOHelrVLvafAkpPGnECGbk=
    [orderPage_transactionType] => sale
    [ccAuthReply_authorizationCode] => 126644
    [decision_publicSignature] => KnPsJG1LWbeM0M209/iKgV4eG28=
    [ccAuthReply_avsCodeRaw] => Y
    [paymentOption] => card
    [billTo_country] => us
    [billTo_email] => addie.weddington@avtranz.com
    [reasonCode] => 100
    [order_id] => 49168
    [ccAuthReply_reasonCode] => 100
    [orderPage_environment] => PRODUCTION
    [card_expirationMonth] => 08
    [merchantID] => avtranzsb
    [orderNumber_publicSignature] => MH52Z6eoI26gmgO1QpPM4UO4h2U=
    [requestID] => 3615723092640178147363
    [orderNumber] => 1361572309263
    [signedFields] => billTo_lastName,orderAmount,billTo_street1,card_accountNumber,platform,orderAmount_publicSignature,orderPage_serialNumber,orderCurrency,reconciliationID,decision,ccAuthReply_processorResponse,source_domain,billTo_state,billTo_firstName,billTo_customerID,uid,card_expirationYear,merchantDefinedData1,billTo_city,billTo_postalCode,orderPage_requestToken,ccAuthReply_amount,orderCurrency_publicSignature,orderPage_transactionType,ccAuthReply_authorizationCode,decision_publicSignature,ccAuthReply_avsCodeRaw,paymentOption,billTo_country,billTo_email,reasonCode,order_id,ccAuthReply_reasonCode,orderPage_environment,card_expirationMonth,merchantID,orderNumber_publicSignature,requestID,orderNumber,ccAuthReply_authorizedDateTime,card_cardType,ccAuthReply_avsCode
    [ccAuthReply_authorizedDateTime] => 2013-02-22T223150Z
    [card_cardType] => 003
    [ccAuthReply_avsCode] => Y
)
