Array
(
    [Order ID] => 0
    [Price] => 321.55
    [User ID] => 1362
    [IP] => 74.75.87.195
    [Timestamp] => 1362857823
    [Time/Date] => Sat, 09 Mar 2013 14:37:03 -0500
    [Order Page Timestamp] => 1362857789715
    [Order Page Time/Date] => Sat, 30 Mar 45157 19:15:15 -0500
    [User Agent] => Mozilla/5.0 (Windows NT 5.1; rv:19.0) Gecko/20100101 Firefox/19.0
)
Array
(
    [Order ID] => 0
    [Price] => 63.75
    [User ID] => 679
    [IP] => 24.91.109.250
    [Timestamp] => 1362878525
    [Time/Date] => Sat, 09 Mar 2013 20:22:05 -0500
    [Order Page Timestamp] => 1362878511320
    [Order Page Time/Date] => Mon, 25 Nov 45157 15:15:20 -0500
    [User Agent] => Mozilla/5.0 (Windows NT 6.1; WOW64) AppleWebKit/537.22 (KHTML, like Gecko) Chrome/25.0.1364.152 Safari/537.22
)
