Array
(
    [Order ID] => 0
    [Price] => 1125
    [User ID] => 1238
    [IP] => 68.68.228.150
    [Timestamp] => 1357662918
    [Time/Date] => Tue, 08 Jan 2013 11:35:18 -0500
    [Order Page Timestamp] => 1357662854698
    [Order Page Time/Date] => Wed, 15 Aug 44992 05:44:58 -0500
    [User Agent] => Mozilla/5.0 (Windows NT 6.1; rv:17.0) Gecko/20100101 Firefox/17.0
)
Array
(
    [Order ID] => 0
    [Price] => 19.5
    [User ID] => 500
    [IP] => 70.96.33.195
    [Timestamp] => 1357664620
    [Time/Date] => Tue, 08 Jan 2013 12:03:40 -0500
    [Order Page Timestamp] => 1357664556055
    [Order Page Time/Date] => Mon, 03 Sep 44992 22:20:55 -0500
    [User Agent] => Mozilla/5.0 (Windows NT 6.1; WOW64) AppleWebKit/537.11 (KHTML, like Gecko) Chrome/23.0.1271.97 Safari/537.11
)
Array
(
    [Order ID] => 0
    [Price] => 756.25
    [User ID] => 999
    [IP] => 72.4.192.2
    [Timestamp] => 1357669841
    [Time/Date] => Tue, 08 Jan 2013 13:30:41 -0500
    [Order Page Timestamp] => 1357669834332
    [Order Page Time/Date] => Sun, 04 Nov 44992 00:32:12 -0500
    [User Agent] => Mozilla/4.0 (compatible; MSIE 8.0; Windows NT 6.1; WOW64; Trident/4.0; SLCC2; .NET CLR 2.0.50727; .NET CLR 3.5.30729; .NET CLR 3.0.30729; Media Center PC 6.0; .NET4.0C; .NET4.0E)
)
Array
(
    [Order ID] => 0
    [Price] => 93.75
    [User ID] => 1075
    [IP] => 70.109.154.9
    [Timestamp] => 1357674510
    [Time/Date] => Tue, 08 Jan 2013 14:48:30 -0500
    [Order Page Timestamp] => 1357674490819
    [Order Page Time/Date] => Thu, 27 Dec 44992 22:00:19 -0500
    [User Agent] => Mozilla/5.0 (Windows NT 6.1; WOW64) AppleWebKit/537.11 (KHTML, like Gecko) Chrome/23.0.1271.97 Safari/537.11
)
