Array
(
    [q] => payment-received
    [billTo_lastName] => Green
    [billTo_phoneNumber] => 6036691000
    [orderAmount] => 68.75
    [billTo_street1] => P.O. Box 719
    [card_accountNumber] => ############7725
    [platform] => prd
    [orderAmount_publicSignature] => 9KgVKoJH0M0fgfO4/1IiEZcOYbI=
    [orderPage_serialNumber] => 3213046286400176056193
    [orderCurrency] => usd
    [reconciliationID] => 184102410Y24YYDXQNC4A
    [signedDataPublicSignature] => l3odLFfEfnbUUG4tIf7F7uu1paw=
    [decision] => ACCEPT
    [ccAuthReply_processorResponse] => 00
    [source_domain] => nh.tcro.us
    [billTo_state] => NH
    [billTo_firstName] => Judith
    [billTo_customerID] => 1483
    [uid] => 1483
    [billTo_company] => Devine, Millimet & Branch, P.A.
    [card_expirationYear] => 2016
    [merchantDefinedData1] => Request ID: 49458
    [transactionSignature] => 9/WOu6tibCOwSnZ3bYdI+HTlbVc=
    [billTo_city] => Manchester
    [billTo_postalCode] => 03105-0719
    [orderPage_requestToken] => Ahj//wSRiTTfyowEvdA+KFWLhoxYMmjFhZZNLNmJYozobSCn6vwOC4YCn6vwOC4ekDdbZf1DJpJlXR6SzjgYP5GJNN/KjAS90D4A3RIh
    [ccAuthReply_amount] => 68.75
    [orderCurrency_publicSignature] => pfcMEzOHelrVLvafAkpPGnECGbk=
    [orderPage_transactionType] => sale
    [ccAuthReply_authorizationCode] => 00637G
    [decision_publicSignature] => KnPsJG1LWbeM0M209/iKgV4eG28=
    [ccAuthReply_avsCodeRaw] => Z
    [paymentOption] => card
    [billTo_country] => us
    [billTo_email] => tquarles@devinemillimet.com
    [reasonCode] => 100
    [order_id] => 49458
    [ccAuthReply_reasonCode] => 100
    [orderPage_environment] => PRODUCTION
    [card_expirationMonth] => 03
    [merchantID] => avtranzsb
    [orderNumber_publicSignature] => 1bPHg9Sk1QwRogLGs89FpdGeMwI=
    [requestID] => 3626690203740178147359
    [orderNumber] => 1362669020372
    [signedFields] => billTo_lastName,billTo_phoneNumber,orderAmount,billTo_street1,card_accountNumber,platform,orderAmount_publicSignature,orderPage_serialNumber,orderCurrency,reconciliationID,decision,ccAuthReply_processorResponse,source_domain,billTo_state,billTo_firstName,billTo_customerID,uid,billTo_company,card_expirationYear,merchantDefinedData1,billTo_city,billTo_postalCode,orderPage_requestToken,ccAuthReply_amount,orderCurrency_publicSignature,orderPage_transactionType,ccAuthReply_authorizationCode,decision_publicSignature,ccAuthReply_avsCodeRaw,paymentOption,billTo_country,billTo_email,reasonCode,order_id,ccAuthReply_reasonCode,orderPage_environment,card_expirationMonth,merchantID,orderNumber_publicSignature,requestID,orderNumber,ccAuthReply_authorizedDateTime,card_cardType,ccAuthReply_avsCode
    [ccAuthReply_authorizedDateTime] => 2013-03-07T151020Z
    [card_cardType] => 001
    [ccAuthReply_avsCode] => Z
)
Array
(
    [q] => payment-received
    [billTo_lastName] => McCandless
    [billTo_phoneNumber] => 6038568441
    [orderAmount] => 195
    [billTo_street1] => 6 Loudon Road
    [billTo_street2] => Suite 403
    [card_accountNumber] => ############0682
    [platform] => prd
    [orderAmount_publicSignature] => 8dEmRbBwMw1oROLKgJtpOnmT6vY=
    [orderPage_serialNumber] => 3213046286400176056193
    [orderCurrency] => usd
    [reconciliationID] => 184154855Y24ZADXXS7RD
    [signedDataPublicSignature] => O5eLsWIsU3TY+f082AGEoisSg1E=
    [decision] => ACCEPT
    [ccAuthReply_processorResponse] => 00
    [source_domain] => nh.tcro.us
    [billTo_state] => NH
    [billTo_firstName] => Roy
    [billTo_customerID] => 539
    [uid] => 539
    [billTo_company] => Roy S. McCandless, Esq., PLLC
    [card_expirationYear] => 2014
    [merchantDefinedData1] => Request ID: 49851
    [transactionSignature] => 024x9t+LoFnh3FtyKyv9EU3rvr4=
    [billTo_city] => Concord
    [billTo_postalCode] => 03302
    [orderPage_requestToken] => Ahj//wSRiTav/0oOJghIKFWLhoxatHDVrZZNLUGJYsU29KIn8JKUeIIEn8JKUeIOkD5hYX9QyaSZV0eks44GCyRiTav/0oOJghIA6xrs
    [ccAuthReply_amount] => 195.00
    [orderCurrency_publicSignature] => pfcMEzOHelrVLvafAkpPGnECGbk=
    [orderPage_transactionType] => sale
    [ccAuthReply_authorizationCode] => 07435Z
    [decision_publicSignature] => KnPsJG1LWbeM0M209/iKgV4eG28=
    [ccAuthReply_avsCodeRaw] => Z
    [paymentOption] => card
    [billTo_country] => us
    [billTo_email] => roy@roymccandlesslaw.com
    [reasonCode] => 100
    [order_id] => 49851
    [ccAuthReply_reasonCode] => 100
    [orderPage_environment] => PRODUCTION
    [card_expirationMonth] => 09
    [merchantID] => avtranzsb
    [orderNumber_publicSignature] => Bjhfw5m2gUihr5AMrVBk3Hr7guY=
    [requestID] => 3626755534930178147364
    [orderNumber] => 1362675553491
    [signedFields] => billTo_lastName,billTo_phoneNumber,orderAmount,billTo_street1,billTo_street2,card_accountNumber,platform,orderAmount_publicSignature,orderPage_serialNumber,orderCurrency,reconciliationID,decision,ccAuthReply_processorResponse,source_domain,billTo_state,billTo_firstName,billTo_customerID,uid,billTo_company,card_expirationYear,merchantDefinedData1,billTo_city,billTo_postalCode,orderPage_requestToken,ccAuthReply_amount,orderCurrency_publicSignature,orderPage_transactionType,ccAuthReply_authorizationCode,decision_publicSignature,ccAuthReply_avsCodeRaw,paymentOption,billTo_country,billTo_email,reasonCode,order_id,ccAuthReply_reasonCode,orderPage_environment,card_expirationMonth,merchantID,orderNumber_publicSignature,requestID,orderNumber,ccAuthReply_authorizedDateTime,card_cardType,ccAuthReply_avsCode
    [ccAuthReply_authorizedDateTime] => 2013-03-07T165914Z
    [card_cardType] => 002
    [ccAuthReply_avsCode] => Z
)
Array
(
    [q] => payment-received
    [billTo_lastName] => Tierney
    [billTo_phoneNumber] => 6034484722
    [orderAmount] => 425
    [billTo_street1] => 29 School Street
    [card_accountNumber] => ############8110
    [platform] => prd
    [orderAmount_publicSignature] => wWF9rvxKMyuBHkNIDwWwM82CrTc=
    [orderPage_serialNumber] => 3213046286400176056193
    [orderCurrency] => usd
    [reconciliationID] => 184183688Y250WDY51Y5H
    [signedDataPublicSignature] => O9p81L50oa6Kvp98Dc6LJjjIIX4=
    [decision] => ACCEPT
    [ccAuthReply_processorResponse] => 00
    [source_domain] => nh.tcro.us
    [billTo_state] => NH
    [billTo_firstName] => Nancy
    [billTo_customerID] => 430
    [uid] => 430
    [card_expirationYear] => 2016
    [merchantDefinedData1] => Request ID: 50362
    [transactionSignature] => rAX3aSXD2j8EG5yJaFbUl1pCkrc=
    [billTo_city] => Lebanon
    [billTo_postalCode] => 03766
    [orderPage_requestToken] => Ahj//wSRiTfN4LorDKhGKFWLhoxcM2zhxZZNWFeJZasbLWQohcpdfLIBUQuUuvllpBCmBC/qGTSTKuj0lnHAwTSMSb5vBdFYZUIwEC9+
    [ccAuthReply_amount] => 425.00
    [orderCurrency_publicSignature] => pfcMEzOHelrVLvafAkpPGnECGbk=
    [orderPage_transactionType] => sale
    [ccAuthReply_authorizationCode] => 812588
    [decision_publicSignature] => KnPsJG1LWbeM0M209/iKgV4eG28=
    [ccAuthReply_avsCodeRaw] => Y
    [paymentOption] => card
    [billTo_country] => us
    [billTo_email] => nstierney1@aol.com
    [reasonCode] => 100
    [order_id] => 50362
    [ccAuthReply_reasonCode] => 100
    [orderPage_environment] => PRODUCTION
    [card_expirationMonth] => 04
    [merchantID] => avtranzsb
    [orderNumber_publicSignature] => +DXCTzXvo6Dp/TnShmdXnU91mts=
    [requestID] => 3626795769050178147363
    [orderNumber] => 1362679576903
    [signedFields] => billTo_lastName,billTo_phoneNumber,orderAmount,billTo_street1,card_accountNumber,platform,orderAmount_publicSignature,orderPage_serialNumber,orderCurrency,reconciliationID,decision,ccAuthReply_processorResponse,source_domain,billTo_state,billTo_firstName,billTo_customerID,uid,card_expirationYear,merchantDefinedData1,billTo_city,billTo_postalCode,orderPage_requestToken,ccAuthReply_amount,orderCurrency_publicSignature,orderPage_transactionType,ccAuthReply_authorizationCode,decision_publicSignature,ccAuthReply_avsCodeRaw,paymentOption,billTo_country,billTo_email,reasonCode,order_id,ccAuthReply_reasonCode,orderPage_environment,card_expirationMonth,merchantID,orderNumber_publicSignature,requestID,orderNumber,ccAuthReply_authorizedDateTime,card_cardType,ccAuthReply_avsCode
    [ccAuthReply_authorizedDateTime] => 2013-03-07T180618Z
    [card_cardType] => 001
    [ccAuthReply_avsCode] => Y
)
Array
(
    [q] => payment-received
    [billTo_lastName] => Grimes
    [billTo_phoneNumber] => 6177910274
    [orderAmount] => 106.25
    [billTo_street1] => PO Box 862
    [card_accountNumber] => ############5872
    [platform] => prd
    [orderAmount_publicSignature] => ApSm71QGY/T/ewaEkBUcV3evoAk=
    [orderPage_serialNumber] => 3213046286400176056193
    [orderCurrency] => usd
    [reconciliationID] => 184208456Y24ZNDXZ81RM
    [signedDataPublicSignature] => j7ZvUT9wpXgikli5dvw5cghsFag=
    [decision] => ACCEPT
    [ccAuthReply_processorResponse] => 00
    [source_domain] => nh.tcro.us
    [billTo_state] => NH
    [billTo_firstName] => Heilan Yvette
    [billTo_customerID] => 1006
    [uid] => 1006
    [card_expirationYear] => 2016
    [merchantDefinedData1] => Request ID: 36285
    [transactionSignature] => R5YyCzYt41snmNMZtjsnAOtVbvw=
    [billTo_city] => Hudson
    [billTo_postalCode] => 03051
    [orderPage_requestToken] => Ahj//wSRiTiIAnuFnRA+KFWLhoyYOGjVtZZNLU6JYtOGNKan9qBNz1wCn9qBNz12kDqYEv6hk0kyro9JZxwMI8jEnEQBPcLOiB8AxkZx
    [ccAuthReply_amount] => 106.25
    [orderCurrency_publicSignature] => pfcMEzOHelrVLvafAkpPGnECGbk=
    [orderPage_transactionType] => sale
    [ccAuthReply_authorizationCode] => 124699
    [decision_publicSignature] => KnPsJG1LWbeM0M209/iKgV4eG28=
    [ccAuthReply_avsCodeRaw] => A
    [paymentOption] => card
    [billTo_country] => us
    [billTo_email] => yvettegr@hotmail.com
    [reasonCode] => 100
    [order_id] => 36285
    [ccAuthReply_reasonCode] => 100
    [orderPage_environment] => PRODUCTION
    [card_expirationMonth] => 02
    [merchantID] => avtranzsb
    [orderNumber_publicSignature] => Au6m5thUG1FMuwtNxjeGbVTWNvc=
    [requestID] => 3626821964780178147359
    [orderNumber] => 1362682196477
    [signedFields] => billTo_lastName,billTo_phoneNumber,orderAmount,billTo_street1,card_accountNumber,platform,orderAmount_publicSignature,orderPage_serialNumber,orderCurrency,reconciliationID,decision,ccAuthReply_processorResponse,source_domain,billTo_state,billTo_firstName,billTo_customerID,uid,card_expirationYear,merchantDefinedData1,billTo_city,billTo_postalCode,orderPage_requestToken,ccAuthReply_amount,orderCurrency_publicSignature,orderPage_transactionType,ccAuthReply_authorizationCode,decision_publicSignature,ccAuthReply_avsCodeRaw,paymentOption,billTo_country,billTo_email,reasonCode,order_id,ccAuthReply_reasonCode,orderPage_environment,card_expirationMonth,merchantID,orderNumber_publicSignature,requestID,orderNumber,ccAuthReply_authorizedDateTime,card_cardType,ccAuthReply_avsCode
    [ccAuthReply_authorizedDateTime] => 2013-03-07T184957Z
    [card_cardType] => 001
    [ccAuthReply_avsCode] => A
)
Array
(
    [q] => payment-received
    [billTo_lastName] => Grimes
    [billTo_phoneNumber] => 6177910274
    [orderAmount] => 49.5
    [billTo_street1] => PO Box 862
    [card_accountNumber] => ############5872
    [platform] => prd
    [orderAmount_publicSignature] => N6cl3ldDZxaGlw9R8qx53IPCcQI=
    [orderPage_serialNumber] => 3213046286400176056193
    [orderCurrency] => usd
    [reconciliationID] => 184207685Y2516DY5QEL4
    [signedDataPublicSignature] => +BIq+wOUDqD3xcMha62DPCc+KXY=
    [decision] => ACCEPT
    [ccAuthReply_processorResponse] => 00
    [source_domain] => nh.tcro.us
    [billTo_state] => NH
    [billTo_firstName] => Heilan Yvette
    [billTo_customerID] => 1006
    [uid] => 1006
    [card_expirationYear] => 2016
    [merchantDefinedData1] => Request ID: 50375
    [transactionSignature] => a+HMYk7bRR4cLt9iCX2oQdqxmhQ=
    [billTo_city] => Hudson
    [billTo_postalCode] => 03051
    [orderPage_requestToken] => Ahj//wSRiTif0hkP08A+KFWLhoyYN2zhrZZNWLaJZa0YsxooiB5pnsQBURA80z2JpA2asX9QyaSZV0eks44GEeRiTif0hkP08A+Ay0lK
    [ccAuthReply_amount] => 49.50
    [orderCurrency_publicSignature] => pfcMEzOHelrVLvafAkpPGnECGbk=
    [orderPage_transactionType] => sale
    [ccAuthReply_authorizationCode] => 125759
    [decision_publicSignature] => KnPsJG1LWbeM0M209/iKgV4eG28=
    [ccAuthReply_avsCodeRaw] => A
    [paymentOption] => card
    [billTo_country] => us
    [billTo_email] => yvettegr@hotmail.com
    [reasonCode] => 100
    [order_id] => 50375
    [ccAuthReply_reasonCode] => 100
    [orderPage_environment] => PRODUCTION
    [card_expirationMonth] => 02
    [merchantID] => avtranzsb
    [orderNumber_publicSignature] => 5SowJd1ji4epJVJ4Xd9OM5IEI3c=
    [requestID] => 3626825315880178147359
    [orderNumber] => 1362682531587
    [signedFields] => billTo_lastName,billTo_phoneNumber,orderAmount,billTo_street1,card_accountNumber,platform,orderAmount_publicSignature,orderPage_serialNumber,orderCurrency,reconciliationID,decision,ccAuthReply_processorResponse,source_domain,billTo_state,billTo_firstName,billTo_customerID,uid,card_expirationYear,merchantDefinedData1,billTo_city,billTo_postalCode,orderPage_requestToken,ccAuthReply_amount,orderCurrency_publicSignature,orderPage_transactionType,ccAuthReply_authorizationCode,decision_publicSignature,ccAuthReply_avsCodeRaw,paymentOption,billTo_country,billTo_email,reasonCode,order_id,ccAuthReply_reasonCode,orderPage_environment,card_expirationMonth,merchantID,orderNumber_publicSignature,requestID,orderNumber,ccAuthReply_authorizedDateTime,card_cardType,ccAuthReply_avsCode
    [ccAuthReply_authorizedDateTime] => 2013-03-07T185532Z
    [card_cardType] => 001
    [ccAuthReply_avsCode] => A
)
Array
(
    [q] => payment-received
    [billTo_lastName] => Sienkiewicz
    [billTo_phoneNumber] => 6035548464
    [orderAmount] => 2655
    [billTo_street1] => 110 Isaac Frye Hwy
    [card_accountNumber] => ############8849
    [platform] => prd
    [orderAmount_publicSignature] => RSSRl687kzMPNhr6T2Z4MLIeLq4=
    [orderPage_serialNumber] => 3213046286400176056193
    [orderCurrency] => usd
    [reconciliationID] => 184272203Y24ZCDXYP6D4
    [signedDataPublicSignature] => RXnt+cM1zK10hP6U8Y9g7zHgS6g=
    [decision] => ACCEPT
    [ccAuthReply_processorResponse] => 00
    [source_domain] => nh.tcro.us
    [billTo_state] => NH
    [billTo_firstName] => Donald
    [billTo_customerID] => 1213
    [uid] => 1213
    [card_expirationYear] => 2016
    [merchantDefinedData1] => Request ID: 50422
    [transactionSignature] => n75648MTLOC6RxsXJDh5PYrowAk=
    [billTo_city] => Wilton
    [billTo_postalCode] => 03086
    [orderPage_requestToken] => Ahj//wSRiTqJ+FDvJjBGKFWLhoybsmTBnZZNLUOJYs0G0Ron8YEAnh4Cn8YEAnh+kE4Gjhf1DJpJlXR6SzjgYWJGJOon4UO8mMEYFk3s
    [ccAuthReply_amount] => 2655.00
    [orderCurrency_publicSignature] => pfcMEzOHelrVLvafAkpPGnECGbk=
    [orderPage_transactionType] => sale
    [ccAuthReply_authorizationCode] => 00927B
    [decision_publicSignature] => KnPsJG1LWbeM0M209/iKgV4eG28=
    [ccAuthReply_avsCodeRaw] => Y
    [paymentOption] => card
    [billTo_country] => us
    [billTo_email] => TRL@EstatePlanNH.com
    [reasonCode] => 100
    [order_id] => 50422
    [ccAuthReply_reasonCode] => 100
    [orderPage_environment] => PRODUCTION
    [card_expirationMonth] => 02
    [merchantID] => avtranzsb
    [orderNumber_publicSignature] => iCN7ZHTIEHv0szfJr2dAaipHNQg=
    [requestID] => 3626894298260178147363
    [orderNumber] => 1362689429824
    [signedFields] => billTo_lastName,billTo_phoneNumber,orderAmount,billTo_street1,card_accountNumber,platform,orderAmount_publicSignature,orderPage_serialNumber,orderCurrency,reconciliationID,decision,ccAuthReply_processorResponse,source_domain,billTo_state,billTo_firstName,billTo_customerID,uid,card_expirationYear,merchantDefinedData1,billTo_city,billTo_postalCode,orderPage_requestToken,ccAuthReply_amount,orderCurrency_publicSignature,orderPage_transactionType,ccAuthReply_authorizationCode,decision_publicSignature,ccAuthReply_avsCodeRaw,paymentOption,billTo_country,billTo_email,reasonCode,order_id,ccAuthReply_reasonCode,orderPage_environment,card_expirationMonth,merchantID,orderNumber_publicSignature,requestID,orderNumber,ccAuthReply_authorizedDateTime,card_cardType,ccAuthReply_avsCode
    [ccAuthReply_authorizedDateTime] => 2013-03-07T205030Z
    [card_cardType] => 001
    [ccAuthReply_avsCode] => Y
)
Array
(
    [q] => payment-received
    [billTo_lastName] => Olson
    [billTo_phoneNumber] => 6034256555
    [orderAmount] => 38.25
    [billTo_street1] => 2 Palmer Drive Suite 5
    [card_accountNumber] => ############8614
    [platform] => prd
    [orderAmount_publicSignature] => psHW869r37g8iKn0i/W9979wtdw=
    [orderPage_serialNumber] => 3213046286400176056193
    [orderCurrency] => usd
    [reconciliationID] => 184325134Y250KDY4DTE0
    [signedDataPublicSignature] => fvnL3o9hqX//oJ9oLUHn8+XxZQU=
    [decision] => ACCEPT
    [ccAuthReply_processorResponse] => 00
    [source_domain] => nh.tcro.us
    [billTo_state] => NH
    [billTo_firstName] => Carl
    [billTo_customerID] => 679
    [uid] => 679
    [billTo_company] => Law Office of Carl D Olson
    [card_expirationYear] => 2015
    [merchantDefinedData1] => Request ID: 50584
    [transactionSignature] => bSDnK6vwbWQ4xOzLTWTt1qlTCa8=
    [billTo_city] => Londonderry
    [billTo_postalCode] => 03053
    [orderPage_requestToken] => Ahj//wSRiTyvanSqGEhEKFWLhozZNWLNpZZNWEuJZaRKkVgogv8cYtQBUQX+OMWppAzvEv6hk0kyro9JZxwMHkjEnle1OlUMJCIAEAt2
    [ccAuthReply_amount] => 38.25
    [orderCurrency_publicSignature] => pfcMEzOHelrVLvafAkpPGnECGbk=
    [orderPage_transactionType] => sale
    [ccAuthReply_authorizationCode] => 065923
    [decision_publicSignature] => KnPsJG1LWbeM0M209/iKgV4eG28=
    [ccAuthReply_avsCodeRaw] => Y
    [paymentOption] => card
    [billTo_country] => us
    [billTo_email] => attyolson@comcast.net
    [reasonCode] => 100
    [order_id] => 50584
    [ccAuthReply_reasonCode] => 100
    [orderPage_environment] => PRODUCTION
    [card_expirationMonth] => 04
    [merchantID] => avtranzsb
    [orderNumber_publicSignature] => h6eC2pLSAlL2s29wrFE1kEe3Cgk=
    [requestID] => 3626971625890178147362
    [orderNumber] => 1362697162587
    [signedFields] => billTo_lastName,billTo_phoneNumber,orderAmount,billTo_street1,card_accountNumber,platform,orderAmount_publicSignature,orderPage_serialNumber,orderCurrency,reconciliationID,decision,ccAuthReply_processorResponse,source_domain,billTo_state,billTo_firstName,billTo_customerID,uid,billTo_company,card_expirationYear,merchantDefinedData1,billTo_city,billTo_postalCode,orderPage_requestToken,ccAuthReply_amount,orderCurrency_publicSignature,orderPage_transactionType,ccAuthReply_authorizationCode,decision_publicSignature,ccAuthReply_avsCodeRaw,paymentOption,billTo_country,billTo_email,reasonCode,order_id,ccAuthReply_reasonCode,orderPage_environment,card_expirationMonth,merchantID,orderNumber_publicSignature,requestID,orderNumber,ccAuthReply_authorizedDateTime,card_cardType,ccAuthReply_avsCode
    [ccAuthReply_authorizedDateTime] => 2013-03-07T225923Z
    [card_cardType] => 001
    [ccAuthReply_avsCode] => Y
)
Array
(
    [q] => payment-received
    [billTo_lastName] => Manning
    [billTo_phoneNumber] => 6036263301
    [orderAmount] => 1125
    [billTo_street1] => atten Tom Pappas:Primmer Piper eggleston & Cramer  900 Elm St. 16 th floor Manchester, NH 03101
    [card_accountNumber] => ############0046
    [platform] => prd
    [orderAmount_publicSignature] => /ZZYA3uZnNqrYfokguCtxLkbhKc=
    [orderPage_serialNumber] => 3213046286400176056193
    [orderCurrency] => usd
    [signedDataPublicSignature] => UTpJQdHhZANVwF67R505ooyE5tg=
    [decision] => REJECT
    [ccAuthReply_processorResponse] => 05
    [source_domain] => nh.tcro.us
    [billTo_state] => NH
    [billTo_firstName] => Joseph
    [billTo_customerID] => 1551
    [uid] => 1551
    [billTo_company] => Thomas pappas
    [card_expirationYear] => 2015
    [merchantDefinedData1] => Request ID: 50589
    [transactionSignature] => Lk1sYrjC+kuNLaJWdHxsoq5pfcg=
    [billTo_city] => Manchester
    [billTo_postalCode] => 03101
    [orderPage_requestToken] => Ahj77wSRiT6DMYNY5QhGKJ/Nd15iMAp/Nd15iNpBHbuhf0mXpJlXR6SzjgGEjEn0GYwaxyhCMAAA/ARx
    [orderCurrency_publicSignature] => pfcMEzOHelrVLvafAkpPGnECGbk=
    [orderPage_transactionType] => sale
    [decision_publicSignature] => 0dXZuXVlTstro9Mt4xaCuwk/s40=
    [ccAuthReply_avsCodeRaw] => N
    [paymentOption] => card
    [billTo_country] => us
    [billTo_email] => manningjoseph95@gmail.com
    [reasonCode] => 203
    [order_id] => 50589
    [ccAuthReply_reasonCode] => 203
    [orderPage_environment] => PRODUCTION
    [card_expirationMonth] => 06
    [merchantID] => avtranzsb
    [orderNumber_publicSignature] => SOf7OaGKTXS2DmwP2goO+vN/tN0=
    [requestID] => 3627037459730178147363
    [orderNumber] => 1362703745972
    [signedFields] => billTo_lastName,billTo_phoneNumber,orderAmount,billTo_street1,card_accountNumber,platform,orderAmount_publicSignature,orderPage_serialNumber,orderCurrency,decision,ccAuthReply_processorResponse,source_domain,billTo_state,billTo_firstName,billTo_customerID,uid,billTo_company,card_expirationYear,merchantDefinedData1,billTo_city,billTo_postalCode,orderPage_requestToken,orderCurrency_publicSignature,orderPage_transactionType,decision_publicSignature,ccAuthReply_avsCodeRaw,paymentOption,billTo_country,billTo_email,reasonCode,order_id,ccAuthReply_reasonCode,orderPage_environment,card_expirationMonth,merchantID,orderNumber_publicSignature,requestID,orderNumber,card_cardType,ccAuthReply_avsCode
    [card_cardType] => 001
    [ccAuthReply_avsCode] => N
)
Array
(
    [q] => payment-received
    [billTo_lastName] => Manning
    [billTo_phoneNumber] => 6036263301
    [orderAmount] => 1125
    [billTo_street1] => 900 Elm st.  16th floor
    [card_accountNumber] => ############0046
    [platform] => prd
    [orderAmount_publicSignature] => /ZZYA3uZnNqrYfokguCtxLkbhKc=
    [orderPage_serialNumber] => 3213046286400176056193
    [orderCurrency] => usd
    [reconciliationID] => 184360747Y250YDY52GCU
    [signedDataPublicSignature] => o7OZJeRc3zEChGEI76CpHXMDDJk=
    [decision] => ACCEPT
    [ccAuthReply_processorResponse] => 00
    [source_domain] => nh.tcro.us
    [billTo_state] => NH
    [billTo_firstName] => Joseph
    [billTo_customerID] => 1551
    [uid] => 1551
    [billTo_company] => Thomas pappas
    [card_expirationYear] => 2015
    [merchantDefinedData1] => Request ID: 50589
    [transactionSignature] => SfJNHudK1yIahZOKLP2kIXUBxas=
    [billTo_city] => Manchester
    [billTo_postalCode] => 03101
    [orderPage_requestToken] => Ahj//wSRiT6iZR0pcuBGKFWLhozbMG7RvZZNWFmJZaso8OqohkGTtfkBUQyDJ2vzpBHbuhf1DJpJlXR6SzjgYMJGJPqJlHSly4EYAXGw
    [ccAuthReply_amount] => 1125.00
    [orderCurrency_publicSignature] => pfcMEzOHelrVLvafAkpPGnECGbk=
    [orderPage_transactionType] => sale
    [ccAuthReply_authorizationCode] => 007814
    [decision_publicSignature] => KnPsJG1LWbeM0M209/iKgV4eG28=
    [ccAuthReply_avsCodeRaw] => N
    [paymentOption] => card
    [billTo_country] => us
    [billTo_email] => manningjoseph95@gmail.com
    [reasonCode] => 100
    [order_id] => 50589
    [ccAuthReply_reasonCode] => 100
    [orderPage_environment] => PRODUCTION
    [card_expirationMonth] => 07
    [merchantID] => avtranzsb
    [orderNumber_publicSignature] => a2doW+BDs/NqSx+IkbfyupYC7zs=
    [requestID] => 3627041850960178147363
    [orderNumber] => 1362704185094
    [signedFields] => billTo_lastName,billTo_phoneNumber,orderAmount,billTo_street1,card_accountNumber,platform,orderAmount_publicSignature,orderPage_serialNumber,orderCurrency,reconciliationID,decision,ccAuthReply_processorResponse,source_domain,billTo_state,billTo_firstName,billTo_customerID,uid,billTo_company,card_expirationYear,merchantDefinedData1,billTo_city,billTo_postalCode,orderPage_requestToken,ccAuthReply_amount,orderCurrency_publicSignature,orderPage_transactionType,ccAuthReply_authorizationCode,decision_publicSignature,ccAuthReply_avsCodeRaw,paymentOption,billTo_country,billTo_email,reasonCode,order_id,ccAuthReply_reasonCode,orderPage_environment,card_expirationMonth,merchantID,orderNumber_publicSignature,requestID,orderNumber,ccAuthReply_authorizedDateTime,card_cardType,ccAuthReply_avsCode
    [ccAuthReply_authorizedDateTime] => 2013-03-08T005625Z
    [card_cardType] => 001
    [ccAuthReply_avsCode] => N
)
