Array
(
    [Order ID] => 0
    [Price] => 24.75
    [User ID] => 1291
    [IP] => 70.96.33.195
    [Timestamp] => 1358872840
    [Time/Date] => Tue, 22 Jan 2013 11:40:40 -0500
    [Order Page Timestamp] => 1358872829315
    [Order Page Time/Date] => Sun, 19 Dec 45030 13:48:35 -0500
    [User Agent] => Mozilla/5.0 (Windows NT 6.1; WOW64) AppleWebKit/537.17 (KHTML, like Gecko) Chrome/24.0.1312.52 Safari/537.17
)
Array
(
    [Order ID] => 0
    [Price] => 266
    [User ID] => 981
    [IP] => 24.62.159.241
    [Timestamp] => 1358873402
    [Time/Date] => Tue, 22 Jan 2013 11:50:02 -0500
    [Order Page Timestamp] => 1358873374823
    [Order Page Time/Date] => Sat, 25 Dec 45030 21:20:23 -0500
    [User Agent] => Mozilla/4.0 (compatible; MSIE 8.0; Windows NT 6.1; WOW64; Trident/4.0; GTB7.4; chromeframe/24.0.1312.52; SLCC2; .NET CLR 2.0.50727; .NET CLR 3.5.30729; .NET CLR 3.0.30729; Media Center PC 6.0; CPDTDF; AskTbAD2/5.13.1.18107; .NET4.0C)
)
