Array
(
    [Order ID] => 0
    [Price] => 212.5
    [User ID] => 920
    [IP] => 173.166.40.49
    [Timestamp] => 1362501533
    [Time/Date] => Tue, 05 Mar 2013 11:38:53 -0500
    [Order Page Timestamp] => 1362499163786
    [Order Page Time/Date] => Sun, 18 Nov 45145 00:56:26 -0500
    [User Agent] => Mozilla/5.0 (Windows NT 5.1) AppleWebKit/537.22 (KHTML, like Gecko) Chrome/25.0.1364.97 Safari/537.22
)
Array
(
    [Order ID] => 0
    [Price] => 212.5
    [User ID] => 920
    [IP] => 173.166.40.49
    [Timestamp] => 1362501610
    [Time/Date] => Tue, 05 Mar 2013 11:40:10 -0500
    [Order Page Timestamp] => 1362499163786
    [Order Page Time/Date] => Sun, 18 Nov 45145 00:56:26 -0500
    [User Agent] => Mozilla/5.0 (Windows NT 5.1) AppleWebKit/537.22 (KHTML, like Gecko) Chrome/25.0.1364.97 Safari/537.22
)
Array
(
    [Order ID] => 0
    [Price] => 212.5
    [User ID] => 920
    [IP] => 173.166.40.49
    [Timestamp] => 1362503722
    [Time/Date] => Tue, 05 Mar 2013 12:15:22 -0500
    [Order Page Timestamp] => 1362499163786
    [Order Page Time/Date] => Sun, 18 Nov 45145 00:56:26 -0500
    [User Agent] => Mozilla/5.0 (Windows NT 5.1) AppleWebKit/537.22 (KHTML, like Gecko) Chrome/25.0.1364.97 Safari/537.22
)
Array
(
    [Order ID] => 0
    [Price] => 212.5
    [User ID] => 920
    [IP] => 173.166.40.49
    [Timestamp] => 1362503745
    [Time/Date] => Tue, 05 Mar 2013 12:15:45 -0500
    [Order Page Timestamp] => 1362503736890
    [Order Page Time/Date] => Wed, 09 Jan 45146 23:14:50 -0500
    [User Agent] => Mozilla/5.0 (Windows NT 5.1) AppleWebKit/537.22 (KHTML, like Gecko) Chrome/25.0.1364.97 Safari/537.22
)
Array
(
    [Order ID] => 0
    [Price] => 460
    [User ID] => 1532
    [IP] => 63.118.187.210
    [Timestamp] => 1362516456
    [Time/Date] => Tue, 05 Mar 2013 15:47:36 -0500
    [Order Page Timestamp] => 1362516438842
    [Order Page Time/Date] => Wed, 05 Jun 45146 23:34:02 -0500
    [User Agent] => Mozilla/4.0 (compatible; MSIE 8.0; Windows NT 5.1; Trident/4.0; GTB7.4; .NET CLR 1.1.4322; MS-RTC LM 8; .NET CLR 2.0.50727; .NET CLR 3.0.4506.2152; .NET CLR 3.5.30729)
)
