Array
(
    [Order ID] => 0
    [Price] => 114.25
    [User ID] => 1212
    [IP] => 24.147.214.103
    [Timestamp] => 1357145954
    [Time/Date] => Wed, 02 Jan 2013 11:59:14 -0500
    [Order Page Timestamp] => 1357145705123
    [Order Page Time/Date] => Tue, 26 Mar 44976 17:05:23 -0500
    [User Agent] => Mozilla/5.0 (compatible; MSIE 9.0; Windows NT 6.1; WOW64; Trident/5.0)
)
Array
(
    [Order ID] => 0
    [Price] => 275
    [User ID] => 1213
    [IP] => 24.61.74.128
    [Timestamp] => 1357164689
    [Time/Date] => Wed, 02 Jan 2013 17:11:29 -0500
    [Order Page Timestamp] => 1357163339702
    [Order Page Time/Date] => Wed, 16 Oct 44976 19:35:02 -0500
    [User Agent] => Mozilla/5.0 (compatible; MSIE 9.0; Windows NT 6.1; Trident/5.0)
)
