Array
(
    [q] => payment-received
    [billTo_lastName] => Kuczwara
    [billTo_phoneNumber] => 6035051769
    [orderAmount] => 137.5
    [billTo_street1] => 38 Mill Road
    [card_accountNumber] => ############9172
    [platform] => prd
    [orderAmount_publicSignature] => QvCqkMuKXpH5a050hcLLVnI9d4Y=
    [orderPage_serialNumber] => 3213046286400176056193
    [orderCurrency] => usd
    [reconciliationID] => 193353037Y24ZBERKH2Z8
    [signedDataPublicSignature] => Vj28Xv3ChkWVWxJQ0AAjZFVvFnA=
    [decision] => ACCEPT
    [ccAuthReply_processorResponse] => 00
    [source_domain] => nh.tcro.us
    [billTo_state] => NH
    [billTo_firstName] => Judith
    [billTo_customerID] => 500
    [uid] => 500
    [card_expirationYear] => 2016
    [merchantDefinedData1] => Request ID: 53791
    [transactionSignature] => rpekeL0EH3S4ye614UoH4Vg5WS0=
    [billTo_city] => Derry
    [billTo_postalCode] => 03038
    [orderPage_requestToken] => Ahj//wSRi0YBcsROPHBAKFWLlmzas2DNvZZNLUKLSlyGVpwn8QvxDJQCn8QvxDJWkDtbYwQhk0kyro9JZxwMHUjFowC5YiceOCAA/Qxd
    [ccAuthReply_amount] => 137.50
    [orderCurrency_publicSignature] => pfcMEzOHelrVLvafAkpPGnECGbk=
    [orderPage_transactionType] => sale
    [ccAuthReply_authorizationCode] => 104732
    [decision_publicSignature] => KnPsJG1LWbeM0M209/iKgV4eG28=
    [ccAuthReply_avsCodeRaw] => Y
    [paymentOption] => card
    [billTo_country] => us
    [billTo_email] => msjfkuczwara@yahoo.com
    [reasonCode] => 100
    [order_id] => 53791
    [ccAuthReply_reasonCode] => 100
    [orderPage_environment] => PRODUCTION
    [card_expirationMonth] => 03
    [merchantID] => avtranzsb
    [orderNumber_publicSignature] => iLOybu4g6UQ5nVOACi60LbF1QWw=
    [requestID] => 3645754174180178147360
    [orderNumber] => 1364575417416
    [signedFields] => billTo_lastName,billTo_phoneNumber,orderAmount,billTo_street1,card_accountNumber,platform,orderAmount_publicSignature,orderPage_serialNumber,orderCurrency,reconciliationID,decision,ccAuthReply_processorResponse,source_domain,billTo_state,billTo_firstName,billTo_customerID,uid,card_expirationYear,merchantDefinedData1,billTo_city,billTo_postalCode,orderPage_requestToken,ccAuthReply_amount,orderCurrency_publicSignature,orderPage_transactionType,ccAuthReply_authorizationCode,decision_publicSignature,ccAuthReply_avsCodeRaw,paymentOption,billTo_country,billTo_email,reasonCode,order_id,ccAuthReply_reasonCode,orderPage_environment,card_expirationMonth,merchantID,orderNumber_publicSignature,requestID,orderNumber,ccAuthReply_authorizedDateTime,card_cardType,ccAuthReply_avsCode
    [ccAuthReply_authorizedDateTime] => 2013-03-29T164338Z
    [card_cardType] => 001
    [ccAuthReply_avsCode] => Y
)
Array
(
    [q] => payment-received
    [billTo_lastName] => Dow
    [billTo_phoneNumber] => 6035580659
    [orderAmount] => 71.25
    [billTo_street1] => PO Box 1423
    [card_accountNumber] => ############5890
    [platform] => prd
    [orderAmount_publicSignature] => PLHZUzQcGRZEVX8gh1h4RRl4D8c=
    [orderPage_serialNumber] => 3213046286400176056193
    [orderCurrency] => usd
    [reconciliationID] => 193382454Y250WERPMI4O
    [signedDataPublicSignature] => RDzSv/R86JAIi/GPFA9AlF4LL8Q=
    [decision] => ACCEPT
    [ccAuthReply_processorResponse] => 00
    [source_domain] => nh.tcro.us
    [billTo_state] => NH
    [billTo_firstName] => Sherrea
    [billTo_customerID] => 247
    [uid] => 247
    [card_expirationYear] => 2015
    [merchantDefinedData1] => Request ID: 53175
    [transactionSignature] => YIr7SqBdJSYQRxuwvQYuKNf0Pqg=
    [billTo_city] => Claremont
    [billTo_postalCode] => 03743
    [orderPage_requestToken] => Ahj//wSRi0btrzwqn/hGKFWLlmzcMmjVpZZNWFeLSoTZLSeohctwpUMBUQuW4UqHpA3eqYIQyaSZV0eks44GESRi0btrzwqn/hGAXFaK
    [ccAuthReply_amount] => 71.25
    [orderCurrency_publicSignature] => pfcMEzOHelrVLvafAkpPGnECGbk=
    [orderPage_transactionType] => sale
    [ccAuthReply_authorizationCode] => 071034
    [decision_publicSignature] => KnPsJG1LWbeM0M209/iKgV4eG28=
    [ccAuthReply_avsCodeRaw] => Z
    [paymentOption] => card
    [billTo_country] => us
    [reasonCode] => 100
    [order_id] => 53175
    [ccAuthReply_reasonCode] => 100
    [orderPage_environment] => PRODUCTION
    [card_expirationMonth] => 03
    [merchantID] => avtranzsb
    [orderNumber_publicSignature] => xB74WbwWk4rHmDzi8TfNJ2xhUb4=
    [requestID] => 3645787421470178147363
    [orderNumber] => 1364578742146
    [signedFields] => billTo_lastName,billTo_phoneNumber,orderAmount,billTo_street1,card_accountNumber,platform,orderAmount_publicSignature,orderPage_serialNumber,orderCurrency,reconciliationID,decision,ccAuthReply_processorResponse,source_domain,billTo_state,billTo_firstName,billTo_customerID,uid,card_expirationYear,merchantDefinedData1,billTo_city,billTo_postalCode,orderPage_requestToken,ccAuthReply_amount,orderCurrency_publicSignature,orderPage_transactionType,ccAuthReply_authorizationCode,decision_publicSignature,ccAuthReply_avsCodeRaw,paymentOption,billTo_country,reasonCode,order_id,ccAuthReply_reasonCode,orderPage_environment,card_expirationMonth,merchantID,orderNumber_publicSignature,requestID,orderNumber,ccAuthReply_authorizedDateTime,card_cardType,ccAuthReply_avsCode
    [ccAuthReply_authorizedDateTime] => 2013-03-29T173902Z
    [card_cardType] => 001
    [ccAuthReply_avsCode] => Z
)
