Array
(
    [Order ID] => 0
    [Price] => 3212.5
    [User ID] => 1587
    [IP] => 206.48.240.194
    [Timestamp] => 1363185116
    [Time/Date] => Wed, 13 Mar 2013 10:31:56 -0400
    [Order Page Timestamp] => 1363185091765
    [Order Page Time/Date] => Mon, 14 Aug 45167 00:29:25 -0500
    [User Agent] => Mozilla/4.0 (compatible; MSIE 8.0; Windows NT 5.1; Trident/4.0; .NET CLR 1.1.4322; .NET CLR 2.0.50727; .NET CLR 3.0.4506.2152; .NET CLR 3.5.30729; .NET4.0C; .NET4.0E)
)
Array
(
    [Order ID] => 0
    [Price] => 0
    [User ID] => 0
    [IP] => 150.70.64.217
    [Timestamp] => 1363185276
    [Time/Date] => Wed, 13 Mar 2013 10:34:36 -0400
    [Order Page Timestamp] => 0
    [Order Page Time/Date] => Wed, 31 Dec 1969 19:00:00 -0500
    [User Agent] => Mozilla/4.0 (compatible; MSIE 6.0; Windows NT 5.1)
)
Array
(
    [Order ID] => 0
    [Price] => 147.5
    [User ID] => 1482
    [IP] => 67.189.235.100
    [Timestamp] => 1363199406
    [Time/Date] => Wed, 13 Mar 2013 14:30:06 -0400
    [Order Page Timestamp] => 1363199397682
    [Order Page Time/Date] => Fri, 26 Jan 45168 14:21:22 -0500
    [User Agent] => Mozilla/5.0 (Windows NT 5.1; rv:19.0) Gecko/20100101 Firefox/19.0
)
Array
(
    [Order ID] => 0
    [Price] => 850
    [User ID] => 1593
    [IP] => 76.24.44.10
    [Timestamp] => 1363206311
    [Time/Date] => Wed, 13 Mar 2013 16:25:11 -0400
    [Order Page Timestamp] => 1363206278332
    [Order Page Time/Date] => Mon, 15 Apr 45168 05:38:52 -0500
    [User Agent] => Mozilla/5.0 (compatible; MSIE 9.0; Windows NT 6.1; WOW64; Trident/5.0; MAAU)
)
