Array
(
    [q] => payment-received
    [billTo_lastName] => Sweetland
    [billTo_phoneNumber] => 6034949816
    [orderAmount] => 106.25
    [billTo_street1] => 17 Cheryl Drive
    [card_accountNumber] => ############8834
    [platform] => prd
    [orderAmount_publicSignature] => ApSm71QGY/T/ewaEkBUcV3evoAk=
    [orderPage_serialNumber] => 3213046286400176056193
    [orderCurrency] => usd
    [reconciliationID] => 192376190Y250NEROQF3D
    [signedDataPublicSignature] => VnIxJJBNHFLGkRHKUnP1W6gThL4=
    [decision] => ACCEPT
    [ccAuthReply_processorResponse] => 00
    [source_domain] => nh.tcro.us
    [billTo_state] => NH
    [billTo_firstName] => Robin
    [billTo_customerID] => 1766
    [uid] => 1766
    [card_expirationYear] => 2016
    [merchantDefinedData1] => Request ID: 53351
    [transactionSignature] => hOkSxuCay2KD9NBJFNcqY4Sj0dE=
    [billTo_city] => Allenstown
    [billTo_postalCode] => 03275
    [orderPage_requestToken] => Ahj//wSRixGI0Eh0NvhAKFWLlkzbtmLlhZZNWE6LSn0YzOIog7L6Zc8BUQdl9MufpA6mBMDoZNJMq6PSWccDCPIxYjEaCQ6G3wgAEiVe
    [ccAuthReply_amount] => 106.25
    [orderCurrency_publicSignature] => pfcMEzOHelrVLvafAkpPGnECGbk=
    [orderPage_transactionType] => sale
    [ccAuthReply_authorizationCode] => 272912
    [decision_publicSignature] => KnPsJG1LWbeM0M209/iKgV4eG28=
    [ccAuthReply_avsCodeRaw] => Y
    [paymentOption] => card
    [billTo_country] => us
    [billTo_email] => mattandrobinstephan@hotmail.com
    [reasonCode] => 100
    [order_id] => 53351
    [ccAuthReply_reasonCode] => 100
    [orderPage_environment] => PRODUCTION
    [card_expirationMonth] => 03
    [merchantID] => avtranzsb
    [orderNumber_publicSignature] => j84qb3kR0Kg8VjPA0y3q0SNIwxk=
    [requestID] => 3643863698910178147360
    [orderNumber] => 1364386369889
    [signedFields] => billTo_lastName,billTo_phoneNumber,orderAmount,billTo_street1,card_accountNumber,platform,orderAmount_publicSignature,orderPage_serialNumber,orderCurrency,reconciliationID,decision,ccAuthReply_processorResponse,source_domain,billTo_state,billTo_firstName,billTo_customerID,uid,card_expirationYear,merchantDefinedData1,billTo_city,billTo_postalCode,orderPage_requestToken,ccAuthReply_amount,orderCurrency_publicSignature,orderPage_transactionType,ccAuthReply_authorizationCode,decision_publicSignature,ccAuthReply_avsCodeRaw,paymentOption,billTo_country,billTo_email,reasonCode,order_id,ccAuthReply_reasonCode,orderPage_environment,card_expirationMonth,merchantID,orderNumber_publicSignature,requestID,orderNumber,ccAuthReply_authorizedDateTime,card_cardType,ccAuthReply_avsCode
    [ccAuthReply_authorizedDateTime] => 2013-03-27T121250Z
    [card_cardType] => 001
    [ccAuthReply_avsCode] => Y
)
Array
(
    [q] => payment-received
    [billTo_lastName] => Martin
    [billTo_phoneNumber] => 60385602021
    [orderAmount] => 34
    [billTo_street1] => 22 Bridge Street
    [billTo_street2] => Suite 3
    [card_accountNumber] => ############0051
    [platform] => prd
    [orderAmount_publicSignature] => 6w58nSOFT5bfzr2jwC47B8fa0ig=
    [orderPage_serialNumber] => 3213046286400176056193
    [orderCurrency] => usd
    [reconciliationID] => 192578790Y250WERPIB1B
    [signedDataPublicSignature] => ieh/cpr2GCFy3gRigV4B55HehKA=
    [decision] => ACCEPT
    [ccAuthReply_processorResponse] => 00
    [source_domain] => nh.tcro.us
    [billTo_state] => NH
    [billTo_firstName] => Stephen
    [billTo_customerID] => 1346
    [uid] => 1346
    [billTo_company] => The Law Offices of Martin & Hipple, PLLC
    [card_expirationYear] => 2014
    [merchantDefinedData1] => Request ID: 53313
    [transactionSignature] => ZksKhPhU5FfKVL7A6AAoFFscw3w=
    [billTo_city] => Concord
    [billTo_postalCode] => 03301
    [orderPage_requestToken] => Ahj//wSRixmZEI4lYHBCKFWLlk1buG7lhZZNWFeLSoSYTGEohctsjmoBUQuW2RzVpAzUgwOhk0kyro9JZxwMEUjFjMyIRxKwOCEA90Qj
    [ccAuthReply_amount] => 34.00
    [orderCurrency_publicSignature] => pfcMEzOHelrVLvafAkpPGnECGbk=
    [orderPage_transactionType] => sale
    [ccAuthReply_authorizationCode] => 170341
    [decision_publicSignature] => KnPsJG1LWbeM0M209/iKgV4eG28=
    [ccAuthReply_avsCodeRaw] => Y
    [paymentOption] => card
    [billTo_country] => us
    [billTo_email] => smartin@nhlegalservices.com
    [reasonCode] => 100
    [order_id] => 53313
    [ccAuthReply_reasonCode] => 100
    [orderPage_environment] => PRODUCTION
    [card_expirationMonth] => 01
    [merchantID] => avtranzsb
    [orderNumber_publicSignature] => g4xqeMitmKp77U7NeC/jeQOp20I=
    [requestID] => 3644154216420178147361
    [orderNumber] => 1364415421640
    [signedFields] => billTo_lastName,billTo_phoneNumber,orderAmount,billTo_street1,billTo_street2,card_accountNumber,platform,orderAmount_publicSignature,orderPage_serialNumber,orderCurrency,reconciliationID,decision,ccAuthReply_processorResponse,source_domain,billTo_state,billTo_firstName,billTo_customerID,uid,billTo_company,card_expirationYear,merchantDefinedData1,billTo_city,billTo_postalCode,orderPage_requestToken,ccAuthReply_amount,orderCurrency_publicSignature,orderPage_transactionType,ccAuthReply_authorizationCode,decision_publicSignature,ccAuthReply_avsCodeRaw,paymentOption,billTo_country,billTo_email,reasonCode,order_id,ccAuthReply_reasonCode,orderPage_environment,card_expirationMonth,merchantID,orderNumber_publicSignature,requestID,orderNumber,ccAuthReply_authorizedDateTime,card_cardType,ccAuthReply_avsCode
    [ccAuthReply_authorizedDateTime] => 2013-03-27T201702Z
    [card_cardType] => 001
    [ccAuthReply_avsCode] => Y
)
