Array
(
    [Order ID] => 0
    [Price] => 175
    [User ID] => 1521
    [IP] => 71.181.81.157
    [Timestamp] => 1362413169
    [Time/Date] => Mon, 04 Mar 2013 11:06:09 -0500
    [Order Page Timestamp] => 1362413145152
    [Order Page Time/Date] => Fri, 26 Feb 45143 10:52:32 -0500
    [User Agent] => Mozilla/4.0 (compatible; MSIE 8.0; Windows NT 6.1; Trident/4.0; GTB7.4; SLCC2; .NET CLR 2.0.50727; .NET CLR 3.5.30729; .NET CLR 3.0.30729; Media Center PC 6.0; InfoPath.3; .NET4.0C)
)
Array
(
    [Order ID] => 0
    [Price] => 25
    [User ID] => 1522
    [IP] => 68.50.119.75
    [Timestamp] => 1362421142
    [Time/Date] => Mon, 04 Mar 2013 13:19:02 -0500
    [Order Page Timestamp] => 1362421133408
    [Order Page Time/Date] => Sat, 29 May 45143 21:50:08 -0500
    [User Agent] => Mozilla/5.0 (Macintosh; Intel Mac OS X 10_7_5) AppleWebKit/536.26.17 (KHTML, like Gecko) Version/6.0.2 Safari/536.26.17
)
Array
(
    [Order ID] => 0
    [Price] => 187.5
    [User ID] => 430
    [IP] => 70.96.33.195
    [Timestamp] => 1362427312
    [Time/Date] => Mon, 04 Mar 2013 15:01:52 -0500
    [Order Page Timestamp] => 1362427307881
    [Order Page Time/Date] => Mon, 09 Aug 45143 08:58:01 -0500
    [User Agent] => Mozilla/5.0 (Windows NT 6.1; WOW64) AppleWebKit/537.22 (KHTML, like Gecko) Chrome/25.0.1364.97 Safari/537.22
)
Array
(
    [Order ID] => 0
    [Price] => 275
    [User ID] => 247
    [IP] => 70.96.33.195
    [Timestamp] => 1362436541
    [Time/Date] => Mon, 04 Mar 2013 17:35:41 -0500
    [Order Page Timestamp] => 1362436479324
    [Order Page Time/Date] => Tue, 23 Nov 45143 12:35:24 -0500
    [User Agent] => Mozilla/5.0 (Windows NT 6.1; WOW64) AppleWebKit/537.22 (KHTML, like Gecko) Chrome/25.0.1364.97 Safari/537.22
)
Array
(
    [Order ID] => 0
    [Price] => 622.5
    [User ID] => 539
    [IP] => 50.78.244.141
    [Timestamp] => 1362438838
    [Time/Date] => Mon, 04 Mar 2013 18:13:58 -0500
    [Order Page Timestamp] => 1362438831275
    [Order Page Time/Date] => Mon, 20 Dec 45143 17:54:35 -0500
    [User Agent] => Mozilla/5.0 (compatible; MSIE 9.0; Windows NT 6.1; WOW64; Trident/5.0)
)
