Array
(
    [Order ID] => 0
    [Price] => 1031.25
    [User ID] => 1303
    [IP] => 24.91.108.11
    [Timestamp] => 1360250359
    [Time/Date] => Thu, 07 Feb 2013 10:19:19 -0500
    [Order Page Timestamp] => 1360249343290
    [Order Page Time/Date] => Sun, 02 Aug 45074 10:48:10 -0500
    [User Agent] => Mozilla/5.0 (Windows NT 6.1; WOW64; rv:18.0) Gecko/20100101 Firefox/18.0
)
Array
(
    [Order ID] => 0
    [Price] => 275
    [User ID] => 604
    [IP] => 70.96.33.195
    [Timestamp] => 1360254538
    [Time/Date] => Thu, 07 Feb 2013 11:28:58 -0500
    [Order Page Timestamp] => 1360254531619
    [Order Page Time/Date] => Thu, 01 Oct 45074 12:00:19 -0500
    [User Agent] => Mozilla/5.0 (Windows NT 6.1; rv:18.0) Gecko/20100101 Firefox/18.0
)
Array
(
    [Order ID] => 0
    [Price] => 1031.25
    [User ID] => 1303
    [IP] => 24.91.108.11
    [Timestamp] => 1360269341
    [Time/Date] => Thu, 07 Feb 2013 15:35:41 -0500
    [Order Page Timestamp] => 1360269337861
    [Order Page Time/Date] => Sun, 21 Mar 45075 20:51:01 -0500
    [User Agent] => Mozilla/5.0 (Windows NT 6.1; WOW64; rv:18.0) Gecko/20100101 Firefox/18.0
)
