Array
(
    [Order ID] => 0
    [Price] => 48.75
    [User ID] => 937
    [IP] => 24.218.230.121
    [Timestamp] => 1358954966
    [Time/Date] => Wed, 23 Jan 2013 10:29:26 -0500
    [Order Page Timestamp] => 1358954919822
    [Order Page Time/Date] => Fri, 26 Jul 45033 16:43:42 -0500
    [User Agent] => Mozilla/5.0 (Macintosh; Intel Mac OS X 10_7_5) AppleWebKit/536.26.17 (KHTML, like Gecko) Version/6.0.2 Safari/536.26.17
)
Array
(
    [Order ID] => 0
    [Price] => 48.75
    [User ID] => 937
    [IP] => 24.218.230.121
    [Timestamp] => 1358954970
    [Time/Date] => Wed, 23 Jan 2013 10:29:30 -0500
    [Order Page Timestamp] => 1358954919822
    [Order Page Time/Date] => Fri, 26 Jul 45033 16:43:42 -0500
    [User Agent] => Mozilla/5.0 (Macintosh; Intel Mac OS X 10_7_5) AppleWebKit/536.26.17 (KHTML, like Gecko) Version/6.0.2 Safari/536.26.17
)
Array
(
    [Order ID] => 0
    [Price] => 48.75
    [User ID] => 937
    [IP] => 24.218.230.121
    [Timestamp] => 1358955096
    [Time/Date] => Wed, 23 Jan 2013 10:31:36 -0500
    [Order Page Timestamp] => 1358954919822
    [Order Page Time/Date] => Fri, 26 Jul 45033 16:43:42 -0500
    [User Agent] => Mozilla/5.0 (Macintosh; Intel Mac OS X 10_7_5) AppleWebKit/536.26.17 (KHTML, like Gecko) Version/6.0.2 Safari/536.26.17
)
Array
(
    [Order ID] => 0
    [Price] => 48.75
    [User ID] => 937
    [IP] => 24.218.230.121
    [Timestamp] => 1358955241
    [Time/Date] => Wed, 23 Jan 2013 10:34:01 -0500
    [Order Page Timestamp] => 1358954919822
    [Order Page Time/Date] => Fri, 26 Jul 45033 16:43:42 -0500
    [User Agent] => Mozilla/5.0 (Macintosh; Intel Mac OS X 10_7_5) AppleWebKit/536.26.17 (KHTML, like Gecko) Version/6.0.2 Safari/536.26.17
)
Array
(
    [Order ID] => 0
    [Price] => 48.75
    [User ID] => 937
    [IP] => 24.218.230.121
    [Timestamp] => 1358957027
    [Time/Date] => Wed, 23 Jan 2013 11:03:47 -0500
    [Order Page Timestamp] => 1358957004810
    [Order Page Time/Date] => Mon, 19 Aug 45033 19:53:30 -0500
    [User Agent] => Mozilla/5.0 (Macintosh; Intel Mac OS X 10_7_5) AppleWebKit/536.26.17 (KHTML, like Gecko) Version/6.0.2 Safari/536.26.17
)
Array
(
    [Order ID] => 0
    [Price] => 48.75
    [User ID] => 500
    [IP] => 70.96.33.195
    [Timestamp] => 1358957553
    [Time/Date] => Wed, 23 Jan 2013 11:12:33 -0500
    [Order Page Timestamp] => 1358957433045
    [Order Page Time/Date] => Sat, 24 Aug 45033 18:50:45 -0500
    [User Agent] => Mozilla/5.0 (Windows NT 6.1; WOW64) AppleWebKit/537.17 (KHTML, like Gecko) Chrome/24.0.1312.52 Safari/537.17
)
Array
(
    [Order ID] => 0
    [Price] => 825
    [User ID] => 263
    [IP] => 24.147.94.203
    [Timestamp] => 1358960677
    [Time/Date] => Wed, 23 Jan 2013 12:04:37 -0500
    [Order Page Timestamp] => 1358960631021
    [Order Page Time/Date] => Mon, 30 Sep 45033 19:10:21 -0500
    [User Agent] => Mozilla/5.0 (Windows NT 6.1; WOW64) AppleWebKit/537.17 (KHTML, like Gecko) Chrome/24.0.1312.52 Safari/537.17
)
Array
(
    [Order ID] => 0
    [Price] => 175
    [User ID] => 479
    [IP] => 70.88.214.25
    [Timestamp] => 1358967292
    [Time/Date] => Wed, 23 Jan 2013 13:54:52 -0500
    [Order Page Timestamp] => 1358967194305
    [Order Page Time/Date] => Sun, 15 Dec 45033 18:18:25 -0500
    [User Agent] => Mozilla/4.0 (compatible; MSIE 8.0; Windows NT 5.1; Trident/4.0; .NET CLR 1.1.4322; .NET CLR 2.0.50727; .NET CLR 3.0.04506.30; .NET CLR 3.0.4506.2152; .NET CLR 3.5.30729; .NET4.0C)
)
