Array
(
    [q] => payment-received
    [billTo_lastName] => Martin
    [billTo_phoneNumber] => 60385602021
    [orderAmount] => 106.25
    [billTo_street1] => 22 Bridge Street; Suite 3
    [card_accountNumber] => ############0051
    [platform] => prd
    [orderAmount_publicSignature] => ApSm71QGY/T/ewaEkBUcV3evoAk=
    [orderPage_serialNumber] => 3213046286400176056193
    [orderCurrency] => usd
    [reconciliationID] => 192136823Y2514EG3SR6J
    [signedDataPublicSignature] => 1IRuzEpxu7pnrTAyOGTmWf8aWWA=
    [decision] => ACCEPT
    [ccAuthReply_processorResponse] => 00
    [source_domain] => nh.tcro.us
    [billTo_state] => NH
    [billTo_firstName] => Stephen
    [billTo_customerID] => 1346
    [uid] => 1346
    [billTo_company] => The Law Offices of Martin & Hipple, PLLC
    [card_expirationYear] => 2014
    [merchantDefinedData1] => Request ID: 53313
    [transactionSignature] => 6M7AtjykvXthMeYJ8/ZzTBFh9RM=
    [billTo_city] => Concord
    [billTo_postalCode] => 03301
    [orderPage_requestToken] => Ahj//wSRiwDya464LCA+KFWLlkxZtnDJnZZNWLSLHZ06TaUoh6fodT0BUQ9P0Op7pA6mBMDYZNJMq6PSWccDBFIxYB5NcdcFhAfAMl3W
    [ccAuthReply_amount] => 106.25
    [orderCurrency_publicSignature] => pfcMEzOHelrVLvafAkpPGnECGbk=
    [orderPage_transactionType] => sale
    [ccAuthReply_authorizationCode] => 142854
    [decision_publicSignature] => KnPsJG1LWbeM0M209/iKgV4eG28=
    [ccAuthReply_avsCodeRaw] => Y
    [paymentOption] => card
    [billTo_country] => us
    [billTo_email] => smartin@nhlegalservices.com
    [reasonCode] => 100
    [order_id] => 53313
    [ccAuthReply_reasonCode] => 100
    [orderPage_environment] => PRODUCTION
    [card_expirationMonth] => 01
    [merchantID] => avtranzsb
    [orderNumber_publicSignature] => mQi49a0PG6H1O6ZG70EszQHHRVo=
    [requestID] => 3643266072160178147359
    [orderNumber] => 1364326607214
    [signedFields] => billTo_lastName,billTo_phoneNumber,orderAmount,billTo_street1,card_accountNumber,platform,orderAmount_publicSignature,orderPage_serialNumber,orderCurrency,reconciliationID,decision,ccAuthReply_processorResponse,source_domain,billTo_state,billTo_firstName,billTo_customerID,uid,billTo_company,card_expirationYear,merchantDefinedData1,billTo_city,billTo_postalCode,orderPage_requestToken,ccAuthReply_amount,orderCurrency_publicSignature,orderPage_transactionType,ccAuthReply_authorizationCode,decision_publicSignature,ccAuthReply_avsCodeRaw,paymentOption,billTo_country,billTo_email,reasonCode,order_id,ccAuthReply_reasonCode,orderPage_environment,card_expirationMonth,merchantID,orderNumber_publicSignature,requestID,orderNumber,ccAuthReply_authorizedDateTime,card_cardType,ccAuthReply_avsCode
    [ccAuthReply_authorizedDateTime] => 2013-03-26T193648Z
    [card_cardType] => 001
    [ccAuthReply_avsCode] => Y
)
