Array
(
    [Order ID] => 0
    [Price] => 20.25
    [User ID] => 1600
    [IP] => 173.14.171.53
    [Timestamp] => 1363957600
    [Time/Date] => Fri, 22 Mar 2013 09:06:40 -0400
    [Order Page Timestamp] => 1363957553057
    [Order Page Time/Date] => Tue, 04 Feb 45192 13:04:17 -0500
    [User Agent] => Mozilla/5.0 (Windows NT 5.1) AppleWebKit/537.22 (KHTML, like Gecko) Chrome/25.0.1364.172 Safari/537.22
)
Array
(
    [Order ID] => 0
    [Price] => 20.25
    [User ID] => 1600
    [IP] => 173.14.171.53
    [Timestamp] => 1363957628
    [Time/Date] => Fri, 22 Mar 2013 09:07:08 -0400
    [Order Page Timestamp] => 1363957553057
    [Order Page Time/Date] => Tue, 04 Feb 45192 13:04:17 -0500
    [User Agent] => Mozilla/5.0 (Windows NT 5.1) AppleWebKit/537.22 (KHTML, like Gecko) Chrome/25.0.1364.172 Safari/537.22
)
Array
(
    [Order ID] => 0
    [Price] => 25
    [User ID] => 1664
    [IP] => 71.161.113.228
    [Timestamp] => 1363969555
    [Time/Date] => Fri, 22 Mar 2013 12:25:55 -0400
    [Order Page Timestamp] => 1363969356286
    [Order Page Time/Date] => Sat, 20 Jun 45192 03:44:46 -0500
    [User Agent] => Mozilla/5.0 (Windows NT 6.2; WOW64; rv:19.0) Gecko/20100101 Firefox/19.0
)
Array
(
    [Order ID] => 0
    [Price] => 210
    [User ID] => 1666
    [IP] => 74.94.153.77
    [Timestamp] => 1363977693
    [Time/Date] => Fri, 22 Mar 2013 14:41:33 -0400
    [Order Page Timestamp] => 1363977665832
    [Order Page Time/Date] => Thu, 24 Sep 45192 07:57:12 -0500
    [User Agent] => Mozilla/4.0 (compatible; MSIE 8.0; Windows NT 5.1; Trident/4.0; GTB7.4; .NET CLR 1.1.4322)
)
Array
(
    [Order ID] => 0
    [Price] => 16.5
    [User ID] => 955
    [IP] => 173.162.245.12
    [Timestamp] => 1363980670
    [Time/Date] => Fri, 22 Mar 2013 15:31:10 -0400
    [Order Page Timestamp] => 1363980656130
    [Order Page Time/Date] => Wed, 28 Oct 45192 22:35:30 -0500
    [User Agent] => Mozilla/5.0 (compatible; MSIE 9.0; Windows NT 6.1; Trident/5.0)
)
Array
(
    [Order ID] => 0
    [Price] => 16.5
    [User ID] => 955
    [IP] => 173.162.245.12
    [Timestamp] => 1363980680
    [Time/Date] => Fri, 22 Mar 2013 15:31:20 -0400
    [Order Page Timestamp] => 1363980656130
    [Order Page Time/Date] => Wed, 28 Oct 45192 22:35:30 -0500
    [User Agent] => Mozilla/5.0 (compatible; MSIE 9.0; Windows NT 6.1; Trident/5.0)
)
