Array
(
    [Order ID] => 0
    [Price] => 615
    [User ID] => 1428
    [IP] => 71.181.28.207
    [Timestamp] => 1360856102
    [Time/Date] => Thu, 14 Feb 2013 10:35:02 -0500
    [Order Page Timestamp] => 1360856075870
    [Order Page Time/Date] => Mon, 23 Oct 45093 19:37:50 -0500
    [User Agent] => Mozilla/5.0 (compatible; MSIE 9.0; Windows NT 6.1; WOW64; Trident/5.0)
)
Array
(
    [Order ID] => 0
    [Price] => 25
    [User ID] => 247
    [IP] => 70.96.33.195
    [Timestamp] => 1360875582
    [Time/Date] => Thu, 14 Feb 2013 15:59:42 -0500
    [Order Page Timestamp] => 1360875564033
    [Order Page Time/Date] => Wed, 06 Jun 45094 09:00:33 -0500
    [User Agent] => Mozilla/5.0 (Windows NT 6.1; WOW64) AppleWebKit/537.17 (KHTML, like Gecko) Chrome/24.0.1312.57 Safari/537.17
)
Array
(
    [Order ID] => 0
    [Price] => 48.75
    [User ID] => 1432
    [IP] => 71.127.10.174
    [Timestamp] => 1360902238
    [Time/Date] => Thu, 14 Feb 2013 23:23:58 -0500
    [Order Page Timestamp] => 1360902227196
    [Order Page Time/Date] => Wed, 10 Apr 45095 23:26:36 -0500
    [User Agent] => Mozilla/4.0 (compatible; MSIE 8.0; Windows NT 5.1; Trident/4.0; InfoPath.2; .NET CLR 2.0.50727; .NET4.0C; .NET CLR 3.5.30729; .NET4.0E; .NET CLR 3.0.4506.2152; AskTbASI/5.15.15.35882)
)
