Array
(
    [Order ID] => 0
    [Price] => 137.5
    [User ID] => 500
    [IP] => 70.96.33.195
    [Timestamp] => 1364575309
    [Time/Date] => Fri, 29 Mar 2013 12:41:49 -0400
    [Order Page Timestamp] => 1364575292223
    [Order Page Time/Date] => Fri, 02 Sep 45211 07:17:03 -0500
    [User Agent] => Mozilla/5.0 (Windows NT 6.1; WOW64) AppleWebKit/537.31 (KHTML, like Gecko) Chrome/26.0.1410.43 Safari/537.31
)
Array
(
    [Order ID] => 0
    [Price] => 425
    [User ID] => 1773
    [IP] => 24.218.47.35
    [Timestamp] => 1364576133
    [Time/Date] => Fri, 29 Mar 2013 12:55:33 -0400
    [Order Page Timestamp] => 1364576120096
    [Order Page Time/Date] => Sun, 11 Sep 45211 21:14:56 -0500
    [User Agent] => Mozilla/5.0 (Windows NT 5.1) AppleWebKit/537.22 (KHTML, like Gecko) Chrome/25.0.1364.172 Safari/537.22
)
Array
(
    [Order ID] => 0
    [Price] => 71.25
    [User ID] => 247
    [IP] => 70.96.33.195
    [Timestamp] => 1364578686
    [Time/Date] => Fri, 29 Mar 2013 13:38:06 -0400
    [Order Page Timestamp] => 1364578681710
    [Order Page Time/Date] => Tue, 11 Oct 45211 12:48:30 -0500
    [User Agent] => Mozilla/5.0 (Windows NT 6.1; WOW64) AppleWebKit/537.22 (KHTML, like Gecko) Chrome/25.0.1364.172 Safari/537.22
)
