Array
(
    [Order ID] => 0
    [Price] => 637.5
    [User ID] => 1254
    [IP] => 75.68.60.232
    [Timestamp] => 1358089630
    [Time/Date] => Sun, 13 Jan 2013 10:07:10 -0500
    [Order Page Timestamp] => 1358089619232
    [Order Page Time/Date] => Sun, 23 Feb 45006 15:27:12 -0500
    [User Agent] => Mozilla/4.0 (compatible; MSIE 8.0; Windows NT 5.1; Trident/4.0; .NET CLR 1.1.4322; .NET CLR 2.0.50727; .NET CLR 3.0.4506.2152; .NET CLR 3.5.30729; .NET4.0C)
)
Array
(
    [Order ID] => 0
    [Price] => 93.75
    [User ID] => 1255
    [IP] => 24.63.144.192
    [Timestamp] => 1358107231
    [Time/Date] => Sun, 13 Jan 2013 15:00:31 -0500
    [Order Page Timestamp] => 1358107209674
    [Order Page Time/Date] => Mon, 15 Sep 45006 05:41:14 -0500
    [User Agent] => Mozilla/5.0 (compatible; MSIE 9.0; Windows NT 6.0; Trident/5.0)
)
