Array
(
    [Order ID] => 0
    [Price] => 68.75
    [User ID] => 1483
    [IP] => 173.162.171.165
    [Timestamp] => 1362668942
    [Time/Date] => Thu, 07 Mar 2013 10:09:02 -0500
    [Order Page Timestamp] => 1362668933472
    [Order Page Time/Date] => Thu, 05 Apr 45151 23:11:12 -0500
    [User Agent] => Mozilla/4.0 (compatible; MSIE 8.0; Windows NT 6.1; Trident/4.0; SLCC2; .NET CLR 2.0.50727; .NET CLR 3.5.30729; .NET CLR 3.0.30729; Media Center PC 6.0; InfoPath.3; .NET4.0C; .NET4.0E)
)
Array
(
    [Order ID] => 0
    [Price] => 195
    [User ID] => 539
    [IP] => 50.78.244.141
    [Timestamp] => 1362675274
    [Time/Date] => Thu, 07 Mar 2013 11:54:34 -0500
    [Order Page Timestamp] => 1362675252981
    [Order Page Time/Date] => Mon, 18 Jun 45151 02:36:21 -0500
    [User Agent] => Mozilla/5.0 (compatible; MSIE 9.0; Windows NT 6.1; WOW64; Trident/5.0)
)
Array
(
    [Order ID] => 0
    [Price] => 425
    [User ID] => 430
    [IP] => 70.96.33.195
    [Timestamp] => 1362679118
    [Time/Date] => Thu, 07 Mar 2013 12:58:38 -0500
    [Order Page Timestamp] => 1362679106930
    [Order Page Time/Date] => Wed, 01 Aug 45151 17:08:50 -0500
    [User Agent] => Mozilla/5.0 (Windows NT 6.1; WOW64) AppleWebKit/537.22 (KHTML, like Gecko) Chrome/25.0.1364.152 Safari/537.22
)
Array
(
    [Order ID] => 0
    [Price] => 425
    [User ID] => 430
    [IP] => 70.96.33.195
    [Timestamp] => 1362679443
    [Time/Date] => Thu, 07 Mar 2013 13:04:03 -0500
    [Order Page Timestamp] => 1362679438071
    [Order Page Time/Date] => Sun, 05 Aug 45151 13:07:51 -0500
    [User Agent] => Mozilla/5.0 (Windows NT 6.1; WOW64) AppleWebKit/537.22 (KHTML, like Gecko) Chrome/25.0.1364.152 Safari/537.22
)
Array
(
    [Order ID] => 0
    [Price] => 106.25
    [User ID] => 1006
    [IP] => 76.118.129.24
    [Timestamp] => 1362682136
    [Time/Date] => Thu, 07 Mar 2013 13:48:56 -0500
    [Order Page Timestamp] => 1362682101051
    [Order Page Time/Date] => Wed, 05 Sep 45151 08:50:51 -0500
    [User Agent] => Mozilla/5.0 (Macintosh; Intel Mac OS X 10_8_2) AppleWebKit/536.26.17 (KHTML, like Gecko) Version/6.0.2 Safari/536.26.17
)
Array
(
    [Order ID] => 0
    [Price] => 49.5
    [User ID] => 1006
    [IP] => 76.118.129.24
    [Timestamp] => 1362682484
    [Time/Date] => Thu, 07 Mar 2013 13:54:44 -0500
    [Order Page Timestamp] => 1362682466054
    [Order Page Time/Date] => Sun, 09 Sep 45151 14:14:14 -0500
    [User Agent] => Mozilla/5.0 (Macintosh; Intel Mac OS X 10_8_2) AppleWebKit/536.26.17 (KHTML, like Gecko) Version/6.0.2 Safari/536.26.17
)
Array
(
    [Order ID] => 0
    [Price] => 2655
    [User ID] => 1213
    [IP] => 24.61.74.128
    [Timestamp] => 1362689340
    [Time/Date] => Thu, 07 Mar 2013 15:49:00 -0500
    [Order Page Timestamp] => 1362689307564
    [Order Page Time/Date] => Tue, 27 Nov 45151 18:39:24 -0500
    [User Agent] => Mozilla/5.0 (compatible; MSIE 9.0; Windows NT 6.1; Trident/5.0)
)
Array
(
    [Order ID] => 0
    [Price] => 38.25
    [User ID] => 679
    [IP] => 24.91.109.250
    [Timestamp] => 1362697092
    [Time/Date] => Thu, 07 Mar 2013 17:58:12 -0500
    [Order Page Timestamp] => 1362697084651
    [Order Page Time/Date] => Mon, 25 Feb 45152 18:57:31 -0500
    [User Agent] => Mozilla/5.0 (Windows NT 6.1; WOW64) AppleWebKit/537.22 (KHTML, like Gecko) Chrome/25.0.1364.152 Safari/537.22
)
Array
(
    [Order ID] => 0
    [Price] => 1125
    [User ID] => 1551
    [IP] => 24.128.249.176
    [Timestamp] => 1362703359
    [Time/Date] => Thu, 07 Mar 2013 19:42:39 -0500
    [Order Page Timestamp] => 1362703319518
    [Order Page Time/Date] => Wed, 07 May 45152 22:51:58 -0500
    [User Agent] => Mozilla/5.0 (compatible; MSIE 9.0; Windows NT 6.1; Trident/5.0)
)
Array
(
    [Order ID] => 0
    [Price] => 1125
    [User ID] => 1551
    [IP] => 24.128.249.176
    [Timestamp] => 1362703783
    [Time/Date] => Thu, 07 Mar 2013 19:49:43 -0500
    [Order Page Timestamp] => 1362703760652
    [Order Page Time/Date] => Tue, 13 May 45152 01:24:12 -0500
    [User Agent] => Mozilla/5.0 (compatible; MSIE 9.0; Windows NT 6.1; Trident/5.0)
)
