Array
(
    [q] => payment-received
    [billTo_lastName] => pelissier
    [billTo_phoneNumber] => 6035123694
    [orderAmount] => 72.25
    [billTo_street1] => p.o. box 912
    [card_accountNumber] => ############3701
    [platform] => prd
    [orderAmount_publicSignature] => kwnDZ4uECWWPLUl2/znN/1CmIfg=
    [orderPage_serialNumber] => 3213046286400176056193
    [orderCurrency] => usd
    [reconciliationID] => 175835598WTO1QD3MF8CO
    [signedDataPublicSignature] => AJmA0r2Ja/5En6gbcmP1SY8sz4c=
    [decision] => ACCEPT
    [ccAuthReply_processorResponse] => 00
    [source_domain] => nh.tcro.us
    [billTo_state] => nh
    [billTo_firstName] => maurice
    [billTo_customerID] => 1438
    [uid] => 1438
    [billTo_company] => lawnmoe
    [card_expirationYear] => 2015
    [merchantDefinedData1] => Request ID: 48607
    [transactionSignature] => p99LEVU9FotHRfLdodsLc+2/FLM=
    [billTo_city] => epping
    [billTo_postalCode] => 03042
    [orderPage_requestToken] => Ahj//wSRh3efegsas2hIKFWLdq4ZtWrlxXqT2NGIzmxnEOemkdoiDDgJNI7REGHaQN4cl88MmkmVdHpLOOBgmkYd3n3oLGrNoSAA1jHl
    [ccAuthReply_amount] => 72.25
    [orderCurrency_publicSignature] => pfcMEzOHelrVLvafAkpPGnECGbk=
    [orderPage_transactionType] => sale
    [ccAuthReply_authorizationCode] => 00654Z
    [decision_publicSignature] => KnPsJG1LWbeM0M209/iKgV4eG28=
    [ccAuthReply_avsCodeRaw] => Y
    [paymentOption] => card
    [billTo_country] => us
    [billTo_email] => moe@lawnmoe.com
    [reasonCode] => 100
    [order_id] => 48607
    [ccAuthReply_reasonCode] => 100
    [orderPage_environment] => PRODUCTION
    [card_expirationMonth] => 08
    [merchantID] => avtranzsb
    [orderNumber_publicSignature] => /K5RUN3PHmhbTSTl8Q9a4XlvWnQ=
    [requestID] => 3610648337610178147364
    [orderNumber] => 1361064833759
    [signedFields] => billTo_lastName,billTo_phoneNumber,orderAmount,billTo_street1,card_accountNumber,platform,orderAmount_publicSignature,orderPage_serialNumber,orderCurrency,reconciliationID,decision,ccAuthReply_processorResponse,source_domain,billTo_state,billTo_firstName,billTo_customerID,uid,billTo_company,card_expirationYear,merchantDefinedData1,billTo_city,billTo_postalCode,orderPage_requestToken,ccAuthReply_amount,orderCurrency_publicSignature,orderPage_transactionType,ccAuthReply_authorizationCode,decision_publicSignature,ccAuthReply_avsCodeRaw,paymentOption,billTo_country,billTo_email,reasonCode,order_id,ccAuthReply_reasonCode,orderPage_environment,card_expirationMonth,merchantID,orderNumber_publicSignature,requestID,orderNumber,ccAuthReply_authorizedDateTime,card_cardType,ccAuthReply_avsCode
    [ccAuthReply_authorizedDateTime] => 2013-02-17T013354Z
    [card_cardType] => 002
    [ccAuthReply_avsCode] => Y
)
