Array
(
    [q] => payment-received
    [billTo_lastName] => Thompson
    [orderAmount] => 425
    [billTo_street1] => 86 Suncook Valley Road
    [card_accountNumber] => ############7715
    [platform] => prd
    [orderAmount_publicSignature] => wWF9rvxKMyuBHkNIDwWwM82CrTc=
    [orderPage_serialNumber] => 3213046286400176056193
    [orderCurrency] => usd
    [reconciliationID] => 177778338WTO9NDEZJ5CG
    [signedDataPublicSignature] => YWLqqWpUte8y1rzSpjLecf3WgLc=
    [decision] => ACCEPT
    [ccAuthReply_processorResponse] => 00
    [source_domain] => nh.tcro.us
    [billTo_state] => NH
    [billTo_firstName] => Elizabeth
    [billTo_customerID] => 1459
    [uid] => 1459
    [card_expirationYear] => 2014
    [merchantDefinedData1] => Request ID: 49089
    [transactionSignature] => A4OJo1bxs+1sxAzUAl4D637bekg=
    [billTo_city] => Chichester
    [billTo_postalCode] => 03258
    [orderPage_requestToken] => Ahj//wSRh+mLzfiIQjBGKFWLdu3buGbNxXqT3M6JFtSmsOOmksofUFAJNJZQ+oKaQQpgQvshk0kyro9JZxwMHMjD9MXm/EQhGCMAL1KI
    [ccAuthReply_amount] => 425.00
    [orderCurrency_publicSignature] => pfcMEzOHelrVLvafAkpPGnECGbk=
    [orderPage_transactionType] => sale
    [ccAuthReply_authorizationCode] => 75991P
    [decision_publicSignature] => KnPsJG1LWbeM0M209/iKgV4eG28=
    [ccAuthReply_avsCodeRaw] => Y
    [paymentOption] => card
    [billTo_country] => us
    [reasonCode] => 100
    [order_id] => 49089
    [ccAuthReply_reasonCode] => 100
    [orderPage_environment] => PRODUCTION
    [card_expirationMonth] => 11
    [merchantID] => avtranzsb
    [orderNumber_publicSignature] => 1/O7Mc9iaZMqaKJKr2/td+UnvPI=
    [requestID] => 3614752851860178147363
    [orderNumber] => 1361475285185
    [signedFields] => billTo_lastName,orderAmount,billTo_street1,card_accountNumber,platform,orderAmount_publicSignature,orderPage_serialNumber,orderCurrency,reconciliationID,decision,ccAuthReply_processorResponse,source_domain,billTo_state,billTo_firstName,billTo_customerID,uid,card_expirationYear,merchantDefinedData1,billTo_city,billTo_postalCode,orderPage_requestToken,ccAuthReply_amount,orderCurrency_publicSignature,orderPage_transactionType,ccAuthReply_authorizationCode,decision_publicSignature,ccAuthReply_avsCodeRaw,paymentOption,billTo_country,reasonCode,order_id,ccAuthReply_reasonCode,orderPage_environment,card_expirationMonth,merchantID,orderNumber_publicSignature,requestID,orderNumber,ccAuthReply_authorizedDateTime,card_cardType,ccAuthReply_avsCode
    [ccAuthReply_authorizedDateTime] => 2013-02-21T193446Z
    [card_cardType] => 002
    [ccAuthReply_avsCode] => Y
)
