Array
(
    [Order ID] => 0
    [Price] => 221.25
    [User ID] => 1018
    [IP] => 173.162.171.165
    [Timestamp] => 1359646339
    [Time/Date] => Thu, 31 Jan 2013 10:32:19 -0500
    [Order Page Timestamp] => 1359646315675
    [Order Page Time/Date] => Sat, 23 Jun 45055 23:07:55 -0500
    [User Agent] => Mozilla/4.0 (compatible; MSIE 8.0; Windows NT 6.1; Trident/4.0; SLCC2; .NET CLR 2.0.50727; .NET CLR 3.5.30729; .NET CLR 3.0.30729; Media Center PC 6.0; InfoPath.3; .NET4.0C; .NET4.0E; Tablet PC 2.0)
)
Array
(
    [Order ID] => 0
    [Price] => 350
    [User ID] => 1335
    [IP] => 107.1.108.66
    [Timestamp] => 1359647742
    [Time/Date] => Thu, 31 Jan 2013 10:55:42 -0500
    [Order Page Timestamp] => 1359647648555
    [Order Page Time/Date] => Mon, 09 Jul 45055 09:22:35 -0500
    [User Agent] => Mozilla/5.0 (compatible; MSIE 9.0; Windows NT 6.1; WOW64; Trident/5.0)
)
Array
(
    [Order ID] => 0
    [Price] => 137.5
    [User ID] => 1315
    [IP] => 24.60.131.242
    [Timestamp] => 1359661507
    [Time/Date] => Thu, 31 Jan 2013 14:45:07 -0500
    [Order Page Timestamp] => 1359661478896
    [Order Page Time/Date] => Sun, 16 Dec 45055 11:08:16 -0500
    [User Agent] => Mozilla/5.0 (Windows NT 5.1) AppleWebKit/537.17 (KHTML, like Gecko) Chrome/24.0.1312.57 Safari/537.17
)
Array
(
    [Order ID] => 0
    [Price] => 245
    [User ID] => 263
    [IP] => 24.147.94.203
    [Timestamp] => 1359663313
    [Time/Date] => Thu, 31 Jan 2013 15:15:13 -0500
    [Order Page Timestamp] => 1359663222740
    [Order Page Time/Date] => Sat, 05 Jan 45056 15:32:20 -0500
    [User Agent] => Mozilla/5.0 (Windows NT 6.1; WOW64) AppleWebKit/537.17 (KHTML, like Gecko) Chrome/24.0.1312.56 Safari/537.17
)
