Array
(
    [q] => payment-received
    [billTo_lastName] => Mooney
    [billTo_phoneNumber] => 6036062657
    [orderAmount] => 61.95
    [billTo_street1] => 385 Pembroke Street
    [card_accountNumber] => ############5892
    [platform] => prd
    [orderAmount_publicSignature] => a9zjz1PfAFwDH4qAxxWTp35MC3E=
    [orderPage_serialNumber] => 3213046286400176056193
    [orderCurrency] => usd
    [reconciliationID] => 190049849Y24ZBEG0PNIC
    [signedDataPublicSignature] => mCGUTjhckCgfdlgm6o8dLf+eaO0=
    [decision] => ACCEPT
    [ccAuthReply_processorResponse] => 00
    [source_domain] => nh.tcro.us
    [billTo_state] => NH
    [billTo_firstName] => Richard C.
    [billTo_customerID] => 1127
    [uid] => 1127
    [billTo_company] => R.C. Mooney & Associates,P.C.
    [card_expirationYear] => 2015
    [merchantDefinedData1] => Request ID: 51489
    [transactionSignature] => vyggh2/3FhSS7DpB56Maw0bjkmU=
    [billTo_city] => Pembroke
    [billTo_postalCode] => 03275
    [orderPage_requestToken] => Ahj//wSRioYUg6zLxpBAKFWLlgwaOXDRzZZNLUKLHYUJ0mGn8Qsds9gCn8Qsds9mkDcGZgRDJpJlXR6SzjgYRZGKhhSDrMvGkEAA6AmF
    [ccAuthReply_amount] => 61.95
    [orderCurrency_publicSignature] => pfcMEzOHelrVLvafAkpPGnECGbk=
    [orderPage_transactionType] => sale
    [ccAuthReply_authorizationCode] => 013853
    [decision_publicSignature] => KnPsJG1LWbeM0M209/iKgV4eG28=
    [ccAuthReply_avsCodeRaw] => Y
    [paymentOption] => card
    [billTo_country] => us
    [billTo_email] => rcm@rcmooneylaw.com
    [reasonCode] => 100
    [order_id] => 51489
    [ccAuthReply_reasonCode] => 100
    [orderPage_environment] => PRODUCTION
    [card_expirationMonth] => 10
    [merchantID] => avtranzsb
    [orderNumber_publicSignature] => of770bMpY6xBfxZIPHVNrzyexYo=
    [requestID] => 3638839328460178147360
    [orderNumber] => 1363883915972
    [signedFields] => billTo_lastName,billTo_phoneNumber,orderAmount,billTo_street1,card_accountNumber,platform,orderAmount_publicSignature,orderPage_serialNumber,orderCurrency,reconciliationID,decision,ccAuthReply_processorResponse,source_domain,billTo_state,billTo_firstName,billTo_customerID,uid,billTo_company,card_expirationYear,merchantDefinedData1,billTo_city,billTo_postalCode,orderPage_requestToken,ccAuthReply_amount,orderCurrency_publicSignature,orderPage_transactionType,ccAuthReply_authorizationCode,decision_publicSignature,ccAuthReply_avsCodeRaw,paymentOption,billTo_country,billTo_email,reasonCode,order_id,ccAuthReply_reasonCode,orderPage_environment,card_expirationMonth,merchantID,orderNumber_publicSignature,requestID,orderNumber,ccAuthReply_authorizedDateTime,card_cardType,ccAuthReply_avsCode
    [ccAuthReply_authorizedDateTime] => 2013-03-21T163853Z
    [card_cardType] => 001
    [ccAuthReply_avsCode] => Y
)
