Array
(
    [Order ID] => 0
    [Price] => 59.5
    [User ID] => 1438
    [IP] => 75.68.183.152
    [Timestamp] => 1361361330
    [Time/Date] => Wed, 20 Feb 2013 06:55:30 -0500
    [Order Page Timestamp] => 1361361284996
    [Order Page Time/Date] => Thu, 28 Oct 45109 03:29:56 -0500
    [User Agent] => Mozilla/5.0 (compatible; MSIE 9.0; Windows NT 6.1; WOW64; Trident/5.0)
)
Array
(
    [Order ID] => 0
    [Price] => 59.5
    [User ID] => 1438
    [IP] => 75.68.183.152
    [Timestamp] => 1361361377
    [Time/Date] => Wed, 20 Feb 2013 06:56:17 -0500
    [Order Page Timestamp] => 1361361284996
    [Order Page Time/Date] => Thu, 28 Oct 45109 03:29:56 -0500
    [User Agent] => Mozilla/5.0 (compatible; MSIE 9.0; Windows NT 6.1; WOW64; Trident/5.0)
)
Array
(
    [Order ID] => 0
    [Price] => 531.25
    [User ID] => 1451
    [IP] => 71.255.140.142
    [Timestamp] => 1361368867
    [Time/Date] => Wed, 20 Feb 2013 09:01:07 -0500
    [Order Page Timestamp] => 1361368703720
    [Order Page Time/Date] => Sat, 22 Jan 45110 00:15:20 -0500
    [User Agent] => Mozilla/5.0 (Windows NT 6.1; WOW64; rv:18.0) Gecko/20100101 Firefox/18.0
)
Array
(
    [Order ID] => 0
    [Price] => 17
    [User ID] => 1438
    [IP] => 75.68.183.152
    [Timestamp] => 1361397066
    [Time/Date] => Wed, 20 Feb 2013 16:51:06 -0500
    [Order Page Timestamp] => 1361397061789
    [Order Page Time/Date] => Fri, 16 Dec 45110 05:29:49 -0500
    [User Agent] => Mozilla/5.0 (compatible; MSIE 9.0; Windows NT 6.1; WOW64; Trident/5.0)
)
