Array
(
    [Order ID] => 0
    [Price] => 46.75
    [User ID] => 1489
    [IP] => 173.14.179.201
    [Timestamp] => 1363009520
    [Time/Date] => Mon, 11 Mar 2013 09:45:20 -0400
    [Order Page Timestamp] => 1363006592688
    [Order Page Time/Date] => Sun, 17 Dec 45161 01:24:48 -0500
    [User Agent] => Mozilla/4.0 (compatible; MSIE 8.0; Windows NT 5.1; Trident/4.0; GTB7.4; .NET CLR 2.0.50727; .NET CLR 3.0.4506.2152; .NET4.0C; .NET CLR 3.5.30729)
)
Array
(
    [Order ID] => 0
    [Price] => 46.75
    [User ID] => 1489
    [IP] => 173.14.179.201
    [Timestamp] => 1363009889
    [Time/Date] => Mon, 11 Mar 2013 09:51:29 -0400
    [Order Page Timestamp] => 1363006592688
    [Order Page Time/Date] => Sun, 17 Dec 45161 01:24:48 -0500
    [User Agent] => Mozilla/4.0 (compatible; MSIE 8.0; Windows NT 5.1; Trident/4.0; GTB7.4; .NET CLR 2.0.50727; .NET CLR 3.0.4506.2152; .NET4.0C; .NET CLR 3.5.30729)
)
Array
(
    [Order ID] => 0
    [Price] => 330
    [User ID] => 1574
    [IP] => 74.220.227.50
    [Timestamp] => 1363016319
    [Time/Date] => Mon, 11 Mar 2013 11:38:39 -0400
    [Order Page Timestamp] => 1363016030844
    [Order Page Time/Date] => Thu, 05 Apr 45162 07:07:24 -0500
    [User Agent] => Mozilla/4.0 (compatible; MSIE 8.0; Windows NT 6.1; Trident/4.0; SLCC2; .NET CLR 2.0.50727; .NET CLR 3.5.30729; .NET CLR 3.0.30729; Media Center PC 6.0; .NET4.0C; InfoPath.3; AskTbAD5/5.15.4.23821)
)
Array
(
    [Order ID] => 0
    [Price] => 137.5
    [User ID] => 1470
    [IP] => 50.136.48.166
    [Timestamp] => 1363036166
    [Time/Date] => Mon, 11 Mar 2013 17:09:26 -0400
    [Order Page Timestamp] => 1363036155482
    [Order Page Time/Date] => Sat, 24 Nov 45162 05:18:02 -0500
    [User Agent] => Mozilla/5.0 (compatible; MSIE 9.0; Windows NT 6.0; Trident/5.0)
)
