Array
(
    [q] => payment-received
    [billTo_lastName] => Riff
    [billTo_phoneNumber] => 6037885599
    [orderAmount] => 615
    [billTo_street1] => 54 Brook Road
    [card_accountNumber] => ############7991
    [platform] => prd
    [orderAmount_publicSignature] => /tJeG1EHn8FXOsssUFj9Upxzuz8=
    [orderPage_serialNumber] => 3213046286400176056193
    [orderCurrency] => usd
    [reconciliationID] => 174733096WTO8VD3KWR12
    [signedDataPublicSignature] => h+iuXX/dOUx7OcGYKsaILyYTQK8=
    [decision] => ACCEPT
    [ccAuthReply_processorResponse] => 00
    [source_domain] => nh.tcro.us
    [billTo_state] => NH
    [billTo_firstName] => John
    [billTo_customerID] => 1428
    [uid] => 1428
    [billTo_company] => Law Office of John Riff
    [card_expirationYear] => 2013
    [merchantDefinedData1] => Request ID: 47471
    [transactionSignature] => PEXfobH7Ebv26XwTYVS/39lLEWM=
    [billTo_city] => Lancaster
    [billTo_postalCode] => 03584
    [orderPage_requestToken] => Ahj//wSRhz20wWJEfmhEKFWLdo3Zs2DltXqT3FaIzl16TFkmkOum1FwFNIddNqL6QQ8Dwvlhk0kyro9JZxwMG0jDntpgsSI/NCIAuxVV
    [ccAuthReply_amount] => 615.00
    [orderCurrency_publicSignature] => pfcMEzOHelrVLvafAkpPGnECGbk=
    [orderPage_transactionType] => sale
    [ccAuthReply_authorizationCode] => 014088
    [decision_publicSignature] => KnPsJG1LWbeM0M209/iKgV4eG28=
    [ccAuthReply_avsCodeRaw] => Y
    [paymentOption] => card
    [billTo_country] => us
    [billTo_email] => jriff_jrifflaw@myfairpoint.net
    [reasonCode] => 100
    [order_id] => 47471
    [ccAuthReply_reasonCode] => 100
    [orderPage_environment] => PRODUCTION
    [card_expirationMonth] => 11
    [merchantID] => avtranzsb
    [orderNumber_publicSignature] => y7k8bl8bQcZgn3Lfa/n+ydYwMd0=
    [requestID] => 3608561662090178147362
    [orderNumber] => 1360856166207
    [signedFields] => billTo_lastName,billTo_phoneNumber,orderAmount,billTo_street1,card_accountNumber,platform,orderAmount_publicSignature,orderPage_serialNumber,orderCurrency,reconciliationID,decision,ccAuthReply_processorResponse,source_domain,billTo_state,billTo_firstName,billTo_customerID,uid,billTo_company,card_expirationYear,merchantDefinedData1,billTo_city,billTo_postalCode,orderPage_requestToken,ccAuthReply_amount,orderCurrency_publicSignature,orderPage_transactionType,ccAuthReply_authorizationCode,decision_publicSignature,ccAuthReply_avsCodeRaw,paymentOption,billTo_country,billTo_email,reasonCode,order_id,ccAuthReply_reasonCode,orderPage_environment,card_expirationMonth,merchantID,orderNumber_publicSignature,requestID,orderNumber,ccAuthReply_authorizedDateTime,card_cardType,ccAuthReply_avsCode
    [ccAuthReply_authorizedDateTime] => 2013-02-14T153606Z
    [card_cardType] => 001
    [ccAuthReply_avsCode] => Y
)
Array
(
    [q] => payment-received
    [billTo_lastName] => Gifford
    [billTo_phoneNumber] => 4135931083
    [orderAmount] => 48.75
    [billTo_street1] => 701 Pendleton Ave
    [card_accountNumber] => ############9275
    [platform] => prd
    [orderAmount_publicSignature] => lmnpUVusEk/hLdCFqWS3b9N/BX8=
    [orderPage_serialNumber] => 3213046286400176056193
    [orderCurrency] => usd
    [reconciliationID] => 175018105WTO9ND3N4TD2
    [signedDataPublicSignature] => D14JXjImaAiJilumbXiYF12XH1g=
    [decision] => ACCEPT
    [ccAuthReply_processorResponse] => 00
    [source_domain] => nh.tcro.us
    [billTo_state] => Ma
    [billTo_firstName] => Mary
    [billTo_customerID] => 1432
    [uid] => 1432
    [billTo_company] => C&P research
    [card_expirationYear] => 2014
    [merchantDefinedData1] => Request ID: 48192
    [transactionSignature] => 2SQev2m2id21gbBcIuYt3Zny2hA=
    [billTo_city] => Chicopee
    [billTo_postalCode] => 01020
    [orderPage_requestToken] => Ahj//wSRh0qCAnyXmJhCKFWLdqwYuGLBrXqT3M6IznNKkRkmksiC59AJNJZEFz6aQNmFl8sMmkmVdHpLOOBhDkYdKggJ8l5iYQgAzSNj
    [ccAuthReply_amount] => 48.75
    [orderCurrency_publicSignature] => pfcMEzOHelrVLvafAkpPGnECGbk=
    [orderPage_transactionType] => sale
    [ccAuthReply_authorizationCode] => T8111Z
    [decision_publicSignature] => KnPsJG1LWbeM0M209/iKgV4eG28=
    [ccAuthReply_avsCodeRaw] => Y
    [paymentOption] => card
    [billTo_country] => us
    [billTo_email] => giffo843@verizon.net
    [reasonCode] => 100
    [order_id] => 48192
    [ccAuthReply_reasonCode] => 100
    [orderPage_environment] => PRODUCTION
    [card_expirationMonth] => 11
    [merchantID] => avtranzsb
    [orderNumber_publicSignature] => H+ieHiO9hEcQjv38BTkRM3wAg3g=
    [requestID] => 3609022894630178147361
    [orderNumber] => 1360902289462
    [signedFields] => billTo_lastName,billTo_phoneNumber,orderAmount,billTo_street1,card_accountNumber,platform,orderAmount_publicSignature,orderPage_serialNumber,orderCurrency,reconciliationID,decision,ccAuthReply_processorResponse,source_domain,billTo_state,billTo_firstName,billTo_customerID,uid,billTo_company,card_expirationYear,merchantDefinedData1,billTo_city,billTo_postalCode,orderPage_requestToken,ccAuthReply_amount,orderCurrency_publicSignature,orderPage_transactionType,ccAuthReply_authorizationCode,decision_publicSignature,ccAuthReply_avsCodeRaw,paymentOption,billTo_country,billTo_email,reasonCode,order_id,ccAuthReply_reasonCode,orderPage_environment,card_expirationMonth,merchantID,orderNumber_publicSignature,requestID,orderNumber,ccAuthReply_authorizedDateTime,card_cardType,ccAuthReply_avsCode
    [ccAuthReply_authorizedDateTime] => 2013-02-15T042450Z
    [card_cardType] => 002
    [ccAuthReply_avsCode] => Y
)
