Array
(
    [Order ID] => 0
    [Price] => 137.5
    [User ID] => 2036
    [IP] => 182.71.64.138
    [Timestamp] => 1365144398
    [Time/Date] => Fri, 05 Apr 2013 02:46:38 -0400
    [Order Page Timestamp] => 1365144370260
    [Order Page Time/Date] => Thu, 13 Sep 45229 20:31:00 -0500
    [User Agent] => Mozilla/5.0 (Windows NT 6.2; WOW64; rv:19.0) Gecko/20100101 Firefox/19.0
)
Array
(
    [Order ID] => 0
    [Price] => 137.5
    [User ID] => 2036
    [IP] => 182.71.64.138
    [Timestamp] => 1365144433
    [Time/Date] => Fri, 05 Apr 2013 02:47:13 -0400
    [Order Page Timestamp] => 1365144427466
    [Order Page Time/Date] => Fri, 14 Sep 45229 12:24:26 -0500
    [User Agent] => Mozilla/5.0 (Windows NT 6.2; WOW64; rv:19.0) Gecko/20100101 Firefox/19.0
)
Array
(
    [Order ID] => 0
    [Price] => 137.5
    [User ID] => 2036
    [IP] => 182.71.64.138
    [Timestamp] => 1365144691
    [Time/Date] => Fri, 05 Apr 2013 02:51:31 -0400
    [Order Page Timestamp] => 1365144427466
    [Order Page Time/Date] => Fri, 14 Sep 45229 12:24:26 -0500
    [User Agent] => Mozilla/5.0 (Windows NT 6.2; WOW64; rv:19.0) Gecko/20100101 Firefox/19.0
)
Array
(
    [Order ID] => 0
    [Price] => 137.5
    [User ID] => 2036
    [IP] => 182.71.64.138
    [Timestamp] => 1365144706
    [Time/Date] => Fri, 05 Apr 2013 02:51:46 -0400
    [Order Page Timestamp] => 1365144427466
    [Order Page Time/Date] => Fri, 14 Sep 45229 12:24:26 -0500
    [User Agent] => Mozilla/5.0 (Windows NT 6.2; WOW64; rv:19.0) Gecko/20100101 Firefox/19.0
)
Array
(
    [Order ID] => 0
    [Price] => 137.5
    [User ID] => 2036
    [IP] => 182.71.64.138
    [Timestamp] => 1365144732
    [Time/Date] => Fri, 05 Apr 2013 02:52:12 -0400
    [Order Page Timestamp] => 1365144370260
    [Order Page Time/Date] => Thu, 13 Sep 45229 20:31:00 -0500
    [User Agent] => Mozilla/5.0 (Windows NT 6.2; WOW64; rv:19.0) Gecko/20100101 Firefox/19.0
)
Array
(
    [Order ID] => 0
    [Price] => 137.5
    [User ID] => 247
    [IP] => 70.96.33.195
    [Timestamp] => 1365180948
    [Time/Date] => Fri, 05 Apr 2013 12:55:48 -0400
    [Order Page Timestamp] => 1365180915524
    [Order Page Time/Date] => Sun, 10 Nov 45230 19:58:44 -0500
    [User Agent] => Mozilla/5.0 (Windows NT 6.1; WOW64) AppleWebKit/537.31 (KHTML, like Gecko) Chrome/26.0.1410.43 Safari/537.31
)
Array
(
    [Order ID] => 0
    [Price] => 300
    [User ID] => 2051
    [IP] => 71.192.139.58
    [Timestamp] => 1365187219
    [Time/Date] => Fri, 05 Apr 2013 14:40:19 -0400
    [Order Page Timestamp] => 1365187206106
    [Order Page Time/Date] => Wed, 22 Jan 45231 15:21:46 -0500
    [User Agent] => Mozilla/5.0 (compatible; MSIE 9.0; Windows NT 6.1; WOW64; Trident/5.0; BOIE9;ENUS)
)
