Array
(
    [Order ID] => 0
    [Price] => 46.75
    [User ID] => 1415
    [IP] => 216.227.90.40
    [Timestamp] => 1360689472
    [Time/Date] => Tue, 12 Feb 2013 12:17:52 -0500
    [Order Page Timestamp] => 1360689416669
    [Order Page Time/Date] => Thu, 12 Jul 45088 21:24:29 -0500
    [User Agent] => Mozilla/5.0 (compatible; MSIE 9.0; Windows NT 6.1; WOW64; Trident/5.0; BOIE9;ENUS)
)
Array
(
    [Order ID] => 0
    [Price] => 46.75
    [User ID] => 1415
    [IP] => 216.227.90.40
    [Timestamp] => 1360689683
    [Time/Date] => Tue, 12 Feb 2013 12:21:23 -0500
    [Order Page Timestamp] => 1360689624764
    [Order Page Time/Date] => Sun, 15 Jul 45088 07:12:44 -0500
    [User Agent] => Mozilla/5.0 (compatible; MSIE 9.0; Windows NT 6.1; WOW64; Trident/5.0; BOIE9;ENUS)
)
Array
(
    [Order ID] => 0
    [Price] => 46.75
    [User ID] => 1415
    [IP] => 216.227.90.40
    [Timestamp] => 1360689941
    [Time/Date] => Tue, 12 Feb 2013 12:25:41 -0500
    [Order Page Timestamp] => 1360689624764
    [Order Page Time/Date] => Sun, 15 Jul 45088 07:12:44 -0500
    [User Agent] => Mozilla/5.0 (compatible; MSIE 9.0; Windows NT 6.1; WOW64; Trident/5.0; BOIE9;ENUS)
)
Array
(
    [Order ID] => 0
    [Price] => 46.75
    [User ID] => 1415
    [IP] => 216.227.90.40
    [Timestamp] => 1360690011
    [Time/Date] => Tue, 12 Feb 2013 12:26:51 -0500
    [Order Page Timestamp] => 1360689624764
    [Order Page Time/Date] => Sun, 15 Jul 45088 07:12:44 -0500
    [User Agent] => Mozilla/5.0 (compatible; MSIE 9.0; Windows NT 6.1; WOW64; Trident/5.0; BOIE9;ENUS)
)
Array
(
    [Order ID] => 0
    [Price] => 187.5
    [User ID] => 1416
    [IP] => 173.162.224.246
    [Timestamp] => 1360690027
    [Time/Date] => Tue, 12 Feb 2013 12:27:07 -0500
    [Order Page Timestamp] => 1360690022445
    [Order Page Time/Date] => Thu, 19 Jul 45088 21:40:45 -0500
    [User Agent] => Mozilla/5.0 (Windows NT 6.1) AppleWebKit/537.17 (KHTML, like Gecko) Chrome/24.0.1312.57 Safari/537.17
)
Array
(
    [Order ID] => 0
    [Price] => 187.5
    [User ID] => 1416
    [IP] => 173.162.224.246
    [Timestamp] => 1360691038
    [Time/Date] => Tue, 12 Feb 2013 12:43:58 -0500
    [Order Page Timestamp] => 1360690060033
    [Order Page Time/Date] => Fri, 20 Jul 45088 08:07:13 -0500
    [User Agent] => Mozilla/5.0 (Windows NT 6.1) AppleWebKit/537.17 (KHTML, like Gecko) Chrome/24.0.1312.57 Safari/537.17
)
