Array
(
    [Order ID] => 0
    [Price] => 73.75
    [User ID] => 2019
    [IP] => 76.118.172.7
    [Timestamp] => 1365078902
    [Time/Date] => Thu, 04 Apr 2013 08:35:02 -0400
    [Order Page Timestamp] => 1365078883149
    [Order Page Time/Date] => Tue, 17 Aug 45227 21:39:09 -0500
    [User Agent] => Mozilla/4.0 (compatible; MSIE 8.0; Windows NT 5.1; Trident/4.0; .NET CLR 1.1.4322; .NET CLR 2.0.50727; .NET CLR 3.0.4506.2152; .NET CLR 3.5.30729; Alexa Toolbar)
)
Array
(
    [Order ID] => 0
    [Price] => 281.25
    [User ID] => 2022
    [IP] => 67.248.68.253
    [Timestamp] => 1365088638
    [Time/Date] => Thu, 04 Apr 2013 11:17:18 -0400
    [Order Page Timestamp] => 1365088561994
    [Order Page Time/Date] => Tue, 07 Dec 45227 22:13:14 -0500
    [User Agent] => Mozilla/4.0 (compatible; MSIE 8.0; Windows NT 5.1; Trident/4.0; .NET CLR 1.0.3705; .NET CLR 1.1.4322; .NET CLR 2.0.50727; Media Center PC 4.0; .NET CLR 3.0.04506.30; .NET CLR 3.0.04506.648; .NET CLR 3.0.4506.2152; .NET CLR 3.5.30729)
)
Array
(
    [Order ID] => 0
    [Price] => 187.5
    [User ID] => 2025
    [IP] => 209.113.247.242
    [Timestamp] => 1365096703
    [Time/Date] => Thu, 04 Apr 2013 13:31:43 -0400
    [Order Page Timestamp] => 1365096420036
    [Order Page Time/Date] => Tue, 07 Mar 45228 21:00:36 -0500
    [User Agent] => Mozilla/4.0 (compatible; MSIE 8.0; Windows NT 5.1; Trident/4.0; FunWebProducts; .NET CLR 1.1.4322; .NET CLR 2.0.50727; .NET CLR 3.0.4506.2152; .NET CLR 3.5.30729)
)
Array
(
    [Order ID] => 0
    [Price] => 33.75
    [User ID] => 2026
    [IP] => 173.166.69.9
    [Timestamp] => 1365098595
    [Time/Date] => Thu, 04 Apr 2013 14:03:15 -0400
    [Order Page Timestamp] => 1365098536179
    [Order Page Time/Date] => Sat, 01 Apr 45228 08:49:39 -0500
    [User Agent] => Mozilla/4.0 (compatible; MSIE 7.0; Windows NT 5.1; Trident/4.0; .NET CLR 1.1.4322; .NET CLR 2.0.50727; .NET CLR 3.0.04506.30; .NET CLR 3.0.04506.648; .NET CLR 3.0.4506.2152; .NET CLR 3.5.30729)
)
Array
(
    [Order ID] => 0
    [Price] => 187.5
    [User ID] => 830
    [IP] => 72.71.209.254
    [Timestamp] => 1365108956
    [Time/Date] => Thu, 04 Apr 2013 16:55:56 -0400
    [Order Page Timestamp] => 1365108138507
    [Order Page Time/Date] => Fri, 21 Jul 45228 12:08:27 -0500
    [User Agent] => Mozilla/5.0 (compatible; MSIE 10.0; Windows NT 6.1; WOW64; Trident/6.0)
)
