Array
(
    [Order ID] => 0
    [Price] => 24.75
    [User ID] => 582
    [IP] => 75.251.25.4
    [Timestamp] => 1362073005
    [Time/Date] => Thu, 28 Feb 2013 12:36:45 -0500
    [Order Page Timestamp] => 1362072013745
    [Order Page Time/Date] => Fri, 06 May 45132 04:09:05 -0500
    [User Agent] => Mozilla/5.0 (compatible; MSIE 9.0; Windows NT 6.1; WOW64; Trident/5.0; yie9)
)
Array
(
    [Order ID] => 0
    [Price] => 41.25
    [User ID] => 430
    [IP] => 70.96.33.195
    [Timestamp] => 1362078787
    [Time/Date] => Thu, 28 Feb 2013 14:13:07 -0500
    [Order Page Timestamp] => 1362078767155
    [Order Page Time/Date] => Sat, 23 Jul 45132 08:05:55 -0500
    [User Agent] => Mozilla/5.0 (Windows NT 6.1; WOW64) AppleWebKit/537.22 (KHTML, like Gecko) Chrome/25.0.1364.97 Safari/537.22
)
