Array
(
    [Order ID] => 0
    [Price] => 425
    [User ID] => 1344
    [IP] => 24.128.161.243
    [Timestamp] => 1359734421
    [Time/Date] => Fri, 01 Feb 2013 11:00:21 -0500
    [Order Page Timestamp] => 1359734403081
    [Order Page Time/Date] => Thu, 08 Apr 45058 11:51:21 -0500
    [User Agent] => Mozilla/5.0 (compatible; MSIE 9.0; Windows NT 6.1; WOW64; Trident/5.0)
)
Array
(
    [Order ID] => 0
    [Price] => 175
    [User ID] => 1346
    [IP] => 24.61.235.175
    [Timestamp] => 1359749746
    [Time/Date] => Fri, 01 Feb 2013 15:15:46 -0500
    [Order Page Timestamp] => 1359749054894
    [Order Page Time/Date] => Sat, 25 Sep 45058 01:48:14 -0500
    [User Agent] => Mozilla/5.0 (Windows NT 6.1; WOW64; rv:18.0) Gecko/20100101 Firefox/18.0
)
