Array
(
    [Order ID] => 0
    [Price] => 89.25
    [User ID] => 1895
    [IP] => 71.232.224.87
    [Timestamp] => 1364690922
    [Time/Date] => Sat, 30 Mar 2013 20:48:42 -0400
    [Order Page Timestamp] => 1364689666607
    [Order Page Time/Date] => Sat, 18 Apr 45215 01:56:47 -0500
    [User Agent] => Mozilla/5.0 (compatible; MSIE 9.0; Windows NT 6.0; Trident/5.0)
)
Array
(
    [Order ID] => 0
    [Price] => 89.25
    [User ID] => 1895
    [IP] => 71.232.224.87
    [Timestamp] => 1364690952
    [Time/Date] => Sat, 30 Mar 2013 20:49:12 -0400
    [Order Page Timestamp] => 1364689666607
    [Order Page Time/Date] => Sat, 18 Apr 45215 01:56:47 -0500
    [User Agent] => Mozilla/5.0 (compatible; MSIE 9.0; Windows NT 6.0; Trident/5.0)
)
