Array
(
    [q] => payment-received
    [billTo_lastName] => Moulton
    [billTo_phoneNumber] => 6032395039
    [orderAmount] => 321.55
    [billTo_street1] => 112 Old Homestead Highway
    [card_accountNumber] => ############1302
    [platform] => prd
    [orderAmount_publicSignature] => aih3zT3JtrjbvS4K/RoiSHVBHHE=
    [orderPage_serialNumber] => 3213046286400176056193
    [orderCurrency] => usd
    [reconciliationID] => 185040070Y24Z8DXXEZJ2
    [signedDataPublicSignature] => ySct62VTdfcTYSTuYkAzEOKxjK8=
    [decision] => ACCEPT
    [ccAuthReply_processorResponse] => 00
    [source_domain] => nh.tcro.us
    [billTo_state] => NH
    [billTo_firstName] => Patty
    [billTo_customerID] => 1362
    [uid] => 1362
    [card_expirationYear] => 2016
    [merchantDefinedData1] => Request ID: 46229
    [transactionSignature] => fziPiCAfblGW0E9VL3HQaJOr81k=
    [billTo_city] => Richmond
    [billTo_postalCode] => 03470
    [orderPage_requestToken] => Ahj//wSRiWlNg9O16hg+KFWLhqwaMGDdhZZNLTiJYsRbUpkn76Qz7SoCn76Qz7SukD/s2X+QyaSZV0eks44GC+RiWlNg9O16hg+Alki4
    [ccAuthReply_amount] => 321.55
    [orderCurrency_publicSignature] => pfcMEzOHelrVLvafAkpPGnECGbk=
    [orderPage_transactionType] => sale
    [ccAuthReply_authorizationCode] => 033835
    [decision_publicSignature] => KnPsJG1LWbeM0M209/iKgV4eG28=
    [ccAuthReply_avsCodeRaw] => Y
    [paymentOption] => card
    [billTo_country] => us
    [billTo_email] => nanaofzb@live.com
    [reasonCode] => 100
    [order_id] => 46229
    [ccAuthReply_reasonCode] => 100
    [orderPage_environment] => PRODUCTION
    [card_expirationMonth] => 01
    [merchantID] => avtranzsb
    [orderNumber_publicSignature] => Souy7EpHefuAWYkkvrvFHjNWuUE=
    [requestID] => 3628579143430178147359
    [orderNumber] => 1362857914340
    [signedFields] => billTo_lastName,billTo_phoneNumber,orderAmount,billTo_street1,card_accountNumber,platform,orderAmount_publicSignature,orderPage_serialNumber,orderCurrency,reconciliationID,decision,ccAuthReply_processorResponse,source_domain,billTo_state,billTo_firstName,billTo_customerID,uid,card_expirationYear,merchantDefinedData1,billTo_city,billTo_postalCode,orderPage_requestToken,ccAuthReply_amount,orderCurrency_publicSignature,orderPage_transactionType,ccAuthReply_authorizationCode,decision_publicSignature,ccAuthReply_avsCodeRaw,paymentOption,billTo_country,billTo_email,reasonCode,order_id,ccAuthReply_reasonCode,orderPage_environment,card_expirationMonth,merchantID,orderNumber_publicSignature,requestID,orderNumber,ccAuthReply_authorizedDateTime,card_cardType,ccAuthReply_avsCode
    [ccAuthReply_authorizedDateTime] => 2013-03-09T193836Z
    [card_cardType] => 001
    [ccAuthReply_avsCode] => Y
)
Array
(
    [q] => payment-received
    [billTo_lastName] => Olson
    [billTo_phoneNumber] => 6034256555
    [orderAmount] => 63.75
    [billTo_street1] => 2 Palmer Drive Suite 5
    [card_accountNumber] => ############8614
    [platform] => prd
    [orderAmount_publicSignature] => Hs9qxKPTA5pTkhzf+bHVmPekQKU=
    [orderPage_serialNumber] => 3213046286400176056193
    [orderCurrency] => usd
    [reconciliationID] => 185115273Y250EDY3PZXS
    [signedDataPublicSignature] => b1W+CEUsLF4TzyvlJo0rKE6mWS8=
    [decision] => ACCEPT
    [ccAuthReply_processorResponse] => 00
    [source_domain] => nh.tcro.us
    [billTo_state] => NH
    [billTo_firstName] => Carl
    [billTo_customerID] => 679
    [uid] => 679
    [billTo_company] => Law Office of Carl D Olson
    [card_expirationYear] => 2015
    [merchantDefinedData1] => Request ID: 51428
    [transactionSignature] => tGsNkqFDmdN4HILFxZkQR8SkiuU=
    [billTo_city] => Londonderry
    [billTo_postalCode] => 03053
    [orderPage_requestToken] => Ahj//wSRiW8KKQW3NuBCKFWLhqxYtWTdnZZNWEWJZZ0LVimogZmAvkoBUQMzAXyVpA3HOX+QyaSZV0eks44GDyRiW8KKQW3NuBCAXxz1
    [ccAuthReply_amount] => 63.75
    [orderCurrency_publicSignature] => pfcMEzOHelrVLvafAkpPGnECGbk=
    [orderPage_transactionType] => sale
    [ccAuthReply_authorizationCode] => 092304
    [decision_publicSignature] => KnPsJG1LWbeM0M209/iKgV4eG28=
    [ccAuthReply_avsCodeRaw] => Y
    [paymentOption] => card
    [billTo_country] => us
    [billTo_email] => attyolson@comcast.net
    [reasonCode] => 100
    [order_id] => 51428
    [ccAuthReply_reasonCode] => 100
    [orderPage_environment] => PRODUCTION
    [card_expirationMonth] => 04
    [merchantID] => avtranzsb
    [orderNumber_publicSignature] => tR1Rmg514lJKeNKUUpiNtlk6J7c=
    [requestID] => 3628785836880178147361
    [orderNumber] => 1362878583686
    [signedFields] => billTo_lastName,billTo_phoneNumber,orderAmount,billTo_street1,card_accountNumber,platform,orderAmount_publicSignature,orderPage_serialNumber,orderCurrency,reconciliationID,decision,ccAuthReply_processorResponse,source_domain,billTo_state,billTo_firstName,billTo_customerID,uid,billTo_company,card_expirationYear,merchantDefinedData1,billTo_city,billTo_postalCode,orderPage_requestToken,ccAuthReply_amount,orderCurrency_publicSignature,orderPage_transactionType,ccAuthReply_authorizationCode,decision_publicSignature,ccAuthReply_avsCodeRaw,paymentOption,billTo_country,billTo_email,reasonCode,order_id,ccAuthReply_reasonCode,orderPage_environment,card_expirationMonth,merchantID,orderNumber_publicSignature,requestID,orderNumber,ccAuthReply_authorizedDateTime,card_cardType,ccAuthReply_avsCode
    [ccAuthReply_authorizedDateTime] => 2013-03-10T012304Z
    [card_cardType] => 001
    [ccAuthReply_avsCode] => Y
)
