Array
(
    [Order ID] => 0
    [Price] => 25.5
    [User ID] => 1006
    [IP] => 76.118.129.24
    [Timestamp] => 1363365765
    [Time/Date] => Fri, 15 Mar 2013 12:42:45 -0400
    [Order Page Timestamp] => 1363365730495
    [Order Page Time/Date] => Fri, 04 May 45173 17:54:55 -0500
    [User Agent] => Mozilla/5.0 (Macintosh; Intel Mac OS X 10_8_2) AppleWebKit/536.26.17 (KHTML, like Gecko) Version/6.0.2 Safari/536.26.17
)
Array
(
    [Order ID] => 0
    [Price] => 375
    [User ID] => 1606
    [IP] => 173.14.179.189
    [Timestamp] => 1363373939
    [Time/Date] => Fri, 15 Mar 2013 14:58:59 -0400
    [Order Page Timestamp] => 1363373902480
    [Order Page Time/Date] => Tue, 07 Aug 45173 07:54:40 -0500
    [User Agent] => Mozilla/5.0 (compatible; MSIE 9.0; Windows NT 6.1; Trident/5.0)
)
Array
(
    [Order ID] => 0
    [Price] => 375
    [User ID] => 1606
    [IP] => 173.14.179.189
    [Timestamp] => 1363375030
    [Time/Date] => Fri, 15 Mar 2013 15:17:10 -0400
    [Order Page Timestamp] => 1363374721800
    [Order Page Time/Date] => Thu, 16 Aug 45173 19:30:00 -0500
    [User Agent] => Mozilla/5.0 (Windows NT 6.1) AppleWebKit/537.22 (KHTML, like Gecko) Chrome/25.0.1364.172 Safari/537.22
)
Array
(
    [Order ID] => 0
    [Price] => 375
    [User ID] => 430
    [IP] => 70.96.33.195
    [Timestamp] => 1363375457
    [Time/Date] => Fri, 15 Mar 2013 15:24:17 -0400
    [Order Page Timestamp] => 1363375453934
    [Order Page Time/Date] => Sat, 25 Aug 45173 06:52:14 -0500
    [User Agent] => Mozilla/5.0 (Windows NT 6.1; WOW64) AppleWebKit/537.22 (KHTML, like Gecko) Chrome/25.0.1364.172 Safari/537.22
)
