Array
(
    [Order ID] => 0
    [Price] => 154
    [User ID] => 1539
    [IP] => 68.112.254.155
    [Timestamp] => 1362582817
    [Time/Date] => Wed, 06 Mar 2013 10:13:37 -0500
    [Order Page Timestamp] => 1362582798218
    [Order Page Time/Date] => Tue, 13 Jul 45148 00:43:38 -0500
    [User Agent] => Mozilla/5.0 (compatible; MSIE 9.0; Windows NT 6.0; WOW64; Trident/5.0)
)
Array
(
    [Order ID] => 0
    [Price] => 175
    [User ID] => 1539
    [IP] => 68.112.254.155
    [Timestamp] => 1362583043
    [Time/Date] => Wed, 06 Mar 2013 10:17:23 -0500
    [Order Page Timestamp] => 1362583024544
    [Order Page Time/Date] => Thu, 15 Jul 45148 15:35:44 -0500
    [User Agent] => Mozilla/5.0 (compatible; MSIE 9.0; Windows NT 6.0; WOW64; Trident/5.0)
)
Array
(
    [Order ID] => 0
    [Price] => 956.25
    [User ID] => 1540
    [IP] => 71.181.75.196
    [Timestamp] => 1362602223
    [Time/Date] => Wed, 06 Mar 2013 15:37:03 -0500
    [Order Page Timestamp] => 1362602184301
    [Order Page Time/Date] => Tue, 22 Feb 45149 09:45:01 -0500
    [User Agent] => Mozilla/5.0 (Windows NT 6.1) AppleWebKit/537.22 (KHTML, like Gecko) Chrome/25.0.1364.152 Safari/537.22
)
