Array
(
    [Order ID] => 0
    [Price] => 112.1
    [User ID] => 778
    [IP] => 72.4.192.2
    [Timestamp] => 1363101147
    [Time/Date] => Tue, 12 Mar 2013 11:12:27 -0400
    [Order Page Timestamp] => 1363101126614
    [Order Page Time/Date] => Tue, 15 Dec 45164 04:50:14 -0500
    [User Agent] => Mozilla/4.0 (compatible; MSIE 8.0; Windows NT 6.1; WOW64; Trident/4.0; SLCC2; .NET CLR 2.0.50727; .NET CLR 3.5.30729; .NET CLR 3.0.30729; Media Center PC 6.0; .NET4.0C; .NET4.0E)
)
Array
(
    [Order ID] => 0
    [Price] => 525
    [User ID] => 247
    [IP] => 70.96.33.195
    [Timestamp] => 1363113959
    [Time/Date] => Tue, 12 Mar 2013 14:45:59 -0400
    [Order Page Timestamp] => 1363113954426
    [Order Page Time/Date] => Wed, 12 May 45165 16:07:06 -0500
    [User Agent] => Mozilla/5.0 (Windows NT 6.1; WOW64) AppleWebKit/537.22 (KHTML, like Gecko) Chrome/25.0.1364.152 Safari/537.22
)
Array
(
    [Order ID] => 0
    [Price] => 147.5
    [User ID] => 1482
    [IP] => 67.189.235.100
    [Timestamp] => 1363119853
    [Time/Date] => Tue, 12 Mar 2013 16:24:13 -0400
    [Order Page Timestamp] => 1363119829214
    [Order Page Time/Date] => Mon, 19 Jul 45165 16:00:14 -0500
    [User Agent] => Mozilla/5.0 (Windows NT 5.1; rv:19.0) Gecko/20100101 Firefox/19.0
)
