Array
(
    [q] => payment-received
    [billTo_lastName] => Bauer
    [billTo_phoneNumber] => 8028640880
    [orderAmount] => 112.1
    [billTo_street1] => PO Box 1489
    [card_accountNumber] => ############1096
    [platform] => prd
    [orderAmount_publicSignature] => ez4WMzBoUfE5GrQbiwtoKJXbfOM=
    [orderPage_serialNumber] => 3213046286400176056193
    [orderCurrency] => usd
    [reconciliationID] => 186072414Y250EE4DVDEH
    [signedDataPublicSignature] => fYC/bTr/xd1JDthsucDIYPtsNcI=
    [decision] => ACCEPT
    [ccAuthReply_processorResponse] => 00
    [source_domain] => nh.tcro.us
    [billTo_state] => VT
    [billTo_firstName] => Cynthia
    [billTo_customerID] => 778
    [uid] => 778
    [billTo_company] => Primmer Piper Eggleston & Cramer PC
    [card_expirationYear] => 2015
    [merchantDefinedData1] => Request ID: 51517
    [transactionSignature] => P4MvnpBIOGA9bzLoTGbK0FQo1Uw=
    [billTo_city] => Burlington
    [billTo_postalCode] => 05402
    [orderPage_requestToken] => Ahj//wSRiazdec6SXeBEKFWLhswbsmjFpZZNWEWK0iVokWQogZm2OgUCUQMzbHQLpA6vKL/4ZNJMq6PSWccDCfIxNZuvOdJLvAiAXhgr
    [ccAuthReply_amount] => 112.10
    [orderCurrency_publicSignature] => pfcMEzOHelrVLvafAkpPGnECGbk=
    [orderPage_transactionType] => sale
    [ccAuthReply_authorizationCode] => 06051S
    [decision_publicSignature] => KnPsJG1LWbeM0M209/iKgV4eG28=
    [ccAuthReply_avsCodeRaw] => Y
    [paymentOption] => card
    [billTo_country] => us
    [billTo_email] => sblackall@primmer.com
    [reasonCode] => 100
    [order_id] => 51517
    [ccAuthReply_reasonCode] => 100
    [orderPage_environment] => PRODUCTION
    [card_expirationMonth] => 05
    [merchantID] => avtranzsb
    [orderNumber_publicSignature] => nHVSjqX0oU+wEjIPi8AKIVSfAOg=
    [requestID] => 3631013333520178147362
    [orderNumber] => 1363101333351
    [signedFields] => billTo_lastName,billTo_phoneNumber,orderAmount,billTo_street1,card_accountNumber,platform,orderAmount_publicSignature,orderPage_serialNumber,orderCurrency,reconciliationID,decision,ccAuthReply_processorResponse,source_domain,billTo_state,billTo_firstName,billTo_customerID,uid,billTo_company,card_expirationYear,merchantDefinedData1,billTo_city,billTo_postalCode,orderPage_requestToken,ccAuthReply_amount,orderCurrency_publicSignature,orderPage_transactionType,ccAuthReply_authorizationCode,decision_publicSignature,ccAuthReply_avsCodeRaw,paymentOption,billTo_country,billTo_email,reasonCode,order_id,ccAuthReply_reasonCode,orderPage_environment,card_expirationMonth,merchantID,orderNumber_publicSignature,requestID,orderNumber,ccAuthReply_authorizedDateTime,card_cardType,ccAuthReply_avsCode
    [ccAuthReply_authorizedDateTime] => 2013-03-12T151534Z
    [card_cardType] => 002
    [ccAuthReply_avsCode] => Y
)
Array
(
    [q] => payment-received
    [billTo_lastName] => Curley
    [billTo_phoneNumber] => 6039294076
    [orderAmount] => 525
    [billTo_street1] => 38 Moulton Road
    [card_accountNumber] => ############5592
    [platform] => prd
    [orderAmount_publicSignature] => PvYJE1HMw0dHH4usgyWRrzVMXJk=
    [orderPage_serialNumber] => 3213046286400176056193
    [orderCurrency] => usd
    [reconciliationID] => 186172377Y250OE4DY718
    [signedDataPublicSignature] => ijSnbMwo8LkpYVQyZkLG/Z5HZCE=
    [decision] => ACCEPT
    [ccAuthReply_processorResponse] => 00
    [source_domain] => nh.tcro.us
    [billTo_state] => NH
    [billTo_firstName] => James
    [billTo_customerID] => 247
    [uid] => 247
    [card_expirationYear] => 2014
    [merchantDefinedData1] => Request ID: 51552
    [transactionSignature] => Sr1EE5tYwriHYdteK0vh78KHLmg=
    [billTo_city] => Hampton
    [billTo_postalCode] => 03842
    [orderPage_requestToken] => Ahj//wSRibBkVT3bCGhEKFWLhsxbsmbdvZZNWE+K0iWW7Fwog+3CxakBUQfbhYtTpBDNFC/+GTSTKuj0lnHAwkyMTYMiqe7YQ0Ig/SVb
    [ccAuthReply_amount] => 525.00
    [orderCurrency_publicSignature] => pfcMEzOHelrVLvafAkpPGnECGbk=
    [orderPage_transactionType] => sale
    [ccAuthReply_authorizationCode] => 01630B
    [decision_publicSignature] => KnPsJG1LWbeM0M209/iKgV4eG28=
    [ccAuthReply_avsCodeRaw] => Y
    [paymentOption] => card
    [billTo_country] => us
    [reasonCode] => 100
    [order_id] => 51552
    [ccAuthReply_reasonCode] => 100
    [orderPage_environment] => PRODUCTION
    [card_expirationMonth] => 08
    [merchantID] => avtranzsb
    [orderNumber_publicSignature] => 1MqR8XGl/pdHplo1j0CL3EFz85U=
    [requestID] => 3631140399370178147362
    [orderNumber] => 1363114039935
    [signedFields] => billTo_lastName,billTo_phoneNumber,orderAmount,billTo_street1,card_accountNumber,platform,orderAmount_publicSignature,orderPage_serialNumber,orderCurrency,reconciliationID,decision,ccAuthReply_processorResponse,source_domain,billTo_state,billTo_firstName,billTo_customerID,uid,card_expirationYear,merchantDefinedData1,billTo_city,billTo_postalCode,orderPage_requestToken,ccAuthReply_amount,orderCurrency_publicSignature,orderPage_transactionType,ccAuthReply_authorizationCode,decision_publicSignature,ccAuthReply_avsCodeRaw,paymentOption,billTo_country,reasonCode,order_id,ccAuthReply_reasonCode,orderPage_environment,card_expirationMonth,merchantID,orderNumber_publicSignature,requestID,orderNumber,ccAuthReply_authorizedDateTime,card_cardType,ccAuthReply_avsCode
    [ccAuthReply_authorizedDateTime] => 2013-03-12T184720Z
    [card_cardType] => 001
    [ccAuthReply_avsCode] => Y
)
