Array
(
    [Order ID] => 0
    [Price] => 700
    [User ID] => 1446
    [IP] => 70.88.214.25
    [Timestamp] => 1361283786
    [Time/Date] => Tue, 19 Feb 2013 09:23:06 -0500
    [Order Page Timestamp] => 1361283679874
    [Order Page Time/Date] => Mon, 13 May 45107 22:31:14 -0500
    [User Agent] => Mozilla/5.0 (compatible; MSIE 9.0; Windows NT 6.1; WOW64; Trident/5.0)
)
Array
(
    [Order ID] => 0
    [Price] => 212.5
    [User ID] => 1447
    [IP] => 216.200.160.206
    [Timestamp] => 1361286370
    [Time/Date] => Tue, 19 Feb 2013 10:06:10 -0500
    [Order Page Timestamp] => 1361286351309
    [Order Page Time/Date] => Thu, 13 Jun 45107 20:35:09 -0500
    [User Agent] => Mozilla/4.0 (compatible; MSIE 8.0; Windows NT 6.1; Trident/4.0; SLCC2; .NET CLR 2.0.50727; .NET CLR 3.5.30729; .NET CLR 3.0.30729; Media Center PC 6.0; .NET4.0C; .NET4.0E)
)
Array
(
    [Order ID] => 0
    [Price] => 66.25
    [User ID] => 1316
    [IP] => 24.60.50.170
    [Timestamp] => 1361319840
    [Time/Date] => Tue, 19 Feb 2013 19:24:00 -0500
    [Order Page Timestamp] => 1361319831568
    [Order Page Time/Date] => Sun, 05 Jul 45108 08:39:28 -0500
    [User Agent] => Mozilla/5.0 (Windows NT 6.1; WOW64; rv:18.0) Gecko/20100101 Firefox/18.0
)
