Array
(
    [q] => payment-received
    [billTo_lastName] => Prevett
    [billTo_phoneNumber] => 6036738500
    [orderAmount] => 637.5
    [billTo_street1] => 12 Baboosic Lake Road
    [card_accountNumber] => ############9311
    [platform] => prd
    [orderAmount_publicSignature] => 4BxW6JRUzJH+NLyziFkI5Ay/aAg=
    [orderPage_serialNumber] => 3213046286400176056193
    [orderCurrency] => usd
    [reconciliationID] => 160324159WTO8HALUDFYD
    [signedDataPublicSignature] => ybzfAfW3V/wGrzcp3XLbJ1P5zE0=
    [decision] => ACCEPT
    [ccAuthReply_processorResponse] => 00
    [source_domain] => nh.tcro.us
    [billTo_state] => NH
    [billTo_firstName] => Todd
    [billTo_customerID] => 1254
    [uid] => 1254
    [billTo_company] => Prevett & Prevett, LLP
    [card_expirationYear] => 2014
    [merchantDefinedData1] => Request ID: 43871
    [transactionSignature] => mKPFkQzv0gFBnRdt4d1igR+Qw10=
    [billTo_city] => Amherst
    [billTo_postalCode] => 03031
    [orderPage_requestToken] => Ahj//wSRhD3a6Wmc7uhIKFWLZgzZNGLVzXqT3EiDMqxI1mImj/EB2LgFNH+IDsXaQQ+QYvFhk0kyro9JZxwMG0jCHu10tM53dCQANxI+
    [ccAuthReply_amount] => 637.50
    [orderCurrency_publicSignature] => pfcMEzOHelrVLvafAkpPGnECGbk=
    [orderPage_transactionType] => sale
    [ccAuthReply_authorizationCode] => 005864
    [decision_publicSignature] => KnPsJG1LWbeM0M209/iKgV4eG28=
    [ccAuthReply_avsCodeRaw] => Y
    [paymentOption] => card
    [billTo_country] => us
    [billTo_email] => joshdark@juno.com
    [reasonCode] => 100
    [order_id] => 43871
    [ccAuthReply_reasonCode] => 100
    [orderPage_environment] => PRODUCTION
    [card_expirationMonth] => 04
    [merchantID] => avtranzsb
    [orderNumber_publicSignature] => ID84NQElUoGZ6BqPpETKc0mzI8M=
    [requestID] => 3580896916010178147364
    [orderNumber] => 1358089691600
    [signedFields] => billTo_lastName,billTo_phoneNumber,orderAmount,billTo_street1,card_accountNumber,platform,orderAmount_publicSignature,orderPage_serialNumber,orderCurrency,reconciliationID,decision,ccAuthReply_processorResponse,source_domain,billTo_state,billTo_firstName,billTo_customerID,uid,billTo_company,card_expirationYear,merchantDefinedData1,billTo_city,billTo_postalCode,orderPage_requestToken,ccAuthReply_amount,orderCurrency_publicSignature,orderPage_transactionType,ccAuthReply_authorizationCode,decision_publicSignature,ccAuthReply_avsCodeRaw,paymentOption,billTo_country,billTo_email,reasonCode,order_id,ccAuthReply_reasonCode,orderPage_environment,card_expirationMonth,merchantID,orderNumber_publicSignature,requestID,orderNumber,ccAuthReply_authorizedDateTime,card_cardType,ccAuthReply_avsCode
    [ccAuthReply_authorizedDateTime] => 2013-01-13T150812Z
    [card_cardType] => 001
    [ccAuthReply_avsCode] => Y
)
