Array
(
    [q] => payment-received
    [billTo_lastName] => Burgess
    [billTo_phoneNumber] => 2077135655
    [orderAmount] => 46.75
    [billTo_street1] => 10 Flaherty Lane
    [card_accountNumber] => ############5007
    [platform] => prd
    [orderAmount_publicSignature] => CnTa2DhH+hQELOe5giwehMus0Fc=
    [orderPage_serialNumber] => 3213046286400176056193
    [orderCurrency] => usd
    [signedDataPublicSignature] => 2JTkTD85oguILe2NnQcTVCprZkw=
    [decision] => REJECT
    [ccAuthReply_processorResponse] => 54
    [source_domain] => nh.tcro.us
    [billTo_state] => ME
    [billTo_firstName] => Kelly
    [billTo_customerID] => 1415
    [uid] => 1415
    [card_expirationYear] => 2013
    [merchantDefinedData1] => Request ID: 46910
    [transactionSignature] => ZBufvLC3bPSX9WdACDfcy1alMgo=
    [billTo_city] => Litchfield
    [billTo_postalCode] => 04350
    [orderPage_requestToken] => Ahj77wSRhw+V4j5xqdhEKJpHY+gL4BTSOx9AX2kDZIZfGmVpJlXR6SzjgFkjDh8rxHzjU7CIJjMP
    [orderCurrency_publicSignature] => pfcMEzOHelrVLvafAkpPGnECGbk=
    [orderPage_transactionType] => sale
    [decision_publicSignature] => 0dXZuXVlTstro9Mt4xaCuwk/s40=
    [ccAuthReply_avsCodeRaw] => U
    [paymentOption] => card
    [billTo_country] => us
    [billTo_email] => rracerr56@aol.com
    [reasonCode] => 202
    [order_id] => 46910
    [ccAuthReply_reasonCode] => 202
    [orderPage_environment] => PRODUCTION
    [card_expirationMonth] => 04
    [merchantID] => avtranzsb
    [orderNumber_publicSignature] => CBOFl6/zb7/DuZdXryDxLCPWS1s=
    [requestID] => 3606899992630178147362
    [orderNumber] => 1360689999262
    [signedFields] => billTo_lastName,billTo_phoneNumber,orderAmount,billTo_street1,card_accountNumber,platform,orderAmount_publicSignature,orderPage_serialNumber,orderCurrency,decision,ccAuthReply_processorResponse,source_domain,billTo_state,billTo_firstName,billTo_customerID,uid,card_expirationYear,merchantDefinedData1,billTo_city,billTo_postalCode,orderPage_requestToken,orderCurrency_publicSignature,orderPage_transactionType,decision_publicSignature,ccAuthReply_avsCodeRaw,paymentOption,billTo_country,billTo_email,reasonCode,order_id,ccAuthReply_reasonCode,orderPage_environment,card_expirationMonth,merchantID,orderNumber_publicSignature,requestID,orderNumber,card_cardType,ccAuthReply_avsCode
    [card_cardType] => 001
    [ccAuthReply_avsCode] => U
)
Array
(
    [q] => payment-received
    [billTo_lastName] => Burgess
    [billTo_phoneNumber] => 2077135655
    [orderAmount] => 46.75
    [billTo_street1] => 10 Flaherty Lane
    [card_accountNumber] => ############5007
    [platform] => prd
    [orderAmount_publicSignature] => CnTa2DhH+hQELOe5giwehMus0Fc=
    [orderPage_serialNumber] => 3213046286400176056193
    [orderCurrency] => usd
    [reconciliationID] => 173883665WTO1QCUXBKF5
    [signedDataPublicSignature] => YxU1ImYUPBVPrr10mp8AVPubzXo=
    [decision] => ACCEPT
    [ccAuthReply_processorResponse] => 00
    [source_domain] => nh.tcro.us
    [billTo_state] => ME
    [billTo_firstName] => Kelly
    [billTo_customerID] => 1415
    [uid] => 1415
    [card_expirationYear] => 2013
    [merchantDefinedData1] => Request ID: 46910
    [transactionSignature] => 4hqlMHF6TVdH8yr8NO+wMtafTfQ=
    [billTo_city] => Litchfield
    [billTo_postalCode] => 04350
    [orderPage_requestToken] => Ahj//wSRhw+Z0pnHU3BEKFWLdm4cM2zZrXqT2NGHVsQpcZqmkdj6BJAFNI7H0CSaQNkhl8cMmkmVdHpLOOBgskYcPmdKZx1NwRAATT2G
    [ccAuthReply_amount] => 46.75
    [orderCurrency_publicSignature] => pfcMEzOHelrVLvafAkpPGnECGbk=
    [orderPage_transactionType] => sale
    [ccAuthReply_authorizationCode] => 401845
    [decision_publicSignature] => KnPsJG1LWbeM0M209/iKgV4eG28=
    [ccAuthReply_avsCodeRaw] => Y
    [paymentOption] => card
    [billTo_country] => us
    [billTo_email] => rracerr56@aol.com
    [reasonCode] => 100
    [order_id] => 46910
    [ccAuthReply_reasonCode] => 100
    [orderPage_environment] => PRODUCTION
    [card_expirationMonth] => 05
    [merchantID] => avtranzsb
    [orderNumber_publicSignature] => WIgC185YCsUCcY+K8R8kpk4DXzE=
    [requestID] => 3606900546980178147362
    [orderNumber] => 1360690054696
    [signedFields] => billTo_lastName,billTo_phoneNumber,orderAmount,billTo_street1,card_accountNumber,platform,orderAmount_publicSignature,orderPage_serialNumber,orderCurrency,reconciliationID,decision,ccAuthReply_processorResponse,source_domain,billTo_state,billTo_firstName,billTo_customerID,uid,card_expirationYear,merchantDefinedData1,billTo_city,billTo_postalCode,orderPage_requestToken,ccAuthReply_amount,orderCurrency_publicSignature,orderPage_transactionType,ccAuthReply_authorizationCode,decision_publicSignature,ccAuthReply_avsCodeRaw,paymentOption,billTo_country,billTo_email,reasonCode,order_id,ccAuthReply_reasonCode,orderPage_environment,card_expirationMonth,merchantID,orderNumber_publicSignature,requestID,orderNumber,ccAuthReply_authorizedDateTime,card_cardType,ccAuthReply_avsCode
    [ccAuthReply_authorizedDateTime] => 2013-02-12T172735Z
    [card_cardType] => 001
    [ccAuthReply_avsCode] => Y
)
Array
(
    [q] => payment-received
    [billTo_lastName] => Farrell
    [billTo_phoneNumber] => 9784961177
    [orderAmount] => 187.5
    [billTo_street1] => 515 Groton Road
    [card_accountNumber] => ############2640
    [platform] => prd
    [orderAmount_publicSignature] => rIK/iMqhKHNyJ7srzBFUA2q+EWg=
    [orderPage_serialNumber] => 3213046286400176056193
    [orderCurrency] => usd
    [reconciliationID] => 173892626WTO9NCUXFBFC
    [signedDataPublicSignature] => hcBNmRfvd2DbM6V6DIrdxLs6Uk0=
    [decision] => ACCEPT
    [ccAuthReply_processorResponse] => 00
    [source_domain] => nh.tcro.us
    [billTo_state] => ma
    [billTo_firstName] => Kathryn
    [billTo_customerID] => 1416
    [uid] => 1416
    [billTo_company] => Deschenes & Farrell, P.C.
    [card_expirationYear] => 2014
    [merchantDefinedData1] => Request ID: 46912
    [transactionSignature] => FH2HL4RWDSSVXu3dYRkBvVQIofo=
    [billTo_city] => Westford
    [billTo_postalCode] => 01886
    [orderPage_requestToken] => Ahj//wSRhw/nQSDwq4hGKFWLdm4csmzJtXqT3M6HVsRoUaGmksdo1SwFNJY7Rql6QPknxfHDJpJlXR6SzjgYRJGHD+dBIPCriEYAwxMW
    [ccAuthReply_amount] => 187.50
    [orderCurrency_publicSignature] => pfcMEzOHelrVLvafAkpPGnECGbk=
    [orderPage_transactionType] => sale
    [ccAuthReply_authorizationCode] => 879004
    [decision_publicSignature] => KnPsJG1LWbeM0M209/iKgV4eG28=
    [ccAuthReply_avsCodeRaw] => Y
    [paymentOption] => card
    [billTo_country] => us
    [billTo_email] => christina@dfpclaw.com
    [reasonCode] => 100
    [order_id] => 46912
    [ccAuthReply_reasonCode] => 100
    [orderPage_environment] => PRODUCTION
    [card_expirationMonth] => 10
    [merchantID] => avtranzsb
    [orderNumber_publicSignature] => j+XbU4sLWJEmAKd7jTyQQXyrVsM=
    [requestID] => 3606911444530178147363
    [orderNumber] => 1360691144451
    [signedFields] => billTo_lastName,billTo_phoneNumber,orderAmount,billTo_street1,card_accountNumber,platform,orderAmount_publicSignature,orderPage_serialNumber,orderCurrency,reconciliationID,decision,ccAuthReply_processorResponse,source_domain,billTo_state,billTo_firstName,billTo_customerID,uid,billTo_company,card_expirationYear,merchantDefinedData1,billTo_city,billTo_postalCode,orderPage_requestToken,ccAuthReply_amount,orderCurrency_publicSignature,orderPage_transactionType,ccAuthReply_authorizationCode,decision_publicSignature,ccAuthReply_avsCodeRaw,paymentOption,billTo_country,billTo_email,reasonCode,order_id,ccAuthReply_reasonCode,orderPage_environment,card_expirationMonth,merchantID,orderNumber_publicSignature,requestID,orderNumber,ccAuthReply_authorizedDateTime,card_cardType,ccAuthReply_avsCode
    [ccAuthReply_authorizedDateTime] => 2013-02-12T174545Z
    [card_cardType] => 001
    [ccAuthReply_avsCode] => Y
)
