Array
(
    [q] => payment-received
    [billTo_lastName] => Beck
    [billTo_phoneNumber] => 6034336006
    [orderAmount] => 825
    [billTo_street1] => 1039 Portsmouth Avenue
    [card_accountNumber] => ############4023
    [platform] => prd
    [orderAmount_publicSignature] => 0pwVytB/P+6aR/P0bl63pkT6OYA=
    [orderPage_serialNumber] => 3213046286400176056193
    [orderCurrency] => usd
    [reconciliationID] => 165195218WTO8VC56XH83
    [signedDataPublicSignature] => fHQMR9ZFiyBX3pslXweFE7XdQ6Y=
    [decision] => ACCEPT
    [ccAuthReply_processorResponse] => 00
    [source_domain] => nh.tcro.us
    [billTo_state] => NH
    [billTo_firstName] => Deborah
    [billTo_customerID] => 263
    [uid] => 263
    [card_expirationYear] => 2014
    [merchantDefinedData1] => Request ID: 43454
    [transactionSignature] => s/dWSJtQAyxhpbdGUZ698YlPO/U=
    [billTo_city] => Greenland
    [billTo_postalCode] => 03840
    [orderPage_requestToken] => Ahj//wSRhS+hbuaCThBGKFWLZqxctWTFxXqT3FaG1bWJDhmmkOa7/iwJNIc13/F6QRoSIXnwyaSZV0eks44GCuRhS+hbuaCThBGAYlXA
    [ccAuthReply_amount] => 825.00
    [orderCurrency_publicSignature] => pfcMEzOHelrVLvafAkpPGnECGbk=
    [orderPage_transactionType] => sale
    [ccAuthReply_authorizationCode] => 02371B
    [decision_publicSignature] => KnPsJG1LWbeM0M209/iKgV4eG28=
    [ccAuthReply_avsCodeRaw] => Y
    [paymentOption] => card
    [billTo_country] => us
    [billTo_email] => beckkatherine65@yahoo.com
    [reasonCode] => 100
    [order_id] => 43454
    [ccAuthReply_reasonCode] => 100
    [orderPage_environment] => PRODUCTION
    [card_expirationMonth] => 03
    [merchantID] => avtranzsb
    [orderNumber_publicSignature] => wZHRgrjmfeHcmhVbCmJFfz1IRL4=
    [requestID] => 3589607795500178147363
    [orderNumber] => 1358960779548
    [signedFields] => billTo_lastName,billTo_phoneNumber,orderAmount,billTo_street1,card_accountNumber,platform,orderAmount_publicSignature,orderPage_serialNumber,orderCurrency,reconciliationID,decision,ccAuthReply_processorResponse,source_domain,billTo_state,billTo_firstName,billTo_customerID,uid,card_expirationYear,merchantDefinedData1,billTo_city,billTo_postalCode,orderPage_requestToken,ccAuthReply_amount,orderCurrency_publicSignature,orderPage_transactionType,ccAuthReply_authorizationCode,decision_publicSignature,ccAuthReply_avsCodeRaw,paymentOption,billTo_country,billTo_email,reasonCode,order_id,ccAuthReply_reasonCode,orderPage_environment,card_expirationMonth,merchantID,orderNumber_publicSignature,requestID,orderNumber,ccAuthReply_authorizedDateTime,card_cardType,ccAuthReply_avsCode
    [ccAuthReply_authorizedDateTime] => 2013-01-23T170619Z
    [card_cardType] => 002
    [ccAuthReply_avsCode] => Y
)
Array
(
    [q] => payment-received
    [billTo_lastName] => Dasey
    [billTo_phoneNumber] => 6034102866
    [orderAmount] => 175
    [billTo_street1] => 10 Centre Street
    [billTo_street2] => P.O. Box 1090
    [card_accountNumber] => ############9613
    [platform] => prd
    [orderAmount_publicSignature] => xJrbG7JGYTa+zJv7jZy7ptkcdkw=
    [orderPage_serialNumber] => 3213046286400176056193
    [orderCurrency] => usd
    [reconciliationID] => 165250527WTOFLC55BICQ
    [signedDataPublicSignature] => tcTEbBfELV4IJSftgqXxAjVmT2Q=
    [decision] => ACCEPT
    [ccAuthReply_processorResponse] => 00
    [source_domain] => nh.tcro.us
    [billTo_state] => NH
    [billTo_firstName] => Christine
    [billTo_customerID] => 479
    [uid] => 479
    [billTo_company] => Upton &  Hatfield, LLP
    [card_expirationYear] => 2014
    [merchantDefinedData1] => Request ID: 45162
    [transactionSignature] => YQXt0R2QyFQKO81yxtwTmAtMf4Q=
    [billTo_city] => Concord
    [billTo_postalCode] => 03302-1090
    [orderPage_requestToken] => Ahj//wSRhTF19SbZh4hAKFWLZqyasGrJvXqT40yG1awpMOimn81vAegFNP5reA9aQPiLhefDJpJlXR6SzjgYOZGFMXX1JtmHiEAAzhtw
    [ccAuthReply_amount] => 175.00
    [orderCurrency_publicSignature] => pfcMEzOHelrVLvafAkpPGnECGbk=
    [orderPage_transactionType] => sale
    [ccAuthReply_authorizationCode] => 025613
    [decision_publicSignature] => KnPsJG1LWbeM0M209/iKgV4eG28=
    [ccAuthReply_avsCodeRaw] => A
    [paymentOption] => card
    [billTo_country] => us
    [billTo_email] => cdasey@upton-hatfield.com
    [reasonCode] => 100
    [order_id] => 45162
    [ccAuthReply_reasonCode] => 100
    [orderPage_environment] => PRODUCTION
    [card_expirationMonth] => 08
    [merchantID] => avtranzsb
    [orderNumber_publicSignature] => GCXiNCSza+J/9Jb2KW3ud8JK9CQ=
    [requestID] => 3589673734450178147360
    [orderNumber] => 1358967373443
    [signedFields] => billTo_lastName,billTo_phoneNumber,orderAmount,billTo_street1,billTo_street2,card_accountNumber,platform,orderAmount_publicSignature,orderPage_serialNumber,orderCurrency,reconciliationID,decision,ccAuthReply_processorResponse,source_domain,billTo_state,billTo_firstName,billTo_customerID,uid,billTo_company,card_expirationYear,merchantDefinedData1,billTo_city,billTo_postalCode,orderPage_requestToken,ccAuthReply_amount,orderCurrency_publicSignature,orderPage_transactionType,ccAuthReply_authorizationCode,decision_publicSignature,ccAuthReply_avsCodeRaw,paymentOption,billTo_country,billTo_email,reasonCode,order_id,ccAuthReply_reasonCode,orderPage_environment,card_expirationMonth,merchantID,orderNumber_publicSignature,requestID,orderNumber,ccAuthReply_authorizedDateTime,card_cardType,ccAuthReply_avsCode
    [ccAuthReply_authorizedDateTime] => 2013-01-23T185614Z
    [card_cardType] => 001
    [ccAuthReply_avsCode] => A
)
