Array
(
    [Order ID] => 0
    [Price] => 247.5
    [User ID] => 653
    [IP] => 74.220.227.50
    [Timestamp] => 1357240759
    [Time/Date] => Thu, 03 Jan 2013 14:19:19 -0500
    [Order Page Timestamp] => 1357240719783
    [Order Page Time/Date] => Wed, 31 Mar 44979 10:03:03 -0500
    [User Agent] => Mozilla/5.0 (compatible; MSIE 9.0; Windows NT 6.1; WOW64; Trident/5.0)
)
Array
(
    [Order ID] => 0
    [Price] => 206.25
    [User ID] => 1215
    [IP] => 50.146.125.77
    [Timestamp] => 1357241062
    [Time/Date] => Thu, 03 Jan 2013 14:24:22 -0500
    [Order Page Timestamp] => 1357241029737
    [Order Page Time/Date] => Sun, 04 Apr 44979 00:08:57 -0500
    [User Agent] => Mozilla/5.0 (Windows NT 6.0) AppleWebKit/537.11 (KHTML, like Gecko) Chrome/23.0.1271.97 Safari/537.11
)
