Array
(
    [q] => payment-received
    [billTo_lastName] => Nesbitt
    [orderAmount] => 3300
    [billTo_street1] => 8 Marston Rd
    [card_accountNumber] => ############0921
    [platform] => prd
    [orderAmount_publicSignature] => dz9m8peDD5v1iQVtDnn11qIxayM=
    [orderPage_serialNumber] => 3213046286400176056193
    [orderCurrency] => usd
    [signedDataPublicSignature] => pWaJvrc3CTdpFug5lKlRKBIlzLE=
    [decision] => REJECT
    [source_domain] => nh.tcro.us
    [billTo_state] => NH
    [billTo_firstName] => Lynne
    [billTo_customerID] => 1012
    [uid] => 1012
    [card_expirationYear] => 2014
    [merchantDefinedData1] => Request ID: 41671
    [transactionSignature] => RN79j9Zn9wNZc2wg/8Um7g8nhI4=
    [billTo_city] => Holderness
    [billTo_postalCode] => 03245
    [orderPage_requestToken] => AhjzbwSRhFgxQxOxC+hGKASaP8Qc4v0gnQkQLxkZtJMq6PSWccArAAAAZBVE
    [orderCurrency_publicSignature] => pfcMEzOHelrVLvafAkpPGnECGbk=
    [orderPage_transactionType] => sale
    [decision_publicSignature] => 0dXZuXVlTstro9Mt4xaCuwk/s40=
    [paymentOption] => card
    [billTo_country] => us
    [billTo_email] => jason.barrow@avtranz.com; ltnesbitt@roderunner.com
    [reasonCode] => 102
    [order_id] => 41671
    [ccAuthReply_reasonCode] => 102
    [orderPage_environment] => PRODUCTION
    [card_expirationMonth] => 08
    [merchantID] => avtranzsb
    [orderNumber_publicSignature] => XGx8Yq5ghPoiDYuwyFi2YiHnx3k=
    [requestID] => 3581845817450178147363
    [orderNumber] => 1358184581744
    [signedFields] => billTo_lastName,orderAmount,billTo_street1,card_accountNumber,platform,orderAmount_publicSignature,orderPage_serialNumber,orderCurrency,decision,source_domain,billTo_state,billTo_firstName,billTo_customerID,uid,card_expirationYear,merchantDefinedData1,billTo_city,billTo_postalCode,orderPage_requestToken,orderCurrency_publicSignature,orderPage_transactionType,decision_publicSignature,paymentOption,billTo_country,billTo_email,reasonCode,order_id,ccAuthReply_reasonCode,orderPage_environment,card_expirationMonth,merchantID,orderNumber_publicSignature,requestID,orderNumber,card_cardType
    [card_cardType] => 002
)
Array
(
    [q] => payment-received
    [billTo_lastName] => Nesbitt
    [orderAmount] => 3300
    [billTo_street1] => 8 Marston Road
    [card_accountNumber] => ############0921
    [platform] => prd
    [orderAmount_publicSignature] => dz9m8peDD5v1iQVtDnn11qIxayM=
    [orderPage_serialNumber] => 3213046286400176056193
    [orderCurrency] => usd
    [signedDataPublicSignature] => 58jooFdxSydFrwPcaT2Q9FrTUE0=
    [decision] => REJECT
    [source_domain] => nh.tcro.us
    [billTo_state] => NH
    [billTo_firstName] => Lynne
    [billTo_customerID] => 1012
    [uid] => 1012
    [card_expirationYear] => 2014
    [merchantDefinedData1] => Request ID: 41671
    [transactionSignature] => qii5pNl1TuPdZJRLsP0sR9k/p5U=
    [billTo_city] => Holderness
    [billTo_postalCode] => 03245
    [orderPage_requestToken] => AhjzbwSRhFh8jbmsYMBGKASaQ33L5d0gnQkQLxkZtJMq6PSWccArAAAAZBVE
    [orderCurrency_publicSignature] => pfcMEzOHelrVLvafAkpPGnECGbk=
    [orderPage_transactionType] => sale
    [decision_publicSignature] => 0dXZuXVlTstro9Mt4xaCuwk/s40=
    [paymentOption] => card
    [billTo_country] => us
    [billTo_email] => ltnesbitt@roadrunner.com; jason.barrow@avtranz.com
    [reasonCode] => 102
    [order_id] => 41671
    [ccAuthReply_reasonCode] => 102
    [orderPage_environment] => PRODUCTION
    [card_expirationMonth] => 08
    [merchantID] => avtranzsb
    [orderNumber_publicSignature] => bqenSxntC3L/aUB/uCKOwj0YrvQ=
    [requestID] => 3581856413800178147363
    [orderNumber] => 1358185641378
    [signedFields] => billTo_lastName,orderAmount,billTo_street1,card_accountNumber,platform,orderAmount_publicSignature,orderPage_serialNumber,orderCurrency,decision,source_domain,billTo_state,billTo_firstName,billTo_customerID,uid,card_expirationYear,merchantDefinedData1,billTo_city,billTo_postalCode,orderPage_requestToken,orderCurrency_publicSignature,orderPage_transactionType,decision_publicSignature,paymentOption,billTo_country,billTo_email,reasonCode,order_id,ccAuthReply_reasonCode,orderPage_environment,card_expirationMonth,merchantID,orderNumber_publicSignature,requestID,orderNumber,card_cardType
    [card_cardType] => 002
)
Array
(
    [q] => payment-received
    [billTo_lastName] => Barrow
    [orderAmount] => 3300
    [billTo_street1] => 8 Marston Road
    [card_accountNumber] => ############0921
    [platform] => prd
    [orderAmount_publicSignature] => dz9m8peDD5v1iQVtDnn11qIxayM=
    [orderPage_serialNumber] => 3213046286400176056193
    [orderCurrency] => usd
    [reconciliationID] => 160768889WTO9NALTDP76
    [signedDataPublicSignature] => FVHphv7GnONA7tpb5ty3i5tLT30=
    [decision] => ACCEPT
    [ccAuthReply_processorResponse] => 00
    [source_domain] => nh.tcro.us
    [billTo_state] => NH
    [billTo_firstName] => Jason
    [billTo_customerID] => 1012
    [uid] => 1012
    [card_expirationYear] => 2014
    [merchantDefinedData1] => Request ID: 41671
    [transactionSignature] => bPJA/jDjcCk2eA8h4jgFyiwV1rQ=
    [billTo_city] => Holderness
    [billTo_postalCode] => 03245
    [orderPage_requestToken] => Ahj//wSRhFiB85fljohGKFWLZg3bOHDhzXqT3M6DMqRKDdsmkrxHfhwJNJXiO/D6QToSIF40MmkmVdHpLOOBgrkYRYgfOX5Y6IRgqgZa
    [ccAuthReply_amount] => 3300.00
    [orderCurrency_publicSignature] => pfcMEzOHelrVLvafAkpPGnECGbk=
    [orderPage_transactionType] => sale
    [ccAuthReply_authorizationCode] => 168217
    [decision_publicSignature] => KnPsJG1LWbeM0M209/iKgV4eG28=
    [ccAuthReply_avsCodeRaw] => N
    [paymentOption] => card
    [billTo_country] => us
    [billTo_email] => ltnesbitt@roadrunner.com
    [reasonCode] => 100
    [order_id] => 41671
    [ccAuthReply_reasonCode] => 100
    [orderPage_environment] => PRODUCTION
    [card_expirationMonth] => 08
    [merchantID] => avtranzsb
    [orderNumber_publicSignature] => xhaLprm2diks+W3/02kpvqY1sJs=
    [requestID] => 3581857173490178147363
    [orderNumber] => 1358185717173
    [signedFields] => billTo_lastName,orderAmount,billTo_street1,card_accountNumber,platform,orderAmount_publicSignature,orderPage_serialNumber,orderCurrency,reconciliationID,decision,ccAuthReply_processorResponse,source_domain,billTo_state,billTo_firstName,billTo_customerID,uid,card_expirationYear,merchantDefinedData1,billTo_city,billTo_postalCode,orderPage_requestToken,ccAuthReply_amount,orderCurrency_publicSignature,orderPage_transactionType,ccAuthReply_authorizationCode,decision_publicSignature,ccAuthReply_avsCodeRaw,paymentOption,billTo_country,billTo_email,reasonCode,order_id,ccAuthReply_reasonCode,orderPage_environment,card_expirationMonth,merchantID,orderNumber_publicSignature,requestID,orderNumber,ccAuthReply_authorizedDateTime,card_cardType,ccAuthReply_avsCode
    [ccAuthReply_authorizedDateTime] => 2013-01-14T174837Z
    [card_cardType] => 002
    [ccAuthReply_avsCode] => N
)
