Array
(
    [Order ID] => 0
    [Price] => 378.75
    [User ID] => 1813
    [IP] => 173.162.204.49
    [Timestamp] => 1364828704
    [Time/Date] => Mon, 01 Apr 2013 11:05:04 -0400
    [Order Page Timestamp] => 1364828685297
    [Order Page Time/Date] => Fri, 13 Sep 45219 02:14:57 -0500
    [User Agent] => Mozilla/4.0 (compatible; MSIE 8.0; Windows NT 5.1; Trident/4.0; .NET CLR 2.0.50727; .NET4.0C; .NET4.0E)
)
Array
(
    [Order ID] => 0
    [Price] => 468.75
    [User ID] => 684
    [IP] => 155.212.66.130
    [Timestamp] => 1364833107
    [Time/Date] => Mon, 01 Apr 2013 12:18:27 -0400
    [Order Page Timestamp] => 1364832614480
    [Order Page Time/Date] => Mon, 28 Oct 45219 13:41:20 -0500
    [User Agent] => Mozilla/5.0 (compatible; MSIE 10.0; Windows NT 6.1; Trident/6.0)
)
Array
(
    [Order ID] => 0
    [Price] => 7.5
    [User ID] => 1432
    [IP] => 71.127.10.174
    [Timestamp] => 1364842701
    [Time/Date] => Mon, 01 Apr 2013 14:58:21 -0400
    [Order Page Timestamp] => 1364842694509
    [Order Page Time/Date] => Sat, 22 Feb 45220 05:41:49 -0500
    [User Agent] => Mozilla/4.0 (compatible; MSIE 8.0; Windows NT 5.1; Trident/4.0; InfoPath.2; .NET CLR 2.0.50727; .NET4.0C; .NET CLR 3.5.30729; .NET4.0E; .NET CLR 3.0.4506.2152; AskTbASI/5.15.15.35882)
)
