Array
(
    [Order ID] => 0
    [Price] => 3.75
    [User ID] => 270
    [IP] => 70.96.33.195
    [Timestamp] => 1364496088
    [Time/Date] => Thu, 28 Mar 2013 14:41:28 -0400
    [Order Page Timestamp] => 1364496083604
    [Order Page Time/Date] => Fri, 27 Feb 45209 12:53:24 -0500
    [User Agent] => Mozilla/5.0 (Windows NT 6.1; WOW64) AppleWebKit/537.22 (KHTML, like Gecko) Chrome/25.0.1364.172 Safari/537.22
)
Array
(
    [Order ID] => 0
    [Price] => 3.75
    [User ID] => 1012
    [IP] => 70.96.33.195
    [Timestamp] => 1364496462
    [Time/Date] => Thu, 28 Mar 2013 14:47:42 -0400
    [Order Page Timestamp] => 1364496459406
    [Order Page Time/Date] => Tue, 03 Mar 45209 21:16:46 -0500
    [User Agent] => Mozilla/5.0 (Windows NT 6.1; WOW64) AppleWebKit/537.22 (KHTML, like Gecko) Chrome/25.0.1364.172 Safari/537.22
)
Array
(
    [Order ID] => 0
    [Price] => 550
    [User ID] => 435
    [IP] => 24.105.172.146
    [Timestamp] => 1364497541
    [Time/Date] => Thu, 28 Mar 2013 15:05:41 -0400
    [Order Page Timestamp] => 1364497535102
    [Order Page Time/Date] => Mon, 16 Mar 45209 08:05:02 -0500
    [User Agent] => Mozilla/5.0 (Windows NT 6.1; WOW64; rv:19.0) Gecko/20100101 Firefox/19.0
)
Array
(
    [Order ID] => 0
    [Price] => 185.85
    [User ID] => 1812
    [IP] => 24.39.64.194
    [Timestamp] => 1364499946
    [Time/Date] => Thu, 28 Mar 2013 15:45:46 -0400
    [Order Page Timestamp] => 1364499579032
    [Order Page Time/Date] => Wed, 08 Apr 45209 23:50:32 -0500
    [User Agent] => Mozilla/5.0 (Windows NT 6.1; WOW64; rv:19.0) Gecko/20100101 Firefox/19.0
)
Array
(
    [Order ID] => 0
    [Price] => 106.25
    [User ID] => 1820
    [IP] => 75.68.242.143
    [Timestamp] => 1364526406
    [Time/Date] => Thu, 28 Mar 2013 23:06:46 -0400
    [Order Page Timestamp] => 1364526372593
    [Order Page Time/Date] => Sat, 13 Feb 45210 02:29:53 -0500
    [User Agent] => Mozilla/5.0 (compatible; MSIE 9.0; Windows NT 6.1; WOW64; Trident/5.0)
)
