Array
(
    [q] => payment-received
    [billTo_lastName] => Steadman
    [billTo_phoneNumber] => 8022955631
    [orderAmount] => 212.5
    [billTo_street1] => 167 N. Main St.
    [card_accountNumber] => ############7870
    [platform] => prd
    [orderAmount_publicSignature] => 07xCaZTDbhPw0eH4YhO/e8a3xgk=
    [orderPage_serialNumber] => 3213046286400176056193
    [orderCurrency] => usd
    [signedDataPublicSignature] => ZlnrjDX10OJiXyPtwnIwsZdkUpU=
    [decision] => REJECT
    [ccAuthReply_processorResponse] => 62
    [source_domain] => nh.tcro.us
    [billTo_state] => VT
    [billTo_firstName] => Todd
    [billTo_customerID] => 920
    [uid] => 920
    [billTo_company] => Davis Steadman & Ford, LLC
    [card_expirationYear] => 2015
    [merchantDefinedData1] => Request ID: 49859
    [transactionSignature] => I6ALwLbuYrGu9w9aimiu1NmNjlM=
    [billTo_city] => White River Jct.
    [billTo_postalCode] => 05001
    [orderPage_requestToken] => Ahj77wSRiQZm+l3FYkhEKJ+qEN0dCAp+qEN0dDpA+mBF/CZekmVdHpLOOAiyMSDM30u4rEkIgAAA3glO
    [orderCurrency_publicSignature] => pfcMEzOHelrVLvafAkpPGnECGbk=
    [orderPage_transactionType] => sale
    [decision_publicSignature] => 0dXZuXVlTstro9Mt4xaCuwk/s40=
    [ccAuthReply_avsCodeRaw] => Z
    [paymentOption] => card
    [billTo_country] => us
    [billTo_email] => Lowery@whiteriverlawyers.com
    [reasonCode] => 203
    [order_id] => 49859
    [ccAuthReply_reasonCode] => 203
    [orderPage_environment] => PRODUCTION
    [card_expirationMonth] => 11
    [merchantID] => avtranzsb
    [orderNumber_publicSignature] => MqSMYD9wFYJ/vJdY4ySIJNnvt14=
    [requestID] => 3625015876130178147362
    [orderNumber] => 1362501587611
    [signedFields] => billTo_lastName,billTo_phoneNumber,orderAmount,billTo_street1,card_accountNumber,platform,orderAmount_publicSignature,orderPage_serialNumber,orderCurrency,decision,ccAuthReply_processorResponse,source_domain,billTo_state,billTo_firstName,billTo_customerID,uid,billTo_company,card_expirationYear,merchantDefinedData1,billTo_city,billTo_postalCode,orderPage_requestToken,orderCurrency_publicSignature,orderPage_transactionType,decision_publicSignature,ccAuthReply_avsCodeRaw,paymentOption,billTo_country,billTo_email,reasonCode,order_id,ccAuthReply_reasonCode,orderPage_environment,card_expirationMonth,merchantID,orderNumber_publicSignature,requestID,orderNumber,card_cardType,ccAuthReply_avsCode
    [card_cardType] => 001
    [ccAuthReply_avsCode] => Z
)
Array
(
    [q] => payment-received
    [billTo_lastName] => Steadman
    [billTo_phoneNumber] => 8022955631
    [orderAmount] => 212.5
    [billTo_street1] => 167 North Main St.
    [card_accountNumber] => ############7870
    [platform] => prd
    [orderAmount_publicSignature] => 07xCaZTDbhPw0eH4YhO/e8a3xgk=
    [orderPage_serialNumber] => 3213046286400176056193
    [orderCurrency] => usd
    [signedDataPublicSignature] => W5qDDEmfqAwL9WLwHKEGLmPYIT8=
    [decision] => REJECT
    [ccAuthReply_processorResponse] => 62
    [source_domain] => nh.tcro.us
    [billTo_state] => VT
    [billTo_firstName] => Todd
    [billTo_customerID] => 920
    [uid] => 920
    [billTo_company] => Davis Steadman & Ford, LLC
    [card_expirationYear] => 2015
    [merchantDefinedData1] => Request ID: 49859
    [transactionSignature] => DaOkRW89yPLmeJRDBlLkOn5IYMc=
    [billTo_city] => White River Jct.
    [billTo_postalCode] => 05001
    [orderPage_requestToken] => Ahj77wSRiQZr8+CNLyhEKKIIQnf77AVEEITv996QPpgRfwmXpJlXR6SzjgIsjEgzX58EaXlCIAAA5g8l
    [orderCurrency_publicSignature] => pfcMEzOHelrVLvafAkpPGnECGbk=
    [orderPage_transactionType] => sale
    [decision_publicSignature] => 0dXZuXVlTstro9Mt4xaCuwk/s40=
    [ccAuthReply_avsCodeRaw] => Z
    [paymentOption] => card
    [billTo_country] => us
    [billTo_email] => Lowery@whiteriverlawyers.com
    [reasonCode] => 203
    [order_id] => 49859
    [ccAuthReply_reasonCode] => 203
    [orderPage_environment] => PRODUCTION
    [card_expirationMonth] => 11
    [merchantID] => avtranzsb
    [orderNumber_publicSignature] => agVclGZTwIdbCIccADX+stlJuaE=
    [requestID] => 3625016576250178147362
    [orderNumber] => 1362501657623
    [signedFields] => billTo_lastName,billTo_phoneNumber,orderAmount,billTo_street1,card_accountNumber,platform,orderAmount_publicSignature,orderPage_serialNumber,orderCurrency,decision,ccAuthReply_processorResponse,source_domain,billTo_state,billTo_firstName,billTo_customerID,uid,billTo_company,card_expirationYear,merchantDefinedData1,billTo_city,billTo_postalCode,orderPage_requestToken,orderCurrency_publicSignature,orderPage_transactionType,decision_publicSignature,ccAuthReply_avsCodeRaw,paymentOption,billTo_country,billTo_email,reasonCode,order_id,ccAuthReply_reasonCode,orderPage_environment,card_expirationMonth,merchantID,orderNumber_publicSignature,requestID,orderNumber,card_cardType,ccAuthReply_avsCode
    [card_cardType] => 001
    [ccAuthReply_avsCode] => Z
)
Array
(
    [q] => payment-received
    [billTo_lastName] => Davis
    [billTo_phoneNumber] => 8022955631
    [orderAmount] => 212.5
    [billTo_street1] => 447 Norford Lake Road
    [card_accountNumber] => ############5041
    [ccAuthReply_authFactorCode] => U
    [platform] => prd
    [orderAmount_publicSignature] => 07xCaZTDbhPw0eH4YhO/e8a3xgk=
    [orderPage_serialNumber] => 3213046286400176056193
    [orderCurrency] => usd
    [reconciliationID] => 183191684Y250VDP17XYM
    [signedDataPublicSignature] => yYNBL7PGEnUOgPOmx9XuoPRVtBY=
    [decision] => ACCEPT
    [ccAuthReply_processorResponse] => 00
    [source_domain] => nh.tcro.us
    [billTo_state] => VT
    [billTo_firstName] => Emily S.
    [billTo_customerID] => 920
    [uid] => 920
    [card_expirationYear] => 2014
    [merchantDefinedData1] => Request ID: 49859
    [transactionSignature] => W6IT/waSXMS0SMVUSSe+DNQtS90=
    [billTo_city] => Thetford Ctr
    [billTo_postalCode] => 05075
    [orderPage_requestToken] => Ahj//wSRiQcHxWxoeyBEKFWLhmxcsWzhpZZNWFaJQYt7FmaohY55ml4BUQsc8zS9pA+mBF/EMmkmVdHpLOOBgtkYkHB8VsaHsgRAXhCa
    [ccAuthReply_amount] => 212.50
    [orderCurrency_publicSignature] => pfcMEzOHelrVLvafAkpPGnECGbk=
    [orderPage_transactionType] => sale
    [ccAuthReply_authorizationCode] => 01941C
    [decision_publicSignature] => KnPsJG1LWbeM0M209/iKgV4eG28=
    [ccAuthReply_avsCodeRaw] => Z
    [paymentOption] => card
    [billTo_country] => us
    [billTo_email] => Lowery@whiteriverlawyers.com
    [reasonCode] => 100
    [order_id] => 49859
    [ccAuthReply_reasonCode] => 100
    [orderPage_environment] => PRODUCTION
    [card_expirationMonth] => 03
    [merchantID] => avtranzsb
    [orderNumber_publicSignature] => C0fP9MTijF2EvJTwrmxA5IHy+lw=
    [requestID] => 3625038505760178147362
    [orderNumber] => 1362503850574
    [signedFields] => billTo_lastName,billTo_phoneNumber,orderAmount,billTo_street1,card_accountNumber,ccAuthReply_authFactorCode,platform,orderAmount_publicSignature,orderPage_serialNumber,orderCurrency,reconciliationID,decision,ccAuthReply_processorResponse,source_domain,billTo_state,billTo_firstName,billTo_customerID,uid,card_expirationYear,merchantDefinedData1,billTo_city,billTo_postalCode,orderPage_requestToken,ccAuthReply_amount,orderCurrency_publicSignature,orderPage_transactionType,ccAuthReply_authorizationCode,decision_publicSignature,ccAuthReply_avsCodeRaw,paymentOption,billTo_country,billTo_email,reasonCode,order_id,ccAuthReply_reasonCode,orderPage_environment,card_expirationMonth,merchantID,orderNumber_publicSignature,requestID,orderNumber,ccAuthReply_authorizedDateTime,card_cardType,ccAuthReply_avsCode
    [ccAuthReply_authorizedDateTime] => 2013-03-05T171731Z
    [card_cardType] => 001
    [ccAuthReply_avsCode] => Z
)
Array
(
    [q] => payment-received
)
Array
(
    [q] => payment-received
    [billTo_lastName] => Zerres
    [billTo_phoneNumber] => 9736355400149
    [orderAmount] => 460
    [billTo_street1] => 1 Main St
    [card_accountNumber] => ###########2104
    [platform] => prd
    [orderAmount_publicSignature] => jsB4bPZMM8vniS+kjmODt/fGo5M=
    [orderPage_serialNumber] => 3213046286400176056193
    [orderCurrency] => usd
    [reconciliationID] => 183305738Y2512DOY7NDX
    [signedDataPublicSignature] => dZPLrzaW3WHKtBpOz1oLKhoZoXE=
    [decision] => ACCEPT
    [ccAuthReply_processorResponse] => 00
    [source_domain] => nh.tcro.us
    [billTo_state] => NJ
    [billTo_firstName] => Michael
    [billTo_customerID] => 1532
    [uid] => 1532
    [billTo_company] => Blume Goldfaden
    [card_expirationYear] => 2017
    [merchantDefinedData1] => Request ID: 49879
    [transactionSignature] => OMR8FGsJuhUVBXpB7CqI4EavgOU=
    [billTo_city] => Chatham
    [billTo_postalCode] => 07928
    [orderPage_requestToken] => Ahj//wSRiQqKEj/TSzBGKFWLhmzYNW7NxZZNWLKJPst50Swohy+08IcDUQ5faeEPpBCzsC/iGTSTKuj0lnHAwbSMSFRQkf6aWYIwoSNF
    [ccAuthReply_amount] => 460.00
    [orderCurrency_publicSignature] => pfcMEzOHelrVLvafAkpPGnECGbk=
    [orderPage_transactionType] => sale
    [ccAuthReply_authorizationCode] => 155514
    [decision_publicSignature] => KnPsJG1LWbeM0M209/iKgV4eG28=
    [ccAuthReply_avsCodeRaw] => Y
    [paymentOption] => card
    [billTo_country] => us
    [billTo_email] => jschliss@njatty.com
    [reasonCode] => 100
    [order_id] => 49879
    [ccAuthReply_reasonCode] => 100
    [orderPage_environment] => PRODUCTION
    [card_expirationMonth] => 01
    [merchantID] => avtranzsb
    [orderNumber_publicSignature] => KuQ5yIRPbwv5HJjQA3iZDw6YlEE=
    [requestID] => 3625164930260178147363
    [orderNumber] => 1362516493024
    [signedFields] => billTo_lastName,billTo_phoneNumber,orderAmount,billTo_street1,card_accountNumber,platform,orderAmount_publicSignature,orderPage_serialNumber,orderCurrency,reconciliationID,decision,ccAuthReply_processorResponse,source_domain,billTo_state,billTo_firstName,billTo_customerID,uid,billTo_company,card_expirationYear,merchantDefinedData1,billTo_city,billTo_postalCode,orderPage_requestToken,ccAuthReply_amount,orderCurrency_publicSignature,orderPage_transactionType,ccAuthReply_authorizationCode,decision_publicSignature,ccAuthReply_avsCodeRaw,paymentOption,billTo_country,billTo_email,reasonCode,order_id,ccAuthReply_reasonCode,orderPage_environment,card_expirationMonth,merchantID,orderNumber_publicSignature,requestID,orderNumber,ccAuthReply_authorizedDateTime,card_cardType,ccAuthReply_avsCode
    [ccAuthReply_authorizedDateTime] => 2013-03-05T204814Z
    [card_cardType] => 003
    [ccAuthReply_avsCode] => Y
)
