Array
(
    [Order ID] => 0
    [Price] => 1537.5
    [User ID] => 1495
    [IP] => 75.150.82.145
    [Timestamp] => 1362766137
    [Time/Date] => Fri, 08 Mar 2013 13:08:57 -0500
    [Order Page Timestamp] => 1362766070828
    [Order Page Time/Date] => Tue, 04 May 45154 05:47:08 -0500
    [User Agent] => Mozilla/5.0 (compatible; MSIE 9.0; Windows NT 6.1; Trident/5.0)
)
Array
(
    [Order ID] => 0
    [Price] => 42.5
    [User ID] => 679
    [IP] => 24.91.109.250
    [Timestamp] => 1362778959
    [Time/Date] => Fri, 08 Mar 2013 16:42:39 -0500
    [Order Page Timestamp] => 1362778922906
    [Order Page Time/Date] => Wed, 29 Sep 45154 23:48:26 -0500
    [User Agent] => Mozilla/5.0 (Windows NT 6.1; WOW64) AppleWebKit/537.22 (KHTML, like Gecko) Chrome/25.0.1364.152 Safari/537.22
)
Array
(
    [Order ID] => 0
    [Price] => 42.5
    [User ID] => 679
    [IP] => 24.91.109.250
    [Timestamp] => 1362779146
    [Time/Date] => Fri, 08 Mar 2013 16:45:46 -0500
    [Order Page Timestamp] => 1362778922906
    [Order Page Time/Date] => Wed, 29 Sep 45154 23:48:26 -0500
    [User Agent] => Mozilla/5.0 (Windows NT 6.1; WOW64) AppleWebKit/537.22 (KHTML, like Gecko) Chrome/25.0.1364.152 Safari/537.22
)
Array
(
    [Order ID] => 0
    [Price] => 106.25
    [User ID] => 654
    [IP] => 108.176.110.5
    [Timestamp] => 1362793598
    [Time/Date] => Fri, 08 Mar 2013 20:46:38 -0500
    [Order Page Timestamp] => 1362793592107
    [Order Page Time/Date] => Fri, 18 Mar 45155 18:35:07 -0500
    [User Agent] => Mozilla/5.0 (compatible; MSIE 9.0; Windows NT 6.1; WOW64; Trident/5.0)
)
Array
(
    [Order ID] => 0
    [Price] => 15
    [User ID] => 1432
    [IP] => 71.127.10.174
    [Timestamp] => 1362799367
    [Time/Date] => Fri, 08 Mar 2013 22:22:47 -0500
    [Order Page Timestamp] => 1362799336069
    [Order Page Time/Date] => Tue, 24 May 45155 06:07:49 -0500
    [User Agent] => Mozilla/4.0 (compatible; MSIE 8.0; Windows NT 5.1; Trident/4.0; InfoPath.2; .NET CLR 2.0.50727; .NET4.0C; .NET CLR 3.5.30729; .NET4.0E; .NET CLR 3.0.4506.2152; AskTbASI/5.15.15.35882)
)
