Array
(
    [q] => payment-received
    [billTo_lastName] => Hastings
    [billTo_phoneNumber] => 6032247761
    [orderAmount] => 385
    [billTo_street1] => P.O. Box 1137 2 Capital Plaza
    [card_accountNumber] => ############6827
    [platform] => prd
    [orderAmount_publicSignature] => k2DUwqhzKJskuXhMGC0y5LOnhwk=
    [orderPage_serialNumber] => 3213046286400176056193
    [orderCurrency] => usd
    [reconciliationID] => 189579827Y250UEG34XES
    [signedDataPublicSignature] => fB0TN4rWi+qawTs21M4+b3sBL6s=
    [decision] => ACCEPT
    [ccAuthReply_processorResponse] => 00
    [source_domain] => nh.tcro.us
    [billTo_state] => NH
    [billTo_firstName] => Philip M
    [billTo_customerID] => 353
    [uid] => 353
    [billTo_company] => Cleveland, Waters and Bass, P.A
    [card_expirationYear] => 2014
    [merchantDefinedData1] => Request ID: 52353
    [transactionSignature] => Lpp3IUtID5giwsdSZlsIW4+7hvo=
    [billTo_city] => Concord
    [billTo_postalCode] => 03302-1137
    [orderPage_requestToken] => Ahj//wSRim3WpJ8x1ABIKFWLhy1buXDJvZZNWFWLHZtLEWmohVPOa4UBUQqnnNcLpBCWZDAeGTSTKuj0lnHAwrSMU261JPmOoAJAhwnZ
    [ccAuthReply_amount] => 385.00
    [orderCurrency_publicSignature] => pfcMEzOHelrVLvafAkpPGnECGbk=
    [orderPage_transactionType] => sale
    [ccAuthReply_authorizationCode] => 09410G
    [decision_publicSignature] => KnPsJG1LWbeM0M209/iKgV4eG28=
    [ccAuthReply_avsCodeRaw] => Y
    [paymentOption] => card
    [billTo_country] => us
    [billTo_email] => raymentd@cwbpa.com
    [reasonCode] => 100
    [order_id] => 52353
    [ccAuthReply_reasonCode] => 100
    [orderPage_environment] => PRODUCTION
    [card_expirationMonth] => 04
    [merchantID] => avtranzsb
    [orderNumber_publicSignature] => wcyR0hOaeN55/GHq4nUXzeoYz1g=
    [requestID] => 3637965929720178147364
    [orderNumber] => 1363796592970
    [signedFields] => billTo_lastName,billTo_phoneNumber,orderAmount,billTo_street1,card_accountNumber,platform,orderAmount_publicSignature,orderPage_serialNumber,orderCurrency,reconciliationID,decision,ccAuthReply_processorResponse,source_domain,billTo_state,billTo_firstName,billTo_customerID,uid,billTo_company,card_expirationYear,merchantDefinedData1,billTo_city,billTo_postalCode,orderPage_requestToken,ccAuthReply_amount,orderCurrency_publicSignature,orderPage_transactionType,ccAuthReply_authorizationCode,decision_publicSignature,ccAuthReply_avsCodeRaw,paymentOption,billTo_country,billTo_email,reasonCode,order_id,ccAuthReply_reasonCode,orderPage_environment,card_expirationMonth,merchantID,orderNumber_publicSignature,requestID,orderNumber,ccAuthReply_authorizedDateTime,card_cardType,ccAuthReply_avsCode
    [ccAuthReply_authorizedDateTime] => 2013-03-20T162313Z
    [card_cardType] => 001
    [ccAuthReply_avsCode] => Y
)
Array
(
    [q] => payment-received
    [billTo_lastName] => Haines
    [billTo_phoneNumber] => 9783884646
    [orderAmount] => 30
    [billTo_street1] => 16 Newton Rd.
    [card_accountNumber] => ############3623
    [platform] => prd
    [orderAmount_publicSignature] => 23mrQ9oHjGODq6RTWbs1Fd7G0L4=
    [orderPage_serialNumber] => 3213046286400176056193
    [orderCurrency] => usd
    [reconciliationID] => 189664665Y24Z6EG0NMIC
    [signedDataPublicSignature] => 3NEPo3hzGvCOEjXtZ5ow/GpPgv0=
    [decision] => ACCEPT
    [ccAuthReply_processorResponse] => 00
    [source_domain] => nh.tcro.us
    [billTo_state] => MA
    [billTo_firstName] => Dallas
    [billTo_customerID] => 1497
    [uid] => 1497
    [billTo_company] => Law Office of Dallas Haines
    [card_expirationYear] => 2015
    [merchantDefinedData1] => Request ID: 49663
    [transactionSignature] => YUF4aswtVdu+LMS3x5s52xdF2GQ=
    [billTo_city] => Amesbury
    [billTo_postalCode] => 01913
    [orderPage_requestToken] => Ahj//wSRinDcyPj50UA+KFWLhy2bNGzZrZZNLTaLHYTpsmGn7rcN6JQEn7rcN6JWkDLuDAeGTSTKuj0lnHAwgyMU4bmR8fOigHwA6hCl
    [ccAuthReply_amount] => 30.00
    [orderCurrency_publicSignature] => pfcMEzOHelrVLvafAkpPGnECGbk=
    [orderPage_transactionType] => sale
    [ccAuthReply_authorizationCode] => 02052P
    [decision_publicSignature] => KnPsJG1LWbeM0M209/iKgV4eG28=
    [ccAuthReply_avsCodeRaw] => Y
    [paymentOption] => card
    [billTo_country] => us
    [billTo_email] => haineslaw@verizon.net
    [reasonCode] => 100
    [order_id] => 49663
    [ccAuthReply_reasonCode] => 100
    [orderPage_environment] => PRODUCTION
    [card_expirationMonth] => 12
    [merchantID] => avtranzsb
    [orderNumber_publicSignature] => FkPuD0KADQJMdpIxQWE4eMnY2ZU=
    [requestID] => 3638074880520178147359
    [orderNumber] => 1363807488050
    [signedFields] => billTo_lastName,billTo_phoneNumber,orderAmount,billTo_street1,card_accountNumber,platform,orderAmount_publicSignature,orderPage_serialNumber,orderCurrency,reconciliationID,decision,ccAuthReply_processorResponse,source_domain,billTo_state,billTo_firstName,billTo_customerID,uid,billTo_company,card_expirationYear,merchantDefinedData1,billTo_city,billTo_postalCode,orderPage_requestToken,ccAuthReply_amount,orderCurrency_publicSignature,orderPage_transactionType,ccAuthReply_authorizationCode,decision_publicSignature,ccAuthReply_avsCodeRaw,paymentOption,billTo_country,billTo_email,reasonCode,order_id,ccAuthReply_reasonCode,orderPage_environment,card_expirationMonth,merchantID,orderNumber_publicSignature,requestID,orderNumber,ccAuthReply_authorizedDateTime,card_cardType,ccAuthReply_avsCode
    [ccAuthReply_authorizedDateTime] => 2013-03-20T192448Z
    [card_cardType] => 002
    [ccAuthReply_avsCode] => Y
)
