Array
(
    [q] => payment-received
    [billTo_lastName] => Gerow
    [billTo_phoneNumber] => 6032355519
    [orderAmount] => 175
    [billTo_street1] => PO Box 8082
    [card_accountNumber] => ############2334
    [platform] => prd
    [orderAmount_publicSignature] => xJrbG7JGYTa+zJv7jZy7ptkcdkw=
    [orderPage_serialNumber] => 3213046286400176056193
    [orderCurrency] => usd
    [reconciliationID] => 183610287Y250YDY4ZFL7
    [signedDataPublicSignature] => qEk6I7RICFG/npJgiWYxiDuKiOQ=
    [decision] => ACCEPT
    [ccAuthReply_processorResponse] => 00
    [source_domain] => nh.tcro.us
    [billTo_state] => NH
    [billTo_firstName] => Kiersten
    [billTo_customerID] => 1539
    [uid] => 1539
    [card_expirationYear] => 2013
    [merchantDefinedData1] => Request ID: 49889
    [transactionSignature] => Sk9TTwKKKotgsCCnbSbhy19PqoA=
    [billTo_city] => Nashua
    [billTo_postalCode] => 03060
    [orderPage_requestToken] => Ahj//wSRiR0GVoHQHRBEKFWLhm2YsGThvZZNWFmJZaWo0xuohkGQP/UBUQyDIH/rpA+IuF/MMmkmVdHpLOOBg3kYkdBlaB0B0QRAsTr0
    [ccAuthReply_amount] => 175.00
    [orderCurrency_publicSignature] => pfcMEzOHelrVLvafAkpPGnECGbk=
    [orderPage_transactionType] => sale
    [ccAuthReply_authorizationCode] => 091814
    [decision_publicSignature] => KnPsJG1LWbeM0M209/iKgV4eG28=
    [ccAuthReply_avsCodeRaw] => N
    [paymentOption] => card
    [billTo_country] => us
    [billTo_email] => kiergerow@live.com
    [reasonCode] => 100
    [order_id] => 49889
    [ccAuthReply_reasonCode] => 100
    [orderPage_environment] => PRODUCTION
    [card_expirationMonth] => 09
    [merchantID] => avtranzsb
    [orderNumber_publicSignature] => 7c7G3FcFas+x67Wi8vtXvimylGk=
    [requestID] => 3625830937580178147362
    [orderNumber] => 1362583093757
    [signedFields] => billTo_lastName,billTo_phoneNumber,orderAmount,billTo_street1,card_accountNumber,platform,orderAmount_publicSignature,orderPage_serialNumber,orderCurrency,reconciliationID,decision,ccAuthReply_processorResponse,source_domain,billTo_state,billTo_firstName,billTo_customerID,uid,card_expirationYear,merchantDefinedData1,billTo_city,billTo_postalCode,orderPage_requestToken,ccAuthReply_amount,orderCurrency_publicSignature,orderPage_transactionType,ccAuthReply_authorizationCode,decision_publicSignature,ccAuthReply_avsCodeRaw,paymentOption,billTo_country,billTo_email,reasonCode,order_id,ccAuthReply_reasonCode,orderPage_environment,card_expirationMonth,merchantID,orderNumber_publicSignature,requestID,orderNumber,ccAuthReply_authorizedDateTime,card_cardType,ccAuthReply_avsCode
    [ccAuthReply_authorizedDateTime] => 2013-03-06T151814Z
    [card_cardType] => 001
    [ccAuthReply_avsCode] => N
)
Array
(
    [q] => payment-received
    [billTo_lastName] => Moore
    [billTo_phoneNumber] => 6037297022
    [orderAmount] => 956.25
    [billTo_street1] => 162 Calef Hill Rd
    [billTo_street2] => apt c
    [card_accountNumber] => ############9732
    [platform] => prd
    [orderAmount_publicSignature] => jTASamgBPQp0JXOqU88hYYuH3Co=
    [orderPage_serialNumber] => 3213046286400176056193
    [orderCurrency] => usd
    [reconciliationID] => 183768263Y250HDY4BD8P
    [signedDataPublicSignature] => ASy0OEEZe0HBic//k7e3kc3rEI8=
    [decision] => ACCEPT
    [ccAuthReply_processorResponse] => 00
    [source_domain] => nh.tcro.us
    [billTo_state] => nh
    [billTo_firstName] => Jamie
    [billTo_customerID] => 1540
    [uid] => 1540
    [card_expirationYear] => 2015
    [merchantDefinedData1] => Request ID: 50179
    [transactionSignature] => +ozFsVub31eHn3eSY9KOiEFehy8=
    [billTo_city] => tilton
    [billTo_postalCode] => 03276
    [orderPage_requestToken] => Ahj//wSRiSJZ7C3+ZPBIKFWLhm3bOGTZnZZNWEiJZaQojigogkxJTVwBUQSYkpq5pBG6xJfzDJpJlXR6SzjgYNpGJIlnsLf5k8EgK3rU
    [ccAuthReply_amount] => 956.25
    [orderCurrency_publicSignature] => pfcMEzOHelrVLvafAkpPGnECGbk=
    [orderPage_transactionType] => sale
    [ccAuthReply_authorizationCode] => 002673
    [decision_publicSignature] => KnPsJG1LWbeM0M209/iKgV4eG28=
    [ccAuthReply_avsCodeRaw] => Y
    [paymentOption] => card
    [billTo_country] => us
    [billTo_email] => zari.jm@gmail.com
    [reasonCode] => 100
    [order_id] => 50179
    [ccAuthReply_reasonCode] => 100
    [orderPage_environment] => PRODUCTION
    [card_expirationMonth] => 05
    [merchantID] => avtranzsb
    [orderNumber_publicSignature] => cJa5DzTU5/L9HxlpVx5Wfk0thPw=
    [requestID] => 3626022845060178147364
    [orderNumber] => 1362602284504
    [signedFields] => billTo_lastName,billTo_phoneNumber,orderAmount,billTo_street1,billTo_street2,card_accountNumber,platform,orderAmount_publicSignature,orderPage_serialNumber,orderCurrency,reconciliationID,decision,ccAuthReply_processorResponse,source_domain,billTo_state,billTo_firstName,billTo_customerID,uid,card_expirationYear,merchantDefinedData1,billTo_city,billTo_postalCode,orderPage_requestToken,ccAuthReply_amount,orderCurrency_publicSignature,orderPage_transactionType,ccAuthReply_authorizationCode,decision_publicSignature,ccAuthReply_avsCodeRaw,paymentOption,billTo_country,billTo_email,reasonCode,order_id,ccAuthReply_reasonCode,orderPage_environment,card_expirationMonth,merchantID,orderNumber_publicSignature,requestID,orderNumber,ccAuthReply_authorizedDateTime,card_cardType,ccAuthReply_avsCode
    [ccAuthReply_authorizedDateTime] => 2013-03-06T203805Z
    [card_cardType] => 001
    [ccAuthReply_avsCode] => Y
)
