Array
(
    [Order ID] => 0
    [Price] => 350
    [User ID] => 981
    [IP] => 24.62.159.241
    [Timestamp] => 1359120663
    [Time/Date] => Fri, 25 Jan 2013 08:31:03 -0500
    [Order Page Timestamp] => 1359120630458
    [Order Page Time/Date] => Fri, 26 Oct 45038 15:27:38 -0500
    [User Agent] => Mozilla/4.0 (compatible; MSIE 8.0; Windows NT 6.1; WOW64; Trident/4.0; GTB7.4; chromeframe/24.0.1312.56; SLCC2; .NET CLR 2.0.50727; .NET CLR 3.5.30729; .NET CLR 3.0.30729; Media Center PC 6.0; CPDTDF; AskTbAD2/5.13.1.18107; .NET4.0C)
)
Array
(
    [Order ID] => 0
    [Price] => 412.5
    [User ID] => 500
    [IP] => 70.96.33.195
    [Timestamp] => 1359131372
    [Time/Date] => Fri, 25 Jan 2013 11:29:32 -0500
    [Order Page Timestamp] => 1359131364344
    [Order Page Time/Date] => Wed, 27 Feb 45039 21:05:44 -0500
    [User Agent] => Mozilla/5.0 (Windows NT 6.1; WOW64) AppleWebKit/537.17 (KHTML, like Gecko) Chrome/24.0.1312.56 Safari/537.17
)
Array
(
    [Order ID] => 0
    [Price] => 20.65
    [User ID] => 247
    [IP] => 70.96.33.195
    [Timestamp] => 1359138105
    [Time/Date] => Fri, 25 Jan 2013 13:21:45 -0500
    [Order Page Timestamp] => 1359137982736
    [Order Page Time/Date] => Wed, 15 May 45039 11:32:16 -0500
    [User Agent] => Mozilla/5.0 (Windows NT 6.1; WOW64) AppleWebKit/537.17 (KHTML, like Gecko) Chrome/24.0.1312.52 Safari/537.17
)
Array
(
    [Order ID] => 0
    [Price] => 22
    [User ID] => 247
    [IP] => 70.96.33.195
    [Timestamp] => 1359138456
    [Time/Date] => Fri, 25 Jan 2013 13:27:36 -0500
    [Order Page Timestamp] => 1359137984536
    [Order Page Time/Date] => Wed, 15 May 45039 12:02:16 -0500
    [User Agent] => Mozilla/5.0 (Windows NT 6.1; WOW64) AppleWebKit/537.17 (KHTML, like Gecko) Chrome/24.0.1312.52 Safari/537.17
)
