Array
(
    [Order ID] => 0
    [Price] => 50
    [User ID] => 1012
    [IP] => 70.96.33.195
    [Timestamp] => 1361821674
    [Time/Date] => Mon, 25 Feb 2013 14:47:54 -0500
    [Order Page Timestamp] => 1361821666158
    [Order Page Time/Date] => Fri, 30 May 45124 15:09:18 -0500
    [User Agent] => Mozilla/5.0 (Windows NT 6.1; WOW64) AppleWebKit/537.17 (KHTML, like Gecko) Chrome/24.0.1312.57 Safari/537.17
)
Array
(
    [Order ID] => 0
    [Price] => 146.25
    [User ID] => 1476
    [IP] => 75.144.173.33
    [Timestamp] => 1361825922
    [Time/Date] => Mon, 25 Feb 2013 15:58:42 -0500
    [Order Page Timestamp] => 1361825912469
    [Order Page Time/Date] => Fri, 18 Jul 45124 18:41:09 -0500
    [User Agent] => Mozilla/5.0 (compatible; MSIE 9.0; Windows NT 6.1; WOW64; Trident/5.0)
)
