Array
(
    [q] => payment-received
    [billTo_lastName] => Cormier
    [billTo_phoneNumber] => 6032759614
    [orderAmount] => 38.25
    [billTo_street1] => 515 Hall Street
    [card_accountNumber] => ############5375
    [platform] => prd
    [orderAmount_publicSignature] => psHW869r37g8iKn0i/W9979wtdw=
    [orderPage_serialNumber] => 3213046286400176056193
    [orderCurrency] => usd
    [reconciliationID] => 162884311WTOFOC26IMW2
    [signedDataPublicSignature] => tOFfiPOnErS0YqBJKuYEpJ9zhmA=
    [decision] => ACCEPT
    [ccAuthReply_processorResponse] => 00
    [source_domain] => nh.tcro.us
    [billTo_state] => NH
    [billTo_firstName] => Gary
    [billTo_customerID] => 263
    [uid] => 263
    [card_expirationYear] => 2015
    [merchantDefinedData1] => Request ID: 45058
    [transactionSignature] => 9pD14O5v8STTkmFgZ0+4l6l6vic=
    [billTo_city] => Manchester
    [billTo_postalCode] => 03103
    [orderPage_requestToken] => Ahj//wSRhLUxYqGgxIBEKFWLZk4cNGbFjXqT40+GybSZtdkmoLtbrkAFNQXa3XIaQM7xLyoZNJMq6PSWccDB9IwlqYsVDQYkAiAA6geN
    [ccAuthReply_amount] => 38.25
    [orderCurrency_publicSignature] => pfcMEzOHelrVLvafAkpPGnECGbk=
    [orderPage_transactionType] => sale
    [ccAuthReply_authorizationCode] => 034452
    [decision_publicSignature] => KnPsJG1LWbeM0M209/iKgV4eG28=
    [ccAuthReply_avsCodeRaw] => Z
    [paymentOption] => card
    [billTo_country] => us
    [reasonCode] => 100
    [order_id] => 45058
    [ccAuthReply_reasonCode] => 100
    [orderPage_environment] => PRODUCTION
    [card_expirationMonth] => 09
    [merchantID] => avtranzsb
    [orderNumber_publicSignature] => 8TymyveNvB02irzKahtIp9NlGLE=
    [requestID] => 3585196512920178147362
    [orderNumber] => 1358519651290
    [signedFields] => billTo_lastName,billTo_phoneNumber,orderAmount,billTo_street1,card_accountNumber,platform,orderAmount_publicSignature,orderPage_serialNumber,orderCurrency,reconciliationID,decision,ccAuthReply_processorResponse,source_domain,billTo_state,billTo_firstName,billTo_customerID,uid,card_expirationYear,merchantDefinedData1,billTo_city,billTo_postalCode,orderPage_requestToken,ccAuthReply_amount,orderCurrency_publicSignature,orderPage_transactionType,ccAuthReply_authorizationCode,decision_publicSignature,ccAuthReply_avsCodeRaw,paymentOption,billTo_country,reasonCode,order_id,ccAuthReply_reasonCode,orderPage_environment,card_expirationMonth,merchantID,orderNumber_publicSignature,requestID,orderNumber,ccAuthReply_authorizedDateTime,card_cardType,ccAuthReply_avsCode
    [ccAuthReply_authorizedDateTime] => 2013-01-18T143412Z
    [card_cardType] => 001
    [ccAuthReply_avsCode] => Z
)
Array
(
    [q] => payment-received
    [billTo_lastName] => Cormier
    [billTo_phoneNumber] => 6032759614
    [orderAmount] => 25
    [billTo_street1] => 515 Hall Street
    [card_accountNumber] => ############5375
    [platform] => prd
    [orderAmount_publicSignature] => vTVFYnOiz/u+69ZHWTLGFpi1VZ4=
    [orderPage_serialNumber] => 3213046286400176056193
    [orderCurrency] => usd
    [reconciliationID] => 162881599WTO1QC26FFBS
    [signedDataPublicSignature] => DSjjU9Z0oyMFymWKpjrLllJ549c=
    [decision] => ACCEPT
    [ccAuthReply_processorResponse] => 00
    [source_domain] => nh.tcro.us
    [billTo_state] => NH
    [billTo_firstName] => Gary
    [billTo_customerID] => 263
    [uid] => 263
    [card_expirationYear] => 2015
    [merchantDefinedData1] => Request ID: 45058
    [transactionSignature] => 7esacpBNzKJG9pW9LNyXOsBlGYo=
    [billTo_city] => Manchester
    [billTo_postalCode] => 03103
    [orderPage_requestToken] => Ahj//wSRhLU7DLGDw6hEKFWLZk4cMWrlzXqT2NGGybRo0KmmkdSoqVwFNI6lRUr6QMnELyoZNJMq6PSWccDB9IwlqdhljB4dQiAA/xK/
    [ccAuthReply_amount] => 25.00
    [orderCurrency_publicSignature] => pfcMEzOHelrVLvafAkpPGnECGbk=
    [orderPage_transactionType] => sale
    [ccAuthReply_authorizationCode] => 034588
    [decision_publicSignature] => KnPsJG1LWbeM0M209/iKgV4eG28=
    [ccAuthReply_avsCodeRaw] => Z
    [paymentOption] => card
    [billTo_country] => us
    [reasonCode] => 100
    [order_id] => 45058
    [ccAuthReply_reasonCode] => 100
    [orderPage_environment] => PRODUCTION
    [card_expirationMonth] => 09
    [merchantID] => avtranzsb
    [orderNumber_publicSignature] => 064rMjsOcoB04yrz7BVXr6Zbeek=
    [requestID] => 3585197873050178147362
    [orderNumber] => 1358519787303
    [signedFields] => billTo_lastName,billTo_phoneNumber,orderAmount,billTo_street1,card_accountNumber,platform,orderAmount_publicSignature,orderPage_serialNumber,orderCurrency,reconciliationID,decision,ccAuthReply_processorResponse,source_domain,billTo_state,billTo_firstName,billTo_customerID,uid,card_expirationYear,merchantDefinedData1,billTo_city,billTo_postalCode,orderPage_requestToken,ccAuthReply_amount,orderCurrency_publicSignature,orderPage_transactionType,ccAuthReply_authorizationCode,decision_publicSignature,ccAuthReply_avsCodeRaw,paymentOption,billTo_country,reasonCode,order_id,ccAuthReply_reasonCode,orderPage_environment,card_expirationMonth,merchantID,orderNumber_publicSignature,requestID,orderNumber,ccAuthReply_authorizedDateTime,card_cardType,ccAuthReply_avsCode
    [ccAuthReply_authorizedDateTime] => 2013-01-18T143628Z
    [card_cardType] => 001
    [ccAuthReply_avsCode] => Z
)
Array
(
    [q] => payment-received
    [billTo_lastName] => Nappen
    [billTo_phoneNumber] => 6032230001
    [orderAmount] => 68.75
    [billTo_street1] => 280 Pleasant Street
    [card_accountNumber] => ############5539
    [platform] => prd
    [orderAmount_publicSignature] => 9KgVKoJH0M0fgfO4/1IiEZcOYbI=
    [orderPage_serialNumber] => 3213046286400176056193
    [orderCurrency] => usd
    [reconciliationID] => 162918446WTOFLC244JEJ
    [signedDataPublicSignature] => pZWJKz5J0iBtCfamU6WQW4+2lEk=
    [decision] => ACCEPT
    [ccAuthReply_processorResponse] => 00
    [source_domain] => nh.tcro.us
    [billTo_state] => NH
    [billTo_firstName] => Evan
    [billTo_customerID] => 906
    [uid] => 906
    [billTo_company] => E.F. Nappen Attorney At Law, PC
    [card_expirationYear] => 2013
    [merchantDefinedData1] => Request ID: 43528
    [transactionSignature] => eKK3+XVzgM/Kpthe84kThFxZHhA=
    [billTo_city] => Concord
    [billTo_postalCode] => 03301
    [orderPage_requestToken] => Ahj//wSRhLZltiXOzVBGKFWLZk5YuGjRtXqT40yGyaNJUWUmn8zu25wFNP5ndtz6QN1tl5UMmkmVdHpLOOBhHkYS2ZbYlzs1QRgA5Tw0
    [ccAuthReply_amount] => 68.75
    [orderCurrency_publicSignature] => pfcMEzOHelrVLvafAkpPGnECGbk=
    [orderPage_transactionType] => sale
    [ccAuthReply_authorizationCode] => 716406
    [decision_publicSignature] => KnPsJG1LWbeM0M209/iKgV4eG28=
    [ccAuthReply_avsCodeRaw] => Y
    [paymentOption] => card
    [billTo_country] => us
    [billTo_email] => efnappen@gmail.com
    [reasonCode] => 100
    [order_id] => 43528
    [ccAuthReply_reasonCode] => 100
    [orderPage_environment] => PRODUCTION
    [card_expirationMonth] => 07
    [merchantID] => avtranzsb
    [orderNumber_publicSignature] => p1E9ikChKiV4U9j3RPmQx1N+/lI=
    [requestID] => 3585239905980178147363
    [orderNumber] => 1358523990596
    [signedFields] => billTo_lastName,billTo_phoneNumber,orderAmount,billTo_street1,card_accountNumber,platform,orderAmount_publicSignature,orderPage_serialNumber,orderCurrency,reconciliationID,decision,ccAuthReply_processorResponse,source_domain,billTo_state,billTo_firstName,billTo_customerID,uid,billTo_company,card_expirationYear,merchantDefinedData1,billTo_city,billTo_postalCode,orderPage_requestToken,ccAuthReply_amount,orderCurrency_publicSignature,orderPage_transactionType,ccAuthReply_authorizationCode,decision_publicSignature,ccAuthReply_avsCodeRaw,paymentOption,billTo_country,billTo_email,reasonCode,order_id,ccAuthReply_reasonCode,orderPage_environment,card_expirationMonth,merchantID,orderNumber_publicSignature,requestID,orderNumber,ccAuthReply_authorizedDateTime,card_cardType,ccAuthReply_avsCode
    [ccAuthReply_authorizedDateTime] => 2013-01-18T154631Z
    [card_cardType] => 001
    [ccAuthReply_avsCode] => Y
)
Array
(
    [q] => payment-received
    [billTo_lastName] => Gross
    [billTo_phoneNumber] => 6037421212
    [orderAmount] => 137.5
    [billTo_street1] => PO Box 1715
    [card_accountNumber] => ############7630
    [platform] => prd
    [orderAmount_publicSignature] => QvCqkMuKXpH5a050hcLLVnI9d4Y=
    [orderPage_serialNumber] => 3213046286400176056193
    [orderCurrency] => usd
    [reconciliationID] => 163028518WTO1QC26FWJP
    [signedDataPublicSignature] => FOxcvwmSe0mxPYGW0TgOEjsVhPc=
    [decision] => ACCEPT
    [ccAuthReply_processorResponse] => 00
    [source_domain] => nh.tcro.us
    [billTo_state] => NH
    [billTo_firstName] => Howard
    [billTo_customerID] => 1221
    [uid] => 1221
    [card_expirationYear] => 2015
    [merchantDefinedData1] => Request ID: 42190
    [transactionSignature] => BeWgpXvQAHkw9+F16iRZUld9W4k=
    [billTo_city] => Dover
    [billTo_postalCode] => 03821-1715
    [orderPage_requestToken] => Ahj//wSRhLlokoHc+DhIKFWLZmwZOGrFxXqT2NGGybRq8qgmkdSqIHwFNI6lUQP6QO1ti8qGTSTKuj0lnHAwcyMJctElA7nwcJAAmQ6m
    [ccAuthReply_amount] => 137.50
    [orderCurrency_publicSignature] => pfcMEzOHelrVLvafAkpPGnECGbk=
    [orderPage_transactionType] => sale
    [ccAuthReply_authorizationCode] => 01610C
    [decision_publicSignature] => KnPsJG1LWbeM0M209/iKgV4eG28=
    [ccAuthReply_avsCodeRaw] => Y
    [paymentOption] => card
    [billTo_country] => us
    [billTo_email] => hgatlaw@aol.com
    [reasonCode] => 100
    [order_id] => 42190
    [ccAuthReply_reasonCode] => 100
    [orderPage_environment] => PRODUCTION
    [card_expirationMonth] => 10
    [merchantID] => avtranzsb
    [orderNumber_publicSignature] => B26sNmgbTQmo9SzvPtbUz7MDd5E=
    [requestID] => 3585348394990178147364
    [orderNumber] => 1358534839497
    [signedFields] => billTo_lastName,billTo_phoneNumber,orderAmount,billTo_street1,card_accountNumber,platform,orderAmount_publicSignature,orderPage_serialNumber,orderCurrency,reconciliationID,decision,ccAuthReply_processorResponse,source_domain,billTo_state,billTo_firstName,billTo_customerID,uid,card_expirationYear,merchantDefinedData1,billTo_city,billTo_postalCode,orderPage_requestToken,ccAuthReply_amount,orderCurrency_publicSignature,orderPage_transactionType,ccAuthReply_authorizationCode,decision_publicSignature,ccAuthReply_avsCodeRaw,paymentOption,billTo_country,billTo_email,reasonCode,order_id,ccAuthReply_reasonCode,orderPage_environment,card_expirationMonth,merchantID,orderNumber_publicSignature,requestID,orderNumber,ccAuthReply_authorizedDateTime,card_cardType,ccAuthReply_avsCode
    [ccAuthReply_authorizedDateTime] => 2013-01-18T184720Z
    [card_cardType] => 001
    [ccAuthReply_avsCode] => Y
)
Array
(
    [q] => payment-received
    [billTo_lastName] => Houlahan
    [orderAmount] => 275
    [billTo_street1] => 4602 43rd Street, NW #1
    [card_accountNumber] => ############7183
    [platform] => prd
    [orderAmount_publicSignature] => BuYsROq5rcK6i7rN5IhDkKEEbOk=
    [orderPage_serialNumber] => 3213046286400176056193
    [orderCurrency] => usd
    [reconciliationID] => 163087826WTO1QC26G0S3
    [signedDataPublicSignature] => IWtOX1a4mvuk4+qLPL6JNEttoqs=
    [decision] => ACCEPT
    [ccAuthReply_processorResponse] => 00
    [source_domain] => nh.tcro.us
    [billTo_state] => DC
    [billTo_firstName] => Thomas
    [billTo_customerID] => 247
    [uid] => 247
    [card_expirationYear] => 2014
    [merchantDefinedData1] => Request ID: 44712
    [transactionSignature] => j2R2Kf+WrM1fQS3+QnCZjdaWKY0=
    [billTo_city] => Washington
    [billTo_postalCode] => 20016
    [orderPage_requestToken] => Ahj//wSRhLsgatgtJuBIKFWLZmwcN3DJtXqT2NGGybR2FNmmkdSql0QFNI6lVLo6QP1theVDJpJlXR6SzjgYQ5GEuyBq2C0m4EgA4QmH
    [ccAuthReply_amount] => 275.00
    [orderCurrency_publicSignature] => pfcMEzOHelrVLvafAkpPGnECGbk=
    [orderPage_transactionType] => sale
    [ccAuthReply_authorizationCode] => 043030
    [decision_publicSignature] => KnPsJG1LWbeM0M209/iKgV4eG28=
    [ccAuthReply_avsCodeRaw] => Z
    [paymentOption] => card
    [billTo_country] => us
    [reasonCode] => 100
    [order_id] => 44712
    [ccAuthReply_reasonCode] => 100
    [orderPage_environment] => PRODUCTION
    [card_expirationMonth] => 11
    [merchantID] => avtranzsb
    [orderNumber_publicSignature] => VJHf20YTi0oZtATp1hpaW/A9aAI=
    [requestID] => 3585410297680178147364
    [orderNumber] => 1358541029766
    [signedFields] => billTo_lastName,orderAmount,billTo_street1,card_accountNumber,platform,orderAmount_publicSignature,orderPage_serialNumber,orderCurrency,reconciliationID,decision,ccAuthReply_processorResponse,source_domain,billTo_state,billTo_firstName,billTo_customerID,uid,card_expirationYear,merchantDefinedData1,billTo_city,billTo_postalCode,orderPage_requestToken,ccAuthReply_amount,orderCurrency_publicSignature,orderPage_transactionType,ccAuthReply_authorizationCode,decision_publicSignature,ccAuthReply_avsCodeRaw,paymentOption,billTo_country,reasonCode,order_id,ccAuthReply_reasonCode,orderPage_environment,card_expirationMonth,merchantID,orderNumber_publicSignature,requestID,orderNumber,ccAuthReply_authorizedDateTime,card_cardType,ccAuthReply_avsCode
    [ccAuthReply_authorizedDateTime] => 2013-01-18T203030Z
    [card_cardType] => 001
    [ccAuthReply_avsCode] => Z
)
