Array
(
    [Order ID] => 0
    [Price] => 68.75
    [User ID] => 263
    [IP] => 24.147.94.203
    [Timestamp] => 1357570493
    [Time/Date] => Mon, 07 Jan 2013 09:54:53 -0500
    [Order Page Timestamp] => 1357570472421
    [Order Page Time/Date] => Fri, 11 Sep 44989 00:00:21 -0500
    [User Agent] => Mozilla/5.0 (Windows NT 6.1; WOW64) AppleWebKit/537.11 (KHTML, like Gecko) Chrome/23.0.1271.97 Safari/537.11
)
Array
(
    [Order ID] => 0
    [Price] => 68.75
    [User ID] => 263
    [IP] => 24.147.94.203
    [Timestamp] => 1357570531
    [Time/Date] => Mon, 07 Jan 2013 09:55:31 -0500
    [Order Page Timestamp] => 1357570472421
    [Order Page Time/Date] => Fri, 11 Sep 44989 00:00:21 -0500
    [User Agent] => Mozilla/5.0 (Windows NT 6.1; WOW64) AppleWebKit/537.11 (KHTML, like Gecko) Chrome/23.0.1271.97 Safari/537.11
)
Array
(
    [Order ID] => 0
    [Price] => 68.75
    [User ID] => 263
    [IP] => 24.147.94.203
    [Timestamp] => 1357570615
    [Time/Date] => Mon, 07 Jan 2013 09:56:55 -0500
    [Order Page Timestamp] => 1357570472421
    [Order Page Time/Date] => Fri, 11 Sep 44989 00:00:21 -0500
    [User Agent] => Mozilla/5.0 (Windows NT 6.1; WOW64) AppleWebKit/537.11 (KHTML, like Gecko) Chrome/23.0.1271.97 Safari/537.11
)
Array
(
    [Order ID] => 0
    [Price] => 68.75
    [User ID] => 263
    [IP] => 24.147.94.203
    [Timestamp] => 1357570709
    [Time/Date] => Mon, 07 Jan 2013 09:58:29 -0500
    [Order Page Timestamp] => 1357570472421
    [Order Page Time/Date] => Fri, 11 Sep 44989 00:00:21 -0500
    [User Agent] => Mozilla/5.0 (Windows NT 6.1; WOW64) AppleWebKit/537.11 (KHTML, like Gecko) Chrome/23.0.1271.97 Safari/537.11
)
Array
(
    [Order ID] => 0
    [Price] => 481.25
    [User ID] => 797
    [IP] => 71.234.139.149
    [Timestamp] => 1357577982
    [Time/Date] => Mon, 07 Jan 2013 11:59:42 -0500
    [Order Page Timestamp] => 1357577967018
    [Order Page Time/Date] => Sun, 06 Dec 44989 17:50:18 -0500
    [User Agent] => Mozilla/5.0 (compatible; MSIE 9.0; Windows NT 6.1; WOW64; Trident/5.0; FunWebProducts)
)
Array
(
    [Order ID] => 0
    [Price] => 68.75
    [User ID] => 263
    [IP] => 24.147.94.203
    [Timestamp] => 1357580424
    [Time/Date] => Mon, 07 Jan 2013 12:40:24 -0500
    [Order Page Timestamp] => 1357580421430
    [Order Page Time/Date] => Mon, 04 Jan 44990 03:37:10 -0500
    [User Agent] => Mozilla/5.0 (Windows NT 6.1; WOW64) AppleWebKit/537.11 (KHTML, like Gecko) Chrome/23.0.1271.97 Safari/537.11
)
