Array
(
    [q] => payment-received
    [billTo_lastName] => Wilson
    [billTo_phoneNumber] => 6036299500
    [orderAmount] => 137.5
    [billTo_street1] => 139 Middle Street
    [card_accountNumber] => ############8892
    [platform] => prd
    [orderAmount_publicSignature] => QvCqkMuKXpH5a050hcLLVnI9d4Y=
    [orderPage_serialNumber] => 3213046286400176056193
    [orderCurrency] => usd
    [reconciliationID] => 195089378Y2510ERQRMNS
    [signedDataPublicSignature] => mJRfx1cBvfkktrdwVmYclu3tntw=
    [decision] => ACCEPT
    [ccAuthReply_processorResponse] => 00
    [source_domain] => nh.tcro.us
    [billTo_state] => NH
    [billTo_firstName] => Andrew
    [billTo_customerID] => 1220
    [uid] => 1220
    [billTo_company] => Bossie & Wilson, PLLC
    [card_expirationYear] => 2013
    [merchantDefinedData1] => Request ID: 54478
    [transactionSignature] => czO3wbqqE9IL8MZDvApO7pwf5Ok=
    [billTo_city] => Manchester
    [billTo_postalCode] => 03101
    [orderPage_requestToken] => Ahj//wSRi6gZCL4JWrBCKFWLlqwcOWbdxZZNWLCLSo0ps6mohrnkD84CUQ1zyB+dpA7W2MFIZNJMq6PSWccDCjIxdQMhF8ErVghAoR+O
    [ccAuthReply_amount] => 137.50
    [orderCurrency_publicSignature] => pfcMEzOHelrVLvafAkpPGnECGbk=
    [orderPage_transactionType] => sale
    [ccAuthReply_authorizationCode] => 05530B
    [decision_publicSignature] => KnPsJG1LWbeM0M209/iKgV4eG28=
    [ccAuthReply_avsCodeRaw] => Y
    [paymentOption] => card
    [billTo_country] => us
    [billTo_email] => spl@bossiewilson.com
    [reasonCode] => 100
    [order_id] => 54478
    [ccAuthReply_reasonCode] => 100
    [orderPage_environment] => PRODUCTION
    [card_expirationMonth] => 08
    [merchantID] => avtranzsb
    [orderNumber_publicSignature] => IlLfrrjrjIWmE1sh2RBY7u/bFgg=
    [requestID] => 3649288315700178147361
    [orderNumber] => 1364928800869
    [signedFields] => billTo_lastName,billTo_phoneNumber,orderAmount,billTo_street1,card_accountNumber,platform,orderAmount_publicSignature,orderPage_serialNumber,orderCurrency,reconciliationID,decision,ccAuthReply_processorResponse,source_domain,billTo_state,billTo_firstName,billTo_customerID,uid,billTo_company,card_expirationYear,merchantDefinedData1,billTo_city,billTo_postalCode,orderPage_requestToken,ccAuthReply_amount,orderCurrency_publicSignature,orderPage_transactionType,ccAuthReply_authorizationCode,decision_publicSignature,ccAuthReply_avsCodeRaw,paymentOption,billTo_country,billTo_email,reasonCode,order_id,ccAuthReply_reasonCode,orderPage_environment,card_expirationMonth,merchantID,orderNumber_publicSignature,requestID,orderNumber,ccAuthReply_authorizedDateTime,card_cardType,ccAuthReply_avsCode
    [ccAuthReply_authorizedDateTime] => 2013-04-02T185352Z
    [card_cardType] => 002
    [ccAuthReply_avsCode] => Y
)
