Array
(
    [Order ID] => 0
    [Price] => 3300
    [User ID] => 1012
    [IP] => 70.96.33.195
    [Timestamp] => 1358184423
    [Time/Date] => Mon, 14 Jan 2013 12:27:03 -0500
    [Order Page Timestamp] => 1358184419587
    [Order Page Time/Date] => Fri, 24 Feb 45009 20:53:07 -0500
    [User Agent] => Mozilla/5.0 (Windows NT 6.1; WOW64) AppleWebKit/537.11 (KHTML, like Gecko) Chrome/23.0.1271.97 Safari/537.11
)
Array
(
    [Order ID] => 0
    [Price] => 3300
    [User ID] => 1012
    [IP] => 70.96.33.195
    [Timestamp] => 1358184724
    [Time/Date] => Mon, 14 Jan 2013 12:32:04 -0500
    [Order Page Timestamp] => 1358184419587
    [Order Page Time/Date] => Fri, 24 Feb 45009 20:53:07 -0500
    [User Agent] => Mozilla/5.0 (Windows NT 6.1; WOW64) AppleWebKit/537.11 (KHTML, like Gecko) Chrome/23.0.1271.97 Safari/537.11
)
Array
(
    [Order ID] => 0
    [Price] => 3300
    [User ID] => 1012
    [IP] => 70.96.33.195
    [Timestamp] => 1358185460
    [Time/Date] => Mon, 14 Jan 2013 12:44:20 -0500
    [Order Page Timestamp] => 1358184419587
    [Order Page Time/Date] => Fri, 24 Feb 45009 20:53:07 -0500
    [User Agent] => Mozilla/5.0 (Windows NT 6.1; WOW64) AppleWebKit/537.11 (KHTML, like Gecko) Chrome/23.0.1271.97 Safari/537.11
)
Array
(
    [Order ID] => 0
    [Price] => 3300
    [User ID] => 1012
    [IP] => 70.96.33.195
    [Timestamp] => 1358185660
    [Time/Date] => Mon, 14 Jan 2013 12:47:40 -0500
    [Order Page Timestamp] => 1358184419587
    [Order Page Time/Date] => Fri, 24 Feb 45009 20:53:07 -0500
    [User Agent] => Mozilla/5.0 (Windows NT 6.1; WOW64) AppleWebKit/537.11 (KHTML, like Gecko) Chrome/23.0.1271.97 Safari/537.11
)
