Array
(
    [q] => payment-received
    [billTo_lastName] => Mooney
    [billTo_phoneNumber] => 6036062657
    [orderAmount] => 275
    [billTo_street1] => 385 Pembroke St.
    [card_accountNumber] => ###########1005
    [platform] => prd
    [orderAmount_publicSignature] => BuYsROq5rcK6i7rN5IhDkKEEbOk=
    [orderPage_serialNumber] => 3213046286400176056193
    [orderCurrency] => usd
    [reconciliationID] => 171883269WTO8VCUWZIZD
    [signedDataPublicSignature] => phtnBiHKz+W4u8zWv+nfAWt0Aao=
    [decision] => ACCEPT
    [ccAuthReply_processorResponse] => 00
    [source_domain] => nh.tcro.us
    [billTo_state] => NH
    [billTo_firstName] => Richard
    [billTo_customerID] => 604
    [uid] => 604
    [card_expirationYear] => 2016
    [merchantDefinedData1] => Request ID: 46227
    [transactionSignature] => F86MQBZRVoacuiHa3QqVsRrVEKc=
    [billTo_city] => Pembroke
    [billTo_postalCode] => 03275
    [orderPage_requestToken] => Ahj//wSRhpbHx3WGMnBGKFWLdi4cM2TZzXqT3FaHVr2pNqImkOplrcANNIdTLW4aQP1the9DJpJlXR6SzjgYKZGGlsfHdYYycEYAbwiI
    [ccAuthReply_amount] => 275.00
    [orderCurrency_publicSignature] => pfcMEzOHelrVLvafAkpPGnECGbk=
    [orderPage_transactionType] => sale
    [ccAuthReply_authorizationCode] => 101444
    [decision_publicSignature] => KnPsJG1LWbeM0M209/iKgV4eG28=
    [ccAuthReply_avsCodeRaw] => Y
    [paymentOption] => card
    [billTo_country] => us
    [billTo_email] => rcm@rcmooneylaw.com
    [reasonCode] => 100
    [order_id] => 46227
    [ccAuthReply_reasonCode] => 100
    [orderPage_environment] => PRODUCTION
    [card_expirationMonth] => 12
    [merchantID] => avtranzsb
    [orderNumber_publicSignature] => TcpRGqf10k905PIoHIBTaeZn1eA=
    [requestID] => 3602547530340178147363
    [orderNumber] => 1360254753033
    [signedFields] => billTo_lastName,billTo_phoneNumber,orderAmount,billTo_street1,card_accountNumber,platform,orderAmount_publicSignature,orderPage_serialNumber,orderCurrency,reconciliationID,decision,ccAuthReply_processorResponse,source_domain,billTo_state,billTo_firstName,billTo_customerID,uid,card_expirationYear,merchantDefinedData1,billTo_city,billTo_postalCode,orderPage_requestToken,ccAuthReply_amount,orderCurrency_publicSignature,orderPage_transactionType,ccAuthReply_authorizationCode,decision_publicSignature,ccAuthReply_avsCodeRaw,paymentOption,billTo_country,billTo_email,reasonCode,order_id,ccAuthReply_reasonCode,orderPage_environment,card_expirationMonth,merchantID,orderNumber_publicSignature,requestID,orderNumber,ccAuthReply_authorizedDateTime,card_cardType,ccAuthReply_avsCode
    [ccAuthReply_authorizedDateTime] => 2013-02-07T163233Z
    [card_cardType] => 003
    [ccAuthReply_avsCode] => Y
)
Array
(
    [q] => payment-received
    [billTo_lastName] => Maillet
    [billTo_phoneNumber] => 6035822810
    [orderAmount] => 1031.25
    [billTo_street1] => 62 Whittemore Hill Rd
    [card_accountNumber] => ############1675
    [platform] => prd
    [orderAmount_publicSignature] => P1eWqW7si+h5XDtbcOqOR3qXmOc=
    [orderPage_serialNumber] => 3213046286400176056193
    [orderCurrency] => usd
    [reconciliationID] => 172012064WTOFOCIAO3PV
    [signedDataPublicSignature] => GihFirI0ZNyVtEJvZuyrkamrCe8=
    [decision] => ACCEPT
    [ccAuthReply_processorResponse] => 00
    [source_domain] => nh.tcro.us
    [billTo_state] => NH
    [billTo_firstName] => Gene
    [billTo_customerID] => 1303
    [uid] => 1303
    [card_expirationYear] => 2016
    [merchantDefinedData1] => Request ID: 45471
    [transactionSignature] => E1eM3oZ+YM2bZbB9yVTkKuT1FFQ=
    [billTo_city] => New Ipswich
    [billTo_postalCode] => 03071
    [orderPage_requestToken] => Ahj//wSRhprcKAPUbOBCKFWLdkwYsmDZpXqT40+HJgz2dCsmoL4aNDAFNQXw0aGaQRyWqXvQyaSZV0eks44GDmRhprcKAPUbOBCA9Rpg
    [ccAuthReply_amount] => 1031.25
    [orderCurrency_publicSignature] => pfcMEzOHelrVLvafAkpPGnECGbk=
    [orderPage_transactionType] => sale
    [ccAuthReply_authorizationCode] => 01965B
    [decision_publicSignature] => KnPsJG1LWbeM0M209/iKgV4eG28=
    [ccAuthReply_avsCodeRaw] => Y
    [paymentOption] => card
    [billTo_country] => us
    [billTo_email] => eric@mailletconstruction.com
    [reasonCode] => 100
    [order_id] => 45471
    [ccAuthReply_reasonCode] => 100
    [orderPage_environment] => PRODUCTION
    [card_expirationMonth] => 01
    [merchantID] => avtranzsb
    [orderNumber_publicSignature] => NLb36//i7ppIKhBv0xWvtUZwgEQ=
    [requestID] => 3602694513360178147361
    [orderNumber] => 1360269451334
    [signedFields] => billTo_lastName,billTo_phoneNumber,orderAmount,billTo_street1,card_accountNumber,platform,orderAmount_publicSignature,orderPage_serialNumber,orderCurrency,reconciliationID,decision,ccAuthReply_processorResponse,source_domain,billTo_state,billTo_firstName,billTo_customerID,uid,card_expirationYear,merchantDefinedData1,billTo_city,billTo_postalCode,orderPage_requestToken,ccAuthReply_amount,orderCurrency_publicSignature,orderPage_transactionType,ccAuthReply_authorizationCode,decision_publicSignature,ccAuthReply_avsCodeRaw,paymentOption,billTo_country,billTo_email,reasonCode,order_id,ccAuthReply_reasonCode,orderPage_environment,card_expirationMonth,merchantID,orderNumber_publicSignature,requestID,orderNumber,ccAuthReply_authorizedDateTime,card_cardType,ccAuthReply_avsCode
    [ccAuthReply_authorizedDateTime] => 2013-02-07T203732Z
    [card_cardType] => 001
    [ccAuthReply_avsCode] => Y
)
