Array
(
    [q] => payment-received
    [billTo_lastName] => Carter
    [billTo_phoneNumber] => 6035453708
    [orderAmount] => 247.5
    [billTo_street1] => 214 North Main St.
    [card_accountNumber] => ############1032
    [platform] => prd
    [orderAmount_publicSignature] => 868JXBlU9f6+kqpvnDtCSH/fY54=
    [orderPage_serialNumber] => 3213046286400176056193
    [orderCurrency] => usd
    [reconciliationID] => 155740280WTO8VALSHTX3
    [signedDataPublicSignature] => co7ci3QGiNzjHx5RsOM/ahwFLcs=
    [decision] => ACCEPT
    [ccAuthReply_processorResponse] => 00
    [source_domain] => nh.tcro.us
    [billTo_state] => NH
    [billTo_firstName] => Karen S.
    [billTo_customerID] => 653
    [uid] => 653
    [billTo_company] => Gallagher, Callahan & Gartrell, PC
    [card_expirationYear] => 2016
    [merchantDefinedData1] => Request ID: 42043
    [transactionSignature] => Dz/Jxoqzc0e91P0UbYPk0qOjtSU=
    [billTo_city] => Concord
    [billTo_postalCode] => 03301
    [orderPage_requestToken] => Ahj//wSRg1JAXRBtotBCKFWLVq3aMGThhXqT3FaDMpyKlhmmkN8w1GgFNIb5hqNaQPwVxd3DJpJlXR6SzjgYJpGDUkBdEG2i0EIAsArZ
    [ccAuthReply_amount] => 247.50
    [orderCurrency_publicSignature] => pfcMEzOHelrVLvafAkpPGnECGbk=
    [orderPage_transactionType] => sale
    [ccAuthReply_authorizationCode] => 012435
    [decision_publicSignature] => KnPsJG1LWbeM0M209/iKgV4eG28=
    [ccAuthReply_avsCodeRaw] => N
    [paymentOption] => card
    [billTo_country] => us
    [billTo_email] => carter@gcglaw.com
    [reasonCode] => 100
    [order_id] => 42043
    [ccAuthReply_reasonCode] => 100
    [orderPage_environment] => PRODUCTION
    [card_expirationMonth] => 01
    [merchantID] => avtranzsb
    [orderNumber_publicSignature] => JsJX4Kz1eDduU4386IjU9IHsCzc=
    [requestID] => 3572408397980178147361
    [orderNumber] => 1357240839797
    [signedFields] => billTo_lastName,billTo_phoneNumber,orderAmount,billTo_street1,card_accountNumber,platform,orderAmount_publicSignature,orderPage_serialNumber,orderCurrency,reconciliationID,decision,ccAuthReply_processorResponse,source_domain,billTo_state,billTo_firstName,billTo_customerID,uid,billTo_company,card_expirationYear,merchantDefinedData1,billTo_city,billTo_postalCode,orderPage_requestToken,ccAuthReply_amount,orderCurrency_publicSignature,orderPage_transactionType,ccAuthReply_authorizationCode,decision_publicSignature,ccAuthReply_avsCodeRaw,paymentOption,billTo_country,billTo_email,reasonCode,order_id,ccAuthReply_reasonCode,orderPage_environment,card_expirationMonth,merchantID,orderNumber_publicSignature,requestID,orderNumber,ccAuthReply_authorizedDateTime,card_cardType,ccAuthReply_avsCode
    [ccAuthReply_authorizedDateTime] => 2013-01-03T192040Z
    [card_cardType] => 001
    [ccAuthReply_avsCode] => N
)
