Array
(
    [q] => payment-received
    [billTo_lastName] => Miles
    [billTo_phoneNumber] => 5185973432
    [orderAmount] => 27.75
    [billTo_street1] => 2561 NYS Route 9N
    [card_accountNumber] => ############7343
    [platform] => prd
    [orderAmount_publicSignature] => GJtEEQjdmN9MrlzNnZPIjk5DvJM=
    [orderPage_serialNumber] => 3213046286400176056193
    [orderCurrency] => usd
    [reconciliationID] => 175402708WTOFLD3OWKC3
    [signedDataPublicSignature] => J2S9QeBbwQH01iI3K2dylN8HI78=
    [decision] => ACCEPT
    [ccAuthReply_processorResponse] => 00
    [source_domain] => nh.tcro.us
    [billTo_state] => NY
    [billTo_firstName] => Dori
    [billTo_customerID] => 247
    [uid] => 247
    [card_expirationYear] => 2013
    [merchantDefinedData1] => Request ID: 46846
    [transactionSignature] => n8YYPkDYkZ+g7SHem2kFvlJusg0=
    [billTo_city] => Crown Pointe
    [billTo_postalCode] => 12928
    [orderPage_requestToken] => Ahj//wSRh1ruL95as5A+KFWLdq0YMm7BxXqT40yIzn15cNmmn9JnEtgJNP6TOJbaQMrXL5oZNJMq6PSWccDCDIw613F+8tWcgfAA7ylM
    [ccAuthReply_amount] => 27.75
    [orderCurrency_publicSignature] => pfcMEzOHelrVLvafAkpPGnECGbk=
    [orderPage_transactionType] => sale
    [ccAuthReply_authorizationCode] => 16458Z
    [decision_publicSignature] => KnPsJG1LWbeM0M209/iKgV4eG28=
    [ccAuthReply_avsCodeRaw] => Y
    [paymentOption] => card
    [billTo_country] => us
    [reasonCode] => 100
    [order_id] => 46846
    [ccAuthReply_reasonCode] => 100
    [orderPage_environment] => PRODUCTION
    [card_expirationMonth] => 11
    [merchantID] => avtranzsb
    [orderNumber_publicSignature] => loq7QtrXyC2vEv9VvvUphM/I8X8=
    [requestID] => 3609614579980178147359
    [orderNumber] => 1360961457996
    [signedFields] => billTo_lastName,billTo_phoneNumber,orderAmount,billTo_street1,card_accountNumber,platform,orderAmount_publicSignature,orderPage_serialNumber,orderCurrency,reconciliationID,decision,ccAuthReply_processorResponse,source_domain,billTo_state,billTo_firstName,billTo_customerID,uid,card_expirationYear,merchantDefinedData1,billTo_city,billTo_postalCode,orderPage_requestToken,ccAuthReply_amount,orderCurrency_publicSignature,orderPage_transactionType,ccAuthReply_authorizationCode,decision_publicSignature,ccAuthReply_avsCodeRaw,paymentOption,billTo_country,reasonCode,order_id,ccAuthReply_reasonCode,orderPage_environment,card_expirationMonth,merchantID,orderNumber_publicSignature,requestID,orderNumber,ccAuthReply_authorizedDateTime,card_cardType,ccAuthReply_avsCode
    [ccAuthReply_authorizedDateTime] => 2013-02-15T205058Z
    [card_cardType] => 002
    [ccAuthReply_avsCode] => Y
)
