Array
(
    [Order ID] => 0
    [Price] => 375
    [User ID] => 1488
    [IP] => 65.175.253.79
    [Timestamp] => 1361979733
    [Time/Date] => Wed, 27 Feb 2013 10:42:13 -0500
    [Order Page Timestamp] => 1361979716683
    [Order Page Time/Date] => Sun, 02 Jun 45129 22:04:43 -0500
    [User Agent] => Mozilla/5.0 (Windows NT 6.0; WOW64; rv:19.0) Gecko/20100101 Firefox/19.0
)
Array
(
    [Order ID] => 0
    [Price] => 375
    [User ID] => 1488
    [IP] => 65.175.253.79
    [Timestamp] => 1361980828
    [Time/Date] => Wed, 27 Feb 2013 11:00:28 -0500
    [Order Page Timestamp] => 1361979716683
    [Order Page Time/Date] => Sun, 02 Jun 45129 22:04:43 -0500
    [User Agent] => Mozilla/5.0 (Windows NT 6.0; WOW64; rv:19.0) Gecko/20100101 Firefox/19.0
)
Array
(
    [Order ID] => 0
    [Price] => 375
    [User ID] => 1488
    [IP] => 65.175.253.79
    [Timestamp] => 1361980920
    [Time/Date] => Wed, 27 Feb 2013 11:02:00 -0500
    [Order Page Timestamp] => 1361980888699
    [Order Page Time/Date] => Sun, 16 Jun 45129 11:38:19 -0500
    [User Agent] => Mozilla/5.0 (Windows NT 6.0; WOW64; rv:19.0) Gecko/20100101 Firefox/19.0
)
Array
(
    [Order ID] => 0
    [Price] => 375
    [User ID] => 1488
    [IP] => 65.175.253.79
    [Timestamp] => 1361981218
    [Time/Date] => Wed, 27 Feb 2013 11:06:58 -0500
    [Order Page Timestamp] => 1361981214887
    [Order Page Time/Date] => Thu, 20 Jun 45129 06:14:47 -0500
    [User Agent] => Mozilla/5.0 (Windows NT 6.0; WOW64; rv:19.0) Gecko/20100101 Firefox/19.0
)
Array
(
    [Order ID] => 0
    [Price] => 375
    [User ID] => 996
    [IP] => 70.96.33.195
    [Timestamp] => 1361981590
    [Time/Date] => Wed, 27 Feb 2013 11:13:10 -0500
    [Order Page Timestamp] => 1361981517703
    [Order Page Time/Date] => Sun, 23 Jun 45129 18:21:43 -0500
    [User Agent] => Mozilla/5.0 (Windows NT 6.1; WOW64) AppleWebKit/537.22 (KHTML, like Gecko) Chrome/25.0.1364.97 Safari/537.22
)
Array
(
    [Order ID] => 0
    [Price] => 375
    [User ID] => 996
    [IP] => 70.96.33.195
    [Timestamp] => 1361981631
    [Time/Date] => Wed, 27 Feb 2013 11:13:51 -0500
    [Order Page Timestamp] => 1361981517703
    [Order Page Time/Date] => Sun, 23 Jun 45129 18:21:43 -0500
    [User Agent] => Mozilla/5.0 (Windows NT 6.1; WOW64) AppleWebKit/537.22 (KHTML, like Gecko) Chrome/25.0.1364.97 Safari/537.22
)
Array
(
    [Order ID] => 0
    [Price] => 48.75
    [User ID] => 1432
    [IP] => 71.127.10.174
    [Timestamp] => 1361984058
    [Time/Date] => Wed, 27 Feb 2013 11:54:18 -0500
    [Order Page Timestamp] => 1361984021368
    [Order Page Time/Date] => Mon, 22 Jul 45129 17:49:28 -0500
    [User Agent] => Mozilla/4.0 (compatible; MSIE 8.0; Windows NT 5.1; Trident/4.0; InfoPath.2; .NET CLR 2.0.50727; .NET4.0C; .NET CLR 3.5.30729; .NET4.0E; .NET CLR 3.0.4506.2152; AskTbASI/5.15.15.35882)
)
Array
(
    [Order ID] => 0
    [Price] => 48.75
    [User ID] => 1432
    [IP] => 71.127.10.174
    [Timestamp] => 1361984133
    [Time/Date] => Wed, 27 Feb 2013 11:55:33 -0500
    [Order Page Timestamp] => 1361984021368
    [Order Page Time/Date] => Mon, 22 Jul 45129 17:49:28 -0500
    [User Agent] => Mozilla/4.0 (compatible; MSIE 8.0; Windows NT 5.1; Trident/4.0; InfoPath.2; .NET CLR 2.0.50727; .NET4.0C; .NET CLR 3.5.30729; .NET4.0E; .NET CLR 3.0.4506.2152; AskTbASI/5.15.15.35882)
)
Array
(
    [Order ID] => 0
    [Price] => 637.5
    [User ID] => 1489
    [IP] => 173.14.179.201
    [Timestamp] => 1361994907
    [Time/Date] => Wed, 27 Feb 2013 14:55:07 -0500
    [Order Page Timestamp] => 1361994896798
    [Order Page Time/Date] => Mon, 25 Nov 45129 14:46:38 -0500
    [User Agent] => Mozilla/4.0 (compatible; MSIE 8.0; Windows NT 5.1; Trident/4.0; GTB7.4; .NET CLR 2.0.50727; .NET CLR 3.0.4506.2152; .NET4.0C; .NET CLR 3.5.30729)
)
Array
(
    [Order ID] => 0
    [Price] => 4.25
    [User ID] => 1438
    [IP] => 75.68.183.152
    [Timestamp] => 1362002783
    [Time/Date] => Wed, 27 Feb 2013 17:06:23 -0500
    [Order Page Timestamp] => 1362002761449
    [Order Page Time/Date] => Mon, 24 Feb 45130 15:24:09 -0500
    [User Agent] => Mozilla/5.0 (Windows NT 6.1; WOW64) AppleWebKit/537.22 (KHTML, like Gecko) Chrome/25.0.1364.97 Safari/537.22
)
