Array
(
    [q] => payment-received
    [billTo_lastName] => Weddington
    [billTo_phoneNumber] => 6022630885
    [orderAmount] => 3.75
    [billTo_street1] => 845 N 3rd Ave.
    [card_accountNumber] => ###########1059
    [platform] => prd
    [orderAmount_publicSignature] => NlEX6s4yLSCcw1aOANOQ6uTjkUg=
    [orderPage_serialNumber] => 3213046286400176056193
    [orderCurrency] => usd
    [reconciliationID] => 192948316Y2511ERQHQ8W
    [signedDataPublicSignature] => JTGad/zTB3IiyLnB5voJ8NtMc0M=
    [decision] => ACCEPT
    [ccAuthReply_processorResponse] => 00
    [source_domain] => nh.tcro.us
    [billTo_state] => AZ
    [billTo_firstName] => Addie
    [billTo_customerID] => 270
    [uid] => 270
    [billTo_company] => AVTRANZ
    [card_expirationYear] => 2014
    [merchantDefinedData1] => Request ID: 53722
    [transactionSignature] => L8SjtAdbBsnjpOukWkQyrC7NvX4=
    [billTo_city] => Phoenix
    [billTo_postalCode] => 85003
    [orderPage_requestToken] => Ahj//wSRizAIpucWvZhIKFWLlk5aOGbFtZZNWLGLSoyKLiuohvV0uHEDUQ3q6XDjpAm7mB8MmkmVdHpLOOBhCkYswCKbnFr2YSAADiKE
    [ccAuthReply_amount] => 3.75
    [orderCurrency_publicSignature] => pfcMEzOHelrVLvafAkpPGnECGbk=
    [orderPage_transactionType] => sale
    [ccAuthReply_authorizationCode] => 129129
    [decision_publicSignature] => KnPsJG1LWbeM0M209/iKgV4eG28=
    [ccAuthReply_avsCodeRaw] => Y
    [paymentOption] => card
    [billTo_country] => us
    [billTo_email] => addie.weddington@gmail.com
    [reasonCode] => 100
    [order_id] => 53722
    [ccAuthReply_reasonCode] => 100
    [orderPage_environment] => PRODUCTION
    [card_expirationMonth] => 08
    [merchantID] => avtranzsb
    [orderNumber_publicSignature] => u0D6ixISnFXpCA9v/kmZKazT30s=
    [requestID] => 3644962554470178147364
    [orderNumber] => 1364496255446
    [signedFields] => billTo_lastName,billTo_phoneNumber,orderAmount,billTo_street1,card_accountNumber,platform,orderAmount_publicSignature,orderPage_serialNumber,orderCurrency,reconciliationID,decision,ccAuthReply_processorResponse,source_domain,billTo_state,billTo_firstName,billTo_customerID,uid,billTo_company,card_expirationYear,merchantDefinedData1,billTo_city,billTo_postalCode,orderPage_requestToken,ccAuthReply_amount,orderCurrency_publicSignature,orderPage_transactionType,ccAuthReply_authorizationCode,decision_publicSignature,ccAuthReply_avsCodeRaw,paymentOption,billTo_country,billTo_email,reasonCode,order_id,ccAuthReply_reasonCode,orderPage_environment,card_expirationMonth,merchantID,orderNumber_publicSignature,requestID,orderNumber,ccAuthReply_authorizedDateTime,card_cardType,ccAuthReply_avsCode
    [ccAuthReply_authorizedDateTime] => 2013-03-28T184416Z
    [card_cardType] => 003
    [ccAuthReply_avsCode] => Y
)
Array
(
    [q] => payment-received
    [billTo_lastName] => Weddington
    [orderAmount] => 3.75
    [billTo_street1] => 845 N 3rd Ave
    [card_accountNumber] => ###########1059
    [platform] => prd
    [orderAmount_publicSignature] => NlEX6s4yLSCcw1aOANOQ6uTjkUg=
    [orderPage_serialNumber] => 3213046286400176056193
    [orderCurrency] => usd
    [reconciliationID] => 192952414Y250DERNTX9S
    [signedDataPublicSignature] => Cd5SYB586SP+MAApGrvwuj03Gfw=
    [decision] => ACCEPT
    [ccAuthReply_processorResponse] => 00
    [source_domain] => nh.tcro.us
    [billTo_state] => AZ
    [billTo_firstName] => Addie
    [billTo_customerID] => 1012
    [uid] => 1012
    [card_expirationYear] => 2014
    [merchantDefinedData1] => Request ID: 53722
    [transactionSignature] => O2rMdsWMNcIGqxa/Fl7o/+LpVFM=
    [billTo_city] => Phoenix
    [billTo_postalCode] => 85003
    [orderPage_requestToken] => Ahj//wSRizAbxbGsXUhIKFWLlk5asmjFpZZNWESLSnVLDmmogV7xPAMDUQK94ngHpAm7mB8MmkmVdHpLOOBhCkYswG8WxrF1ISAAdTp4
    [ccAuthReply_amount] => 3.75
    [orderCurrency_publicSignature] => pfcMEzOHelrVLvafAkpPGnECGbk=
    [orderPage_transactionType] => sale
    [ccAuthReply_authorizationCode] => 186368
    [decision_publicSignature] => KnPsJG1LWbeM0M209/iKgV4eG28=
    [ccAuthReply_avsCodeRaw] => Y
    [paymentOption] => card
    [billTo_country] => us
    [billTo_email] => addie.weddington@gmail.com
    [reasonCode] => 100
    [order_id] => 53722
    [ccAuthReply_reasonCode] => 100
    [orderPage_environment] => PRODUCTION
    [card_expirationMonth] => 08
    [merchantID] => avtranzsb
    [orderNumber_publicSignature] => FWSM9Ujta6b5EAKC5Fbx8ccbdzk=
    [requestID] => 3644965245410178147364
    [orderNumber] => 1364496524539
    [signedFields] => billTo_lastName,orderAmount,billTo_street1,card_accountNumber,platform,orderAmount_publicSignature,orderPage_serialNumber,orderCurrency,reconciliationID,decision,ccAuthReply_processorResponse,source_domain,billTo_state,billTo_firstName,billTo_customerID,uid,card_expirationYear,merchantDefinedData1,billTo_city,billTo_postalCode,orderPage_requestToken,ccAuthReply_amount,orderCurrency_publicSignature,orderPage_transactionType,ccAuthReply_authorizationCode,decision_publicSignature,ccAuthReply_avsCodeRaw,paymentOption,billTo_country,billTo_email,reasonCode,order_id,ccAuthReply_reasonCode,orderPage_environment,card_expirationMonth,merchantID,orderNumber_publicSignature,requestID,orderNumber,ccAuthReply_authorizedDateTime,card_cardType,ccAuthReply_avsCode
    [ccAuthReply_authorizedDateTime] => 2013-03-28T184845Z
    [card_cardType] => 003
    [ccAuthReply_avsCode] => Y
)
Array
(
    [q] => payment-received
    [billTo_lastName] => Harden
    [billTo_phoneNumber] => 6037882080
    [orderAmount] => 550
    [billTo_street1] => 104 Main Street Suite 3
    [card_accountNumber] => ###########2009
    [platform] => prd
    [orderAmount_publicSignature] => jeqQk6z18DyHw+xy/+8dmBo3vXQ=
    [orderPage_serialNumber] => 3213046286400176056193
    [orderCurrency] => usd
    [reconciliationID] => 192958912Y2511ERQHREW
    [signedDataPublicSignature] => xesDf/vYLBdnQQbYf9Uii4w6zuE=
    [decision] => ACCEPT
    [ccAuthReply_processorResponse] => 00
    [source_domain] => nh.tcro.us
    [billTo_state] => NH
    [billTo_firstName] => Leonard D
    [billTo_customerID] => 435
    [uid] => 435
    [billTo_company] => Harden Law Offices
    [card_expirationYear] => 2015
    [merchantDefinedData1] => Request ID: 53726
    [transactionSignature] => u8h3t4vocxP17A7vgldx2Mj1Rjw=
    [billTo_city] => Lancaster
    [billTo_postalCode] => 03584
    [orderPage_requestToken] => Ahj//wSRizBp1MjBsnhIKFWLlk5auHLFlZZNWLGLSoyKUWuohvV0wqMDUQ3q6YVHpBDW2DA+GTSTKuj0lnHAweSMWYNOpkYNk8JA+jFB
    [ccAuthReply_amount] => 550.00
    [orderCurrency_publicSignature] => pfcMEzOHelrVLvafAkpPGnECGbk=
    [orderPage_transactionType] => sale
    [ccAuthReply_authorizationCode] => 121343
    [decision_publicSignature] => KnPsJG1LWbeM0M209/iKgV4eG28=
    [ccAuthReply_avsCodeRaw] => Y
    [paymentOption] => card
    [billTo_country] => us
    [billTo_email] => Info@LenHarden.com
    [reasonCode] => 100
    [order_id] => 53726
    [ccAuthReply_reasonCode] => 100
    [orderPage_environment] => PRODUCTION
    [card_expirationMonth] => 04
    [merchantID] => avtranzsb
    [orderNumber_publicSignature] => HCbM4kXc1FPmIwl1fzxMOgt6xbE=
    [requestID] => 3644976231230178147364
    [orderNumber] => 1364497572017
    [signedFields] => billTo_lastName,billTo_phoneNumber,orderAmount,billTo_street1,card_accountNumber,platform,orderAmount_publicSignature,orderPage_serialNumber,orderCurrency,reconciliationID,decision,ccAuthReply_processorResponse,source_domain,billTo_state,billTo_firstName,billTo_customerID,uid,billTo_company,card_expirationYear,merchantDefinedData1,billTo_city,billTo_postalCode,orderPage_requestToken,ccAuthReply_amount,orderCurrency_publicSignature,orderPage_transactionType,ccAuthReply_authorizationCode,decision_publicSignature,ccAuthReply_avsCodeRaw,paymentOption,billTo_country,billTo_email,reasonCode,order_id,ccAuthReply_reasonCode,orderPage_environment,card_expirationMonth,merchantID,orderNumber_publicSignature,requestID,orderNumber,ccAuthReply_authorizedDateTime,card_cardType,ccAuthReply_avsCode
    [ccAuthReply_authorizedDateTime] => 2013-03-28T190704Z
    [card_cardType] => 003
    [ccAuthReply_avsCode] => Y
)
Array
(
    [q] => payment-received
    [billTo_lastName] => Jacobs
    [billTo_phoneNumber] => 6034913175
    [orderAmount] => 106.25
    [billTo_street1] => 429 Durham RD
    [card_accountNumber] => ############1544
    [platform] => prd
    [orderAmount_publicSignature] => ApSm71QGY/T/ewaEkBUcV3evoAk=
    [orderPage_serialNumber] => 3213046286400176056193
    [orderCurrency] => usd
    [reconciliationID] => 193118616Y24ZOERMDGO1
    [signedDataPublicSignature] => GltYHX0R1k647uPFb67m+hydQlY=
    [decision] => ACCEPT
    [ccAuthReply_processorResponse] => 00
    [source_domain] => nh.tcro.us
    [billTo_state] => me
    [billTo_firstName] => Aaron
    [billTo_customerID] => 1820
    [uid] => 1820
    [card_expirationYear] => 2015
    [merchantDefinedData1] => Request ID: 53741
    [transactionSignature] => covIMuqvFT14hMAqWTfn7Hmvw4E=
    [billTo_city] => brunswick
    [billTo_postalCode] => 04011
    [orderPage_requestToken] => Ahj//wSRizhtVB2w29BIKFWLlmxYuGzFtZZNLU+LSmxI89in9xmnxC4Cn9xmnxC+kDqYEwPhk0kyro9JZxwMHUjFnDaqDtht6CQA1g/g
    [ccAuthReply_amount] => 106.25
    [orderCurrency_publicSignature] => pfcMEzOHelrVLvafAkpPGnECGbk=
    [orderPage_transactionType] => sale
    [ccAuthReply_authorizationCode] => 600610
    [decision_publicSignature] => KnPsJG1LWbeM0M209/iKgV4eG28=
    [ccAuthReply_avsCodeRaw] => Y
    [paymentOption] => card
    [billTo_country] => us
    [billTo_email] => aaron@alltradenortheast.com
    [reasonCode] => 100
    [order_id] => 53741
    [ccAuthReply_reasonCode] => 100
    [orderPage_environment] => PRODUCTION
    [card_expirationMonth] => 05
    [merchantID] => avtranzsb
    [orderNumber_publicSignature] => QOsKTVGjCDliDweqWtyXQ7/W1lY=
    [requestID] => 3645264953820178147364
    [orderNumber] => 1364526495380
    [signedFields] => billTo_lastName,billTo_phoneNumber,orderAmount,billTo_street1,card_accountNumber,platform,orderAmount_publicSignature,orderPage_serialNumber,orderCurrency,reconciliationID,decision,ccAuthReply_processorResponse,source_domain,billTo_state,billTo_firstName,billTo_customerID,uid,card_expirationYear,merchantDefinedData1,billTo_city,billTo_postalCode,orderPage_requestToken,ccAuthReply_amount,orderCurrency_publicSignature,orderPage_transactionType,ccAuthReply_authorizationCode,decision_publicSignature,ccAuthReply_avsCodeRaw,paymentOption,billTo_country,billTo_email,reasonCode,order_id,ccAuthReply_reasonCode,orderPage_environment,card_expirationMonth,merchantID,orderNumber_publicSignature,requestID,orderNumber,ccAuthReply_authorizedDateTime,card_cardType,ccAuthReply_avsCode
    [ccAuthReply_authorizedDateTime] => 2013-03-29T030816Z
    [card_cardType] => 001
    [ccAuthReply_avsCode] => Y
)
