Array
(
    [Order ID] => 0
    [Price] => 38.25
    [User ID] => 263
    [IP] => 24.147.94.203
    [Timestamp] => 1358519599
    [Time/Date] => Fri, 18 Jan 2013 09:33:19 -0500
    [Order Page Timestamp] => 1358519592205
    [Order Page Time/Date] => Sun, 10 Oct 45019 04:23:25 -0500
    [User Agent] => Mozilla/5.0 (Windows NT 6.1; WOW64) AppleWebKit/537.17 (KHTML, like Gecko) Chrome/24.0.1312.52 Safari/537.17
)
Array
(
    [Order ID] => 0
    [Price] => 25
    [User ID] => 263
    [IP] => 24.147.94.203
    [Timestamp] => 1358519738
    [Time/Date] => Fri, 18 Jan 2013 09:35:38 -0500
    [Order Page Timestamp] => 1358519735028
    [Order Page Time/Date] => Mon, 11 Oct 45019 20:03:48 -0500
    [User Agent] => Mozilla/5.0 (Windows NT 6.1; WOW64) AppleWebKit/537.17 (KHTML, like Gecko) Chrome/24.0.1312.52 Safari/537.17
)
Array
(
    [Order ID] => 0
    [Price] => 68.75
    [User ID] => 906
    [IP] => 75.69.111.108
    [Timestamp] => 1358523516
    [Time/Date] => Fri, 18 Jan 2013 10:38:36 -0500
    [Order Page Timestamp] => 1358523477385
    [Order Page Time/Date] => Wed, 24 Nov 45019 03:36:25 -0500
    [User Agent] => Mozilla/5.0 (compatible; MSIE 9.0; Windows NT 6.1; WOW64; Trident/5.0)
)
Array
(
    [Order ID] => 0
    [Price] => 137.5
    [User ID] => 1221
    [IP] => 74.220.237.62
    [Timestamp] => 1358534769
    [Time/Date] => Fri, 18 Jan 2013 13:46:09 -0500
    [Order Page Timestamp] => 1358534747605
    [Order Page Time/Date] => Sun, 02 Apr 45020 14:13:25 -0500
    [User Agent] => Mozilla/5.0 (Windows NT 6.1; WOW64) AppleWebKit/537.17 (KHTML, like Gecko) Chrome/24.0.1312.52 Safari/537.17
)
Array
(
    [Order ID] => 0
    [Price] => 275
    [User ID] => 247
    [IP] => 70.96.33.195
    [Timestamp] => 1358540958
    [Time/Date] => Fri, 18 Jan 2013 15:29:18 -0500
    [Order Page Timestamp] => 1358540951431
    [Order Page Time/Date] => Tue, 13 Jun 45020 09:30:31 -0500
    [User Agent] => Mozilla/5.0 (Windows NT 6.1; WOW64) AppleWebKit/537.11 (KHTML, like Gecko) Chrome/23.0.1271.97 Safari/537.11
)
