Array
(
    [Order ID] => 0
    [Price] => 93.75
    [User ID] => 1626
    [IP] => 65.175.187.46
    [Timestamp] => 1363707535
    [Time/Date] => Tue, 19 Mar 2013 11:38:55 -0400
    [Order Page Timestamp] => 1363707488661
    [Order Page Time/Date] => Sat, 03 Mar 45184 06:44:21 -0500
    [User Agent] => Mozilla/5.0 (compatible; MSIE 10.0; AOL 9.7; AOLBuild 4343.55; Windows NT 6.2; WOW64; Trident/6.0; MDDCJS)
)
Array
(
    [Order ID] => 0
    [Price] => 637.5
    [User ID] => 1627
    [IP] => 98.175.154.89
    [Timestamp] => 1363707692
    [Time/Date] => Tue, 19 Mar 2013 11:41:32 -0400
    [Order Page Timestamp] => 1363707680470
    [Order Page Time/Date] => Mon, 05 Mar 45184 12:01:10 -0500
    [User Agent] => Mozilla/5.0 (Windows NT 6.1) AppleWebKit/537.22 (KHTML, like Gecko) Chrome/25.0.1364.172 Safari/537.22
)
Array
(
    [Order ID] => 0
    [Price] => 637.5
    [User ID] => 1627
    [IP] => 98.175.154.89
    [Timestamp] => 1363707873
    [Time/Date] => Tue, 19 Mar 2013 11:44:33 -0400
    [Order Page Timestamp] => 1363707680470
    [Order Page Time/Date] => Mon, 05 Mar 45184 12:01:10 -0500
    [User Agent] => Mozilla/5.0 (Windows NT 6.1) AppleWebKit/537.22 (KHTML, like Gecko) Chrome/25.0.1364.172 Safari/537.22
)
Array
(
    [Order ID] => 0
    [Price] => 25
    [User ID] => 430
    [IP] => 70.96.33.195
    [Timestamp] => 1363714998
    [Time/Date] => Tue, 19 Mar 2013 13:43:18 -0400
    [Order Page Timestamp] => 1363714995677
    [Order Page Time/Date] => Tue, 29 May 45184 04:01:17 -0500
    [User Agent] => Mozilla/5.0 (Windows NT 6.1; WOW64) AppleWebKit/537.22 (KHTML, like Gecko) Chrome/25.0.1364.172 Safari/537.22
)
