Array
(
    [Order ID] => 0
    [Price] => 7.5
    [User ID] => 263
    [IP] => 24.147.94.203
    [Timestamp] => 1358350221
    [Time/Date] => Wed, 16 Jan 2013 10:30:21 -0500
    [Order Page Timestamp] => 1358349963070
    [Order Page Time/Date] => Wed, 25 May 45014 21:11:10 -0500
    [User Agent] => Mozilla/5.0 (Windows NT 6.1; WOW64) AppleWebKit/537.17 (KHTML, like Gecko) Chrome/24.0.1312.52 Safari/537.17
)
Array
(
    [Order ID] => 0
    [Price] => 7.5
    [User ID] => 263
    [IP] => 24.147.94.203
    [Timestamp] => 1358350231
    [Time/Date] => Wed, 16 Jan 2013 10:30:31 -0500
    [Order Page Timestamp] => 1358349963070
    [Order Page Time/Date] => Wed, 25 May 45014 21:11:10 -0500
    [User Agent] => Mozilla/5.0 (Windows NT 6.1; WOW64) AppleWebKit/537.17 (KHTML, like Gecko) Chrome/24.0.1312.52 Safari/537.17
)
Array
(
    [Order ID] => 0
    [Price] => 57.75
    [User ID] => 994
    [IP] => 70.147.8.4
    [Timestamp] => 1358353692
    [Time/Date] => Wed, 16 Jan 2013 11:28:12 -0500
    [Order Page Timestamp] => 1358353686678
    [Order Page Time/Date] => Thu, 07 Jul 45014 23:31:18 -0500
    [User Agent] => Mozilla/5.0 (Windows NT 6.1; rv:18.0) Gecko/20100101 Firefox/18.0
)
Array
(
    [Order ID] => 0
    [Price] => 2168.75
    [User ID] => 353
    [IP] => 173.210.98.74
    [Timestamp] => 1358365129
    [Time/Date] => Wed, 16 Jan 2013 14:38:49 -0500
    [Order Page Timestamp] => 1358365057957
    [Order Page Time/Date] => Wed, 16 Nov 45014 14:12:37 -0500
    [User Agent] => Mozilla/4.0 (compatible; MSIE 8.0; Windows NT 5.1; Trident/4.0; .NET CLR 2.0.50727; .NET CLR 1.1.4322; .NET CLR 3.0.4506.2152; .NET CLR 3.5.30729)
)
Array
(
    [Order ID] => 0
    [Price] => 2437.5
    [User ID] => 541
    [IP] => 72.248.85.98
    [Timestamp] => 1358366747
    [Time/Date] => Wed, 16 Jan 2013 15:05:47 -0500
    [Order Page Timestamp] => 1358366700756
    [Order Page Time/Date] => Mon, 05 Dec 45014 14:32:36 -0500
    [User Agent] => Mozilla/4.0 (compatible; MSIE 8.0; Windows NT 5.1; Trident/4.0; GTB7.4; .NET CLR 1.1.4322; .NET CLR 2.0.50727; .NET CLR 3.0.04506.30; .NET CLR 3.0.4506.2152; .NET CLR 3.5.30729)
)
Array
(
    [Order ID] => 0
    [Price] => 2437.5
    [User ID] => 541
    [IP] => 72.248.85.98
    [Timestamp] => 1358366795
    [Time/Date] => Wed, 16 Jan 2013 15:06:35 -0500
    [Order Page Timestamp] => 1358366700756
    [Order Page Time/Date] => Mon, 05 Dec 45014 14:32:36 -0500
    [User Agent] => Mozilla/4.0 (compatible; MSIE 8.0; Windows NT 5.1; Trident/4.0; GTB7.4; .NET CLR 1.1.4322; .NET CLR 2.0.50727; .NET CLR 3.0.04506.30; .NET CLR 3.0.4506.2152; .NET CLR 3.5.30729)
)
