Array
(
    [Order ID] => 0
    [Price] => 3300
    [User ID] => 247
    [IP] => 70.96.33.195
    [Timestamp] => 1357836439
    [Time/Date] => Thu, 10 Jan 2013 11:47:19 -0500
    [Order Page Timestamp] => 1357836387886
    [Order Page Time/Date] => Tue, 13 Feb 44998 17:24:46 -0500
    [User Agent] => Mozilla/5.0 (Windows NT 6.1; WOW64) AppleWebKit/537.11 (KHTML, like Gecko) Chrome/23.0.1271.97 Safari/537.11
)
Array
(
    [Order ID] => 0
    [Price] => 3300
    [User ID] => 247
    [IP] => 70.96.33.195
    [Timestamp] => 1357836739
    [Time/Date] => Thu, 10 Jan 2013 11:52:19 -0500
    [Order Page Timestamp] => 1357836730739
    [Order Page Time/Date] => Sat, 17 Feb 44998 16:38:59 -0500
    [User Agent] => Mozilla/5.0 (Windows NT 6.1; WOW64) AppleWebKit/537.11 (KHTML, like Gecko) Chrome/23.0.1271.97 Safari/537.11
)
Array
(
    [Order ID] => 0
    [Price] => 3300
    [User ID] => 247
    [IP] => 70.96.33.195
    [Timestamp] => 1357836770
    [Time/Date] => Thu, 10 Jan 2013 11:52:50 -0500
    [Order Page Timestamp] => 1357836767960
    [Order Page Time/Date] => Sun, 18 Feb 44998 02:59:20 -0500
    [User Agent] => Mozilla/5.0 (Windows NT 6.1; WOW64) AppleWebKit/537.11 (KHTML, like Gecko) Chrome/23.0.1271.97 Safari/537.11
)
Array
(
    [Order ID] => 0
    [Price] => 3300
    [User ID] => 247
    [IP] => 70.96.33.195
    [Timestamp] => 1357836800
    [Time/Date] => Thu, 10 Jan 2013 11:53:20 -0500
    [Order Page Timestamp] => 1357836767960
    [Order Page Time/Date] => Sun, 18 Feb 44998 02:59:20 -0500
    [User Agent] => Mozilla/5.0 (Windows NT 6.1; WOW64) AppleWebKit/537.11 (KHTML, like Gecko) Chrome/23.0.1271.97 Safari/537.11
)
Array
(
    [Order ID] => 0
    [Price] => 93.75
    [User ID] => 1245
    [IP] => 173.166.97.133
    [Timestamp] => 1357837081
    [Time/Date] => Thu, 10 Jan 2013 11:58:01 -0500
    [Order Page Timestamp] => 1357837054151
    [Order Page Time/Date] => Wed, 21 Feb 44998 10:29:11 -0500
    [User Agent] => Mozilla/4.0 (compatible; MSIE 8.0; Windows NT 5.1; Trident/4.0; .NET CLR 1.1.4322; .NET CLR 2.0.50727; .NET CLR 3.0.4506.2152; .NET CLR 3.5.30729; .NET4.0C; .NET4.0E; OfficeLiveConnector.1.5; OfficeLivePatch.1.3; BRI/2)
)
Array
(
    [Order ID] => 0
    [Price] => 93.75
    [User ID] => 263
    [IP] => 24.147.94.203
    [Timestamp] => 1357839590
    [Time/Date] => Thu, 10 Jan 2013 12:39:50 -0500
    [Order Page Timestamp] => 1357839561761
    [Order Page Time/Date] => Thu, 22 Mar 44998 11:02:41 -0500
    [User Agent] => Mozilla/5.0 (Windows NT 6.1; WOW64) AppleWebKit/537.11 (KHTML, like Gecko) Chrome/23.0.1271.97 Safari/537.11
)
Array
(
    [Order ID] => 0
    [Price] => 5.5
    [User ID] => 795
    [IP] => 24.181.251.210
    [Timestamp] => 1357851797
    [Time/Date] => Thu, 10 Jan 2013 16:03:17 -0500
    [Order Page Timestamp] => 1357851793027
    [Order Page Time/Date] => Sat, 11 Aug 44998 00:37:07 -0500
    [User Agent] => Mozilla/4.0 (compatible; MSIE 8.0; Windows NT 5.1; Trident/4.0; .NET CLR 2.0.50727; .NET CLR 3.0.04506.648; .NET CLR 3.5.21022; .NET CLR 3.0.4506.2152; .NET CLR 3.5.30729; .NET CLR 1.1.4322; AskTbORJ/5.15.4.23821)
)
