Array
(
    [Order ID] => 0
    [Price] => 72.25
    [User ID] => 1438
    [IP] => 75.68.183.152
    [Timestamp] => 1361064586
    [Time/Date] => Sat, 16 Feb 2013 20:29:46 -0500
    [Order Page Timestamp] => 1361064543595
    [Order Page Time/Date] => Sat, 02 Jun 45100 15:19:55 -0500
    [User Agent] => Mozilla/5.0 (compatible; MSIE 9.0; Windows NT 6.1; WOW64; Trident/5.0)
)
Array
(
    [Order ID] => 0
    [Price] => 72.25
    [User ID] => 1438
    [IP] => 75.68.183.152
    [Timestamp] => 1361064764
    [Time/Date] => Sat, 16 Feb 2013 20:32:44 -0500
    [Order Page Timestamp] => 1361064722934
    [Order Page Time/Date] => Mon, 04 Jun 45100 17:08:54 -0500
    [User Agent] => Mozilla/5.0 (compatible; MSIE 9.0; Windows NT 6.1; WOW64; Trident/5.0)
)
