Array
(
    [Order ID] => 0
    [Price] => 68.75
    [User ID] => 582
    [IP] => 75.251.108.125
    [Timestamp] => 1360756015
    [Time/Date] => Wed, 13 Feb 2013 06:46:55 -0500
    [Order Page Timestamp] => 1360755994955
    [Order Page Time/Date] => Fri, 22 Aug 45090 11:22:35 -0500
    [User Agent] => Mozilla/5.0 (compatible; MSIE 9.0; Windows NT 6.1; WOW64; Trident/5.0; yie9)
)
Array
(
    [Order ID] => 0
    [Price] => 93.75
    [User ID] => 1422
    [IP] => 173.209.100.125
    [Timestamp] => 1360764875
    [Time/Date] => Wed, 13 Feb 2013 09:14:35 -0500
    [Order Page Timestamp] => 1360764852186
    [Order Page Time/Date] => Tue, 02 Dec 45090 23:43:06 -0500
    [User Agent] => Mozilla/5.0 (Windows NT 6.1; rv:18.0) Gecko/20100101 Firefox/18.0
)
Array
(
    [Order ID] => 0
    [Price] => 73.75
    [User ID] => 1425
    [IP] => 72.71.200.12
    [Timestamp] => 1360787615
    [Time/Date] => Wed, 13 Feb 2013 15:33:35 -0500
    [Order Page Timestamp] => 1360786719624
    [Order Page Time/Date] => Thu, 13 Aug 45091 02:00:24 -0500
    [User Agent] => Mozilla/5.0 (Windows NT 5.1) AppleWebKit/537.17 (KHTML, like Gecko) Chrome/24.0.1312.57 Safari/537.17
)
