Array
(
    [Order ID] => 0
    [Price] => 55.5
    [User ID] => 1320
    [IP] => 24.147.5.197
    [Timestamp] => 1359486878
    [Time/Date] => Tue, 29 Jan 2013 14:14:38 -0500
    [Order Page Timestamp] => 1359486867159
    [Order Page Time/Date] => Tue, 04 Jun 45050 11:52:39 -0500
    [User Agent] => Mozilla/5.0 (compatible; MSIE 9.0; Windows NT 6.0; Trident/5.0)
)
Array
(
    [Order ID] => 0
    [Price] => 55.5
    [User ID] => 1320
    [IP] => 24.147.5.197
    [Timestamp] => 1359487000
    [Time/Date] => Tue, 29 Jan 2013 14:16:40 -0500
    [Order Page Timestamp] => 1359486925163
    [Order Page Time/Date] => Wed, 05 Jun 45050 03:59:23 -0500
    [User Agent] => Mozilla/5.0 (compatible; MSIE 9.0; Windows NT 6.0; Trident/5.0)
)
