Array
(
    [Order ID] => 0
    [Price] => 385
    [User ID] => 353
    [IP] => 50.198.117.149
    [Timestamp] => 1363796501
    [Time/Date] => Wed, 20 Mar 2013 12:21:41 -0400
    [Order Page Timestamp] => 1363796478190
    [Order Page Time/Date] => Sun, 28 Dec 45186 06:03:10 -0500
    [User Agent] => Mozilla/4.0 (compatible; MSIE 8.0; Windows NT 5.1; Trident/4.0; GTB7.4; .NET CLR 1.1.4322; .NET CLR 2.0.50727; .NET CLR 3.0.04506.30; .NET CLR 3.0.04506.648; .NET CLR 3.0.4506.2152; .NET CLR 3.5.30729)
)
Array
(
    [Order ID] => 0
    [Price] => 4262.5
    [User ID] => 1637
    [IP] => 75.68.27.211
    [Timestamp] => 1363803367
    [Time/Date] => Wed, 20 Mar 2013 14:16:07 -0400
    [Order Page Timestamp] => 1363803293248
    [Order Page Time/Date] => Tue, 17 Mar 45187 03:07:28 -0500
    [User Agent] => Mozilla/5.0 (Macintosh; Intel Mac OS X 10.6; rv:19.0) Gecko/20100101 Firefox/19.0
)
Array
(
    [Order ID] => 0
    [Price] => 30
    [User ID] => 1497
    [IP] => 72.70.100.232
    [Timestamp] => 1363807401
    [Time/Date] => Wed, 20 Mar 2013 15:23:21 -0400
    [Order Page Timestamp] => 1363807386669
    [Order Page Time/Date] => Sun, 03 May 45187 12:11:09 -0500
    [User Agent] => Mozilla/4.0 (compatible; MSIE 8.0; Windows NT 5.1; Trident/4.0; InfoPath.2)
)
