Array
(
    [Order ID] => 0
    [Price] => 210
    [User ID] => 479
    [IP] => 70.88.214.25
    [Timestamp] => 1359380723
    [Time/Date] => Mon, 28 Jan 2013 08:45:23 -0500
    [Order Page Timestamp] => 1359380648418
    [Order Page Time/Date] => Fri, 22 Jan 45047 02:40:18 -0500
    [User Agent] => Mozilla/4.0 (compatible; MSIE 8.0; Windows NT 5.1; Trident/4.0; .NET CLR 1.1.4322; .NET CLR 2.0.50727; .NET CLR 3.0.04506.30; .NET CLR 3.0.4506.2152; .NET CLR 3.5.30729; .NET4.0C)
)
Array
(
    [Order ID] => 0
    [Price] => 574.75
    [User ID] => 604
    [IP] => 70.96.33.195
    [Timestamp] => 1359405476
    [Time/Date] => Mon, 28 Jan 2013 15:37:56 -0500
    [Order Page Timestamp] => 1359405462916
    [Order Page Time/Date] => Fri, 05 Nov 45047 07:35:16 -0500
    [User Agent] => Mozilla/5.0 (Windows NT 6.1; rv:18.0) Gecko/20100101 Firefox/18.0
)
Array
(
    [Order ID] => 0
    [Price] => 137.5
    [User ID] => 1315
    [IP] => 24.60.131.242
    [Timestamp] => 1359407170
    [Time/Date] => Mon, 28 Jan 2013 16:06:10 -0500
    [Order Page Timestamp] => 1359407099424
    [Order Page Time/Date] => Wed, 24 Nov 45047 06:10:24 -0500
    [User Agent] => Mozilla/5.0 (Windows NT 5.1) AppleWebKit/537.17 (KHTML, like Gecko) Chrome/24.0.1312.56 Safari/537.17
)
