Array
(
    [Order ID] => 0
    [Price] => 4812.5
    [User ID] => 1297
    [IP] => 208.65.20.138
    [Timestamp] => 1360011454
    [Time/Date] => Mon, 04 Feb 2013 15:57:34 -0500
    [Order Page Timestamp] => 1360011401314
    [Order Page Time/Date] => Thu, 17 Jan 45067 11:48:34 -0500
    [User Agent] => Mozilla/5.0 (compatible; MSIE 9.0; Windows NT 6.0; Trident/5.0)
)
Array
(
    [Order ID] => 0
    [Price] => 4812.5
    [User ID] => 1297
    [IP] => 208.65.20.138
    [Timestamp] => 1360011729
    [Time/Date] => Mon, 04 Feb 2013 16:02:09 -0500
    [Order Page Timestamp] => 1360011401314
    [Order Page Time/Date] => Thu, 17 Jan 45067 11:48:34 -0500
    [User Agent] => Mozilla/5.0 (compatible; MSIE 9.0; Windows NT 6.0; Trident/5.0)
)
Array
(
    [Order ID] => 0
    [Price] => 77
    [User ID] => 1346
    [IP] => 24.61.235.175
    [Timestamp] => 1360016770
    [Time/Date] => Mon, 04 Feb 2013 17:26:10 -0500
    [Order Page Timestamp] => 1360016756526
    [Order Page Time/Date] => Wed, 20 Mar 45067 11:22:06 -0500
    [User Agent] => Mozilla/5.0 (Windows NT 6.1; WOW64; rv:18.0) Gecko/20100101 Firefox/18.0
)
