Array
(
    [Order ID] => 0
    [Price] => 11.25
    [User ID] => 1018
    [IP] => 173.162.171.165
    [Timestamp] => 1357311941
    [Time/Date] => Fri, 04 Jan 2013 10:05:41 -0500
    [Order Page Timestamp] => 1357311925534
    [Order Page Time/Date] => Mon, 02 Jul 44981 13:25:34 -0500
    [User Agent] => Mozilla/4.0 (compatible; MSIE 8.0; Windows NT 6.1; Trident/4.0; SLCC2; .NET CLR 2.0.50727; .NET CLR 3.5.30729; .NET CLR 3.0.30729; Media Center PC 6.0; InfoPath.3; .NET4.0C; .NET4.0E; Tablet PC 2.0)
)
Array
(
    [Order ID] => 0
    [Price] => 275
    [User ID] => 1162
    [IP] => 72.71.225.163
    [Timestamp] => 1357312319
    [Time/Date] => Fri, 04 Jan 2013 10:11:59 -0500
    [Order Page Timestamp] => 1357312315402
    [Order Page Time/Date] => Sat, 07 Jul 44981 01:43:22 -0500
    [User Agent] => Mozilla/5.0 (Windows NT 5.1; rv:17.0) Gecko/20100101 Firefox/17.0
)
Array
(
    [Order ID] => 0
    [Price] => 1757.5
    [User ID] => 539
    [IP] => 50.78.244.141
    [Timestamp] => 1357328706
    [Time/Date] => Fri, 04 Jan 2013 14:45:06 -0500
    [Order Page Timestamp] => 1357328700101
    [Order Page Time/Date] => Sat, 12 Jan 44982 17:01:41 -0500
    [User Agent] => Mozilla/5.0 (compatible; MSIE 9.0; Windows NT 6.1; WOW64; Trident/5.0)
)
Array
(
    [Order ID] => 0
    [Price] => 162.5
    [User ID] => 1220
    [IP] => 24.62.170.2
    [Timestamp] => 1357334042
    [Time/Date] => Fri, 04 Jan 2013 16:14:02 -0500
    [Order Page Timestamp] => 1357334028087
    [Order Page Time/Date] => Fri, 15 Mar 44982 09:01:27 -0500
    [User Agent] => Mozilla/5.0 (compatible; MSIE 9.0; Windows NT 6.1; Trident/5.0; MALC)
)
Array
(
    [Order ID] => 0
    [Price] => 442.5
    [User ID] => 778
    [IP] => 72.4.192.2
    [Timestamp] => 1357334747
    [Time/Date] => Fri, 04 Jan 2013 16:25:47 -0500
    [Order Page Timestamp] => 1357334731037
    [Order Page Time/Date] => Sat, 23 Mar 44982 12:17:17 -0500
    [User Agent] => Mozilla/4.0 (compatible; MSIE 8.0; Windows NT 6.1; WOW64; Trident/4.0; SLCC2; .NET CLR 2.0.50727; .NET CLR 3.5.30729; .NET CLR 3.0.30729; Media Center PC 6.0; .NET4.0C; .NET4.0E)
)
Array
(
    [Order ID] => 0
    [Price] => 442.5
    [User ID] => 778
    [IP] => 72.4.192.2
    [Timestamp] => 1357334771
    [Time/Date] => Fri, 04 Jan 2013 16:26:11 -0500
    [Order Page Timestamp] => 1357334757871
    [Order Page Time/Date] => Sat, 23 Mar 44982 19:44:31 -0500
    [User Agent] => Mozilla/4.0 (compatible; MSIE 8.0; Windows NT 6.1; WOW64; Trident/4.0; SLCC2; .NET CLR 2.0.50727; .NET CLR 3.5.30729; .NET CLR 3.0.30729; Media Center PC 6.0; .NET4.0C; .NET4.0E)
)
Array
(
    [Order ID] => 0
    [Price] => 68.75
    [User ID] => 263
    [IP] => 24.147.94.203
    [Timestamp] => 1357354326
    [Time/Date] => Fri, 04 Jan 2013 21:52:06 -0500
    [Order Page Timestamp] => 1357354306060
    [Order Page Time/Date] => Tue, 05 Nov 44982 01:47:40 -0500
    [User Agent] => Mozilla/5.0 (Windows NT 6.1; WOW64) AppleWebKit/537.11 (KHTML, like Gecko) Chrome/23.0.1271.97 Safari/537.11
)
Array
(
    [Order ID] => 0
    [Price] => 68.75
    [User ID] => 263
    [IP] => 24.147.94.203
    [Timestamp] => 1357354361
    [Time/Date] => Fri, 04 Jan 2013 21:52:41 -0500
    [Order Page Timestamp] => 1357354306060
    [Order Page Time/Date] => Tue, 05 Nov 44982 01:47:40 -0500
    [User Agent] => Mozilla/5.0 (Windows NT 6.1; WOW64) AppleWebKit/537.11 (KHTML, like Gecko) Chrome/23.0.1271.97 Safari/537.11
)
