Array
(
    [q] => payment-received
    [billTo_lastName] => Lauder
    [billTo_phoneNumber] => 6036862359
    [orderAmount] => 89.25
    [billTo_street1] => 54 Union Street
    [card_accountNumber] => ############6091
    [platform] => prd
    [orderAmount_publicSignature] => m+ZFsOZpWvj0eNzbgBZCOCVZRkM=
    [orderPage_serialNumber] => 3213046286400176056193
    [orderCurrency] => usd
    [reconciliationID] => 193807166Y24ZJERLJOMD
    [signedDataPublicSignature] => kvV46kaHUCtvIK3aMdkMJMuiHLo=
    [decision] => ACCEPT
    [ccAuthReply_processorResponse] => 00
    [source_domain] => nh.tcro.us
    [billTo_state] => NH
    [billTo_firstName] => Craig
    [billTo_customerID] => 1895
    [uid] => 1895
    [card_expirationYear] => 2015
    [merchantDefinedData1] => Request ID: 53840
    [transactionSignature] => TWUfj25m9E3u+ypyQSnRtWwA2HU=
    [billTo_city] => Somersworth
    [billTo_postalCode] => 03878
    [orderPage_requestToken] => Ahj//wSRi2YawLBjv6BIKFWLlm4YN2LZtZZNLUqLSmSp82In9MWjWfgEn9MWjWfmkDot0wRhk0kyro9JZxwMI0jFsw1gWDHf0CQAwhj8
    [ccAuthReply_amount] => 89.25
    [orderCurrency_publicSignature] => pfcMEzOHelrVLvafAkpPGnECGbk=
    [orderPage_transactionType] => sale
    [ccAuthReply_authorizationCode] => 03229Z
    [decision_publicSignature] => KnPsJG1LWbeM0M209/iKgV4eG28=
    [ccAuthReply_avsCodeRaw] => Y
    [paymentOption] => card
    [billTo_country] => us
    [billTo_email] => craig.lauder@comcast.net
    [reasonCode] => 100
    [order_id] => 53840
    [ccAuthReply_reasonCode] => 100
    [orderPage_environment] => PRODUCTION
    [card_expirationMonth] => 12
    [merchantID] => avtranzsb
    [orderNumber_publicSignature] => GAaoINXM+w2v4uMkJtbB7I1Zcm8=
    [requestID] => 3646910656960178147364
    [orderNumber] => 1364691026216
    [signedFields] => billTo_lastName,billTo_phoneNumber,orderAmount,billTo_street1,card_accountNumber,platform,orderAmount_publicSignature,orderPage_serialNumber,orderCurrency,reconciliationID,decision,ccAuthReply_processorResponse,source_domain,billTo_state,billTo_firstName,billTo_customerID,uid,card_expirationYear,merchantDefinedData1,billTo_city,billTo_postalCode,orderPage_requestToken,ccAuthReply_amount,orderCurrency_publicSignature,orderPage_transactionType,ccAuthReply_authorizationCode,decision_publicSignature,ccAuthReply_avsCodeRaw,paymentOption,billTo_country,billTo_email,reasonCode,order_id,ccAuthReply_reasonCode,orderPage_environment,card_expirationMonth,merchantID,orderNumber_publicSignature,requestID,orderNumber,ccAuthReply_authorizedDateTime,card_cardType,ccAuthReply_avsCode
    [ccAuthReply_authorizedDateTime] => 2013-03-31T005106Z
    [card_cardType] => 002
    [ccAuthReply_avsCode] => Y
)
