Array
(
    [Order ID] => 0
    [Price] => 11
    [User ID] => 539
    [IP] => 50.78.244.141
    [Timestamp] => 1359561901
    [Time/Date] => Wed, 30 Jan 2013 11:05:01 -0500
    [Order Page Timestamp] => 1359561727517
    [Order Page Time/Date] => Sun, 17 Oct 45052 22:25:17 -0500
    [User Agent] => Mozilla/5.0 (compatible; MSIE 9.0; Windows NT 6.1; WOW64; Trident/5.0; FunWebProducts)
)
Array
(
    [Order ID] => 0
    [Price] => 375
    [User ID] => 1328
    [IP] => 216.66.108.210
    [Timestamp] => 1359581933
    [Time/Date] => Wed, 30 Jan 2013 16:38:53 -0500
    [Order Page Timestamp] => 1359581889270
    [Order Page Time/Date] => Wed, 08 Jun 45053 06:54:30 -0500
    [User Agent] => Mozilla/5.0 (iPad; CPU OS 6_0_1 like Mac OS X) AppleWebKit/536.26 (KHTML, like Gecko) Version/6.0 Mobile/10A523 Safari/8536.25
)
Array
(
    [Order ID] => 0
    [Price] => 375
    [User ID] => 1328
    [IP] => 216.66.108.210
    [Timestamp] => 1359582086
    [Time/Date] => Wed, 30 Jan 2013 16:41:26 -0500
    [Order Page Timestamp] => 1359581889270
    [Order Page Time/Date] => Wed, 08 Jun 45053 06:54:30 -0500
    [User Agent] => Mozilla/5.0 (iPad; CPU OS 6_0_1 like Mac OS X) AppleWebKit/536.26 (KHTML, like Gecko) Version/6.0 Mobile/10A523 Safari/8536.25
)
Array
(
    [Order ID] => 0
    [Price] => 375
    [User ID] => 247
    [IP] => 70.96.33.195
    [Timestamp] => 1359582337
    [Time/Date] => Wed, 30 Jan 2013 16:45:37 -0500
    [Order Page Timestamp] => 1359582330913
    [Order Page Time/Date] => Mon, 13 Jun 45053 09:35:13 -0500
    [User Agent] => Mozilla/5.0 (Windows NT 6.1; WOW64) AppleWebKit/537.17 (KHTML, like Gecko) Chrome/24.0.1312.56 Safari/537.17
)
Array
(
    [Order ID] => 0
    [Price] => 375
    [User ID] => 247
    [IP] => 70.96.33.195
    [Timestamp] => 1359582347
    [Time/Date] => Wed, 30 Jan 2013 16:45:47 -0500
    [Order Page Timestamp] => 1359582330913
    [Order Page Time/Date] => Mon, 13 Jun 45053 09:35:13 -0500
    [User Agent] => Mozilla/5.0 (Windows NT 6.1; WOW64) AppleWebKit/537.17 (KHTML, like Gecko) Chrome/24.0.1312.56 Safari/537.17
)
